#
# There is insufficient memory for the Java Runtime Environment to continue.
# Native memory allocation (malloc) failed to allocate 524288 bytes for AllocateHeap
# Possible reasons:
#   The system is out of physical RAM or swap space
#   The process is running with CompressedOops enabled, and the Java Heap may be blocking the growth of the native heap
# Possible solutions:
#   Reduce memory load on the system
#   Increase physical memory or swap space
#   Check if swap backing store is full
#   Decrease Java heap size (-Xmx/-Xms)
#   Decrease number of Java threads
#   Decrease Java thread stack sizes (-Xss)
#   Set larger code cache with -XX:ReservedCodeCacheSize=
#   JVM is running with Zero Based Compressed Oops mode in which the Java heap is
#     placed in the first 32GB address space. The Java Heap base address is the
#     maximum limit for the native heap growth. Please use -XX:HeapBaseMinAddress
#     to set the Java Heap base and to place the Java Heap above 32GB virtual address.
# This output file may be truncated or incomplete.
#
#  Out of Memory Error (./open/src/hotspot/share/memory/allocation.cpp:46), pid=12744, tid=15564
#
# JRE version:  (11.0.8+10) (build )
# Java VM: Java HotSpot(TM) 64-Bit Server VM (11.0.8+10-LTS, mixed mode, tiered, compressed oops, g1 gc, windows-amd64)
# No core dump will be written. Minidumps are not enabled by default on client versions of Windows
#

---------------  S U M M A R Y ------------

Command Line: C:\Users\asus\AppData\Local\Temp\surefire4701232466108263429\surefirebooter14053184757606382958.jar C:\Users\asus\AppData\Local\Temp\surefire4701232466108263429 2021-12-10T18-34-43_700-jvmRun1 surefire14565010066755106015tmp surefire_02285280021232663698tmp

Host: Intel(R) Core(TM) i7-7700HQ CPU @ 2.80GHz, 8 cores, 15G,  Windows 10 , 64 bit Build 19041 (10.0.19041.1348)
Time: Fri Dec 10 18:34:44 2021 GTB Standart Saati elapsed time: 0 seconds (0d 0h 0m 0s)

---------------  T H R E A D  ---------------

Current thread (0x000002ddda468800):  JavaThread "Unknown thread" [_thread_in_vm, id=15564, stack(0x000000e802600000,0x000000e802700000)]

Stack: [0x000000e802600000,0x000000e802700000]
Native frames: (J=compiled Java code, j=interpreted, Vv=VM code, C=native code)
V  [jvm.dll+0x601aea]
V  [jvm.dll+0x737fef]
V  [jvm.dll+0x739675]
V  [jvm.dll+0x739cf3]
V  [jvm.dll+0x242848]
V  [jvm.dll+0xb0b44]
V  [jvm.dll+0x692622]
V  [jvm.dll+0x6925b7]
V  [jvm.dll+0x69272a]
V  [jvm.dll+0x713292]
V  [jvm.dll+0x71596e]
V  [jvm.dll+0x349c19]
V  [jvm.dll+0x6f97f0]
V  [jvm.dll+0x3b2a5f]
V  [jvm.dll+0x3b4e81]
C  [jli.dll+0x5213]
C  [ucrtbase.dll+0x21bb2]
C  [KERNEL32.DLL+0x17034]
C  [ntdll.dll+0x52651]


---------------  P R O C E S S  ---------------

Threads class SMR info:
_java_thread_list=0x000002ddd8390880, length=0, elements={
}

Java Threads: ( => current thread )

Other Threads:
  0x000002ddda47c800 GCTaskThread "GC Thread#0" [stack: 0x000000e802700000,0x000000e802800000] [id=15264]
  0x000002ddda4d9000 ConcurrentGCThread "G1 Main Marker" [stack: 0x000000e802800000,0x000000e802900000] [id=13960]
  0x000002ddda4da800 ConcurrentGCThread "G1 Conc#0" [stack: 0x000000e802900000,0x000000e802a00000] [id=32]
  0x000002ddda54e800 ConcurrentGCThread "G1 Refine#0" [stack: 0x000000e802a00000,0x000000e802b00000] [id=10888]
  0x000002ddfdd25800 ConcurrentGCThread "G1 Young RemSet Sampling" [stack: 0x000000e802b00000,0x000000e802c00000] [id=6400]

=>0x000002ddda468800 (exited) JavaThread "Unknown thread" [_thread_in_vm, id=15564, stack(0x000000e802600000,0x000000e802700000)]

Threads with active compile tasks:

VM state:not at safepoint (not fully initialized)

VM Mutex/Monitor currently owned by a thread: None

Heap address: 0x0000000701c00000, size: 4068 MB, Compressed Oops mode: Zero based, Oop shift amount: 3
Narrow klass base: 0x0000000800000000, Narrow klass shift: 0
Compressed class space size: 1073741824 Address: 0x0000000800000000

GC Heap History (0 events):
No events

Deoptimization events (0 events):
No events

Classes redefined (0 events):
No events

Internal exceptions (0 events):
No events

Events (0 events):
No events


Dynamic libraries:
0x00007ff61bc90000 - 0x00007ff61bc9f000 	C:\Program Files\Java\jdk-11.0.8\bin\java.exe
0x00007ffb6ce30000 - 0x00007ffb6d025000 	C:\WINDOWS\SYSTEM32\ntdll.dll
0x00007ffb6c2e0000 - 0x00007ffb6c39e000 	C:\WINDOWS\System32\KERNEL32.DLL
0x00007ffb6a810000 - 0x00007ffb6aad8000 	C:\WINDOWS\System32\KERNELBASE.dll
0x00007ffb6a550000 - 0x00007ffb6a650000 	C:\WINDOWS\System32\ucrtbase.dll
0x00007ffb64990000 - 0x00007ffb649a8000 	C:\Program Files\Java\jdk-11.0.8\bin\jli.dll
0x00007ffb6b9c0000 - 0x00007ffb6ba6c000 	C:\WINDOWS\System32\ADVAPI32.dll
0x00007ffb6c240000 - 0x00007ffb6c2de000 	C:\WINDOWS\System32\msvcrt.dll
0x00007ffb6c850000 - 0x00007ffb6c8eb000 	C:\WINDOWS\System32\sechost.dll
0x00007ffb6b210000 - 0x00007ffb6b33a000 	C:\WINDOWS\System32\RPCRT4.dll
0x00007ffb6c8f0000 - 0x00007ffb6ca91000 	C:\WINDOWS\System32\USER32.dll
0x00007ffb6ad20000 - 0x00007ffb6ad42000 	C:\WINDOWS\System32\win32u.dll
0x00007ffb6c820000 - 0x00007ffb6c84b000 	C:\WINDOWS\System32\GDI32.dll
0x00007ffb6ac10000 - 0x00007ffb6ad1b000 	C:\WINDOWS\System32\gdi32full.dll
0x00007ffb6ad50000 - 0x00007ffb6aded000 	C:\WINDOWS\System32\msvcp_win.dll
0x00007ffb64a20000 - 0x00007ffb64a35000 	C:\Program Files\Java\jdk-11.0.8\bin\VCRUNTIME140.dll
0x00007ffb58d20000 - 0x00007ffb58fba000 	C:\WINDOWS\WinSxS\amd64_microsoft.windows.common-controls_6595b64144ccf1df_6.0.19041.1110_none_60b5254171f9507e\COMCTL32.dll
0x00007ffb62ea0000 - 0x00007ffb62eaa000 	C:\WINDOWS\SYSTEM32\VERSION.dll
0x00007ffb6cd30000 - 0x00007ffb6cd60000 	C:\WINDOWS\System32\IMM32.DLL
0x00007ffb29690000 - 0x00007ffb2972b000 	C:\Program Files\Java\jdk-11.0.8\bin\msvcp140.dll
0x00007ffb17a90000 - 0x00007ffb18576000 	C:\Program Files\Java\jdk-11.0.8\bin\server\jvm.dll
0x00007ffb6b200000 - 0x00007ffb6b208000 	C:\WINDOWS\System32\PSAPI.DLL
0x00007ffb59170000 - 0x00007ffb59197000 	C:\WINDOWS\SYSTEM32\WINMM.dll
0x00007ffb57670000 - 0x00007ffb57679000 	C:\WINDOWS\SYSTEM32\WSOCK32.dll
0x00007ffb6b8f0000 - 0x00007ffb6b95b000 	C:\WINDOWS\System32\WS2_32.dll
0x00007ffb68e20000 - 0x00007ffb68e32000 	C:\WINDOWS\SYSTEM32\kernel.appcore.dll
0x00007ffb64980000 - 0x00007ffb64990000 	C:\Program Files\Java\jdk-11.0.8\bin\verify.dll
0x00007ffb68aa0000 - 0x00007ffb68c84000 	C:\WINDOWS\SYSTEM32\DBGHELP.DLL
0x00007ffb57580000 - 0x00007ffb575ac000 	C:\WINDOWS\SYSTEM32\dbgcore.DLL
0x00007ffb6adf0000 - 0x00007ffb6ae73000 	C:\WINDOWS\System32\bcryptPrimitives.dll
0x00007ffb490b0000 - 0x00007ffb490d8000 	C:\Program Files\Java\jdk-11.0.8\bin\java.dll
0x00007ffb64970000 - 0x00007ffb6497a000 	C:\Program Files\Java\jdk-11.0.8\bin\jimage.dll
0x00007ffb43490000 - 0x00007ffb434a6000 	C:\Program Files\Java\jdk-11.0.8\bin\zip.dll

dbghelp: loaded successfully - version: 4.0.5 - missing functions: none
symbol engine: initialized successfully - sym options: 0x614 - pdb path: .;C:\Program Files\Java\jdk-11.0.8\bin;C:\WINDOWS\SYSTEM32;C:\WINDOWS\WinSxS\amd64_microsoft.windows.common-controls_6595b64144ccf1df_6.0.19041.1110_none_60b5254171f9507e;C:\Program Files\Java\jdk-11.0.8\bin\server

VM Arguments:
java_command: C:\Users\asus\AppData\Local\Temp\surefire4701232466108263429\surefirebooter14053184757606382958.jar C:\Users\asus\AppData\Local\Temp\surefire4701232466108263429 2021-12-10T18-34-43_700-jvmRun1 surefire14565010066755106015tmp surefire_02285280021232663698tmp
java_class_path (initial): C:\Users\asus\AppData\Local\Temp\surefire4701232466108263429\surefirebooter14053184757606382958.jar
Launcher Type: SUN_STANDARD

[Global flags]
     intx CICompilerCount                          = 4                                         {product} {ergonomic}
     uint ConcGCThreads                            = 2                                         {product} {ergonomic}
     uint G1ConcRefinementThreads                  = 8                                         {product} {ergonomic}
   size_t G1HeapRegionSize                         = 1048576                                   {product} {ergonomic}
    uintx GCDrainStackTargetSize                   = 64                                        {product} {ergonomic}
   size_t InitialHeapSize                          = 268435456                                 {product} {ergonomic}
   size_t MarkStackSize                            = 4194304                                   {product} {ergonomic}
   size_t MaxHeapSize                              = 4265607168                                {product} {ergonomic}
   size_t MaxNewSize                               = 2558525440                                {product} {ergonomic}
   size_t MinHeapDeltaBytes                        = 1048576                                   {product} {ergonomic}
    uintx NonNMethodCodeHeapSize                   = 5836300                                {pd product} {ergonomic}
    uintx NonProfiledCodeHeapSize                  = 122910970                              {pd product} {ergonomic}
    uintx ProfiledCodeHeapSize                     = 122910970                              {pd product} {ergonomic}
    uintx ReservedCodeCacheSize                    = 251658240                              {pd product} {ergonomic}
     bool SegmentedCodeCache                       = true                                      {product} {ergonomic}
     bool UseCompressedClassPointers               = true                                 {lp64_product} {ergonomic}
     bool UseCompressedOops                        = true                                 {lp64_product} {ergonomic}
     bool UseG1GC                                  = true                                      {product} {ergonomic}
     bool UseLargePagesIndividualAllocation        = false                                  {pd product} {ergonomic}

Logging:
Log output configuration:
 #0: stdout all=warning uptime,level,tags
 #1: stderr all=off uptime,level,tags

Environment Variables:
JAVA_HOME=C:\Java\jdk-11.0.8
JRE_HOME=C:\Java\jdk-11.0.8\jre
CLASSPATH=.;C:\Java\jdk-11.0.8\lib;C:\Java\jdk-11.0.8\jre\lib;
PATH=%JAVA_HOME%\bin;%GRADLE_HOME%\bin;D:\Program Files\Git\cmd;C:\Program Files\MySQL\MySQL Shell 8.0\bin\;C:\Users\asus\AppData\Local\Programs\Python\Python35\Scripts\;C:\Users\asus\AppData\Local\Programs\Python\Python35\;C:\Users\asus\Anaconda3;C:\Users\asus\Anaconda3\Library\mingw-w64\bin;C:\Users\asus\Anaconda3\Library\usr\bin;C:\Users\asus\Anaconda3\Library\bin;C:\Users\asus\Anaconda3\Scripts;C:\Users\asus\AppData\Local\Programs\Python\Python36\Scripts\;C:\Users\asus\AppData\Local\Programs\Python\Python36\;C:\Users\asus\AppData\Local\Microsoft\WindowsApps;C:\Modeltech_pe_edu_10.4a\win32pe_edu;C:\Program Files\Docker Toolbox;C:\zookeeper\bin;C:\kafka\bin\windows;C:\Users\asus\AppData\Local\GitHubDesktop\bin;D:\Microsoft VS Code\bin;C:\Program Files\JetBrains\IntelliJ IDEA 2021.2.3\bin;;C:\Users\asus\AppData\Roaming\npm;C:\Windows\System32;C:\Program Files\nodejs;
USERNAME=asus
OS=Windows_NT
PROCESSOR_IDENTIFIER=Intel64 Family 6 Model 158 Stepping 9, GenuineIntel



---------------  S Y S T E M  ---------------

OS: Windows 10 , 64 bit Build 19041 (10.0.19041.1348)

CPU:total 8 (initial active 8) (4 cores per cpu, 2 threads per core) family 6 model 158 stepping 9, cmov, cx8, fxsr, mmx, sse, sse2, sse3, ssse3, sse4.1, sse4.2, popcnt, avx, avx2, aes, clmul, erms, 3dnowpref, lzcnt, ht, tsc, tscinvbit, bmi1, bmi2, adx, fma

Memory: 4k page, system-wide physical 16268M (2839M free)
TotalPageFile size 16268M (AvailPageFile size 19M)
current process WorkingSet (physical memory assigned to process): 21M, peak: 21M
current process commit charge ("private bytes"): 328M, peak: 329M

vm_info: Java HotSpot(TM) 64-Bit Server VM (11.0.8+10-LTS) for windows-amd64 JRE (11.0.8+10-LTS), built on Jun 16 2020 05:53:08 by "mach5one" with unknown MS VC++:1916

END.
