#
# There is insufficient memory for the Java Runtime Environment to continue.
# Native memory allocation (malloc) failed to allocate 32744 bytes for ChunkPool::allocate
# Possible reasons:
#   The system is out of physical RAM or swap space
#   The process is running with CompressedOops enabled, and the Java Heap may be blocking the growth of the native heap
# Possible solutions:
#   Reduce memory load on the system
#   Increase physical memory or swap space
#   Check if swap backing store is full
#   Decrease Java heap size (-Xmx/-Xms)
#   Decrease number of Java threads
#   Decrease Java thread stack sizes (-Xss)
#   Set larger code cache with -XX:ReservedCodeCacheSize=
#   JVM is running with Zero Based Compressed Oops mode in which the Java heap is
#     placed in the first 32GB address space. The Java Heap base address is the
#     maximum limit for the native heap growth. Please use -XX:HeapBaseMinAddress
#     to set the Java Heap base and to place the Java Heap above 32GB virtual address.
# This output file may be truncated or incomplete.
#
#  Out of Memory Error (./open/src/hotspot/share/memory/arena.cpp:81), pid=7176, tid=10372
#
# JRE version: Java(TM) SE Runtime Environment 18.9 (11.0.8+10) (build 11.0.8+10-LTS)
# Java VM: Java HotSpot(TM) 64-Bit Server VM 18.9 (11.0.8+10-LTS, mixed mode, tiered, compressed oops, g1 gc, windows-amd64)
# No core dump will be written. Minidumps are not enabled by default on client versions of Windows
#

---------------  S U M M A R Y ------------

Command Line: C:\Users\asus\AppData\Local\Temp\surefire2847288452287013763\surefirebooter8307479138283333432.jar C:\Users\asus\AppData\Local\Temp\surefire2847288452287013763 2021-12-10T18-59-10_326-jvmRun1 surefire9726914226752431430tmp surefire_09813164410488701485tmp

Host: Intel(R) Core(TM) i7-7700HQ CPU @ 2.80GHz, 8 cores, 15G,  Windows 10 , 64 bit Build 19041 (10.0.19041.1348)
Time: Fri Dec 10 18:59:22 2021 GTB Standart Saati elapsed time: 11 seconds (0d 0h 0m 11s)

---------------  T H R E A D  ---------------

Current thread (0x000001ab5bca8800):  JavaThread "C2 CompilerThread2" daemon [_thread_in_native, id=10372, stack(0x0000005aff100000,0x0000005aff200000)]


Current CompileTask:
C2:  11440 5110   !   4       org.springframework.core.annotation.AnnotationsScanner::processMethodHierarchy (276 bytes)

Stack: [0x0000005aff100000,0x0000005aff200000]
Native frames: (J=compiled Java code, j=interpreted, Vv=VM code, C=native code)
V  [jvm.dll+0x601aea]
V  [jvm.dll+0x737fef]
V  [jvm.dll+0x739675]
V  [jvm.dll+0x739cf3]
V  [jvm.dll+0x242848]
V  [jvm.dll+0xb9bcb]
V  [jvm.dll+0xb9f2c]
V  [jvm.dll+0xb9a7d]
V  [jvm.dll+0x5e1f9f]
V  [jvm.dll+0x6314c4]
V  [jvm.dll+0x19335d]
V  [jvm.dll+0x1fc3f2]
V  [jvm.dll+0x1fb49f]
V  [jvm.dll+0x17e0fc]
V  [jvm.dll+0x20aaa4]
V  [jvm.dll+0x208b7b]
V  [jvm.dll+0x6ff90c]
V  [jvm.dll+0x6f845c]
V  [jvm.dll+0x600d66]
C  [ucrtbase.dll+0x21bb2]
C  [KERNEL32.DLL+0x17034]
C  [ntdll.dll+0x52651]


---------------  P R O C E S S  ---------------

Threads class SMR info:
_java_thread_list=0x000001ab55768eb0, length=15, elements={
0x000001ab2cbb9000, 0x000001ab524dd800, 0x000001ab524de800, 0x000001ab52df1800,
0x000001ab52df3800, 0x000001ab52df5800, 0x000001ab52dfb800, 0x000001ab52dfc800,
0x000001ab52f89800, 0x000001ab52f8c800, 0x000001ab53073800, 0x000001ab52f8a800,
0x000001ab52f87000, 0x000001ab57258000, 0x000001ab5bca8800
}

Java Threads: ( => current thread )
  0x000001ab2cbb9000 JavaThread "main" [_thread_in_vm, id=12780, stack(0x0000005afd500000,0x0000005afd600000)]
  0x000001ab524dd800 JavaThread "Reference Handler" daemon [_thread_blocked, id=20080, stack(0x0000005afdc00000,0x0000005afdd00000)]
  0x000001ab524de800 JavaThread "Finalizer" daemon [_thread_blocked, id=4648, stack(0x0000005afdd00000,0x0000005afde00000)]
  0x000001ab52df1800 JavaThread "Signal Dispatcher" daemon [_thread_blocked, id=4548, stack(0x0000005afde00000,0x0000005afdf00000)]
  0x000001ab52df3800 JavaThread "Attach Listener" daemon [_thread_blocked, id=4528, stack(0x0000005afdf00000,0x0000005afe000000)]
  0x000001ab52df5800 JavaThread "C2 CompilerThread0" daemon [_thread_in_native, id=9968, stack(0x0000005afe000000,0x0000005afe100000)]
  0x000001ab52dfb800 JavaThread "C1 CompilerThread0" daemon [_thread_in_native, id=14368, stack(0x0000005afe100000,0x0000005afe200000)]
  0x000001ab52dfc800 JavaThread "Sweeper thread" daemon [_thread_blocked, id=9492, stack(0x0000005afe200000,0x0000005afe300000)]
  0x000001ab52f89800 JavaThread "Service Thread" daemon [_thread_blocked, id=16924, stack(0x0000005afe300000,0x0000005afe400000)]
  0x000001ab52f8c800 JavaThread "Common-Cleaner" daemon [_thread_blocked, id=19384, stack(0x0000005afe500000,0x0000005afe600000)]
  0x000001ab53073800 JavaThread "surefire-forkedjvm-command-thread" daemon [_thread_in_native, id=13636, stack(0x0000005afe700000,0x0000005afe800000)]
  0x000001ab52f8a800 JavaThread "surefire-forkedjvm-ping-30s" daemon [_thread_in_native, id=16476, stack(0x0000005afe800000,0x0000005afe900000)]
  0x000001ab52f87000 JavaThread "C2 CompilerThread1" daemon [_thread_in_native, id=8364, stack(0x0000005afe600000,0x0000005afe700000)]
  0x000001ab57258000 JavaThread "cluster-ClusterId{value='61b387686b02905adbaa264d', description='null'}-localhost:27017" daemon [_thread_blocked, id=15372, stack(0x0000005afef00000,0x0000005aff000000)]
=>0x000001ab5bca8800 JavaThread "C2 CompilerThread2" daemon [_thread_in_native, id=10372, stack(0x0000005aff100000,0x0000005aff200000)]

Other Threads:
  0x000001ab52506800 VMThread "VM Thread" [stack: 0x0000005afdb00000,0x0000005afdc00000] [id=1084]
  0x000001ab52f8b800 WatcherThread [stack: 0x0000005afe400000,0x0000005afe500000] [id=6992]
  0x000001ab2cbcf000 GCTaskThread "GC Thread#0" [stack: 0x0000005afd600000,0x0000005afd700000] [id=3112]
  0x000001ab53428000 GCTaskThread "GC Thread#1" [stack: 0x0000005afe900000,0x0000005afea00000] [id=18652]
  0x000001ab534b1800 GCTaskThread "GC Thread#2" [stack: 0x0000005afea00000,0x0000005afeb00000] [id=18744]
  0x000001ab53413000 GCTaskThread "GC Thread#3" [stack: 0x0000005afeb00000,0x0000005afec00000] [id=7872]
  0x000001ab53413800 GCTaskThread "GC Thread#4" [stack: 0x0000005afec00000,0x0000005afed00000] [id=18176]
  0x000001ab534eb000 GCTaskThread "GC Thread#5" [stack: 0x0000005afed00000,0x0000005afee00000] [id=5008]
  0x000001ab2cc2b800 ConcurrentGCThread "G1 Main Marker" [stack: 0x0000005afd700000,0x0000005afd800000] [id=1352]
  0x000001ab2cc2e000 ConcurrentGCThread "G1 Conc#0" [stack: 0x0000005afd800000,0x0000005afd900000] [id=18152]
  0x000001ab53437000 ConcurrentGCThread "G1 Conc#1" [stack: 0x0000005afee00000,0x0000005afef00000] [id=15700]
  0x000001ab2cc9d800 ConcurrentGCThread "G1 Refine#0" [stack: 0x0000005afd900000,0x0000005afda00000] [id=6164]
  0x000001ab523ca000 ConcurrentGCThread "G1 Young RemSet Sampling" [stack: 0x0000005afda00000,0x0000005afdb00000] [id=11228]

Threads with active compile tasks:
C2 CompilerThread0  11470 5079       4       org.springframework.core.annotation.AnnotationsScanner::processMethod (116 bytes)
C1 CompilerThread0  11470 5280       3       org.springframework.asm.ClassReader::readCode (5085 bytes)
C2 CompilerThread1  11470 5174       4       org.springframework.beans.factory.support.AbstractBeanFactory::isTypeMatch (607 bytes)
C2 CompilerThread2  11470 5110   !   4       org.springframework.core.annotation.AnnotationsScanner::processMethodHierarchy (276 bytes)

VM state:not at safepoint (normal execution)

VM Mutex/Monitor currently owned by a thread: None

Heap address: 0x0000000701c00000, size: 4068 MB, Compressed Oops mode: Zero based, Oop shift amount: 3
Narrow klass base: 0x0000000800000000, Narrow klass shift: 0
Compressed class space size: 1073741824 Address: 0x0000000800000000

Heap:
 garbage-first heap   total 262144K, used 101184K [0x0000000701c00000, 0x0000000800000000)
  region size 1024K, 88 young (90112K), 13 survivors (13312K)
 Metaspace       used 50998K, capacity 52537K, committed 52864K, reserved 1095680K
  class space    used 6288K, capacity 6930K, committed 7040K, reserved 1048576K
Heap Regions: E=young(eden), S=young(survivor), O=old, HS=humongous(starts), HC=humongous(continues), CS=collection set, F=free, A=archive, TAMS=top-at-mark-start (previous, next)
|   0|0x0000000701c00000, 0x0000000701d00000, 0x0000000701d00000|100%| O|  |TAMS 0x0000000701d00000, 0x0000000701c00000| Untracked 
|   1|0x0000000701d00000, 0x0000000701e00000, 0x0000000701e00000|100%| O|  |TAMS 0x0000000701e00000, 0x0000000701d00000| Untracked 
|   2|0x0000000701e00000, 0x0000000701f00000, 0x0000000701f00000|100%| O|  |TAMS 0x0000000701f00000, 0x0000000701e00000| Untracked 
|   3|0x0000000701f00000, 0x0000000702000000, 0x0000000702000000|100%| O|  |TAMS 0x0000000702000000, 0x0000000701f00000| Untracked 
|   4|0x0000000702000000, 0x0000000702100000, 0x0000000702100000|100%| O|  |TAMS 0x0000000702100000, 0x0000000702000000| Untracked 
|   5|0x0000000702100000, 0x0000000702200000, 0x0000000702200000|100%| O|  |TAMS 0x0000000702200000, 0x0000000702100000| Untracked 
|   6|0x0000000702200000, 0x0000000702300000, 0x0000000702300000|100%| O|  |TAMS 0x0000000702300000, 0x0000000702200000| Untracked 
|   7|0x0000000702300000, 0x0000000702400000, 0x0000000702400000|100%| O|  |TAMS 0x0000000702400000, 0x0000000702300000| Untracked 
|   8|0x0000000702400000, 0x0000000702500000, 0x0000000702500000|100%| O|  |TAMS 0x0000000702500000, 0x0000000702400000| Untracked 
|   9|0x0000000702500000, 0x0000000702600000, 0x0000000702600000|100%| O|  |TAMS 0x0000000702600000, 0x0000000702500000| Untracked 
|  10|0x0000000702600000, 0x0000000702700000, 0x0000000702700000|100%| O|  |TAMS 0x0000000702700000, 0x0000000702600000| Untracked 
|  11|0x0000000702700000, 0x0000000702800000, 0x0000000702800000|100%| O|  |TAMS 0x0000000702800000, 0x0000000702700000| Untracked 
|  12|0x0000000702800000, 0x000000070289f200, 0x0000000702900000| 62%| O|  |TAMS 0x000000070289f200, 0x0000000702800000| Untracked 
|  13|0x0000000702900000, 0x0000000702900000, 0x0000000702a00000|  0%| F|  |TAMS 0x0000000702900000, 0x0000000702900000| Untracked 
|  14|0x0000000702a00000, 0x0000000702a00000, 0x0000000702b00000|  0%| F|  |TAMS 0x0000000702a00000, 0x0000000702a00000| Untracked 
|  15|0x0000000702b00000, 0x0000000702b00000, 0x0000000702c00000|  0%| F|  |TAMS 0x0000000702b00000, 0x0000000702b00000| Untracked 
|  16|0x0000000702c00000, 0x0000000702c00000, 0x0000000702d00000|  0%| F|  |TAMS 0x0000000702c00000, 0x0000000702c00000| Untracked 
|  17|0x0000000702d00000, 0x0000000702d00000, 0x0000000702e00000|  0%| F|  |TAMS 0x0000000702d00000, 0x0000000702d00000| Untracked 
|  18|0x0000000702e00000, 0x0000000702e00000, 0x0000000702f00000|  0%| F|  |TAMS 0x0000000702e00000, 0x0000000702e00000| Untracked 
|  19|0x0000000702f00000, 0x0000000702f00000, 0x0000000703000000|  0%| F|  |TAMS 0x0000000702f00000, 0x0000000702f00000| Untracked 
|  20|0x0000000703000000, 0x0000000703000000, 0x0000000703100000|  0%| F|  |TAMS 0x0000000703000000, 0x0000000703000000| Untracked 
|  21|0x0000000703100000, 0x0000000703100000, 0x0000000703200000|  0%| F|  |TAMS 0x0000000703100000, 0x0000000703100000| Untracked 
|  22|0x0000000703200000, 0x0000000703200000, 0x0000000703300000|  0%| F|  |TAMS 0x0000000703200000, 0x0000000703200000| Untracked 
|  23|0x0000000703300000, 0x0000000703300000, 0x0000000703400000|  0%| F|  |TAMS 0x0000000703300000, 0x0000000703300000| Untracked 
|  24|0x0000000703400000, 0x0000000703400000, 0x0000000703500000|  0%| F|  |TAMS 0x0000000703400000, 0x0000000703400000| Untracked 
|  25|0x0000000703500000, 0x0000000703500000, 0x0000000703600000|  0%| F|  |TAMS 0x0000000703500000, 0x0000000703500000| Untracked 
|  26|0x0000000703600000, 0x0000000703600000, 0x0000000703700000|  0%| F|  |TAMS 0x0000000703600000, 0x0000000703600000| Untracked 
|  27|0x0000000703700000, 0x0000000703700000, 0x0000000703800000|  0%| F|  |TAMS 0x0000000703700000, 0x0000000703700000| Untracked 
|  28|0x0000000703800000, 0x0000000703800000, 0x0000000703900000|  0%| F|  |TAMS 0x0000000703800000, 0x0000000703800000| Untracked 
|  29|0x0000000703900000, 0x0000000703900000, 0x0000000703a00000|  0%| F|  |TAMS 0x0000000703900000, 0x0000000703900000| Untracked 
|  30|0x0000000703a00000, 0x0000000703a00000, 0x0000000703b00000|  0%| F|  |TAMS 0x0000000703a00000, 0x0000000703a00000| Untracked 
|  31|0x0000000703b00000, 0x0000000703b00000, 0x0000000703c00000|  0%| F|  |TAMS 0x0000000703b00000, 0x0000000703b00000| Untracked 
|  32|0x0000000703c00000, 0x0000000703c00000, 0x0000000703d00000|  0%| F|  |TAMS 0x0000000703c00000, 0x0000000703c00000| Untracked 
|  33|0x0000000703d00000, 0x0000000703d00000, 0x0000000703e00000|  0%| F|  |TAMS 0x0000000703d00000, 0x0000000703d00000| Untracked 
|  34|0x0000000703e00000, 0x0000000703e00000, 0x0000000703f00000|  0%| F|  |TAMS 0x0000000703e00000, 0x0000000703e00000| Untracked 
|  35|0x0000000703f00000, 0x0000000703f00000, 0x0000000704000000|  0%| F|  |TAMS 0x0000000703f00000, 0x0000000703f00000| Untracked 
|  36|0x0000000704000000, 0x0000000704000000, 0x0000000704100000|  0%| F|  |TAMS 0x0000000704000000, 0x0000000704000000| Untracked 
|  37|0x0000000704100000, 0x0000000704100000, 0x0000000704200000|  0%| F|  |TAMS 0x0000000704100000, 0x0000000704100000| Untracked 
|  38|0x0000000704200000, 0x0000000704200000, 0x0000000704300000|  0%| F|  |TAMS 0x0000000704200000, 0x0000000704200000| Untracked 
|  39|0x0000000704300000, 0x0000000704300000, 0x0000000704400000|  0%| F|  |TAMS 0x0000000704300000, 0x0000000704300000| Untracked 
|  40|0x0000000704400000, 0x0000000704400000, 0x0000000704500000|  0%| F|  |TAMS 0x0000000704400000, 0x0000000704400000| Untracked 
|  41|0x0000000704500000, 0x0000000704500000, 0x0000000704600000|  0%| F|  |TAMS 0x0000000704500000, 0x0000000704500000| Untracked 
|  42|0x0000000704600000, 0x0000000704600000, 0x0000000704700000|  0%| F|  |TAMS 0x0000000704600000, 0x0000000704600000| Untracked 
|  43|0x0000000704700000, 0x0000000704700000, 0x0000000704800000|  0%| F|  |TAMS 0x0000000704700000, 0x0000000704700000| Untracked 
|  44|0x0000000704800000, 0x0000000704800000, 0x0000000704900000|  0%| F|  |TAMS 0x0000000704800000, 0x0000000704800000| Untracked 
|  45|0x0000000704900000, 0x0000000704900000, 0x0000000704a00000|  0%| F|  |TAMS 0x0000000704900000, 0x0000000704900000| Untracked 
|  46|0x0000000704a00000, 0x0000000704a00000, 0x0000000704b00000|  0%| F|  |TAMS 0x0000000704a00000, 0x0000000704a00000| Untracked 
|  47|0x0000000704b00000, 0x0000000704b00000, 0x0000000704c00000|  0%| F|  |TAMS 0x0000000704b00000, 0x0000000704b00000| Untracked 
|  48|0x0000000704c00000, 0x0000000704c00000, 0x0000000704d00000|  0%| F|  |TAMS 0x0000000704c00000, 0x0000000704c00000| Untracked 
|  49|0x0000000704d00000, 0x0000000704d00000, 0x0000000704e00000|  0%| F|  |TAMS 0x0000000704d00000, 0x0000000704d00000| Untracked 
|  50|0x0000000704e00000, 0x0000000704e00000, 0x0000000704f00000|  0%| F|  |TAMS 0x0000000704e00000, 0x0000000704e00000| Untracked 
|  51|0x0000000704f00000, 0x0000000704f00000, 0x0000000705000000|  0%| F|  |TAMS 0x0000000704f00000, 0x0000000704f00000| Untracked 
|  52|0x0000000705000000, 0x0000000705000000, 0x0000000705100000|  0%| F|  |TAMS 0x0000000705000000, 0x0000000705000000| Untracked 
|  53|0x0000000705100000, 0x0000000705100000, 0x0000000705200000|  0%| F|  |TAMS 0x0000000705100000, 0x0000000705100000| Untracked 
|  54|0x0000000705200000, 0x0000000705200000, 0x0000000705300000|  0%| F|  |TAMS 0x0000000705200000, 0x0000000705200000| Untracked 
|  55|0x0000000705300000, 0x0000000705300000, 0x0000000705400000|  0%| F|  |TAMS 0x0000000705300000, 0x0000000705300000| Untracked 
|  56|0x0000000705400000, 0x0000000705400000, 0x0000000705500000|  0%| F|  |TAMS 0x0000000705400000, 0x0000000705400000| Untracked 
|  57|0x0000000705500000, 0x0000000705500000, 0x0000000705600000|  0%| F|  |TAMS 0x0000000705500000, 0x0000000705500000| Untracked 
|  58|0x0000000705600000, 0x0000000705600000, 0x0000000705700000|  0%| F|  |TAMS 0x0000000705600000, 0x0000000705600000| Untracked 
|  59|0x0000000705700000, 0x0000000705700000, 0x0000000705800000|  0%| F|  |TAMS 0x0000000705700000, 0x0000000705700000| Untracked 
|  60|0x0000000705800000, 0x0000000705800000, 0x0000000705900000|  0%| F|  |TAMS 0x0000000705800000, 0x0000000705800000| Untracked 
|  61|0x0000000705900000, 0x0000000705900000, 0x0000000705a00000|  0%| F|  |TAMS 0x0000000705900000, 0x0000000705900000| Untracked 
|  62|0x0000000705a00000, 0x0000000705a00000, 0x0000000705b00000|  0%| F|  |TAMS 0x0000000705a00000, 0x0000000705a00000| Untracked 
|  63|0x0000000705b00000, 0x0000000705b00000, 0x0000000705c00000|  0%| F|  |TAMS 0x0000000705b00000, 0x0000000705b00000| Untracked 
|  64|0x0000000705c00000, 0x0000000705c00000, 0x0000000705d00000|  0%| F|  |TAMS 0x0000000705c00000, 0x0000000705c00000| Untracked 
|  65|0x0000000705d00000, 0x0000000705d00000, 0x0000000705e00000|  0%| F|  |TAMS 0x0000000705d00000, 0x0000000705d00000| Untracked 
|  66|0x0000000705e00000, 0x0000000705e00000, 0x0000000705f00000|  0%| F|  |TAMS 0x0000000705e00000, 0x0000000705e00000| Untracked 
|  67|0x0000000705f00000, 0x0000000705f00000, 0x0000000706000000|  0%| F|  |TAMS 0x0000000705f00000, 0x0000000705f00000| Untracked 
|  68|0x0000000706000000, 0x0000000706000000, 0x0000000706100000|  0%| F|  |TAMS 0x0000000706000000, 0x0000000706000000| Untracked 
|  69|0x0000000706100000, 0x0000000706100000, 0x0000000706200000|  0%| F|  |TAMS 0x0000000706100000, 0x0000000706100000| Untracked 
|  70|0x0000000706200000, 0x0000000706200000, 0x0000000706300000|  0%| F|  |TAMS 0x0000000706200000, 0x0000000706200000| Untracked 
|  71|0x0000000706300000, 0x0000000706300000, 0x0000000706400000|  0%| F|  |TAMS 0x0000000706300000, 0x0000000706300000| Untracked 
|  72|0x0000000706400000, 0x0000000706400000, 0x0000000706500000|  0%| F|  |TAMS 0x0000000706400000, 0x0000000706400000| Untracked 
|  73|0x0000000706500000, 0x0000000706500000, 0x0000000706600000|  0%| F|  |TAMS 0x0000000706500000, 0x0000000706500000| Untracked 
|  74|0x0000000706600000, 0x0000000706600000, 0x0000000706700000|  0%| F|  |TAMS 0x0000000706600000, 0x0000000706600000| Untracked 
|  75|0x0000000706700000, 0x0000000706700000, 0x0000000706800000|  0%| F|  |TAMS 0x0000000706700000, 0x0000000706700000| Untracked 
|  76|0x0000000706800000, 0x0000000706800000, 0x0000000706900000|  0%| F|  |TAMS 0x0000000706800000, 0x0000000706800000| Untracked 
|  77|0x0000000706900000, 0x0000000706900000, 0x0000000706a00000|  0%| F|  |TAMS 0x0000000706900000, 0x0000000706900000| Untracked 
|  78|0x0000000706a00000, 0x0000000706a00000, 0x0000000706b00000|  0%| F|  |TAMS 0x0000000706a00000, 0x0000000706a00000| Untracked 
|  79|0x0000000706b00000, 0x0000000706b00000, 0x0000000706c00000|  0%| F|  |TAMS 0x0000000706b00000, 0x0000000706b00000| Untracked 
|  80|0x0000000706c00000, 0x0000000706c00000, 0x0000000706d00000|  0%| F|  |TAMS 0x0000000706c00000, 0x0000000706c00000| Untracked 
|  81|0x0000000706d00000, 0x0000000706d00000, 0x0000000706e00000|  0%| F|  |TAMS 0x0000000706d00000, 0x0000000706d00000| Untracked 
|  82|0x0000000706e00000, 0x0000000706e00000, 0x0000000706f00000|  0%| F|  |TAMS 0x0000000706e00000, 0x0000000706e00000| Untracked 
|  83|0x0000000706f00000, 0x0000000706f00000, 0x0000000707000000|  0%| F|  |TAMS 0x0000000706f00000, 0x0000000706f00000| Untracked 
|  84|0x0000000707000000, 0x0000000707000000, 0x0000000707100000|  0%| F|  |TAMS 0x0000000707000000, 0x0000000707000000| Untracked 
|  85|0x0000000707100000, 0x0000000707100000, 0x0000000707200000|  0%| F|  |TAMS 0x0000000707100000, 0x0000000707100000| Untracked 
|  86|0x0000000707200000, 0x0000000707200000, 0x0000000707300000|  0%| F|  |TAMS 0x0000000707200000, 0x0000000707200000| Untracked 
|  87|0x0000000707300000, 0x0000000707300000, 0x0000000707400000|  0%| F|  |TAMS 0x0000000707300000, 0x0000000707300000| Untracked 
|  88|0x0000000707400000, 0x0000000707400000, 0x0000000707500000|  0%| F|  |TAMS 0x0000000707400000, 0x0000000707400000| Untracked 
|  89|0x0000000707500000, 0x0000000707500000, 0x0000000707600000|  0%| F|  |TAMS 0x0000000707500000, 0x0000000707500000| Untracked 
|  90|0x0000000707600000, 0x0000000707630e90, 0x0000000707700000| 19%| S|CS|TAMS 0x0000000707600000, 0x0000000707600000| Complete 
|  91|0x0000000707700000, 0x0000000707800000, 0x0000000707800000|100%| S|CS|TAMS 0x0000000707700000, 0x0000000707700000| Complete 
|  92|0x0000000707800000, 0x0000000707900000, 0x0000000707900000|100%| S|CS|TAMS 0x0000000707800000, 0x0000000707800000| Complete 
|  93|0x0000000707900000, 0x0000000707a00000, 0x0000000707a00000|100%| S|CS|TAMS 0x0000000707900000, 0x0000000707900000| Complete 
|  94|0x0000000707a00000, 0x0000000707b00000, 0x0000000707b00000|100%| S|CS|TAMS 0x0000000707a00000, 0x0000000707a00000| Complete 
|  95|0x0000000707b00000, 0x0000000707c00000, 0x0000000707c00000|100%| S|CS|TAMS 0x0000000707b00000, 0x0000000707b00000| Complete 
|  96|0x0000000707c00000, 0x0000000707d00000, 0x0000000707d00000|100%| S|CS|TAMS 0x0000000707c00000, 0x0000000707c00000| Complete 
|  97|0x0000000707d00000, 0x0000000707e00000, 0x0000000707e00000|100%| S|CS|TAMS 0x0000000707d00000, 0x0000000707d00000| Complete 
|  98|0x0000000707e00000, 0x0000000707f00000, 0x0000000707f00000|100%| S|CS|TAMS 0x0000000707e00000, 0x0000000707e00000| Complete 
|  99|0x0000000707f00000, 0x0000000708000000, 0x0000000708000000|100%| S|CS|TAMS 0x0000000707f00000, 0x0000000707f00000| Complete 
| 100|0x0000000708000000, 0x0000000708100000, 0x0000000708100000|100%| S|CS|TAMS 0x0000000708000000, 0x0000000708000000| Complete 
| 101|0x0000000708100000, 0x0000000708200000, 0x0000000708200000|100%| S|CS|TAMS 0x0000000708100000, 0x0000000708100000| Complete 
| 102|0x0000000708200000, 0x0000000708300000, 0x0000000708300000|100%| S|CS|TAMS 0x0000000708200000, 0x0000000708200000| Complete 
| 103|0x0000000708300000, 0x0000000708300000, 0x0000000708400000|  0%| F|  |TAMS 0x0000000708300000, 0x0000000708300000| Untracked 
| 104|0x0000000708400000, 0x0000000708400000, 0x0000000708500000|  0%| F|  |TAMS 0x0000000708400000, 0x0000000708400000| Untracked 
| 105|0x0000000708500000, 0x0000000708500000, 0x0000000708600000|  0%| F|  |TAMS 0x0000000708500000, 0x0000000708500000| Untracked 
| 106|0x0000000708600000, 0x0000000708600000, 0x0000000708700000|  0%| F|  |TAMS 0x0000000708600000, 0x0000000708600000| Untracked 
| 107|0x0000000708700000, 0x0000000708700000, 0x0000000708800000|  0%| F|  |TAMS 0x0000000708700000, 0x0000000708700000| Untracked 
| 108|0x0000000708800000, 0x0000000708800000, 0x0000000708900000|  0%| F|  |TAMS 0x0000000708800000, 0x0000000708800000| Untracked 
| 109|0x0000000708900000, 0x0000000708900000, 0x0000000708a00000|  0%| F|  |TAMS 0x0000000708900000, 0x0000000708900000| Untracked 
| 110|0x0000000708a00000, 0x0000000708a00000, 0x0000000708b00000|  0%| F|  |TAMS 0x0000000708a00000, 0x0000000708a00000| Untracked 
| 111|0x0000000708b00000, 0x0000000708b00000, 0x0000000708c00000|  0%| F|  |TAMS 0x0000000708b00000, 0x0000000708b00000| Untracked 
| 112|0x0000000708c00000, 0x0000000708c00000, 0x0000000708d00000|  0%| F|  |TAMS 0x0000000708c00000, 0x0000000708c00000| Untracked 
| 113|0x0000000708d00000, 0x0000000708d00000, 0x0000000708e00000|  0%| F|  |TAMS 0x0000000708d00000, 0x0000000708d00000| Untracked 
| 114|0x0000000708e00000, 0x0000000708e00000, 0x0000000708f00000|  0%| F|  |TAMS 0x0000000708e00000, 0x0000000708e00000| Untracked 
| 115|0x0000000708f00000, 0x0000000708f00000, 0x0000000709000000|  0%| F|  |TAMS 0x0000000708f00000, 0x0000000708f00000| Untracked 
| 116|0x0000000709000000, 0x0000000709000000, 0x0000000709100000|  0%| F|  |TAMS 0x0000000709000000, 0x0000000709000000| Untracked 
| 117|0x0000000709100000, 0x0000000709100000, 0x0000000709200000|  0%| F|  |TAMS 0x0000000709100000, 0x0000000709100000| Untracked 
| 118|0x0000000709200000, 0x0000000709200000, 0x0000000709300000|  0%| F|  |TAMS 0x0000000709200000, 0x0000000709200000| Untracked 
| 119|0x0000000709300000, 0x0000000709300000, 0x0000000709400000|  0%| F|  |TAMS 0x0000000709300000, 0x0000000709300000| Untracked 
| 120|0x0000000709400000, 0x0000000709400000, 0x0000000709500000|  0%| F|  |TAMS 0x0000000709400000, 0x0000000709400000| Untracked 
| 121|0x0000000709500000, 0x0000000709500000, 0x0000000709600000|  0%| F|  |TAMS 0x0000000709500000, 0x0000000709500000| Untracked 
| 122|0x0000000709600000, 0x0000000709600000, 0x0000000709700000|  0%| F|  |TAMS 0x0000000709600000, 0x0000000709600000| Untracked 
| 123|0x0000000709700000, 0x0000000709700000, 0x0000000709800000|  0%| F|  |TAMS 0x0000000709700000, 0x0000000709700000| Untracked 
| 124|0x0000000709800000, 0x0000000709800000, 0x0000000709900000|  0%| F|  |TAMS 0x0000000709800000, 0x0000000709800000| Untracked 
| 125|0x0000000709900000, 0x0000000709900000, 0x0000000709a00000|  0%| F|  |TAMS 0x0000000709900000, 0x0000000709900000| Untracked 
| 126|0x0000000709a00000, 0x0000000709a00000, 0x0000000709b00000|  0%| F|  |TAMS 0x0000000709a00000, 0x0000000709a00000| Untracked 
| 127|0x0000000709b00000, 0x0000000709b00000, 0x0000000709c00000|  0%| F|  |TAMS 0x0000000709b00000, 0x0000000709b00000| Untracked 
| 128|0x0000000709c00000, 0x0000000709c00000, 0x0000000709d00000|  0%| F|  |TAMS 0x0000000709c00000, 0x0000000709c00000| Untracked 
| 129|0x0000000709d00000, 0x0000000709d00000, 0x0000000709e00000|  0%| F|  |TAMS 0x0000000709d00000, 0x0000000709d00000| Untracked 
| 130|0x0000000709e00000, 0x0000000709e00000, 0x0000000709f00000|  0%| F|  |TAMS 0x0000000709e00000, 0x0000000709e00000| Untracked 
| 131|0x0000000709f00000, 0x0000000709f00000, 0x000000070a000000|  0%| F|  |TAMS 0x0000000709f00000, 0x0000000709f00000| Untracked 
| 132|0x000000070a000000, 0x000000070a000000, 0x000000070a100000|  0%| F|  |TAMS 0x000000070a000000, 0x000000070a000000| Untracked 
| 133|0x000000070a100000, 0x000000070a100000, 0x000000070a200000|  0%| F|  |TAMS 0x000000070a100000, 0x000000070a100000| Untracked 
| 134|0x000000070a200000, 0x000000070a200000, 0x000000070a300000|  0%| F|  |TAMS 0x000000070a200000, 0x000000070a200000| Untracked 
| 135|0x000000070a300000, 0x000000070a300000, 0x000000070a400000|  0%| F|  |TAMS 0x000000070a300000, 0x000000070a300000| Untracked 
| 136|0x000000070a400000, 0x000000070a400000, 0x000000070a500000|  0%| F|  |TAMS 0x000000070a400000, 0x000000070a400000| Untracked 
| 137|0x000000070a500000, 0x000000070a500000, 0x000000070a600000|  0%| F|  |TAMS 0x000000070a500000, 0x000000070a500000| Untracked 
| 138|0x000000070a600000, 0x000000070a600000, 0x000000070a700000|  0%| F|  |TAMS 0x000000070a600000, 0x000000070a600000| Untracked 
| 139|0x000000070a700000, 0x000000070a700000, 0x000000070a800000|  0%| F|  |TAMS 0x000000070a700000, 0x000000070a700000| Untracked 
| 140|0x000000070a800000, 0x000000070a800000, 0x000000070a900000|  0%| F|  |TAMS 0x000000070a800000, 0x000000070a800000| Untracked 
| 141|0x000000070a900000, 0x000000070a900000, 0x000000070aa00000|  0%| F|  |TAMS 0x000000070a900000, 0x000000070a900000| Untracked 
| 142|0x000000070aa00000, 0x000000070aa00000, 0x000000070ab00000|  0%| F|  |TAMS 0x000000070aa00000, 0x000000070aa00000| Untracked 
| 143|0x000000070ab00000, 0x000000070ab00000, 0x000000070ac00000|  0%| F|  |TAMS 0x000000070ab00000, 0x000000070ab00000| Untracked 
| 144|0x000000070ac00000, 0x000000070ac00000, 0x000000070ad00000|  0%| F|  |TAMS 0x000000070ac00000, 0x000000070ac00000| Untracked 
| 145|0x000000070ad00000, 0x000000070ad00000, 0x000000070ae00000|  0%| F|  |TAMS 0x000000070ad00000, 0x000000070ad00000| Untracked 
| 146|0x000000070ae00000, 0x000000070ae00000, 0x000000070af00000|  0%| F|  |TAMS 0x000000070ae00000, 0x000000070ae00000| Untracked 
| 147|0x000000070af00000, 0x000000070af00000, 0x000000070b000000|  0%| F|  |TAMS 0x000000070af00000, 0x000000070af00000| Untracked 
| 148|0x000000070b000000, 0x000000070b000000, 0x000000070b100000|  0%| F|  |TAMS 0x000000070b000000, 0x000000070b000000| Untracked 
| 149|0x000000070b100000, 0x000000070b100000, 0x000000070b200000|  0%| F|  |TAMS 0x000000070b100000, 0x000000070b100000| Untracked 
| 150|0x000000070b200000, 0x000000070b200000, 0x000000070b300000|  0%| F|  |TAMS 0x000000070b200000, 0x000000070b200000| Untracked 
| 151|0x000000070b300000, 0x000000070b300000, 0x000000070b400000|  0%| F|  |TAMS 0x000000070b300000, 0x000000070b300000| Untracked 
| 152|0x000000070b400000, 0x000000070b400000, 0x000000070b500000|  0%| F|  |TAMS 0x000000070b400000, 0x000000070b400000| Untracked 
| 153|0x000000070b500000, 0x000000070b500000, 0x000000070b600000|  0%| F|  |TAMS 0x000000070b500000, 0x000000070b500000| Untracked 
| 154|0x000000070b600000, 0x000000070b600000, 0x000000070b700000|  0%| F|  |TAMS 0x000000070b600000, 0x000000070b600000| Untracked 
| 155|0x000000070b700000, 0x000000070b700000, 0x000000070b800000|  0%| F|  |TAMS 0x000000070b700000, 0x000000070b700000| Untracked 
| 156|0x000000070b800000, 0x000000070b800000, 0x000000070b900000|  0%| F|  |TAMS 0x000000070b800000, 0x000000070b800000| Untracked 
| 157|0x000000070b900000, 0x000000070b900000, 0x000000070ba00000|  0%| F|  |TAMS 0x000000070b900000, 0x000000070b900000| Untracked 
| 158|0x000000070ba00000, 0x000000070ba00000, 0x000000070bb00000|  0%| F|  |TAMS 0x000000070ba00000, 0x000000070ba00000| Untracked 
| 159|0x000000070bb00000, 0x000000070bb00000, 0x000000070bc00000|  0%| F|  |TAMS 0x000000070bb00000, 0x000000070bb00000| Untracked 
| 160|0x000000070bc00000, 0x000000070bc00000, 0x000000070bd00000|  0%| F|  |TAMS 0x000000070bc00000, 0x000000070bc00000| Untracked 
| 161|0x000000070bd00000, 0x000000070bd00000, 0x000000070be00000|  0%| F|  |TAMS 0x000000070bd00000, 0x000000070bd00000| Untracked 
| 162|0x000000070be00000, 0x000000070be00000, 0x000000070bf00000|  0%| F|  |TAMS 0x000000070be00000, 0x000000070be00000| Untracked 
| 163|0x000000070bf00000, 0x000000070bf00000, 0x000000070c000000|  0%| F|  |TAMS 0x000000070bf00000, 0x000000070bf00000| Untracked 
| 164|0x000000070c000000, 0x000000070c000000, 0x000000070c100000|  0%| F|  |TAMS 0x000000070c000000, 0x000000070c000000| Untracked 
| 165|0x000000070c100000, 0x000000070c100000, 0x000000070c200000|  0%| F|  |TAMS 0x000000070c100000, 0x000000070c100000| Untracked 
| 166|0x000000070c200000, 0x000000070c200000, 0x000000070c300000|  0%| F|  |TAMS 0x000000070c200000, 0x000000070c200000| Untracked 
| 167|0x000000070c300000, 0x000000070c300000, 0x000000070c400000|  0%| F|  |TAMS 0x000000070c300000, 0x000000070c300000| Untracked 
| 168|0x000000070c400000, 0x000000070c400000, 0x000000070c500000|  0%| F|  |TAMS 0x000000070c400000, 0x000000070c400000| Untracked 
| 169|0x000000070c500000, 0x000000070c500000, 0x000000070c600000|  0%| F|  |TAMS 0x000000070c500000, 0x000000070c500000| Untracked 
| 170|0x000000070c600000, 0x000000070c600000, 0x000000070c700000|  0%| F|  |TAMS 0x000000070c600000, 0x000000070c600000| Untracked 
| 171|0x000000070c700000, 0x000000070c700000, 0x000000070c800000|  0%| F|  |TAMS 0x000000070c700000, 0x000000070c700000| Untracked 
| 172|0x000000070c800000, 0x000000070c800000, 0x000000070c900000|  0%| F|  |TAMS 0x000000070c800000, 0x000000070c800000| Untracked 
| 173|0x000000070c900000, 0x000000070c900000, 0x000000070ca00000|  0%| F|  |TAMS 0x000000070c900000, 0x000000070c900000| Untracked 
| 174|0x000000070ca00000, 0x000000070ca00000, 0x000000070cb00000|  0%| F|  |TAMS 0x000000070ca00000, 0x000000070ca00000| Untracked 
| 175|0x000000070cb00000, 0x000000070cb00000, 0x000000070cc00000|  0%| F|  |TAMS 0x000000070cb00000, 0x000000070cb00000| Untracked 
| 176|0x000000070cc00000, 0x000000070cc00000, 0x000000070cd00000|  0%| F|  |TAMS 0x000000070cc00000, 0x000000070cc00000| Untracked 
| 177|0x000000070cd00000, 0x000000070cd00000, 0x000000070ce00000|  0%| F|  |TAMS 0x000000070cd00000, 0x000000070cd00000| Untracked 
| 178|0x000000070ce00000, 0x000000070ce00000, 0x000000070cf00000|  0%| F|  |TAMS 0x000000070ce00000, 0x000000070ce00000| Untracked 
| 179|0x000000070cf00000, 0x000000070cf00000, 0x000000070d000000|  0%| F|  |TAMS 0x000000070cf00000, 0x000000070cf00000| Untracked 
| 180|0x000000070d000000, 0x000000070d000000, 0x000000070d100000|  0%| F|  |TAMS 0x000000070d000000, 0x000000070d000000| Untracked 
| 181|0x000000070d100000, 0x000000070d200000, 0x000000070d200000|100%| E|  |TAMS 0x000000070d100000, 0x000000070d100000| Complete 
| 182|0x000000070d200000, 0x000000070d300000, 0x000000070d300000|100%| E|CS|TAMS 0x000000070d200000, 0x000000070d200000| Complete 
| 183|0x000000070d300000, 0x000000070d400000, 0x000000070d400000|100%| E|CS|TAMS 0x000000070d300000, 0x000000070d300000| Complete 
| 184|0x000000070d400000, 0x000000070d500000, 0x000000070d500000|100%| E|CS|TAMS 0x000000070d400000, 0x000000070d400000| Complete 
| 185|0x000000070d500000, 0x000000070d600000, 0x000000070d600000|100%| E|CS|TAMS 0x000000070d500000, 0x000000070d500000| Complete 
| 186|0x000000070d600000, 0x000000070d700000, 0x000000070d700000|100%| E|CS|TAMS 0x000000070d600000, 0x000000070d600000| Complete 
| 187|0x000000070d700000, 0x000000070d800000, 0x000000070d800000|100%| E|CS|TAMS 0x000000070d700000, 0x000000070d700000| Complete 
| 188|0x000000070d800000, 0x000000070d900000, 0x000000070d900000|100%| E|CS|TAMS 0x000000070d800000, 0x000000070d800000| Complete 
| 189|0x000000070d900000, 0x000000070da00000, 0x000000070da00000|100%| E|CS|TAMS 0x000000070d900000, 0x000000070d900000| Complete 
| 190|0x000000070da00000, 0x000000070db00000, 0x000000070db00000|100%| E|CS|TAMS 0x000000070da00000, 0x000000070da00000| Complete 
| 191|0x000000070db00000, 0x000000070dc00000, 0x000000070dc00000|100%| E|CS|TAMS 0x000000070db00000, 0x000000070db00000| Complete 
| 192|0x000000070dc00000, 0x000000070dd00000, 0x000000070dd00000|100%| E|CS|TAMS 0x000000070dc00000, 0x000000070dc00000| Complete 
| 193|0x000000070dd00000, 0x000000070de00000, 0x000000070de00000|100%| E|CS|TAMS 0x000000070dd00000, 0x000000070dd00000| Complete 
| 194|0x000000070de00000, 0x000000070df00000, 0x000000070df00000|100%| E|CS|TAMS 0x000000070de00000, 0x000000070de00000| Complete 
| 195|0x000000070df00000, 0x000000070e000000, 0x000000070e000000|100%| E|CS|TAMS 0x000000070df00000, 0x000000070df00000| Complete 
| 196|0x000000070e000000, 0x000000070e100000, 0x000000070e100000|100%| E|CS|TAMS 0x000000070e000000, 0x000000070e000000| Complete 
| 197|0x000000070e100000, 0x000000070e200000, 0x000000070e200000|100%| E|CS|TAMS 0x000000070e100000, 0x000000070e100000| Complete 
| 198|0x000000070e200000, 0x000000070e300000, 0x000000070e300000|100%| E|CS|TAMS 0x000000070e200000, 0x000000070e200000| Complete 
| 199|0x000000070e300000, 0x000000070e400000, 0x000000070e400000|100%| E|CS|TAMS 0x000000070e300000, 0x000000070e300000| Complete 
| 200|0x000000070e400000, 0x000000070e500000, 0x000000070e500000|100%| E|CS|TAMS 0x000000070e400000, 0x000000070e400000| Complete 
| 201|0x000000070e500000, 0x000000070e600000, 0x000000070e600000|100%| E|CS|TAMS 0x000000070e500000, 0x000000070e500000| Complete 
| 202|0x000000070e600000, 0x000000070e700000, 0x000000070e700000|100%| E|CS|TAMS 0x000000070e600000, 0x000000070e600000| Complete 
| 203|0x000000070e700000, 0x000000070e800000, 0x000000070e800000|100%| E|CS|TAMS 0x000000070e700000, 0x000000070e700000| Complete 
| 204|0x000000070e800000, 0x000000070e900000, 0x000000070e900000|100%| E|CS|TAMS 0x000000070e800000, 0x000000070e800000| Complete 
| 205|0x000000070e900000, 0x000000070ea00000, 0x000000070ea00000|100%| E|CS|TAMS 0x000000070e900000, 0x000000070e900000| Complete 
| 206|0x000000070ea00000, 0x000000070eb00000, 0x000000070eb00000|100%| E|CS|TAMS 0x000000070ea00000, 0x000000070ea00000| Complete 
| 207|0x000000070eb00000, 0x000000070ec00000, 0x000000070ec00000|100%| E|CS|TAMS 0x000000070eb00000, 0x000000070eb00000| Complete 
| 208|0x000000070ec00000, 0x000000070ed00000, 0x000000070ed00000|100%| E|CS|TAMS 0x000000070ec00000, 0x000000070ec00000| Complete 
| 209|0x000000070ed00000, 0x000000070ee00000, 0x000000070ee00000|100%| E|CS|TAMS 0x000000070ed00000, 0x000000070ed00000| Complete 
| 210|0x000000070ee00000, 0x000000070ef00000, 0x000000070ef00000|100%| E|CS|TAMS 0x000000070ee00000, 0x000000070ee00000| Complete 
| 211|0x000000070ef00000, 0x000000070f000000, 0x000000070f000000|100%| E|CS|TAMS 0x000000070ef00000, 0x000000070ef00000| Complete 
| 212|0x000000070f000000, 0x000000070f100000, 0x000000070f100000|100%| E|CS|TAMS 0x000000070f000000, 0x000000070f000000| Complete 
| 213|0x000000070f100000, 0x000000070f200000, 0x000000070f200000|100%| E|CS|TAMS 0x000000070f100000, 0x000000070f100000| Complete 
| 214|0x000000070f200000, 0x000000070f300000, 0x000000070f300000|100%| E|CS|TAMS 0x000000070f200000, 0x000000070f200000| Complete 
| 215|0x000000070f300000, 0x000000070f400000, 0x000000070f400000|100%| E|CS|TAMS 0x000000070f300000, 0x000000070f300000| Complete 
| 216|0x000000070f400000, 0x000000070f500000, 0x000000070f500000|100%| E|CS|TAMS 0x000000070f400000, 0x000000070f400000| Complete 
| 217|0x000000070f500000, 0x000000070f600000, 0x000000070f600000|100%| E|CS|TAMS 0x000000070f500000, 0x000000070f500000| Complete 
| 218|0x000000070f600000, 0x000000070f700000, 0x000000070f700000|100%| E|CS|TAMS 0x000000070f600000, 0x000000070f600000| Complete 
| 219|0x000000070f700000, 0x000000070f800000, 0x000000070f800000|100%| E|CS|TAMS 0x000000070f700000, 0x000000070f700000| Complete 
| 220|0x000000070f800000, 0x000000070f900000, 0x000000070f900000|100%| E|CS|TAMS 0x000000070f800000, 0x000000070f800000| Complete 
| 221|0x000000070f900000, 0x000000070fa00000, 0x000000070fa00000|100%| E|CS|TAMS 0x000000070f900000, 0x000000070f900000| Complete 
| 222|0x000000070fa00000, 0x000000070fb00000, 0x000000070fb00000|100%| E|CS|TAMS 0x000000070fa00000, 0x000000070fa00000| Complete 
| 223|0x000000070fb00000, 0x000000070fc00000, 0x000000070fc00000|100%| E|CS|TAMS 0x000000070fb00000, 0x000000070fb00000| Complete 
| 224|0x000000070fc00000, 0x000000070fd00000, 0x000000070fd00000|100%| E|CS|TAMS 0x000000070fc00000, 0x000000070fc00000| Complete 
| 225|0x000000070fd00000, 0x000000070fe00000, 0x000000070fe00000|100%| E|CS|TAMS 0x000000070fd00000, 0x000000070fd00000| Complete 
| 226|0x000000070fe00000, 0x000000070ff00000, 0x000000070ff00000|100%| E|CS|TAMS 0x000000070fe00000, 0x000000070fe00000| Complete 
| 227|0x000000070ff00000, 0x0000000710000000, 0x0000000710000000|100%| E|CS|TAMS 0x000000070ff00000, 0x000000070ff00000| Complete 
| 228|0x0000000710000000, 0x0000000710100000, 0x0000000710100000|100%| E|CS|TAMS 0x0000000710000000, 0x0000000710000000| Complete 
| 229|0x0000000710100000, 0x0000000710200000, 0x0000000710200000|100%| E|CS|TAMS 0x0000000710100000, 0x0000000710100000| Complete 
| 230|0x0000000710200000, 0x0000000710300000, 0x0000000710300000|100%| E|CS|TAMS 0x0000000710200000, 0x0000000710200000| Complete 
| 231|0x0000000710300000, 0x0000000710400000, 0x0000000710400000|100%| E|CS|TAMS 0x0000000710300000, 0x0000000710300000| Complete 
| 232|0x0000000710400000, 0x0000000710500000, 0x0000000710500000|100%| E|CS|TAMS 0x0000000710400000, 0x0000000710400000| Complete 
| 233|0x0000000710500000, 0x0000000710600000, 0x0000000710600000|100%| E|CS|TAMS 0x0000000710500000, 0x0000000710500000| Complete 
| 234|0x0000000710600000, 0x0000000710700000, 0x0000000710700000|100%| E|CS|TAMS 0x0000000710600000, 0x0000000710600000| Complete 
| 235|0x0000000710700000, 0x0000000710800000, 0x0000000710800000|100%| E|CS|TAMS 0x0000000710700000, 0x0000000710700000| Complete 
| 236|0x0000000710800000, 0x0000000710900000, 0x0000000710900000|100%| E|CS|TAMS 0x0000000710800000, 0x0000000710800000| Complete 
| 237|0x0000000710900000, 0x0000000710a00000, 0x0000000710a00000|100%| E|CS|TAMS 0x0000000710900000, 0x0000000710900000| Complete 
| 238|0x0000000710a00000, 0x0000000710b00000, 0x0000000710b00000|100%| E|CS|TAMS 0x0000000710a00000, 0x0000000710a00000| Complete 
| 239|0x0000000710b00000, 0x0000000710c00000, 0x0000000710c00000|100%| E|CS|TAMS 0x0000000710b00000, 0x0000000710b00000| Complete 
| 240|0x0000000710c00000, 0x0000000710d00000, 0x0000000710d00000|100%| E|CS|TAMS 0x0000000710c00000, 0x0000000710c00000| Complete 
| 241|0x0000000710d00000, 0x0000000710e00000, 0x0000000710e00000|100%| E|CS|TAMS 0x0000000710d00000, 0x0000000710d00000| Complete 
| 242|0x0000000710e00000, 0x0000000710f00000, 0x0000000710f00000|100%| E|CS|TAMS 0x0000000710e00000, 0x0000000710e00000| Complete 
| 243|0x0000000710f00000, 0x0000000711000000, 0x0000000711000000|100%| E|CS|TAMS 0x0000000710f00000, 0x0000000710f00000| Complete 
| 244|0x0000000711000000, 0x0000000711100000, 0x0000000711100000|100%| E|CS|TAMS 0x0000000711000000, 0x0000000711000000| Complete 
| 245|0x0000000711100000, 0x0000000711200000, 0x0000000711200000|100%| E|CS|TAMS 0x0000000711100000, 0x0000000711100000| Complete 
| 246|0x0000000711200000, 0x0000000711300000, 0x0000000711300000|100%| E|CS|TAMS 0x0000000711200000, 0x0000000711200000| Complete 
| 247|0x0000000711300000, 0x0000000711400000, 0x0000000711400000|100%| E|CS|TAMS 0x0000000711300000, 0x0000000711300000| Complete 
| 248|0x0000000711400000, 0x0000000711500000, 0x0000000711500000|100%| E|CS|TAMS 0x0000000711400000, 0x0000000711400000| Complete 
| 249|0x0000000711500000, 0x0000000711600000, 0x0000000711600000|100%| E|CS|TAMS 0x0000000711500000, 0x0000000711500000| Complete 
| 250|0x0000000711600000, 0x0000000711700000, 0x0000000711700000|100%| E|CS|TAMS 0x0000000711600000, 0x0000000711600000| Complete 
| 251|0x0000000711700000, 0x0000000711800000, 0x0000000711800000|100%| E|CS|TAMS 0x0000000711700000, 0x0000000711700000| Complete 
| 252|0x0000000711800000, 0x0000000711900000, 0x0000000711900000|100%| E|CS|TAMS 0x0000000711800000, 0x0000000711800000| Complete 
| 253|0x0000000711900000, 0x0000000711a00000, 0x0000000711a00000|100%| E|CS|TAMS 0x0000000711900000, 0x0000000711900000| Complete 
| 254|0x0000000711a00000, 0x0000000711b00000, 0x0000000711b00000|100%| E|CS|TAMS 0x0000000711a00000, 0x0000000711a00000| Complete 
| 255|0x0000000711b00000, 0x0000000711c00000, 0x0000000711c00000|100%| E|CS|TAMS 0x0000000711b00000, 0x0000000711b00000| Complete 

Card table byte_map: [0x000001ab46a40000,0x000001ab47240000] _byte_map_base: 0x000001ab43232000

Marking Bits (Prev, Next): (CMBitMap*) 0x000001ab2cc1b0f8, (CMBitMap*) 0x000001ab2cc1b130
 Prev Bits: [0x000001ab47a40000, 0x000001ab4b9d0000)
 Next Bits: [0x000001ab4b9d0000, 0x000001ab4f960000)

Polling page: 0x000001ab2cca0000

Metaspace:

Usage:
  Non-class:     44.54 MB capacity,    43.66 MB ( 98%) used,   705.80 KB (  2%) free+waste,   191.31 KB ( <1%) overhead. 
      Class:      6.77 MB capacity,     6.14 MB ( 91%) used,   548.39 KB (  8%) free+waste,    92.63 KB (  1%) overhead. 
       Both:     51.31 MB capacity,    49.80 MB ( 97%) used,     1.22 MB (  2%) free+waste,   283.94 KB ( <1%) overhead. 

Virtual space:
  Non-class space:       46.00 MB reserved,      44.75 MB ( 97%) committed 
      Class space:        1.00 GB reserved,       6.88 MB ( <1%) committed 
             Both:        1.04 GB reserved,      51.63 MB (  5%) committed 

Chunk freelists:
   Non-Class:  3.13 KB
       Class:  1.75 KB
        Both:  4.88 KB

CodeHeap 'non-profiled nmethods': size=120000Kb used=3325Kb max_used=3325Kb free=116674Kb
 bounds [0x000001ab3e2b0000, 0x000001ab3e5f0000, 0x000001ab457e0000]
CodeHeap 'profiled nmethods': size=120000Kb used=11708Kb max_used=11708Kb free=108291Kb
 bounds [0x000001ab36d80000, 0x000001ab37900000, 0x000001ab3e2b0000]
CodeHeap 'non-nmethods': size=5760Kb used=1175Kb max_used=1251Kb free=4584Kb
 bounds [0x000001ab367e0000, 0x000001ab36a50000, 0x000001ab36d80000]
 total_blobs=5329 nmethods=4821 adapters=418
 compilation: enabled
              stopped_count=0, restarted_count=0
 full_count=0

Compilation events (10 events):
Event: 11.407 Thread 0x000001ab52dfb800 nmethod 5276 0x000001ab378f4f90 code [0x000001ab378f51a0, 0x000001ab378f5938]
Event: 11.407 Thread 0x000001ab52dfb800 5277       3       java.beans.SimpleBeanInfo::<init> (5 bytes)
Event: 11.407 Thread 0x000001ab52dfb800 nmethod 5277 0x000001ab378f5b10 code [0x000001ab378f5cc0, 0x000001ab378f5e78]
Event: 11.407 Thread 0x000001ab52dfb800 5275       3       java.lang.AbstractStringBuilder::append (54 bytes)
Event: 11.408 Thread 0x000001ab52dfb800 nmethod 5275 0x000001ab378f5f10 code [0x000001ab378f6120, 0x000001ab378f6ad0]
Event: 11.410 Thread 0x000001ab52dfb800 5278       3       org.springframework.beans.factory.support.AbstractBeanDefinition::getQualifier (14 bytes)
Event: 11.410 Thread 0x000001ab52dfb800 nmethod 5278 0x000001ab378f6c10 code [0x000001ab378f6de0, 0x000001ab378f7150]
Event: 11.410 Thread 0x000001ab52dfb800 5279       1       org.springframework.beans.factory.support.RootBeanDefinition::getQualifiedElement (5 bytes)
Event: 11.410 Thread 0x000001ab52dfb800 nmethod 5279 0x000001ab3e5ef210 code [0x000001ab3e5ef3a0, 0x000001ab3e5ef4b8]
Event: 11.415 Thread 0x000001ab52dfb800 5280       3       org.springframework.asm.ClassReader::readCode (5085 bytes)

GC Heap History (10 events):
Event: 0.761 GC heap before
{Heap before GC invocations=0 (full 0):
 garbage-first heap   total 262144K, used 23552K [0x0000000701c00000, 0x0000000800000000)
  region size 1024K, 24 young (24576K), 0 survivors (0K)
 Metaspace       used 9370K, capacity 9608K, committed 9728K, reserved 1058816K
  class space    used 836K, capacity 908K, committed 1024K, reserved 1048576K
}
Event: 0.765 GC heap after
{Heap after GC invocations=1 (full 0):
 garbage-first heap   total 262144K, used 7903K [0x0000000701c00000, 0x0000000800000000)
  region size 1024K, 3 young (3072K), 3 survivors (3072K)
 Metaspace       used 9370K, capacity 9608K, committed 9728K, reserved 1058816K
  class space    used 836K, capacity 908K, committed 1024K, reserved 1048576K
}
Event: 2.694 GC heap before
{Heap before GC invocations=1 (full 0):
 garbage-first heap   total 262144K, used 75487K [0x0000000701c00000, 0x0000000800000000)
  region size 1024K, 70 young (71680K), 3 survivors (3072K)
 Metaspace       used 20521K, capacity 21150K, committed 21248K, reserved 1069056K
  class space    used 2249K, capacity 2496K, committed 2560K, reserved 1048576K
}
Event: 2.702 GC heap after
{Heap after GC invocations=2 (full 0):
 garbage-first heap   total 262144K, used 13100K [0x0000000701c00000, 0x0000000800000000)
  region size 1024K, 9 young (9216K), 9 survivors (9216K)
 Metaspace       used 20521K, capacity 21150K, committed 21248K, reserved 1069056K
  class space    used 2249K, capacity 2496K, committed 2560K, reserved 1048576K
}
Event: 3.974 GC heap before
{Heap before GC invocations=3 (full 0):
 garbage-first heap   total 262144K, used 79660K [0x0000000701c00000, 0x0000000800000000)
  region size 1024K, 75 young (76800K), 9 survivors (9216K)
 Metaspace       used 31065K, capacity 31983K, committed 32128K, reserved 1077248K
  class space    used 3569K, capacity 3924K, committed 3968K, reserved 1048576K
}
Event: 3.982 GC heap after
{Heap after GC invocations=4 (full 0):
 garbage-first heap   total 262144K, used 16389K [0x0000000701c00000, 0x0000000800000000)
  region size 1024K, 4 young (4096K), 4 survivors (4096K)
 Metaspace       used 31065K, capacity 31983K, committed 32128K, reserved 1077248K
  class space    used 3569K, capacity 3924K, committed 3968K, reserved 1048576K
}
Event: 6.294 GC heap before
{Heap before GC invocations=4 (full 0):
 garbage-first heap   total 262144K, used 87045K [0x0000000701c00000, 0x0000000800000000)
  region size 1024K, 74 young (75776K), 4 survivors (4096K)
 Metaspace       used 34847K, capacity 35775K, committed 35840K, reserved 1081344K
  class space    used 4041K, capacity 4439K, committed 4480K, reserved 1048576K
}
Event: 6.302 GC heap after
{Heap after GC invocations=5 (full 0):
 garbage-first heap   total 262144K, used 20063K [0x0000000701c00000, 0x0000000800000000)
  region size 1024K, 7 young (7168K), 7 survivors (7168K)
 Metaspace       used 34847K, capacity 35775K, committed 35840K, reserved 1081344K
  class space    used 4041K, capacity 4439K, committed 4480K, reserved 1048576K
}
Event: 9.004 GC heap before
{Heap before GC invocations=6 (full 0):
 garbage-first heap   total 262144K, used 169567K [0x0000000701c00000, 0x0000000800000000)
  region size 1024K, 153 young (156672K), 7 survivors (7168K)
 Metaspace       used 43295K, capacity 44657K, committed 44800K, reserved 1087488K
  class space    used 5226K, capacity 5768K, committed 5888K, reserved 1048576K
}
Event: 9.018 GC heap after
{Heap after GC invocations=7 (full 0):
 garbage-first heap   total 262144K, used 25408K [0x0000000701c00000, 0x0000000800000000)
  region size 1024K, 13 young (13312K), 13 survivors (13312K)
 Metaspace       used 43295K, capacity 44657K, committed 44800K, reserved 1087488K
  class space    used 5226K, capacity 5768K, committed 5888K, reserved 1048576K
}

Deoptimization events (10 events):
Event: 10.505 Thread 0x000001ab2cbb9000 Uncommon trap: reason=class_check action=maybe_recompile pc=0x000001ab3e59b61c method=org.springframework.util.ConcurrentReferenceHashMap$Segment.findInChain(Lorg/springframework/util/ConcurrentReferenceHashMap$Reference;Ljava/lang/Object;I)Lorg/springfra
Event: 10.508 Thread 0x000001ab2cbb9000 Uncommon trap: reason=null_check action=make_not_entrant pc=0x000001ab3e47d564 method=org.springframework.util.ClassUtils.isAssignable(Ljava/lang/Class;Ljava/lang/Class;)Z @ 14 c2
Event: 10.523 Thread 0x000001ab2cbb9000 Uncommon trap: reason=class_check action=maybe_recompile pc=0x000001ab3e5bf290 method=org.springframework.core.annotation.AnnotationUtils.findAnnotation(Ljava/lang/reflect/Method;Ljava/lang/Class;)Ljava/lang/annotation/Annotation; @ 47 c2
Event: 10.523 Thread 0x000001ab2cbb9000 Uncommon trap: reason=unstable_if action=reinterpret pc=0x000001ab3e4014d0 method=sun.reflect.annotation.AnnotationInvocationHandler.invoke(Ljava/lang/Object;Ljava/lang/reflect/Method;[Ljava/lang/Object;)Ljava/lang/Object; @ 64 c2
Event: 10.637 Thread 0x000001ab2cbb9000 Uncommon trap: reason=class_check action=maybe_recompile pc=0x000001ab3e4645dc method=java.util.concurrent.ConcurrentHashMap.putVal(Ljava/lang/Object;Ljava/lang/Object;Z)Ljava/lang/Object; @ 242 c2
Event: 10.645 Thread 0x000001ab2cbb9000 Uncommon trap: reason=unstable_if action=reinterpret pc=0x000001ab3e5039a0 method=org.springframework.aop.framework.autoproxy.AbstractAutoProxyCreator.predictBeanType(Ljava/lang/Class;Ljava/lang/String;)Ljava/lang/Class; @ 9 c2
Event: 10.980 Thread 0x000001ab2cbb9000 Uncommon trap: reason=class_check action=maybe_recompile pc=0x000001ab3e48566c method=org.springframework.core.SerializableTypeWrapper.unwrap(Ljava/lang/reflect/Type;)Ljava/lang/reflect/Type; @ 18 c2
Event: 10.980 Thread 0x000001ab2cbb9000 Uncommon trap: reason=class_check action=maybe_recompile pc=0x000001ab3e48566c method=org.springframework.core.SerializableTypeWrapper.unwrap(Ljava/lang/reflect/Type;)Ljava/lang/reflect/Type; @ 18 c2
Event: 10.980 Thread 0x000001ab2cbb9000 Uncommon trap: reason=class_check action=maybe_recompile pc=0x000001ab3e48566c method=org.springframework.core.SerializableTypeWrapper.unwrap(Ljava/lang/reflect/Type;)Ljava/lang/reflect/Type; @ 18 c2
Event: 10.980 Thread 0x000001ab2cbb9000 Uncommon trap: reason=class_check action=maybe_recompile pc=0x000001ab3e48566c method=org.springframework.core.SerializableTypeWrapper.unwrap(Ljava/lang/reflect/Type;)Ljava/lang/reflect/Type; @ 18 c2

Classes redefined (0 events):
No events

Internal exceptions (10 events):
Event: 11.382 Thread 0x000001ab2cbb9000 Exception <a 'java/lang/ClassNotFoundException'{0x000000070d351c70}: org/springframework/beans/factory/BeanFactoryAwareCustomizer> (0x000000070d351c70) thrown at [./open/src/hotspot/share/classfile/systemDictionary.cpp, line 228]
Event: 11.384 Thread 0x000001ab2cbb9000 Exception <a 'java/lang/ClassNotFoundException'{0x000000070d36d928}: org/springframework/beans/factory/AwareCustomizer> (0x000000070d36d928) thrown at [./open/src/hotspot/share/classfile/systemDictionary.cpp, line 228]
Event: 11.404 Thread 0x000001ab2cbb9000 Exception <a 'java/lang/ClassNotFoundException'{0x000000070d2354f8}: java/lang/ObjectCustomizer> (0x000000070d2354f8) thrown at [./open/src/hotspot/share/classfile/systemDictionary.cpp, line 228]
Event: 11.406 Thread 0x000001ab2cbb9000 Exception <a 'java/lang/ClassNotFoundException'{0x000000070d252d90}: com/fasterxml/classmate/TypeResolverCustomizer> (0x000000070d252d90) thrown at [./open/src/hotspot/share/classfile/systemDictionary.cpp, line 228]
Event: 11.420 Thread 0x000001ab2cbb9000 Exception <a 'java/lang/ClassNotFoundException'{0x000000070d2edf48}: java/lang/ObjectCustomizer> (0x000000070d2edf48) thrown at [./open/src/hotspot/share/classfile/systemDictionary.cpp, line 228]
Event: 11.421 Thread 0x000001ab2cbb9000 Exception <a 'java/lang/ClassNotFoundException'{0x000000070d113218}: springfox/documentation/schema/property/bean/AccessorsProviderCustomizer> (0x000000070d113218) thrown at [./open/src/hotspot/share/classfile/systemDictionary.cpp, line 228]
Event: 11.426 Thread 0x000001ab2cbb9000 Exception <a 'java/lang/ClassNotFoundException'{0x000000070d12d990}: java/lang/ObjectCustomizer> (0x000000070d12d990) thrown at [./open/src/hotspot/share/classfile/systemDictionary.cpp, line 228]
Event: 11.428 Thread 0x000001ab2cbb9000 Exception <a 'java/lang/ClassNotFoundException'{0x000000070d152460}: springfox/documentation/schema/property/field/FieldProviderCustomizer> (0x000000070d152460) thrown at [./open/src/hotspot/share/classfile/systemDictionary.cpp, line 228]
Event: 11.433 Thread 0x000001ab2cbb9000 Exception <a 'java/lang/ClassNotFoundException'{0x000000070d16ed10}: java/lang/ObjectCustomizer> (0x000000070d16ed10) thrown at [./open/src/hotspot/share/classfile/systemDictionary.cpp, line 228]
Event: 11.434 Thread 0x000001ab2cbb9000 Exception <a 'java/lang/ClassNotFoundException'{0x000000070d193cd0}: springfox/documentation/schema/property/FactoryMethodProviderCustomizer> (0x000000070d193cd0) thrown at [./open/src/hotspot/share/classfile/systemDictionary.cpp, line 228]

Events (10 events):
Event: 11.433 loading class java/lang/ObjectCustomizer
Event: 11.433 loading class java/lang/ObjectCustomizer done
Event: 11.433 loading class springfox/documentation/schema/property/FactoryMethodProviderCustomizer
Event: 11.433 loading class springfox/documentation/schema/property/FactoryMethodProviderCustomizer done
Event: 11.434 loading class springfox/documentation/schema/property/FactoryMethodProviderCustomizer
Event: 11.434 loading class springfox/documentation/schema/property/FactoryMethodProviderCustomizer done
Event: 11.434 loading class springfox/documentation/schema/property/FactoryMethodProviderCustomizer
Event: 11.434 loading class springfox/documentation/schema/property/FactoryMethodProviderCustomizer done
Event: 11.434 loading class com/fasterxml/classmate/members/ResolvedConstructor
Event: 11.434 loading class com/fasterxml/classmate/members/ResolvedConstructor done


Dynamic libraries:
0x00007ff61bc90000 - 0x00007ff61bc9f000 	C:\Program Files\Java\jdk-11.0.8\bin\java.exe
0x00007ffb6ce30000 - 0x00007ffb6d025000 	C:\WINDOWS\SYSTEM32\ntdll.dll
0x00007ffb6c2e0000 - 0x00007ffb6c39e000 	C:\WINDOWS\System32\KERNEL32.DLL
0x00007ffb6a810000 - 0x00007ffb6aad8000 	C:\WINDOWS\System32\KERNELBASE.dll
0x00007ffb6a550000 - 0x00007ffb6a650000 	C:\WINDOWS\System32\ucrtbase.dll
0x00007ffb5a5f0000 - 0x00007ffb5a605000 	C:\Program Files\Java\jdk-11.0.8\bin\VCRUNTIME140.dll
0x00007ffb62db0000 - 0x00007ffb62dc8000 	C:\Program Files\Java\jdk-11.0.8\bin\jli.dll
0x00007ffb6b9c0000 - 0x00007ffb6ba6c000 	C:\WINDOWS\System32\ADVAPI32.dll
0x00007ffb6c240000 - 0x00007ffb6c2de000 	C:\WINDOWS\System32\msvcrt.dll
0x00007ffb6c850000 - 0x00007ffb6c8eb000 	C:\WINDOWS\System32\sechost.dll
0x00007ffb6b210000 - 0x00007ffb6b33a000 	C:\WINDOWS\System32\RPCRT4.dll
0x00007ffb6c8f0000 - 0x00007ffb6ca91000 	C:\WINDOWS\System32\USER32.dll
0x00007ffb6ad20000 - 0x00007ffb6ad42000 	C:\WINDOWS\System32\win32u.dll
0x00007ffb58d20000 - 0x00007ffb58fba000 	C:\WINDOWS\WinSxS\amd64_microsoft.windows.common-controls_6595b64144ccf1df_6.0.19041.1110_none_60b5254171f9507e\COMCTL32.dll
0x00007ffb6c820000 - 0x00007ffb6c84b000 	C:\WINDOWS\System32\GDI32.dll
0x00007ffb6ac10000 - 0x00007ffb6ad1b000 	C:\WINDOWS\System32\gdi32full.dll
0x00007ffb6ad50000 - 0x00007ffb6aded000 	C:\WINDOWS\System32\msvcp_win.dll
0x00007ffb62ea0000 - 0x00007ffb62eaa000 	C:\WINDOWS\SYSTEM32\VERSION.dll
0x00007ffb6cd30000 - 0x00007ffb6cd60000 	C:\WINDOWS\System32\IMM32.DLL
0x00007ffb29890000 - 0x00007ffb2992b000 	C:\Program Files\Java\jdk-11.0.8\bin\msvcp140.dll
0x00007ffb25ad0000 - 0x00007ffb265b6000 	C:\Program Files\Java\jdk-11.0.8\bin\server\jvm.dll
0x00007ffb6b200000 - 0x00007ffb6b208000 	C:\WINDOWS\System32\PSAPI.DLL
0x00007ffb59170000 - 0x00007ffb59197000 	C:\WINDOWS\SYSTEM32\WINMM.dll
0x00007ffb57670000 - 0x00007ffb57679000 	C:\WINDOWS\SYSTEM32\WSOCK32.dll
0x00007ffb6b8f0000 - 0x00007ffb6b95b000 	C:\WINDOWS\System32\WS2_32.dll
0x00007ffb68e20000 - 0x00007ffb68e32000 	C:\WINDOWS\SYSTEM32\kernel.appcore.dll
0x00007ffb64a50000 - 0x00007ffb64a60000 	C:\Program Files\Java\jdk-11.0.8\bin\verify.dll
0x00007ffb68aa0000 - 0x00007ffb68c84000 	C:\WINDOWS\SYSTEM32\DBGHELP.DLL
0x00007ffb57580000 - 0x00007ffb575ac000 	C:\WINDOWS\SYSTEM32\dbgcore.DLL
0x00007ffb6adf0000 - 0x00007ffb6ae73000 	C:\WINDOWS\System32\bcryptPrimitives.dll
0x00007ffb59140000 - 0x00007ffb59168000 	C:\Program Files\Java\jdk-11.0.8\bin\java.dll
0x00007ffb647d0000 - 0x00007ffb647da000 	C:\Program Files\Java\jdk-11.0.8\bin\jimage.dll
0x00007ffb577d0000 - 0x00007ffb577e6000 	C:\Program Files\Java\jdk-11.0.8\bin\zip.dll
0x00007ffb6ba80000 - 0x00007ffb6c1bf000 	C:\WINDOWS\System32\SHELL32.dll
0x00007ffb68240000 - 0x00007ffb689d0000 	C:\WINDOWS\SYSTEM32\windows.storage.dll
0x00007ffb6b590000 - 0x00007ffb6b8e5000 	C:\WINDOWS\System32\combase.dll
0x00007ffb69fa0000 - 0x00007ffb69fce000 	C:\WINDOWS\SYSTEM32\Wldp.dll
0x00007ffb6cb00000 - 0x00007ffb6cbad000 	C:\WINDOWS\System32\SHCORE.dll
0x00007ffb6b1a0000 - 0x00007ffb6b1f5000 	C:\WINDOWS\System32\shlwapi.dll
0x00007ffb6a490000 - 0x00007ffb6a4af000 	C:\WINDOWS\SYSTEM32\profapi.dll
0x00007ffb49050000 - 0x00007ffb49069000 	C:\Program Files\Java\jdk-11.0.8\bin\net.dll
0x00007ffb5b7a0000 - 0x00007ffb5b8ac000 	C:\WINDOWS\SYSTEM32\WINHTTP.dll
0x00007ffb69d00000 - 0x00007ffb69d6a000 	C:\WINDOWS\system32\mswsock.dll
0x00007ffb49030000 - 0x00007ffb49042000 	C:\Program Files\Java\jdk-11.0.8\bin\nio.dll
0x00007ffb44d00000 - 0x00007ffb44d09000 	C:\Program Files\Java\jdk-11.0.8\bin\management.dll
0x00007ffb44cd0000 - 0x00007ffb44cdb000 	C:\Program Files\Java\jdk-11.0.8\bin\management_ext.dll
0x00007ffb699a0000 - 0x00007ffb699db000 	C:\WINDOWS\SYSTEM32\IPHLPAPI.DLL
0x00007ffb6af60000 - 0x00007ffb6af68000 	C:\WINDOWS\System32\NSI.dll
0x00007ffb5bf60000 - 0x00007ffb5bf77000 	C:\WINDOWS\SYSTEM32\dhcpcsvc6.DLL
0x00007ffb61fc0000 - 0x00007ffb61fdd000 	C:\WINDOWS\SYSTEM32\dhcpcsvc.DLL
0x00007ffb699f0000 - 0x00007ffb69abb000 	C:\WINDOWS\SYSTEM32\DNSAPI.dll
0x00007ffb59d70000 - 0x00007ffb59d7a000 	C:\Windows\System32\rasadhlp.dll
0x00007ffb55450000 - 0x00007ffb55467000 	C:\WINDOWS\system32\napinsp.dll
0x00007ffb55430000 - 0x00007ffb5544b000 	C:\WINDOWS\system32\pnrpnsp.dll
0x00007ffb556d0000 - 0x00007ffb556e5000 	C:\WINDOWS\system32\wshbth.dll
0x00007ffb65a90000 - 0x00007ffb65aad000 	C:\WINDOWS\system32\NLAapi.dll
0x00007ffb553f0000 - 0x00007ffb55402000 	C:\WINDOWS\System32\winrnr.dll
0x00007ffb5a060000 - 0x00007ffb5a0df000 	C:\WINDOWS\System32\fwpuclnt.dll
0x00007ffb6ab90000 - 0x00007ffb6abb7000 	C:\WINDOWS\System32\bcrypt.dll
0x00007ffb69f00000 - 0x00007ffb69f18000 	C:\WINDOWS\SYSTEM32\CRYPTSP.dll
0x00007ffb69610000 - 0x00007ffb69644000 	C:\WINDOWS\system32\rsaenh.dll
0x00007ffb6a450000 - 0x00007ffb6a47e000 	C:\WINDOWS\SYSTEM32\USERENV.dll
0x00007ffb69ef0000 - 0x00007ffb69efc000 	C:\WINDOWS\SYSTEM32\CRYPTBASE.dll

dbghelp: loaded successfully - version: 4.0.5 - missing functions: none
symbol engine: initialized successfully - sym options: 0x614 - pdb path: .;C:\Program Files\Java\jdk-11.0.8\bin;C:\WINDOWS\SYSTEM32;C:\WINDOWS\WinSxS\amd64_microsoft.windows.common-controls_6595b64144ccf1df_6.0.19041.1110_none_60b5254171f9507e;C:\Program Files\Java\jdk-11.0.8\bin\server

VM Arguments:
java_command: C:\Users\asus\AppData\Local\Temp\surefire2847288452287013763\surefirebooter8307479138283333432.jar C:\Users\asus\AppData\Local\Temp\surefire2847288452287013763 2021-12-10T18-59-10_326-jvmRun1 surefire9726914226752431430tmp surefire_09813164410488701485tmp
java_class_path (initial): C:\Users\asus\AppData\Local\Temp\surefire2847288452287013763\surefirebooter8307479138283333432.jar
Launcher Type: SUN_STANDARD

[Global flags]
     intx CICompilerCount                          = 4                                         {product} {ergonomic}
     uint ConcGCThreads                            = 2                                         {product} {ergonomic}
     uint G1ConcRefinementThreads                  = 8                                         {product} {ergonomic}
   size_t G1HeapRegionSize                         = 1048576                                   {product} {ergonomic}
    uintx GCDrainStackTargetSize                   = 64                                        {product} {ergonomic}
   size_t InitialHeapSize                          = 268435456                                 {product} {ergonomic}
   size_t MarkStackSize                            = 4194304                                   {product} {ergonomic}
   size_t MaxHeapSize                              = 4265607168                                {product} {ergonomic}
   size_t MaxNewSize                               = 2558525440                                {product} {ergonomic}
   size_t MinHeapDeltaBytes                        = 1048576                                   {product} {ergonomic}
    uintx NonNMethodCodeHeapSize                   = 5836300                                {pd product} {ergonomic}
    uintx NonProfiledCodeHeapSize                  = 122910970                              {pd product} {ergonomic}
    uintx ProfiledCodeHeapSize                     = 122910970                              {pd product} {ergonomic}
    uintx ReservedCodeCacheSize                    = 251658240                              {pd product} {ergonomic}
     bool SegmentedCodeCache                       = true                                      {product} {ergonomic}
     bool UseCompressedClassPointers               = true                                 {lp64_product} {ergonomic}
     bool UseCompressedOops                        = true                                 {lp64_product} {ergonomic}
     bool UseG1GC                                  = true                                      {product} {ergonomic}
     bool UseLargePagesIndividualAllocation        = false                                  {pd product} {ergonomic}

Logging:
Log output configuration:
 #0: stdout all=warning uptime,level,tags
 #1: stderr all=off uptime,level,tags

Environment Variables:
JAVA_HOME=C:\Program Files\Java\jdk-11.0.8
JRE_HOME=C:\Program Files\Java\jdk-11.0.8\jre
CLASSPATH=.;C:\Program Files\Java\jdk-11.0.8\lib;C:\Program Files\Java\jdk-11.0.8\jre\lib;
PATH=%JAVA_HOME%\bin;%GRADLE_HOME%\bin;D:\Program Files\Git\cmd;C:\Program Files\MySQL\MySQL Shell 8.0\bin\;C:\Users\asus\AppData\Local\Programs\Python\Python35\Scripts\;C:\Users\asus\AppData\Local\Programs\Python\Python35\;C:\Users\asus\Anaconda3;C:\Users\asus\Anaconda3\Library\mingw-w64\bin;C:\Users\asus\Anaconda3\Library\usr\bin;C:\Users\asus\Anaconda3\Library\bin;C:\Users\asus\Anaconda3\Scripts;C:\Users\asus\AppData\Local\Programs\Python\Python36\Scripts\;C:\Users\asus\AppData\Local\Programs\Python\Python36\;C:\Users\asus\AppData\Local\Microsoft\WindowsApps;C:\Modeltech_pe_edu_10.4a\win32pe_edu;C:\Program Files\Docker Toolbox;C:\zookeeper\bin;C:\kafka\bin\windows;C:\Users\asus\AppData\Local\GitHubDesktop\bin;D:\Microsoft VS Code\bin;C:\Program Files\JetBrains\IntelliJ IDEA 2021.2.3\bin;;C:\Users\asus\AppData\Roaming\npm;C:\Windows\System32;C:\Program Files\nodejs;C:\WINDOWS\System32\Wbem;C:\Program Files\apache-maven-3.8.3\bin;
USERNAME=asus
OS=Windows_NT
PROCESSOR_IDENTIFIER=Intel64 Family 6 Model 158 Stepping 9, GenuineIntel



---------------  S Y S T E M  ---------------

OS: Windows 10 , 64 bit Build 19041 (10.0.19041.1348)

CPU:total 8 (initial active 8) (4 cores per cpu, 2 threads per core) family 6 model 158 stepping 9, cmov, cx8, fxsr, mmx, sse, sse2, sse3, ssse3, sse4.1, sse4.2, popcnt, avx, avx2, aes, clmul, erms, 3dnowpref, lzcnt, ht, tsc, tscinvbit, bmi1, bmi2, adx, fma

Memory: 4k page, system-wide physical 16268M (2477M free)
TotalPageFile size 16268M (AvailPageFile size 13M)
current process WorkingSet (physical memory assigned to process): 377M, peak: 380M
current process commit charge ("private bytes"): 502M, peak: 503M

vm_info: Java HotSpot(TM) 64-Bit Server VM (11.0.8+10-LTS) for windows-amd64 JRE (11.0.8+10-LTS), built on Jun 16 2020 05:53:08 by "mach5one" with unknown MS VC++:1916

END.
