#
# There is insufficient memory for the Java Runtime Environment to continue.
# Native memory allocation (malloc) failed to allocate 1115376 bytes for Chunk::new
# Possible reasons:
#   The system is out of physical RAM or swap space
#   The process is running with CompressedOops enabled, and the Java Heap may be blocking the growth of the native heap
# Possible solutions:
#   Reduce memory load on the system
#   Increase physical memory or swap space
#   Check if swap backing store is full
#   Decrease Java heap size (-Xmx/-Xms)
#   Decrease number of Java threads
#   Decrease Java thread stack sizes (-Xss)
#   Set larger code cache with -XX:ReservedCodeCacheSize=
#   JVM is running with Zero Based Compressed Oops mode in which the Java heap is
#     placed in the first 32GB address space. The Java Heap base address is the
#     maximum limit for the native heap growth. Please use -XX:HeapBaseMinAddress
#     to set the Java Heap base and to place the Java Heap above 32GB virtual address.
# This output file may be truncated or incomplete.
#
#  Out of Memory Error (./open/src/hotspot/share/memory/arena.cpp:197), pid=13580, tid=8636
#
# JRE version: Java(TM) SE Runtime Environment 18.9 (11.0.8+10) (build 11.0.8+10-LTS)
# Java VM: Java HotSpot(TM) 64-Bit Server VM 18.9 (11.0.8+10-LTS, mixed mode, tiered, compressed oops, g1 gc, windows-amd64)
# No core dump will be written. Minidumps are not enabled by default on client versions of Windows
#

---------------  S U M M A R Y ------------

Command Line: C:\Users\asus\AppData\Local\Temp\surefire2789860282912802670\surefirebooter12828772542685410622.jar C:\Users\asus\AppData\Local\Temp\surefire2789860282912802670 2021-12-10T18-50-27_769-jvmRun1 surefire13193951078724440488tmp surefire_03662000608350000107tmp

Host: Intel(R) Core(TM) i7-7700HQ CPU @ 2.80GHz, 8 cores, 15G,  Windows 10 , 64 bit Build 19041 (10.0.19041.1348)
Time: Fri Dec 10 18:50:37 2021 GTB Standart Saati elapsed time: 8 seconds (0d 0h 0m 8s)

---------------  T H R E A D  ---------------

Current thread (0x000001c1ccb77800):  JavaThread "C2 CompilerThread0" daemon [_thread_in_native, id=8636, stack(0x0000001395600000,0x0000001395700000)]


Current CompileTask:
C2:   8900 5180       4       org.springframework.asm.Frame::execute (2305 bytes)

Stack: [0x0000001395600000,0x0000001395700000]
Native frames: (J=compiled Java code, j=interpreted, Vv=VM code, C=native code)
V  [jvm.dll+0x601aea]
V  [jvm.dll+0x737fef]
V  [jvm.dll+0x739675]
V  [jvm.dll+0x739cf3]
V  [jvm.dll+0x242848]
V  [jvm.dll+0xb999c]
V  [jvm.dll+0xb9f2c]
V  [jvm.dll+0x3441a7]
V  [jvm.dll+0x193099]
V  [jvm.dll+0x1fc3f2]
V  [jvm.dll+0x1fb49f]
V  [jvm.dll+0x17e0fc]
V  [jvm.dll+0x20aaa4]
V  [jvm.dll+0x208b7b]
V  [jvm.dll+0x6ff90c]
V  [jvm.dll+0x6f845c]
V  [jvm.dll+0x600d66]
C  [ucrtbase.dll+0x21bb2]
C  [KERNEL32.DLL+0x17034]
C  [ntdll.dll+0x52651]


---------------  P R O C E S S  ---------------

Threads class SMR info:
_java_thread_list=0x000001c1d4db0880, length=15, elements={
0x000001c1a8897000, 0x000001c1cc25d800, 0x000001c1ccb1c800, 0x000001c1ccb73800,
0x000001c1ccb75800, 0x000001c1ccb77800, 0x000001c1cc285800, 0x000001c1cc288800,
0x000001c1cccfd800, 0x000001c1ccd03000, 0x000001c1ccdef800, 0x000001c1ccd00800,
0x000001c1cdd30000, 0x000001c1d2625800, 0x000001c1d49e4000
}

Java Threads: ( => current thread )
  0x000001c1a8897000 JavaThread "main" [_thread_in_Java, id=15700, stack(0x0000001394b00000,0x0000001394c00000)]
  0x000001c1cc25d800 JavaThread "Reference Handler" daemon [_thread_blocked, id=14128, stack(0x0000001395200000,0x0000001395300000)]
  0x000001c1ccb1c800 JavaThread "Finalizer" daemon [_thread_blocked, id=7872, stack(0x0000001395300000,0x0000001395400000)]
  0x000001c1ccb73800 JavaThread "Signal Dispatcher" daemon [_thread_blocked, id=6872, stack(0x0000001395400000,0x0000001395500000)]
  0x000001c1ccb75800 JavaThread "Attach Listener" daemon [_thread_blocked, id=11156, stack(0x0000001395500000,0x0000001395600000)]
=>0x000001c1ccb77800 JavaThread "C2 CompilerThread0" daemon [_thread_in_native, id=8636, stack(0x0000001395600000,0x0000001395700000)]
  0x000001c1cc285800 JavaThread "C1 CompilerThread0" daemon [_thread_blocked, id=14660, stack(0x0000001395700000,0x0000001395800000)]
  0x000001c1cc288800 JavaThread "Sweeper thread" daemon [_thread_blocked, id=10388, stack(0x0000001395800000,0x0000001395900000)]
  0x000001c1cccfd800 JavaThread "Service Thread" daemon [_thread_blocked, id=3508, stack(0x0000001395900000,0x0000001395a00000)]
  0x000001c1ccd03000 JavaThread "Common-Cleaner" daemon [_thread_blocked, id=5344, stack(0x0000001395b00000,0x0000001395c00000)]
  0x000001c1ccdef800 JavaThread "surefire-forkedjvm-command-thread" daemon [_thread_in_native, id=10700, stack(0x0000001395d00000,0x0000001395e00000)]
  0x000001c1ccd00800 JavaThread "surefire-forkedjvm-ping-30s" daemon [_thread_in_native, id=8608, stack(0x0000001395e00000,0x0000001395f00000)]
  0x000001c1cdd30000 JavaThread "C2 CompilerThread1" daemon [_thread_in_native, id=7036, stack(0x0000001395c00000,0x0000001395d00000)]
  0x000001c1d2625800 JavaThread "C2 CompilerThread2" daemon [_thread_in_native, id=14104, stack(0x0000001396400000,0x0000001396500000)]
  0x000001c1d49e4000 JavaThread "cluster-ClusterId{value='61b3855b6447892cae987c9f', description='null'}-localhost:27017" daemon [_thread_blocked, id=9580, stack(0x0000001396600000,0x0000001396700000)]

Other Threads:
  0x000001c1cc259800 VMThread "VM Thread" [stack: 0x0000001395100000,0x0000001395200000] [id=16104]
  0x000001c1ccd02000 WatcherThread [stack: 0x0000001395a00000,0x0000001395b00000] [id=3112]
  0x000001c1a88ac000 GCTaskThread "GC Thread#0" [stack: 0x0000001394c00000,0x0000001394d00000] [id=10332]
  0x000001c1cd19a000 GCTaskThread "GC Thread#1" [stack: 0x0000001395f00000,0x0000001396000000] [id=11996]
  0x000001c1cd196800 GCTaskThread "GC Thread#2" [stack: 0x0000001396000000,0x0000001396100000] [id=19708]
  0x000001c1cd197800 GCTaskThread "GC Thread#3" [stack: 0x0000001396100000,0x0000001396200000] [id=2532]
  0x000001c1cd1b5000 GCTaskThread "GC Thread#4" [stack: 0x0000001396200000,0x0000001396300000] [id=11224]
  0x000001c1cd66f800 GCTaskThread "GC Thread#5" [stack: 0x0000001396300000,0x0000001396400000] [id=7500]
  0x000001c1a8907800 ConcurrentGCThread "G1 Main Marker" [stack: 0x0000001394d00000,0x0000001394e00000] [id=1776]
  0x000001c1a890b000 ConcurrentGCThread "G1 Conc#0" [stack: 0x0000001394e00000,0x0000001394f00000] [id=1084]
  0x000001c1cea84000 ConcurrentGCThread "G1 Conc#1" [stack: 0x0000001396500000,0x0000001396600000] [id=9736]
  0x000001c1cc13a000 ConcurrentGCThread "G1 Refine#0" [stack: 0x0000001394f00000,0x0000001395000000] [id=6756]
  0x000001c1cc13b000 ConcurrentGCThread "G1 Young RemSet Sampling" [stack: 0x0000001395000000,0x0000001395100000] [id=19488]

Threads with active compile tasks:
C2 CompilerThread0   8932 5180       4       org.springframework.asm.Frame::execute (2305 bytes)
C2 CompilerThread1   8932 5305       4       org.springframework.core.SerializableTypeWrapper::unwrap (34 bytes)
C2 CompilerThread2   8932 5183       4       org.springframework.beans.factory.support.AbstractBeanFactory::isTypeMatch (607 bytes)

VM state:not at safepoint (normal execution)

VM Mutex/Monitor currently owned by a thread: None

Heap address: 0x0000000701c00000, size: 4068 MB, Compressed Oops mode: Zero based, Oop shift amount: 3
Narrow klass base: 0x0000000800000000, Narrow klass shift: 0
Compressed class space size: 1073741824 Address: 0x0000000800000000

Heap:
 garbage-first heap   total 262144K, used 113987K [0x0000000701c00000, 0x0000000800000000)
  region size 1024K, 100 young (102400K), 12 survivors (12288K)
 Metaspace       used 51027K, capacity 52600K, committed 52864K, reserved 1095680K
  class space    used 6293K, capacity 6930K, committed 7040K, reserved 1048576K
Heap Regions: E=young(eden), S=young(survivor), O=old, HS=humongous(starts), HC=humongous(continues), CS=collection set, F=free, A=archive, TAMS=top-at-mark-start (previous, next)
|   0|0x0000000701c00000, 0x0000000701d00000, 0x0000000701d00000|100%| O|  |TAMS 0x0000000701d00000, 0x0000000701c00000| Untracked 
|   1|0x0000000701d00000, 0x0000000701e00000, 0x0000000701e00000|100%| O|  |TAMS 0x0000000701e00000, 0x0000000701d00000| Untracked 
|   2|0x0000000701e00000, 0x0000000701f00000, 0x0000000701f00000|100%| O|  |TAMS 0x0000000701f00000, 0x0000000701e00000| Untracked 
|   3|0x0000000701f00000, 0x0000000702000000, 0x0000000702000000|100%| O|  |TAMS 0x0000000702000000, 0x0000000701f00000| Untracked 
|   4|0x0000000702000000, 0x0000000702100000, 0x0000000702100000|100%| O|  |TAMS 0x0000000702100000, 0x0000000702000000| Untracked 
|   5|0x0000000702100000, 0x0000000702200000, 0x0000000702200000|100%| O|  |TAMS 0x0000000702200000, 0x0000000702100000| Untracked 
|   6|0x0000000702200000, 0x0000000702300000, 0x0000000702300000|100%| O|  |TAMS 0x0000000702300000, 0x0000000702200000| Untracked 
|   7|0x0000000702300000, 0x0000000702400000, 0x0000000702400000|100%| O|  |TAMS 0x0000000702400000, 0x0000000702300000| Untracked 
|   8|0x0000000702400000, 0x0000000702500000, 0x0000000702500000|100%| O|  |TAMS 0x0000000702500000, 0x0000000702400000| Untracked 
|   9|0x0000000702500000, 0x0000000702600000, 0x0000000702600000|100%| O|  |TAMS 0x0000000702600000, 0x0000000702500000| Untracked 
|  10|0x0000000702600000, 0x0000000702700000, 0x0000000702700000|100%| O|  |TAMS 0x0000000702700000, 0x0000000702600000| Untracked 
|  11|0x0000000702700000, 0x0000000702800000, 0x0000000702800000|100%| O|  |TAMS 0x0000000702800000, 0x0000000702700000| Untracked 
|  12|0x0000000702800000, 0x0000000702850c00, 0x0000000702900000| 31%| O|  |TAMS 0x0000000702850c00, 0x0000000702800000| Untracked 
|  13|0x0000000702900000, 0x0000000702900000, 0x0000000702a00000|  0%| F|  |TAMS 0x0000000702900000, 0x0000000702900000| Untracked 
|  14|0x0000000702a00000, 0x0000000702a00000, 0x0000000702b00000|  0%| F|  |TAMS 0x0000000702a00000, 0x0000000702a00000| Untracked 
|  15|0x0000000702b00000, 0x0000000702b00000, 0x0000000702c00000|  0%| F|  |TAMS 0x0000000702b00000, 0x0000000702b00000| Untracked 
|  16|0x0000000702c00000, 0x0000000702c00000, 0x0000000702d00000|  0%| F|  |TAMS 0x0000000702c00000, 0x0000000702c00000| Untracked 
|  17|0x0000000702d00000, 0x0000000702d00000, 0x0000000702e00000|  0%| F|  |TAMS 0x0000000702d00000, 0x0000000702d00000| Untracked 
|  18|0x0000000702e00000, 0x0000000702e00000, 0x0000000702f00000|  0%| F|  |TAMS 0x0000000702e00000, 0x0000000702e00000| Untracked 
|  19|0x0000000702f00000, 0x0000000702f00000, 0x0000000703000000|  0%| F|  |TAMS 0x0000000702f00000, 0x0000000702f00000| Untracked 
|  20|0x0000000703000000, 0x0000000703000000, 0x0000000703100000|  0%| F|  |TAMS 0x0000000703000000, 0x0000000703000000| Untracked 
|  21|0x0000000703100000, 0x0000000703100000, 0x0000000703200000|  0%| F|  |TAMS 0x0000000703100000, 0x0000000703100000| Untracked 
|  22|0x0000000703200000, 0x0000000703200000, 0x0000000703300000|  0%| F|  |TAMS 0x0000000703200000, 0x0000000703200000| Untracked 
|  23|0x0000000703300000, 0x0000000703300000, 0x0000000703400000|  0%| F|  |TAMS 0x0000000703300000, 0x0000000703300000| Untracked 
|  24|0x0000000703400000, 0x0000000703400000, 0x0000000703500000|  0%| F|  |TAMS 0x0000000703400000, 0x0000000703400000| Untracked 
|  25|0x0000000703500000, 0x0000000703500000, 0x0000000703600000|  0%| F|  |TAMS 0x0000000703500000, 0x0000000703500000| Untracked 
|  26|0x0000000703600000, 0x0000000703600000, 0x0000000703700000|  0%| F|  |TAMS 0x0000000703600000, 0x0000000703600000| Untracked 
|  27|0x0000000703700000, 0x0000000703700000, 0x0000000703800000|  0%| F|  |TAMS 0x0000000703700000, 0x0000000703700000| Untracked 
|  28|0x0000000703800000, 0x0000000703800000, 0x0000000703900000|  0%| F|  |TAMS 0x0000000703800000, 0x0000000703800000| Untracked 
|  29|0x0000000703900000, 0x0000000703900000, 0x0000000703a00000|  0%| F|  |TAMS 0x0000000703900000, 0x0000000703900000| Untracked 
|  30|0x0000000703a00000, 0x0000000703a00000, 0x0000000703b00000|  0%| F|  |TAMS 0x0000000703a00000, 0x0000000703a00000| Untracked 
|  31|0x0000000703b00000, 0x0000000703b00000, 0x0000000703c00000|  0%| F|  |TAMS 0x0000000703b00000, 0x0000000703b00000| Untracked 
|  32|0x0000000703c00000, 0x0000000703c00000, 0x0000000703d00000|  0%| F|  |TAMS 0x0000000703c00000, 0x0000000703c00000| Untracked 
|  33|0x0000000703d00000, 0x0000000703d00000, 0x0000000703e00000|  0%| F|  |TAMS 0x0000000703d00000, 0x0000000703d00000| Untracked 
|  34|0x0000000703e00000, 0x0000000703e00000, 0x0000000703f00000|  0%| F|  |TAMS 0x0000000703e00000, 0x0000000703e00000| Untracked 
|  35|0x0000000703f00000, 0x0000000703f00000, 0x0000000704000000|  0%| F|  |TAMS 0x0000000703f00000, 0x0000000703f00000| Untracked 
|  36|0x0000000704000000, 0x0000000704000000, 0x0000000704100000|  0%| F|  |TAMS 0x0000000704000000, 0x0000000704000000| Untracked 
|  37|0x0000000704100000, 0x0000000704100000, 0x0000000704200000|  0%| F|  |TAMS 0x0000000704100000, 0x0000000704100000| Untracked 
|  38|0x0000000704200000, 0x0000000704200000, 0x0000000704300000|  0%| F|  |TAMS 0x0000000704200000, 0x0000000704200000| Untracked 
|  39|0x0000000704300000, 0x0000000704300000, 0x0000000704400000|  0%| F|  |TAMS 0x0000000704300000, 0x0000000704300000| Untracked 
|  40|0x0000000704400000, 0x0000000704400000, 0x0000000704500000|  0%| F|  |TAMS 0x0000000704400000, 0x0000000704400000| Untracked 
|  41|0x0000000704500000, 0x0000000704500000, 0x0000000704600000|  0%| F|  |TAMS 0x0000000704500000, 0x0000000704500000| Untracked 
|  42|0x0000000704600000, 0x0000000704600000, 0x0000000704700000|  0%| F|  |TAMS 0x0000000704600000, 0x0000000704600000| Untracked 
|  43|0x0000000704700000, 0x0000000704700000, 0x0000000704800000|  0%| F|  |TAMS 0x0000000704700000, 0x0000000704700000| Untracked 
|  44|0x0000000704800000, 0x0000000704800000, 0x0000000704900000|  0%| F|  |TAMS 0x0000000704800000, 0x0000000704800000| Untracked 
|  45|0x0000000704900000, 0x0000000704900000, 0x0000000704a00000|  0%| F|  |TAMS 0x0000000704900000, 0x0000000704900000| Untracked 
|  46|0x0000000704a00000, 0x0000000704a00000, 0x0000000704b00000|  0%| F|  |TAMS 0x0000000704a00000, 0x0000000704a00000| Untracked 
|  47|0x0000000704b00000, 0x0000000704b00000, 0x0000000704c00000|  0%| F|  |TAMS 0x0000000704b00000, 0x0000000704b00000| Untracked 
|  48|0x0000000704c00000, 0x0000000704c00000, 0x0000000704d00000|  0%| F|  |TAMS 0x0000000704c00000, 0x0000000704c00000| Untracked 
|  49|0x0000000704d00000, 0x0000000704d00000, 0x0000000704e00000|  0%| F|  |TAMS 0x0000000704d00000, 0x0000000704d00000| Untracked 
|  50|0x0000000704e00000, 0x0000000704e00000, 0x0000000704f00000|  0%| F|  |TAMS 0x0000000704e00000, 0x0000000704e00000| Untracked 
|  51|0x0000000704f00000, 0x0000000704f00000, 0x0000000705000000|  0%| F|  |TAMS 0x0000000704f00000, 0x0000000704f00000| Untracked 
|  52|0x0000000705000000, 0x0000000705000000, 0x0000000705100000|  0%| F|  |TAMS 0x0000000705000000, 0x0000000705000000| Untracked 
|  53|0x0000000705100000, 0x0000000705100000, 0x0000000705200000|  0%| F|  |TAMS 0x0000000705100000, 0x0000000705100000| Untracked 
|  54|0x0000000705200000, 0x0000000705200000, 0x0000000705300000|  0%| F|  |TAMS 0x0000000705200000, 0x0000000705200000| Untracked 
|  55|0x0000000705300000, 0x0000000705300000, 0x0000000705400000|  0%| F|  |TAMS 0x0000000705300000, 0x0000000705300000| Untracked 
|  56|0x0000000705400000, 0x0000000705400000, 0x0000000705500000|  0%| F|  |TAMS 0x0000000705400000, 0x0000000705400000| Untracked 
|  57|0x0000000705500000, 0x0000000705500000, 0x0000000705600000|  0%| F|  |TAMS 0x0000000705500000, 0x0000000705500000| Untracked 
|  58|0x0000000705600000, 0x0000000705600000, 0x0000000705700000|  0%| F|  |TAMS 0x0000000705600000, 0x0000000705600000| Untracked 
|  59|0x0000000705700000, 0x0000000705700000, 0x0000000705800000|  0%| F|  |TAMS 0x0000000705700000, 0x0000000705700000| Untracked 
|  60|0x0000000705800000, 0x0000000705800000, 0x0000000705900000|  0%| F|  |TAMS 0x0000000705800000, 0x0000000705800000| Untracked 
|  61|0x0000000705900000, 0x0000000705900000, 0x0000000705a00000|  0%| F|  |TAMS 0x0000000705900000, 0x0000000705900000| Untracked 
|  62|0x0000000705a00000, 0x0000000705a00000, 0x0000000705b00000|  0%| F|  |TAMS 0x0000000705a00000, 0x0000000705a00000| Untracked 
|  63|0x0000000705b00000, 0x0000000705b00000, 0x0000000705c00000|  0%| F|  |TAMS 0x0000000705b00000, 0x0000000705b00000| Untracked 
|  64|0x0000000705c00000, 0x0000000705c00000, 0x0000000705d00000|  0%| F|  |TAMS 0x0000000705c00000, 0x0000000705c00000| Untracked 
|  65|0x0000000705d00000, 0x0000000705d00000, 0x0000000705e00000|  0%| F|  |TAMS 0x0000000705d00000, 0x0000000705d00000| Untracked 
|  66|0x0000000705e00000, 0x0000000705e00000, 0x0000000705f00000|  0%| F|  |TAMS 0x0000000705e00000, 0x0000000705e00000| Untracked 
|  67|0x0000000705f00000, 0x0000000705f00000, 0x0000000706000000|  0%| F|  |TAMS 0x0000000705f00000, 0x0000000705f00000| Untracked 
|  68|0x0000000706000000, 0x0000000706000000, 0x0000000706100000|  0%| F|  |TAMS 0x0000000706000000, 0x0000000706000000| Untracked 
|  69|0x0000000706100000, 0x0000000706100000, 0x0000000706200000|  0%| F|  |TAMS 0x0000000706100000, 0x0000000706100000| Untracked 
|  70|0x0000000706200000, 0x0000000706200000, 0x0000000706300000|  0%| F|  |TAMS 0x0000000706200000, 0x0000000706200000| Untracked 
|  71|0x0000000706300000, 0x0000000706300000, 0x0000000706400000|  0%| F|  |TAMS 0x0000000706300000, 0x0000000706300000| Untracked 
|  72|0x0000000706400000, 0x0000000706400000, 0x0000000706500000|  0%| F|  |TAMS 0x0000000706400000, 0x0000000706400000| Untracked 
|  73|0x0000000706500000, 0x0000000706500000, 0x0000000706600000|  0%| F|  |TAMS 0x0000000706500000, 0x0000000706500000| Untracked 
|  74|0x0000000706600000, 0x0000000706600000, 0x0000000706700000|  0%| F|  |TAMS 0x0000000706600000, 0x0000000706600000| Untracked 
|  75|0x0000000706700000, 0x0000000706700000, 0x0000000706800000|  0%| F|  |TAMS 0x0000000706700000, 0x0000000706700000| Untracked 
|  76|0x0000000706800000, 0x0000000706800000, 0x0000000706900000|  0%| F|  |TAMS 0x0000000706800000, 0x0000000706800000| Untracked 
|  77|0x0000000706900000, 0x0000000706900000, 0x0000000706a00000|  0%| F|  |TAMS 0x0000000706900000, 0x0000000706900000| Untracked 
|  78|0x0000000706a00000, 0x0000000706a00000, 0x0000000706b00000|  0%| F|  |TAMS 0x0000000706a00000, 0x0000000706a00000| Untracked 
|  79|0x0000000706b00000, 0x0000000706b00000, 0x0000000706c00000|  0%| F|  |TAMS 0x0000000706b00000, 0x0000000706b00000| Untracked 
|  80|0x0000000706c00000, 0x0000000706c00000, 0x0000000706d00000|  0%| F|  |TAMS 0x0000000706c00000, 0x0000000706c00000| Untracked 
|  81|0x0000000706d00000, 0x0000000706d00000, 0x0000000706e00000|  0%| F|  |TAMS 0x0000000706d00000, 0x0000000706d00000| Untracked 
|  82|0x0000000706e00000, 0x0000000706e00000, 0x0000000706f00000|  0%| F|  |TAMS 0x0000000706e00000, 0x0000000706e00000| Untracked 
|  83|0x0000000706f00000, 0x0000000706f00000, 0x0000000707000000|  0%| F|  |TAMS 0x0000000706f00000, 0x0000000706f00000| Untracked 
|  84|0x0000000707000000, 0x0000000707000000, 0x0000000707100000|  0%| F|  |TAMS 0x0000000707000000, 0x0000000707000000| Untracked 
|  85|0x0000000707100000, 0x0000000707100000, 0x0000000707200000|  0%| F|  |TAMS 0x0000000707100000, 0x0000000707100000| Untracked 
|  86|0x0000000707200000, 0x0000000707200000, 0x0000000707300000|  0%| F|  |TAMS 0x0000000707200000, 0x0000000707200000| Untracked 
|  87|0x0000000707300000, 0x0000000707300000, 0x0000000707400000|  0%| F|  |TAMS 0x0000000707300000, 0x0000000707300000| Untracked 
|  88|0x0000000707400000, 0x0000000707400000, 0x0000000707500000|  0%| F|  |TAMS 0x0000000707400000, 0x0000000707400000| Untracked 
|  89|0x0000000707500000, 0x0000000707500000, 0x0000000707600000|  0%| F|  |TAMS 0x0000000707500000, 0x0000000707500000| Untracked 
|  90|0x0000000707600000, 0x0000000707600000, 0x0000000707700000|  0%| F|  |TAMS 0x0000000707600000, 0x0000000707600000| Untracked 
|  91|0x0000000707700000, 0x0000000707700000, 0x0000000707800000|  0%| F|  |TAMS 0x0000000707700000, 0x0000000707700000| Untracked 
|  92|0x0000000707800000, 0x0000000707800000, 0x0000000707900000|  0%| F|  |TAMS 0x0000000707800000, 0x0000000707800000| Untracked 
|  93|0x0000000707900000, 0x0000000707900000, 0x0000000707a00000|  0%| F|  |TAMS 0x0000000707900000, 0x0000000707900000| Untracked 
|  94|0x0000000707a00000, 0x0000000707b00000, 0x0000000707b00000|100%| S|CS|TAMS 0x0000000707a00000, 0x0000000707a00000| Complete 
|  95|0x0000000707b00000, 0x0000000707c00000, 0x0000000707c00000|100%| S|CS|TAMS 0x0000000707b00000, 0x0000000707b00000| Complete 
|  96|0x0000000707c00000, 0x0000000707d00000, 0x0000000707d00000|100%| S|CS|TAMS 0x0000000707c00000, 0x0000000707c00000| Complete 
|  97|0x0000000707d00000, 0x0000000707e00000, 0x0000000707e00000|100%| S|CS|TAMS 0x0000000707d00000, 0x0000000707d00000| Complete 
|  98|0x0000000707e00000, 0x0000000707f00000, 0x0000000707f00000|100%| S|CS|TAMS 0x0000000707e00000, 0x0000000707e00000| Complete 
|  99|0x0000000707f00000, 0x0000000708000000, 0x0000000708000000|100%| S|CS|TAMS 0x0000000707f00000, 0x0000000707f00000| Complete 
| 100|0x0000000708000000, 0x0000000708100000, 0x0000000708100000|100%| S|CS|TAMS 0x0000000708000000, 0x0000000708000000| Complete 
| 101|0x0000000708100000, 0x0000000708200000, 0x0000000708200000|100%| S|CS|TAMS 0x0000000708100000, 0x0000000708100000| Complete 
| 102|0x0000000708200000, 0x0000000708300000, 0x0000000708300000|100%| S|CS|TAMS 0x0000000708200000, 0x0000000708200000| Complete 
| 103|0x0000000708300000, 0x0000000708400000, 0x0000000708400000|100%| S|CS|TAMS 0x0000000708300000, 0x0000000708300000| Complete 
| 104|0x0000000708400000, 0x0000000708500000, 0x0000000708500000|100%| S|CS|TAMS 0x0000000708400000, 0x0000000708400000| Complete 
| 105|0x0000000708500000, 0x0000000708600000, 0x0000000708600000|100%| S|CS|TAMS 0x0000000708500000, 0x0000000708500000| Complete 
| 106|0x0000000708600000, 0x0000000708600000, 0x0000000708700000|  0%| F|  |TAMS 0x0000000708600000, 0x0000000708600000| Untracked 
| 107|0x0000000708700000, 0x0000000708700000, 0x0000000708800000|  0%| F|  |TAMS 0x0000000708700000, 0x0000000708700000| Untracked 
| 108|0x0000000708800000, 0x0000000708800000, 0x0000000708900000|  0%| F|  |TAMS 0x0000000708800000, 0x0000000708800000| Untracked 
| 109|0x0000000708900000, 0x0000000708900000, 0x0000000708a00000|  0%| F|  |TAMS 0x0000000708900000, 0x0000000708900000| Untracked 
| 110|0x0000000708a00000, 0x0000000708a00000, 0x0000000708b00000|  0%| F|  |TAMS 0x0000000708a00000, 0x0000000708a00000| Untracked 
| 111|0x0000000708b00000, 0x0000000708b00000, 0x0000000708c00000|  0%| F|  |TAMS 0x0000000708b00000, 0x0000000708b00000| Untracked 
| 112|0x0000000708c00000, 0x0000000708c00000, 0x0000000708d00000|  0%| F|  |TAMS 0x0000000708c00000, 0x0000000708c00000| Untracked 
| 113|0x0000000708d00000, 0x0000000708d00000, 0x0000000708e00000|  0%| F|  |TAMS 0x0000000708d00000, 0x0000000708d00000| Untracked 
| 114|0x0000000708e00000, 0x0000000708e00000, 0x0000000708f00000|  0%| F|  |TAMS 0x0000000708e00000, 0x0000000708e00000| Untracked 
| 115|0x0000000708f00000, 0x0000000708f00000, 0x0000000709000000|  0%| F|  |TAMS 0x0000000708f00000, 0x0000000708f00000| Untracked 
| 116|0x0000000709000000, 0x0000000709000000, 0x0000000709100000|  0%| F|  |TAMS 0x0000000709000000, 0x0000000709000000| Untracked 
| 117|0x0000000709100000, 0x0000000709100000, 0x0000000709200000|  0%| F|  |TAMS 0x0000000709100000, 0x0000000709100000| Untracked 
| 118|0x0000000709200000, 0x0000000709200000, 0x0000000709300000|  0%| F|  |TAMS 0x0000000709200000, 0x0000000709200000| Untracked 
| 119|0x0000000709300000, 0x0000000709300000, 0x0000000709400000|  0%| F|  |TAMS 0x0000000709300000, 0x0000000709300000| Untracked 
| 120|0x0000000709400000, 0x0000000709400000, 0x0000000709500000|  0%| F|  |TAMS 0x0000000709400000, 0x0000000709400000| Untracked 
| 121|0x0000000709500000, 0x0000000709500000, 0x0000000709600000|  0%| F|  |TAMS 0x0000000709500000, 0x0000000709500000| Untracked 
| 122|0x0000000709600000, 0x0000000709600000, 0x0000000709700000|  0%| F|  |TAMS 0x0000000709600000, 0x0000000709600000| Untracked 
| 123|0x0000000709700000, 0x0000000709700000, 0x0000000709800000|  0%| F|  |TAMS 0x0000000709700000, 0x0000000709700000| Untracked 
| 124|0x0000000709800000, 0x0000000709800000, 0x0000000709900000|  0%| F|  |TAMS 0x0000000709800000, 0x0000000709800000| Untracked 
| 125|0x0000000709900000, 0x0000000709900000, 0x0000000709a00000|  0%| F|  |TAMS 0x0000000709900000, 0x0000000709900000| Untracked 
| 126|0x0000000709a00000, 0x0000000709a00000, 0x0000000709b00000|  0%| F|  |TAMS 0x0000000709a00000, 0x0000000709a00000| Untracked 
| 127|0x0000000709b00000, 0x0000000709b00000, 0x0000000709c00000|  0%| F|  |TAMS 0x0000000709b00000, 0x0000000709b00000| Untracked 
| 128|0x0000000709c00000, 0x0000000709c00000, 0x0000000709d00000|  0%| F|  |TAMS 0x0000000709c00000, 0x0000000709c00000| Untracked 
| 129|0x0000000709d00000, 0x0000000709d00000, 0x0000000709e00000|  0%| F|  |TAMS 0x0000000709d00000, 0x0000000709d00000| Untracked 
| 130|0x0000000709e00000, 0x0000000709e00000, 0x0000000709f00000|  0%| F|  |TAMS 0x0000000709e00000, 0x0000000709e00000| Untracked 
| 131|0x0000000709f00000, 0x0000000709f00000, 0x000000070a000000|  0%| F|  |TAMS 0x0000000709f00000, 0x0000000709f00000| Untracked 
| 132|0x000000070a000000, 0x000000070a000000, 0x000000070a100000|  0%| F|  |TAMS 0x000000070a000000, 0x000000070a000000| Untracked 
| 133|0x000000070a100000, 0x000000070a100000, 0x000000070a200000|  0%| F|  |TAMS 0x000000070a100000, 0x000000070a100000| Untracked 
| 134|0x000000070a200000, 0x000000070a200000, 0x000000070a300000|  0%| F|  |TAMS 0x000000070a200000, 0x000000070a200000| Untracked 
| 135|0x000000070a300000, 0x000000070a300000, 0x000000070a400000|  0%| F|  |TAMS 0x000000070a300000, 0x000000070a300000| Untracked 
| 136|0x000000070a400000, 0x000000070a400000, 0x000000070a500000|  0%| F|  |TAMS 0x000000070a400000, 0x000000070a400000| Untracked 
| 137|0x000000070a500000, 0x000000070a500000, 0x000000070a600000|  0%| F|  |TAMS 0x000000070a500000, 0x000000070a500000| Untracked 
| 138|0x000000070a600000, 0x000000070a600000, 0x000000070a700000|  0%| F|  |TAMS 0x000000070a600000, 0x000000070a600000| Untracked 
| 139|0x000000070a700000, 0x000000070a700000, 0x000000070a800000|  0%| F|  |TAMS 0x000000070a700000, 0x000000070a700000| Untracked 
| 140|0x000000070a800000, 0x000000070a800000, 0x000000070a900000|  0%| F|  |TAMS 0x000000070a800000, 0x000000070a800000| Untracked 
| 141|0x000000070a900000, 0x000000070a900000, 0x000000070aa00000|  0%| F|  |TAMS 0x000000070a900000, 0x000000070a900000| Untracked 
| 142|0x000000070aa00000, 0x000000070aa00000, 0x000000070ab00000|  0%| F|  |TAMS 0x000000070aa00000, 0x000000070aa00000| Untracked 
| 143|0x000000070ab00000, 0x000000070ab00000, 0x000000070ac00000|  0%| F|  |TAMS 0x000000070ab00000, 0x000000070ab00000| Untracked 
| 144|0x000000070ac00000, 0x000000070ac00000, 0x000000070ad00000|  0%| F|  |TAMS 0x000000070ac00000, 0x000000070ac00000| Untracked 
| 145|0x000000070ad00000, 0x000000070ad00000, 0x000000070ae00000|  0%| F|  |TAMS 0x000000070ad00000, 0x000000070ad00000| Untracked 
| 146|0x000000070ae00000, 0x000000070ae00000, 0x000000070af00000|  0%| F|  |TAMS 0x000000070ae00000, 0x000000070ae00000| Untracked 
| 147|0x000000070af00000, 0x000000070af00000, 0x000000070b000000|  0%| F|  |TAMS 0x000000070af00000, 0x000000070af00000| Untracked 
| 148|0x000000070b000000, 0x000000070b000000, 0x000000070b100000|  0%| F|  |TAMS 0x000000070b000000, 0x000000070b000000| Untracked 
| 149|0x000000070b100000, 0x000000070b100000, 0x000000070b200000|  0%| F|  |TAMS 0x000000070b100000, 0x000000070b100000| Untracked 
| 150|0x000000070b200000, 0x000000070b200000, 0x000000070b300000|  0%| F|  |TAMS 0x000000070b200000, 0x000000070b200000| Untracked 
| 151|0x000000070b300000, 0x000000070b300000, 0x000000070b400000|  0%| F|  |TAMS 0x000000070b300000, 0x000000070b300000| Untracked 
| 152|0x000000070b400000, 0x000000070b400000, 0x000000070b500000|  0%| F|  |TAMS 0x000000070b400000, 0x000000070b400000| Untracked 
| 153|0x000000070b500000, 0x000000070b500000, 0x000000070b600000|  0%| F|  |TAMS 0x000000070b500000, 0x000000070b500000| Untracked 
| 154|0x000000070b600000, 0x000000070b600000, 0x000000070b700000|  0%| F|  |TAMS 0x000000070b600000, 0x000000070b600000| Untracked 
| 155|0x000000070b700000, 0x000000070b700000, 0x000000070b800000|  0%| F|  |TAMS 0x000000070b700000, 0x000000070b700000| Untracked 
| 156|0x000000070b800000, 0x000000070b800000, 0x000000070b900000|  0%| F|  |TAMS 0x000000070b800000, 0x000000070b800000| Untracked 
| 157|0x000000070b900000, 0x000000070b900000, 0x000000070ba00000|  0%| F|  |TAMS 0x000000070b900000, 0x000000070b900000| Untracked 
| 158|0x000000070ba00000, 0x000000070ba00000, 0x000000070bb00000|  0%| F|  |TAMS 0x000000070ba00000, 0x000000070ba00000| Untracked 
| 159|0x000000070bb00000, 0x000000070bb00000, 0x000000070bc00000|  0%| F|  |TAMS 0x000000070bb00000, 0x000000070bb00000| Untracked 
| 160|0x000000070bc00000, 0x000000070bc00000, 0x000000070bd00000|  0%| F|  |TAMS 0x000000070bc00000, 0x000000070bc00000| Untracked 
| 161|0x000000070bd00000, 0x000000070bd00000, 0x000000070be00000|  0%| F|  |TAMS 0x000000070bd00000, 0x000000070bd00000| Untracked 
| 162|0x000000070be00000, 0x000000070be00000, 0x000000070bf00000|  0%| F|  |TAMS 0x000000070be00000, 0x000000070be00000| Untracked 
| 163|0x000000070bf00000, 0x000000070bf00000, 0x000000070c000000|  0%| F|  |TAMS 0x000000070bf00000, 0x000000070bf00000| Untracked 
| 164|0x000000070c000000, 0x000000070c000000, 0x000000070c100000|  0%| F|  |TAMS 0x000000070c000000, 0x000000070c000000| Untracked 
| 165|0x000000070c100000, 0x000000070c100000, 0x000000070c200000|  0%| F|  |TAMS 0x000000070c100000, 0x000000070c100000| Untracked 
| 166|0x000000070c200000, 0x000000070c200000, 0x000000070c300000|  0%| F|  |TAMS 0x000000070c200000, 0x000000070c200000| Untracked 
| 167|0x000000070c300000, 0x000000070c380800, 0x000000070c400000| 50%| E|  |TAMS 0x000000070c300000, 0x000000070c300000| Complete 
| 168|0x000000070c400000, 0x000000070c500000, 0x000000070c500000|100%| E|CS|TAMS 0x000000070c400000, 0x000000070c400000| Complete 
| 169|0x000000070c500000, 0x000000070c600000, 0x000000070c600000|100%| E|CS|TAMS 0x000000070c500000, 0x000000070c500000| Complete 
| 170|0x000000070c600000, 0x000000070c700000, 0x000000070c700000|100%| E|CS|TAMS 0x000000070c600000, 0x000000070c600000| Complete 
| 171|0x000000070c700000, 0x000000070c800000, 0x000000070c800000|100%| E|CS|TAMS 0x000000070c700000, 0x000000070c700000| Complete 
| 172|0x000000070c800000, 0x000000070c900000, 0x000000070c900000|100%| E|CS|TAMS 0x000000070c800000, 0x000000070c800000| Complete 
| 173|0x000000070c900000, 0x000000070ca00000, 0x000000070ca00000|100%| E|CS|TAMS 0x000000070c900000, 0x000000070c900000| Complete 
| 174|0x000000070ca00000, 0x000000070cb00000, 0x000000070cb00000|100%| E|CS|TAMS 0x000000070ca00000, 0x000000070ca00000| Complete 
| 175|0x000000070cb00000, 0x000000070cc00000, 0x000000070cc00000|100%| E|CS|TAMS 0x000000070cb00000, 0x000000070cb00000| Complete 
| 176|0x000000070cc00000, 0x000000070cd00000, 0x000000070cd00000|100%| E|CS|TAMS 0x000000070cc00000, 0x000000070cc00000| Complete 
| 177|0x000000070cd00000, 0x000000070ce00000, 0x000000070ce00000|100%| E|CS|TAMS 0x000000070cd00000, 0x000000070cd00000| Complete 
| 178|0x000000070ce00000, 0x000000070cf00000, 0x000000070cf00000|100%| E|CS|TAMS 0x000000070ce00000, 0x000000070ce00000| Complete 
| 179|0x000000070cf00000, 0x000000070d000000, 0x000000070d000000|100%| E|CS|TAMS 0x000000070cf00000, 0x000000070cf00000| Complete 
| 180|0x000000070d000000, 0x000000070d100000, 0x000000070d100000|100%| E|CS|TAMS 0x000000070d000000, 0x000000070d000000| Complete 
| 181|0x000000070d100000, 0x000000070d200000, 0x000000070d200000|100%| E|CS|TAMS 0x000000070d100000, 0x000000070d100000| Complete 
| 182|0x000000070d200000, 0x000000070d300000, 0x000000070d300000|100%| E|CS|TAMS 0x000000070d200000, 0x000000070d200000| Complete 
| 183|0x000000070d300000, 0x000000070d400000, 0x000000070d400000|100%| E|CS|TAMS 0x000000070d300000, 0x000000070d300000| Complete 
| 184|0x000000070d400000, 0x000000070d500000, 0x000000070d500000|100%| E|CS|TAMS 0x000000070d400000, 0x000000070d400000| Complete 
| 185|0x000000070d500000, 0x000000070d600000, 0x000000070d600000|100%| E|CS|TAMS 0x000000070d500000, 0x000000070d500000| Complete 
| 186|0x000000070d600000, 0x000000070d700000, 0x000000070d700000|100%| E|CS|TAMS 0x000000070d600000, 0x000000070d600000| Complete 
| 187|0x000000070d700000, 0x000000070d800000, 0x000000070d800000|100%| E|CS|TAMS 0x000000070d700000, 0x000000070d700000| Complete 
| 188|0x000000070d800000, 0x000000070d900000, 0x000000070d900000|100%| E|CS|TAMS 0x000000070d800000, 0x000000070d800000| Complete 
| 189|0x000000070d900000, 0x000000070da00000, 0x000000070da00000|100%| E|CS|TAMS 0x000000070d900000, 0x000000070d900000| Complete 
| 190|0x000000070da00000, 0x000000070db00000, 0x000000070db00000|100%| E|CS|TAMS 0x000000070da00000, 0x000000070da00000| Complete 
| 191|0x000000070db00000, 0x000000070dc00000, 0x000000070dc00000|100%| E|CS|TAMS 0x000000070db00000, 0x000000070db00000| Complete 
| 192|0x000000070dc00000, 0x000000070dd00000, 0x000000070dd00000|100%| E|CS|TAMS 0x000000070dc00000, 0x000000070dc00000| Complete 
| 193|0x000000070dd00000, 0x000000070de00000, 0x000000070de00000|100%| E|CS|TAMS 0x000000070dd00000, 0x000000070dd00000| Complete 
| 194|0x000000070de00000, 0x000000070df00000, 0x000000070df00000|100%| E|CS|TAMS 0x000000070de00000, 0x000000070de00000| Complete 
| 195|0x000000070df00000, 0x000000070e000000, 0x000000070e000000|100%| E|CS|TAMS 0x000000070df00000, 0x000000070df00000| Complete 
| 196|0x000000070e000000, 0x000000070e100000, 0x000000070e100000|100%| E|CS|TAMS 0x000000070e000000, 0x000000070e000000| Complete 
| 197|0x000000070e100000, 0x000000070e200000, 0x000000070e200000|100%| E|CS|TAMS 0x000000070e100000, 0x000000070e100000| Complete 
| 198|0x000000070e200000, 0x000000070e300000, 0x000000070e300000|100%| E|CS|TAMS 0x000000070e200000, 0x000000070e200000| Complete 
| 199|0x000000070e300000, 0x000000070e400000, 0x000000070e400000|100%| E|CS|TAMS 0x000000070e300000, 0x000000070e300000| Complete 
| 200|0x000000070e400000, 0x000000070e500000, 0x000000070e500000|100%| E|CS|TAMS 0x000000070e400000, 0x000000070e400000| Complete 
| 201|0x000000070e500000, 0x000000070e600000, 0x000000070e600000|100%| E|CS|TAMS 0x000000070e500000, 0x000000070e500000| Complete 
| 202|0x000000070e600000, 0x000000070e700000, 0x000000070e700000|100%| E|CS|TAMS 0x000000070e600000, 0x000000070e600000| Complete 
| 203|0x000000070e700000, 0x000000070e800000, 0x000000070e800000|100%| E|CS|TAMS 0x000000070e700000, 0x000000070e700000| Complete 
| 204|0x000000070e800000, 0x000000070e900000, 0x000000070e900000|100%| E|CS|TAMS 0x000000070e800000, 0x000000070e800000| Complete 
| 205|0x000000070e900000, 0x000000070ea00000, 0x000000070ea00000|100%| E|CS|TAMS 0x000000070e900000, 0x000000070e900000| Complete 
| 206|0x000000070ea00000, 0x000000070eb00000, 0x000000070eb00000|100%| E|CS|TAMS 0x000000070ea00000, 0x000000070ea00000| Complete 
| 207|0x000000070eb00000, 0x000000070ec00000, 0x000000070ec00000|100%| E|CS|TAMS 0x000000070eb00000, 0x000000070eb00000| Complete 
| 208|0x000000070ec00000, 0x000000070ed00000, 0x000000070ed00000|100%| E|CS|TAMS 0x000000070ec00000, 0x000000070ec00000| Complete 
| 209|0x000000070ed00000, 0x000000070ee00000, 0x000000070ee00000|100%| E|CS|TAMS 0x000000070ed00000, 0x000000070ed00000| Complete 
| 210|0x000000070ee00000, 0x000000070ef00000, 0x000000070ef00000|100%| E|CS|TAMS 0x000000070ee00000, 0x000000070ee00000| Complete 
| 211|0x000000070ef00000, 0x000000070f000000, 0x000000070f000000|100%| E|CS|TAMS 0x000000070ef00000, 0x000000070ef00000| Complete 
| 212|0x000000070f000000, 0x000000070f100000, 0x000000070f100000|100%| E|CS|TAMS 0x000000070f000000, 0x000000070f000000| Complete 
| 213|0x000000070f100000, 0x000000070f200000, 0x000000070f200000|100%| E|CS|TAMS 0x000000070f100000, 0x000000070f100000| Complete 
| 214|0x000000070f200000, 0x000000070f300000, 0x000000070f300000|100%| E|CS|TAMS 0x000000070f200000, 0x000000070f200000| Complete 
| 215|0x000000070f300000, 0x000000070f400000, 0x000000070f400000|100%| E|CS|TAMS 0x000000070f300000, 0x000000070f300000| Complete 
| 216|0x000000070f400000, 0x000000070f500000, 0x000000070f500000|100%| E|CS|TAMS 0x000000070f400000, 0x000000070f400000| Complete 
| 217|0x000000070f500000, 0x000000070f600000, 0x000000070f600000|100%| E|CS|TAMS 0x000000070f500000, 0x000000070f500000| Complete 
| 218|0x000000070f600000, 0x000000070f700000, 0x000000070f700000|100%| E|CS|TAMS 0x000000070f600000, 0x000000070f600000| Complete 
| 219|0x000000070f700000, 0x000000070f800000, 0x000000070f800000|100%| E|CS|TAMS 0x000000070f700000, 0x000000070f700000| Complete 
| 220|0x000000070f800000, 0x000000070f900000, 0x000000070f900000|100%| E|CS|TAMS 0x000000070f800000, 0x000000070f800000| Complete 
| 221|0x000000070f900000, 0x000000070fa00000, 0x000000070fa00000|100%| E|CS|TAMS 0x000000070f900000, 0x000000070f900000| Complete 
| 222|0x000000070fa00000, 0x000000070fb00000, 0x000000070fb00000|100%| E|CS|TAMS 0x000000070fa00000, 0x000000070fa00000| Complete 
| 223|0x000000070fb00000, 0x000000070fc00000, 0x000000070fc00000|100%| E|CS|TAMS 0x000000070fb00000, 0x000000070fb00000| Complete 
| 224|0x000000070fc00000, 0x000000070fd00000, 0x000000070fd00000|100%| E|CS|TAMS 0x000000070fc00000, 0x000000070fc00000| Complete 
| 225|0x000000070fd00000, 0x000000070fe00000, 0x000000070fe00000|100%| E|CS|TAMS 0x000000070fd00000, 0x000000070fd00000| Complete 
| 226|0x000000070fe00000, 0x000000070ff00000, 0x000000070ff00000|100%| E|CS|TAMS 0x000000070fe00000, 0x000000070fe00000| Complete 
| 227|0x000000070ff00000, 0x0000000710000000, 0x0000000710000000|100%| E|CS|TAMS 0x000000070ff00000, 0x000000070ff00000| Complete 
| 228|0x0000000710000000, 0x0000000710100000, 0x0000000710100000|100%| E|CS|TAMS 0x0000000710000000, 0x0000000710000000| Complete 
| 229|0x0000000710100000, 0x0000000710200000, 0x0000000710200000|100%| E|CS|TAMS 0x0000000710100000, 0x0000000710100000| Complete 
| 230|0x0000000710200000, 0x0000000710300000, 0x0000000710300000|100%| E|CS|TAMS 0x0000000710200000, 0x0000000710200000| Complete 
| 231|0x0000000710300000, 0x0000000710400000, 0x0000000710400000|100%| E|CS|TAMS 0x0000000710300000, 0x0000000710300000| Complete 
| 232|0x0000000710400000, 0x0000000710500000, 0x0000000710500000|100%| E|CS|TAMS 0x0000000710400000, 0x0000000710400000| Complete 
| 233|0x0000000710500000, 0x0000000710600000, 0x0000000710600000|100%| E|CS|TAMS 0x0000000710500000, 0x0000000710500000| Complete 
| 234|0x0000000710600000, 0x0000000710700000, 0x0000000710700000|100%| E|CS|TAMS 0x0000000710600000, 0x0000000710600000| Complete 
| 235|0x0000000710700000, 0x0000000710800000, 0x0000000710800000|100%| E|CS|TAMS 0x0000000710700000, 0x0000000710700000| Complete 
| 236|0x0000000710800000, 0x0000000710900000, 0x0000000710900000|100%| E|CS|TAMS 0x0000000710800000, 0x0000000710800000| Complete 
| 237|0x0000000710900000, 0x0000000710a00000, 0x0000000710a00000|100%| E|CS|TAMS 0x0000000710900000, 0x0000000710900000| Complete 
| 238|0x0000000710a00000, 0x0000000710b00000, 0x0000000710b00000|100%| E|CS|TAMS 0x0000000710a00000, 0x0000000710a00000| Complete 
| 239|0x0000000710b00000, 0x0000000710c00000, 0x0000000710c00000|100%| E|CS|TAMS 0x0000000710b00000, 0x0000000710b00000| Complete 
| 240|0x0000000710c00000, 0x0000000710d00000, 0x0000000710d00000|100%| E|CS|TAMS 0x0000000710c00000, 0x0000000710c00000| Complete 
| 241|0x0000000710d00000, 0x0000000710e00000, 0x0000000710e00000|100%| E|CS|TAMS 0x0000000710d00000, 0x0000000710d00000| Complete 
| 242|0x0000000710e00000, 0x0000000710f00000, 0x0000000710f00000|100%| E|CS|TAMS 0x0000000710e00000, 0x0000000710e00000| Complete 
| 243|0x0000000710f00000, 0x0000000711000000, 0x0000000711000000|100%| E|CS|TAMS 0x0000000710f00000, 0x0000000710f00000| Complete 
| 244|0x0000000711000000, 0x0000000711100000, 0x0000000711100000|100%| E|CS|TAMS 0x0000000711000000, 0x0000000711000000| Complete 
| 245|0x0000000711100000, 0x0000000711200000, 0x0000000711200000|100%| E|CS|TAMS 0x0000000711100000, 0x0000000711100000| Complete 
| 246|0x0000000711200000, 0x0000000711300000, 0x0000000711300000|100%| E|CS|TAMS 0x0000000711200000, 0x0000000711200000| Complete 
| 247|0x0000000711300000, 0x0000000711400000, 0x0000000711400000|100%| E|CS|TAMS 0x0000000711300000, 0x0000000711300000| Complete 
| 248|0x0000000711400000, 0x0000000711500000, 0x0000000711500000|100%| E|CS|TAMS 0x0000000711400000, 0x0000000711400000| Complete 
| 249|0x0000000711500000, 0x0000000711600000, 0x0000000711600000|100%| E|CS|TAMS 0x0000000711500000, 0x0000000711500000| Complete 
| 250|0x0000000711600000, 0x0000000711700000, 0x0000000711700000|100%| E|CS|TAMS 0x0000000711600000, 0x0000000711600000| Complete 
| 251|0x0000000711700000, 0x0000000711800000, 0x0000000711800000|100%| E|CS|TAMS 0x0000000711700000, 0x0000000711700000| Complete 
| 252|0x0000000711800000, 0x0000000711900000, 0x0000000711900000|100%| E|CS|TAMS 0x0000000711800000, 0x0000000711800000| Complete 
| 253|0x0000000711900000, 0x0000000711a00000, 0x0000000711a00000|100%| E|CS|TAMS 0x0000000711900000, 0x0000000711900000| Complete 
| 254|0x0000000711a00000, 0x0000000711b00000, 0x0000000711b00000|100%| E|CS|TAMS 0x0000000711a00000, 0x0000000711a00000| Complete 
| 255|0x0000000711b00000, 0x0000000711c00000, 0x0000000711c00000|100%| E|CS|TAMS 0x0000000711b00000, 0x0000000711b00000| Complete 

Card table byte_map: [0x000001c1c07e0000,0x000001c1c0fe0000] _byte_map_base: 0x000001c1bcfd2000

Marking Bits (Prev, Next): (CMBitMap*) 0x000001c1a88f6fa8, (CMBitMap*) 0x000001c1a88f6fe0
 Prev Bits: [0x000001c1c17e0000, 0x000001c1c5770000)
 Next Bits: [0x000001c1c5770000, 0x000001c1c9700000)

Polling page: 0x000001c1a6810000

Metaspace:

Usage:
  Non-class:     44.60 MB capacity,    43.69 MB ( 98%) used,   744.45 KB (  2%) free+waste,   191.31 KB ( <1%) overhead. 
      Class:      6.77 MB capacity,     6.15 MB ( 91%) used,   543.87 KB (  8%) free+waste,    92.63 KB (  1%) overhead. 
       Both:     51.37 MB capacity,    49.83 MB ( 97%) used,     1.26 MB (  2%) free+waste,   283.94 KB ( <1%) overhead. 

Virtual space:
  Non-class space:       46.00 MB reserved,      44.75 MB ( 97%) committed 
      Class space:        1.00 GB reserved,       6.88 MB ( <1%) committed 
             Both:        1.04 GB reserved,      51.63 MB (  5%) committed 

Chunk freelists:
   Non-Class:  3.25 KB
       Class:  1.75 KB
        Both:  5.00 KB

CodeHeap 'non-profiled nmethods': size=120000Kb used=3483Kb max_used=3483Kb free=116516Kb
 bounds [0x000001c1b8780000, 0x000001c1b8af0000, 0x000001c1bfcb0000]
CodeHeap 'profiled nmethods': size=120000Kb used=11835Kb max_used=11835Kb free=108164Kb
 bounds [0x000001c1b1250000, 0x000001c1b1df0000, 0x000001c1b8780000]
CodeHeap 'non-nmethods': size=5760Kb used=1174Kb max_used=1272Kb free=4585Kb
 bounds [0x000001c1b0cb0000, 0x000001c1b0f20000, 0x000001c1b1250000]
 total_blobs=5378 nmethods=4871 adapters=418
 compilation: enabled
              stopped_count=0, restarted_count=0
 full_count=0

Compilation events (10 events):
Event: 8.887 Thread 0x000001c1cc285800 nmethod 5316 0x000001c1b8ae4f10 code [0x000001c1b8ae50a0, 0x000001c1b8ae51b8]
Event: 8.890 Thread 0x000001c1cc285800 5318       3       org.springframework.beans.factory.support.ConstructorResolver::setCurrentInjectionPoint (32 bytes)
Event: 8.892 Thread 0x000001c1cc285800 nmethod 5318 0x000001c1b1ddfc90 code [0x000001c1b1ddfec0, 0x000001c1b1de0960]
Event: 8.892 Thread 0x000001c1cc285800 5321       3       org.springframework.core.MethodParameter::getContainingClass (18 bytes)
Event: 8.893 Thread 0x000001c1cc285800 nmethod 5321 0x000001c1b1de0c10 code [0x000001c1b1de0dc0, 0x000001c1b1de1130]
Event: 8.893 Thread 0x000001c1cc285800 5319       3       java.lang.reflect.Constructor::getDeclaredAnnotations (5 bytes)
Event: 8.893 Thread 0x000001c1cc285800 nmethod 5319 0x000001c1b1de1210 code [0x000001c1b1de1400, 0x000001c1b1de1910]
Event: 8.893 Thread 0x000001c1cc285800 5320       3       java.lang.reflect.Constructor::getParameterCount (6 bytes)
Event: 8.893 Thread 0x000001c1cc285800 nmethod 5320 0x000001c1b1de1a90 code [0x000001c1b1de1c40, 0x000001c1b1de1db8]
Event: 8.895 Thread 0x000001c1cc285800 5322   !   3       org.springframework.core.$Proxy28::hashCode (32 bytes)

GC Heap History (10 events):
Event: 0.440 GC heap before
{Heap before GC invocations=0 (full 0):
 garbage-first heap   total 262144K, used 23552K [0x0000000701c00000, 0x0000000800000000)
  region size 1024K, 24 young (24576K), 0 survivors (0K)
 Metaspace       used 9317K, capacity 9544K, committed 9728K, reserved 1058816K
  class space    used 836K, capacity 908K, committed 1024K, reserved 1048576K
}
Event: 0.444 GC heap after
{Heap after GC invocations=1 (full 0):
 garbage-first heap   total 262144K, used 7642K [0x0000000701c00000, 0x0000000800000000)
  region size 1024K, 3 young (3072K), 3 survivors (3072K)
 Metaspace       used 9317K, capacity 9544K, committed 9728K, reserved 1058816K
  class space    used 836K, capacity 908K, committed 1024K, reserved 1048576K
}
Event: 2.215 GC heap before
{Heap before GC invocations=1 (full 0):
 garbage-first heap   total 262144K, used 78298K [0x0000000701c00000, 0x0000000800000000)
  region size 1024K, 73 young (74752K), 3 survivors (3072K)
 Metaspace       used 20524K, capacity 21150K, committed 21248K, reserved 1069056K
  class space    used 2249K, capacity 2496K, committed 2560K, reserved 1048576K
}
Event: 2.224 GC heap after
{Heap after GC invocations=2 (full 0):
 garbage-first heap   total 262144K, used 12971K [0x0000000701c00000, 0x0000000800000000)
  region size 1024K, 9 young (9216K), 9 survivors (9216K)
 Metaspace       used 20524K, capacity 21150K, committed 21248K, reserved 1069056K
  class space    used 2249K, capacity 2496K, committed 2560K, reserved 1048576K
}
Event: 3.172 GC heap before
{Heap before GC invocations=3 (full 0):
 garbage-first heap   total 262144K, used 79531K [0x0000000701c00000, 0x0000000800000000)
  region size 1024K, 75 young (76800K), 9 survivors (9216K)
 Metaspace       used 30721K, capacity 31593K, committed 31872K, reserved 1077248K
  class space    used 3531K, capacity 3881K, committed 3968K, reserved 1048576K
}
Event: 3.180 GC heap after
{Heap after GC invocations=4 (full 0):
 garbage-first heap   total 262144K, used 16086K [0x0000000701c00000, 0x0000000800000000)
  region size 1024K, 4 young (4096K), 4 survivors (4096K)
 Metaspace       used 30721K, capacity 31593K, committed 31872K, reserved 1077248K
  class space    used 3531K, capacity 3881K, committed 3968K, reserved 1048576K
}
Event: 4.536 GC heap before
{Heap before GC invocations=4 (full 0):
 garbage-first heap   total 262144K, used 90838K [0x0000000701c00000, 0x0000000800000000)
  region size 1024K, 78 young (79872K), 4 survivors (4096K)
 Metaspace       used 34842K, capacity 35769K, committed 35840K, reserved 1081344K
  class space    used 4047K, capacity 4439K, committed 4480K, reserved 1048576K
}
Event: 4.544 GC heap after
{Heap after GC invocations=5 (full 0):
 garbage-first heap   total 262144K, used 19517K [0x0000000701c00000, 0x0000000800000000)
  region size 1024K, 7 young (7168K), 7 survivors (7168K)
 Metaspace       used 34842K, capacity 35769K, committed 35840K, reserved 1081344K
  class space    used 4047K, capacity 4439K, committed 4480K, reserved 1048576K
}
Event: 7.178 GC heap before
{Heap before GC invocations=6 (full 0):
 garbage-first heap   total 262144K, used 165949K [0x0000000701c00000, 0x0000000800000000)
  region size 1024K, 150 young (153600K), 7 survivors (7168K)
 Metaspace       used 42599K, capacity 43905K, committed 44160K, reserved 1087488K
  class space    used 5121K, capacity 5668K, committed 5760K, reserved 1048576K
}
Event: 7.189 GC heap after
{Heap after GC invocations=7 (full 0):
 garbage-first heap   total 262144K, used 24899K [0x0000000701c00000, 0x0000000800000000)
  region size 1024K, 12 young (12288K), 12 survivors (12288K)
 Metaspace       used 42599K, capacity 43905K, committed 44160K, reserved 1087488K
  class space    used 5121K, capacity 5668K, committed 5760K, reserved 1048576K
}

Deoptimization events (10 events):
Event: 8.493 Thread 0x000001c1a8897000 Uncommon trap: reason=class_check action=maybe_recompile pc=0x000001c1b8aafd3c method=org.springframework.beans.factory.support.AbstractBeanFactory.isTypeMatch(Ljava/lang/String;Lorg/springframework/core/ResolvableType;Z)Z @ 53 c2
Event: 8.493 Thread 0x000001c1a8897000 Uncommon trap: reason=class_check action=maybe_recompile pc=0x000001c1b8aafd3c method=org.springframework.beans.factory.support.AbstractBeanFactory.isTypeMatch(Ljava/lang/String;Lorg/springframework/core/ResolvableType;Z)Z @ 53 c2
Event: 8.524 Thread 0x000001c1a8897000 Uncommon trap: reason=class_check action=maybe_recompile pc=0x000001c1b8aafd3c method=org.springframework.beans.factory.support.AbstractBeanFactory.isTypeMatch(Ljava/lang/String;Lorg/springframework/core/ResolvableType;Z)Z @ 53 c2
Event: 8.524 Thread 0x000001c1a8897000 Uncommon trap: reason=class_check action=maybe_recompile pc=0x000001c1b8aafd3c method=org.springframework.beans.factory.support.AbstractBeanFactory.isTypeMatch(Ljava/lang/String;Lorg/springframework/core/ResolvableType;Z)Z @ 53 c2
Event: 8.655 Thread 0x000001c1a8897000 Uncommon trap: reason=class_check action=maybe_recompile pc=0x000001c1b895baec method=org.springframework.core.SerializableTypeWrapper.unwrap(Ljava/lang/reflect/Type;)Ljava/lang/reflect/Type; @ 18 c2
Event: 8.655 Thread 0x000001c1a8897000 Uncommon trap: reason=class_check action=maybe_recompile pc=0x000001c1b895baec method=org.springframework.core.SerializableTypeWrapper.unwrap(Ljava/lang/reflect/Type;)Ljava/lang/reflect/Type; @ 18 c2
Event: 8.655 Thread 0x000001c1a8897000 Uncommon trap: reason=class_check action=maybe_recompile pc=0x000001c1b895baec method=org.springframework.core.SerializableTypeWrapper.unwrap(Ljava/lang/reflect/Type;)Ljava/lang/reflect/Type; @ 18 c2
Event: 8.655 Thread 0x000001c1a8897000 Uncommon trap: reason=class_check action=maybe_recompile pc=0x000001c1b895baec method=org.springframework.core.SerializableTypeWrapper.unwrap(Ljava/lang/reflect/Type;)Ljava/lang/reflect/Type; @ 18 c2
Event: 8.670 Thread 0x000001c1a8897000 Uncommon trap: reason=unstable_if action=reinterpret pc=0x000001c1b8a354d8 method=org.springframework.core.annotation.AnnotationsScanner.getBaseTypeMethods(Ljava/lang/Object;Ljava/lang/Class;)[Ljava/lang/reflect/Method; @ 92 c2
Event: 8.855 Thread 0x000001c1a8897000 Uncommon trap: reason=class_check action=maybe_recompile pc=0x000001c1b883e76c method=java.util.concurrent.ConcurrentHashMap.putVal(Ljava/lang/Object;Ljava/lang/Object;Z)Ljava/lang/Object; @ 242 c2

Classes redefined (0 events):
No events

Internal exceptions (10 events):
Event: 8.872 Thread 0x000001c1a8897000 Exception <a 'java/lang/ClassNotFoundException'{0x000000070c669f48}: org/springframework/context/ApplicationListenerCustomizer> (0x000000070c669f48) thrown at [./open/src/hotspot/share/classfile/systemDictionary.cpp, line 228]
Event: 8.873 Thread 0x000001c1a8897000 Exception <a 'java/lang/ClassNotFoundException'{0x000000070c66cc60}: java/util/EventListenerCustomizer> (0x000000070c66cc60) thrown at [./open/src/hotspot/share/classfile/systemDictionary.cpp, line 228]
Event: 8.884 Thread 0x000001c1a8897000 Exception <a 'java/lang/ClassNotFoundException'{0x000000070c6c3088}: java/lang/ObjectCustomizer> (0x000000070c6c3088) thrown at [./open/src/hotspot/share/classfile/systemDictionary.cpp, line 228]
Event: 8.885 Thread 0x000001c1a8897000 Exception <a 'java/lang/ClassNotFoundException'{0x000000070c6e9660}: springfox/documentation/schema/DefaultModelDependencyProviderCustomizer> (0x000000070c6e9660) thrown at [./open/src/hotspot/share/classfile/systemDictionary.cpp, line 228]
Event: 8.886 Thread 0x000001c1a8897000 Exception <a 'java/lang/ClassNotFoundException'{0x000000070c50d7d0}: springfox/documentation/schema/ModelDependencyProviderCustomizer> (0x000000070c50d7d0) thrown at [./open/src/hotspot/share/classfile/systemDictionary.cpp, line 228]
Event: 8.887 Thread 0x000001c1a8897000 Exception <a 'java/lang/ClassNotFoundException'{0x000000070c51e298}: java/lang/ObjectCustomizer> (0x000000070c51e298) thrown at [./open/src/hotspot/share/classfile/systemDictionary.cpp, line 228]
Event: 8.889 Thread 0x000001c1a8897000 Exception <a 'java/lang/ClassNotFoundException'{0x000000070c544870}: springfox/documentation/schema/CachingModelDependencyProviderCustomizer> (0x000000070c544870) thrown at [./open/src/hotspot/share/classfile/systemDictionary.cpp, line 228]
Event: 8.890 Thread 0x000001c1a8897000 Exception <a 'java/lang/ClassNotFoundException'{0x000000070c5684f8}: springfox/documentation/schema/ModelDependencyProviderCustomizer> (0x000000070c5684f8) thrown at [./open/src/hotspot/share/classfile/systemDictionary.cpp, line 228]
Event: 8.891 Thread 0x000001c1a8897000 Exception <a 'java/lang/ClassNotFoundException'{0x000000070c572d50}: java/lang/ObjectCustomizer> (0x000000070c572d50) thrown at [./open/src/hotspot/share/classfile/systemDictionary.cpp, line 228]
Event: 8.894 Thread 0x000001c1a8897000 Exception <a 'java/lang/ClassNotFoundException'{0x000000070c5966e0}: springfox/documentation/schema/DefaultModelProviderCustomizer> (0x000000070c5966e0) thrown at [./open/src/hotspot/share/classfile/systemDictionary.cpp, line 228]

Events (10 events):
Event: 8.891 loading class java/lang/ObjectCustomizer
Event: 8.891 loading class java/lang/ObjectCustomizer done
Event: 8.893 loading class springfox/documentation/schema/DefaultModelProviderCustomizer
Event: 8.893 loading class springfox/documentation/schema/DefaultModelProviderCustomizer done
Event: 8.894 loading class springfox/documentation/schema/DefaultModelProviderCustomizer
Event: 8.894 loading class springfox/documentation/schema/DefaultModelProviderCustomizer done
Event: 8.894 loading class springfox/documentation/schema/DefaultModelProviderCustomizer
Event: 8.894 loading class springfox/documentation/schema/DefaultModelProviderCustomizer done
Event: 8.895 loading class springfox/documentation/schema/ModelProviderCustomizer
Event: 8.895 loading class springfox/documentation/schema/ModelProviderCustomizer done


Dynamic libraries:
0x00007ff61bc90000 - 0x00007ff61bc9f000 	C:\Program Files\Java\jdk-11.0.8\bin\java.exe
0x00007ffb6ce30000 - 0x00007ffb6d025000 	C:\WINDOWS\SYSTEM32\ntdll.dll
0x00007ffb6c2e0000 - 0x00007ffb6c39e000 	C:\WINDOWS\System32\KERNEL32.DLL
0x00007ffb6a810000 - 0x00007ffb6aad8000 	C:\WINDOWS\System32\KERNELBASE.dll
0x00007ffb6a550000 - 0x00007ffb6a650000 	C:\WINDOWS\System32\ucrtbase.dll
0x00007ffb649b0000 - 0x00007ffb649c5000 	C:\Program Files\Java\jdk-11.0.8\bin\VCRUNTIME140.dll
0x00007ffb64990000 - 0x00007ffb649a8000 	C:\Program Files\Java\jdk-11.0.8\bin\jli.dll
0x00007ffb6b9c0000 - 0x00007ffb6ba6c000 	C:\WINDOWS\System32\ADVAPI32.dll
0x00007ffb6c240000 - 0x00007ffb6c2de000 	C:\WINDOWS\System32\msvcrt.dll
0x00007ffb6c850000 - 0x00007ffb6c8eb000 	C:\WINDOWS\System32\sechost.dll
0x00007ffb6b210000 - 0x00007ffb6b33a000 	C:\WINDOWS\System32\RPCRT4.dll
0x00007ffb6c8f0000 - 0x00007ffb6ca91000 	C:\WINDOWS\System32\USER32.dll
0x00007ffb6ad20000 - 0x00007ffb6ad42000 	C:\WINDOWS\System32\win32u.dll
0x00007ffb58d20000 - 0x00007ffb58fba000 	C:\WINDOWS\WinSxS\amd64_microsoft.windows.common-controls_6595b64144ccf1df_6.0.19041.1110_none_60b5254171f9507e\COMCTL32.dll
0x00007ffb6c820000 - 0x00007ffb6c84b000 	C:\WINDOWS\System32\GDI32.dll
0x00007ffb6ac10000 - 0x00007ffb6ad1b000 	C:\WINDOWS\System32\gdi32full.dll
0x00007ffb6ad50000 - 0x00007ffb6aded000 	C:\WINDOWS\System32\msvcp_win.dll
0x00007ffb62ea0000 - 0x00007ffb62eaa000 	C:\WINDOWS\SYSTEM32\VERSION.dll
0x00007ffb6cd30000 - 0x00007ffb6cd60000 	C:\WINDOWS\System32\IMM32.DLL
0x00007ffb26870000 - 0x00007ffb2690b000 	C:\Program Files\Java\jdk-11.0.8\bin\msvcp140.dll
0x00007ffb174a0000 - 0x00007ffb17f86000 	C:\Program Files\Java\jdk-11.0.8\bin\server\jvm.dll
0x00007ffb6b200000 - 0x00007ffb6b208000 	C:\WINDOWS\System32\PSAPI.DLL
0x00007ffb57670000 - 0x00007ffb57679000 	C:\WINDOWS\SYSTEM32\WSOCK32.dll
0x00007ffb59170000 - 0x00007ffb59197000 	C:\WINDOWS\SYSTEM32\WINMM.dll
0x00007ffb6b8f0000 - 0x00007ffb6b95b000 	C:\WINDOWS\System32\WS2_32.dll
0x00007ffb68e20000 - 0x00007ffb68e32000 	C:\WINDOWS\SYSTEM32\kernel.appcore.dll
0x00007ffb65bd0000 - 0x00007ffb65be0000 	C:\Program Files\Java\jdk-11.0.8\bin\verify.dll
0x00007ffb68aa0000 - 0x00007ffb68c84000 	C:\WINDOWS\SYSTEM32\DBGHELP.DLL
0x00007ffb57580000 - 0x00007ffb575ac000 	C:\WINDOWS\SYSTEM32\dbgcore.DLL
0x00007ffb6adf0000 - 0x00007ffb6ae73000 	C:\WINDOWS\System32\bcryptPrimitives.dll
0x00007ffb3edd0000 - 0x00007ffb3edf8000 	C:\Program Files\Java\jdk-11.0.8\bin\java.dll
0x00007ffb64980000 - 0x00007ffb6498a000 	C:\Program Files\Java\jdk-11.0.8\bin\jimage.dll
0x00007ffb42d10000 - 0x00007ffb42d26000 	C:\Program Files\Java\jdk-11.0.8\bin\zip.dll
0x00007ffb6ba80000 - 0x00007ffb6c1bf000 	C:\WINDOWS\System32\SHELL32.dll
0x00007ffb68240000 - 0x00007ffb689d0000 	C:\WINDOWS\SYSTEM32\windows.storage.dll
0x00007ffb6b590000 - 0x00007ffb6b8e5000 	C:\WINDOWS\System32\combase.dll
0x00007ffb69fa0000 - 0x00007ffb69fce000 	C:\WINDOWS\SYSTEM32\Wldp.dll
0x00007ffb6cb00000 - 0x00007ffb6cbad000 	C:\WINDOWS\System32\SHCORE.dll
0x00007ffb6b1a0000 - 0x00007ffb6b1f5000 	C:\WINDOWS\System32\shlwapi.dll
0x00007ffb6a490000 - 0x00007ffb6a4af000 	C:\WINDOWS\SYSTEM32\profapi.dll
0x00007ffb3e1a0000 - 0x00007ffb3e1b9000 	C:\Program Files\Java\jdk-11.0.8\bin\net.dll
0x00007ffb5b7a0000 - 0x00007ffb5b8ac000 	C:\WINDOWS\SYSTEM32\WINHTTP.dll
0x00007ffb69d00000 - 0x00007ffb69d6a000 	C:\WINDOWS\system32\mswsock.dll
0x00007ffb3bac0000 - 0x00007ffb3bad2000 	C:\Program Files\Java\jdk-11.0.8\bin\nio.dll
0x00007ffb490b0000 - 0x00007ffb490b9000 	C:\Program Files\Java\jdk-11.0.8\bin\management.dll
0x00007ffb45630000 - 0x00007ffb4563b000 	C:\Program Files\Java\jdk-11.0.8\bin\management_ext.dll
0x00007ffb699a0000 - 0x00007ffb699db000 	C:\WINDOWS\SYSTEM32\IPHLPAPI.DLL
0x00007ffb6af60000 - 0x00007ffb6af68000 	C:\WINDOWS\System32\NSI.dll
0x00007ffb5bf60000 - 0x00007ffb5bf77000 	C:\WINDOWS\SYSTEM32\dhcpcsvc6.DLL
0x00007ffb61fc0000 - 0x00007ffb61fdd000 	C:\WINDOWS\SYSTEM32\dhcpcsvc.DLL
0x00007ffb699f0000 - 0x00007ffb69abb000 	C:\WINDOWS\SYSTEM32\DNSAPI.dll
0x00007ffb59d70000 - 0x00007ffb59d7a000 	C:\Windows\System32\rasadhlp.dll
0x00007ffb55450000 - 0x00007ffb55467000 	C:\WINDOWS\system32\napinsp.dll
0x00007ffb55430000 - 0x00007ffb5544b000 	C:\WINDOWS\system32\pnrpnsp.dll
0x00007ffb556d0000 - 0x00007ffb556e5000 	C:\WINDOWS\system32\wshbth.dll
0x00007ffb65a90000 - 0x00007ffb65aad000 	C:\WINDOWS\system32\NLAapi.dll
0x00007ffb553f0000 - 0x00007ffb55402000 	C:\WINDOWS\System32\winrnr.dll
0x00007ffb5a060000 - 0x00007ffb5a0df000 	C:\WINDOWS\System32\fwpuclnt.dll
0x00007ffb6ab90000 - 0x00007ffb6abb7000 	C:\WINDOWS\System32\bcrypt.dll
0x00007ffb69f00000 - 0x00007ffb69f18000 	C:\WINDOWS\SYSTEM32\CRYPTSP.dll
0x00007ffb69610000 - 0x00007ffb69644000 	C:\WINDOWS\system32\rsaenh.dll
0x00007ffb6a450000 - 0x00007ffb6a47e000 	C:\WINDOWS\SYSTEM32\USERENV.dll
0x00007ffb69ef0000 - 0x00007ffb69efc000 	C:\WINDOWS\SYSTEM32\CRYPTBASE.dll

dbghelp: loaded successfully - version: 4.0.5 - missing functions: none
symbol engine: initialized successfully - sym options: 0x614 - pdb path: .;C:\Program Files\Java\jdk-11.0.8\bin;C:\WINDOWS\SYSTEM32;C:\WINDOWS\WinSxS\amd64_microsoft.windows.common-controls_6595b64144ccf1df_6.0.19041.1110_none_60b5254171f9507e;C:\Program Files\Java\jdk-11.0.8\bin\server

VM Arguments:
java_command: C:\Users\asus\AppData\Local\Temp\surefire2789860282912802670\surefirebooter12828772542685410622.jar C:\Users\asus\AppData\Local\Temp\surefire2789860282912802670 2021-12-10T18-50-27_769-jvmRun1 surefire13193951078724440488tmp surefire_03662000608350000107tmp
java_class_path (initial): C:\Users\asus\AppData\Local\Temp\surefire2789860282912802670\surefirebooter12828772542685410622.jar
Launcher Type: SUN_STANDARD

[Global flags]
     intx CICompilerCount                          = 4                                         {product} {ergonomic}
     uint ConcGCThreads                            = 2                                         {product} {ergonomic}
     uint G1ConcRefinementThreads                  = 8                                         {product} {ergonomic}
   size_t G1HeapRegionSize                         = 1048576                                   {product} {ergonomic}
    uintx GCDrainStackTargetSize                   = 64                                        {product} {ergonomic}
   size_t InitialHeapSize                          = 268435456                                 {product} {ergonomic}
   size_t MarkStackSize                            = 4194304                                   {product} {ergonomic}
   size_t MaxHeapSize                              = 4265607168                                {product} {ergonomic}
   size_t MaxNewSize                               = 2558525440                                {product} {ergonomic}
   size_t MinHeapDeltaBytes                        = 1048576                                   {product} {ergonomic}
    uintx NonNMethodCodeHeapSize                   = 5836300                                {pd product} {ergonomic}
    uintx NonProfiledCodeHeapSize                  = 122910970                              {pd product} {ergonomic}
    uintx ProfiledCodeHeapSize                     = 122910970                              {pd product} {ergonomic}
    uintx ReservedCodeCacheSize                    = 251658240                              {pd product} {ergonomic}
     bool SegmentedCodeCache                       = true                                      {product} {ergonomic}
     bool UseCompressedClassPointers               = true                                 {lp64_product} {ergonomic}
     bool UseCompressedOops                        = true                                 {lp64_product} {ergonomic}
     bool UseG1GC                                  = true                                      {product} {ergonomic}
     bool UseLargePagesIndividualAllocation        = false                                  {pd product} {ergonomic}

Logging:
Log output configuration:
 #0: stdout all=warning uptime,level,tags
 #1: stderr all=off uptime,level,tags

Environment Variables:
JAVA_HOME=C:\Program Files\Java\jdk-11.0.8
JRE_HOME=C:\Program Files\Java\jdk-11.0.8\jre
CLASSPATH=.;C:\Program Files\Java\jdk-11.0.8\lib;C:\Program Files\Java\jdk-11.0.8\jre\lib;
PATH=%JAVA_HOME%\bin;%GRADLE_HOME%\bin;D:\Program Files\Git\cmd;C:\Program Files\MySQL\MySQL Shell 8.0\bin\;C:\Users\asus\AppData\Local\Programs\Python\Python35\Scripts\;C:\Users\asus\AppData\Local\Programs\Python\Python35\;C:\Users\asus\Anaconda3;C:\Users\asus\Anaconda3\Library\mingw-w64\bin;C:\Users\asus\Anaconda3\Library\usr\bin;C:\Users\asus\Anaconda3\Library\bin;C:\Users\asus\Anaconda3\Scripts;C:\Users\asus\AppData\Local\Programs\Python\Python36\Scripts\;C:\Users\asus\AppData\Local\Programs\Python\Python36\;C:\Users\asus\AppData\Local\Microsoft\WindowsApps;C:\Modeltech_pe_edu_10.4a\win32pe_edu;C:\Program Files\Docker Toolbox;C:\zookeeper\bin;C:\kafka\bin\windows;C:\Users\asus\AppData\Local\GitHubDesktop\bin;D:\Microsoft VS Code\bin;C:\Program Files\JetBrains\IntelliJ IDEA 2021.2.3\bin;;C:\Users\asus\AppData\Roaming\npm;C:\Windows\System32;C:\Program Files\nodejs;C:\WINDOWS\System32\Wbem;
USERNAME=asus
OS=Windows_NT
PROCESSOR_IDENTIFIER=Intel64 Family 6 Model 158 Stepping 9, GenuineIntel



---------------  S Y S T E M  ---------------

OS: Windows 10 , 64 bit Build 19041 (10.0.19041.1348)

CPU:total 8 (initial active 8) (4 cores per cpu, 2 threads per core) family 6 model 158 stepping 9, cmov, cx8, fxsr, mmx, sse, sse2, sse3, ssse3, sse4.1, sse4.2, popcnt, avx, avx2, aes, clmul, erms, 3dnowpref, lzcnt, ht, tsc, tscinvbit, bmi1, bmi2, adx, fma

Memory: 4k page, system-wide physical 16268M (2178M free)
TotalPageFile size 16268M (AvailPageFile size 12M)
current process WorkingSet (physical memory assigned to process): 380M, peak: 389M
current process commit charge ("private bytes"): 508M, peak: 515M

vm_info: Java HotSpot(TM) 64-Bit Server VM (11.0.8+10-LTS) for windows-amd64 JRE (11.0.8+10-LTS), built on Jun 16 2020 05:53:08 by "mach5one" with unknown MS VC++:1916

END.
