#
# There is insufficient memory for the Java Runtime Environment to continue.
# Native memory allocation (malloc) failed to allocate 1166576 bytes for Chunk::new
# Possible reasons:
#   The system is out of physical RAM or swap space
#   The process is running with CompressedOops enabled, and the Java Heap may be blocking the growth of the native heap
# Possible solutions:
#   Reduce memory load on the system
#   Increase physical memory or swap space
#   Check if swap backing store is full
#   Decrease Java heap size (-Xmx/-Xms)
#   Decrease number of Java threads
#   Decrease Java thread stack sizes (-Xss)
#   Set larger code cache with -XX:ReservedCodeCacheSize=
#   JVM is running with Zero Based Compressed Oops mode in which the Java heap is
#     placed in the first 32GB address space. The Java Heap base address is the
#     maximum limit for the native heap growth. Please use -XX:HeapBaseMinAddress
#     to set the Java Heap base and to place the Java Heap above 32GB virtual address.
# This output file may be truncated or incomplete.
#
#  Out of Memory Error (./open/src/hotspot/share/memory/arena.cpp:197), pid=1292, tid=13820
#
# JRE version: Java(TM) SE Runtime Environment 18.9 (11.0.8+10) (build 11.0.8+10-LTS)
# Java VM: Java HotSpot(TM) 64-Bit Server VM 18.9 (11.0.8+10-LTS, mixed mode, tiered, compressed oops, g1 gc, windows-amd64)
# No core dump will be written. Minidumps are not enabled by default on client versions of Windows
#

---------------  S U M M A R Y ------------

Command Line: -Dmaven.multiModuleProjectDirectory=C:\Users\asus\Documents\GitHub\bookend-services-unit_test\book-service -Dmaven.home=C:\Program Files\JetBrains\IntelliJ IDEA 2021.2.3\plugins\maven\lib\maven3 -Dclassworlds.conf=C:\Program Files\JetBrains\IntelliJ IDEA 2021.2.3\plugins\maven\lib\maven3\bin\m2.conf -Dmaven.ext.class.path=C:\Program Files\JetBrains\IntelliJ IDEA 2021.2.3\plugins\maven\lib\maven-event-listener.jar -javaagent:C:\Program Files\JetBrains\IntelliJ IDEA 2021.2.3\lib\idea_rt.jar=60751:C:\Program Files\JetBrains\IntelliJ IDEA 2021.2.3\bin -Dfile.encoding=UTF-8 org.codehaus.classworlds.Launcher -Didea.version=2021.2.3 clean install test org.pitest:pitest-maven:mutationCoverage

Host: Intel(R) Core(TM) i7-7700HQ CPU @ 2.80GHz, 8 cores, 15G,  Windows 10 , 64 bit Build 19041 (10.0.19041.1348)
Time: Wed Dec 22 18:20:14 2021 GTB Standart Saati elapsed time: 3 seconds (0d 0h 0m 3s)

---------------  T H R E A D  ---------------

Current thread (0x000002467951c000):  JavaThread "C2 CompilerThread2" daemon [_thread_in_native, id=13820, stack(0x000000cfdb100000,0x000000cfdb200000)]


Current CompileTask:
C2:   3006 3286       4       org.eclipse.sisu.wire.EntryListAdapter$ValueIterator::hasNext (10 bytes)

Stack: [0x000000cfdb100000,0x000000cfdb200000]
Native frames: (J=compiled Java code, j=interpreted, Vv=VM code, C=native code)
V  [jvm.dll+0x601aea]
V  [jvm.dll+0x737fef]
V  [jvm.dll+0x739675]
V  [jvm.dll+0x739cf3]
V  [jvm.dll+0x242848]
V  [jvm.dll+0xb999c]
V  [jvm.dll+0xb9f2c]
V  [jvm.dll+0x3441a7]
V  [jvm.dll+0x312003]
V  [jvm.dll+0x31134a]
V  [jvm.dll+0x1fc2e5]
V  [jvm.dll+0x1fb49f]
V  [jvm.dll+0x17e0fc]
V  [jvm.dll+0x20aaa4]
V  [jvm.dll+0x208b7b]
V  [jvm.dll+0x6ff90c]
V  [jvm.dll+0x6f845c]
V  [jvm.dll+0x600d66]
C  [ucrtbase.dll+0x21bb2]
C  [KERNEL32.DLL+0x17034]
C  [ntdll.dll+0x52651]


---------------  P R O C E S S  ---------------

Threads class SMR info:
_java_thread_list=0x000002467944c450, length=13, elements={
0x0000024653d5c000, 0x000002467772f000, 0x0000024677730000, 0x000002467803b800,
0x000002467803f800, 0x0000024678044000, 0x0000024678050000, 0x0000024678053800,
0x0000024677fe0800, 0x0000024678303000, 0x0000024678304000, 0x0000024678830800,
0x000002467951c000
}

Java Threads: ( => current thread )
  0x0000024653d5c000 JavaThread "main" [_thread_in_Java, id=15876, stack(0x000000cfd9e00000,0x000000cfd9f00000)]
  0x000002467772f000 JavaThread "Reference Handler" daemon [_thread_blocked, id=1256, stack(0x000000cfda500000,0x000000cfda600000)]
  0x0000024677730000 JavaThread "Finalizer" daemon [_thread_blocked, id=3248, stack(0x000000cfda600000,0x000000cfda700000)]
  0x000002467803b800 JavaThread "Signal Dispatcher" daemon [_thread_blocked, id=9728, stack(0x000000cfda700000,0x000000cfda800000)]
  0x000002467803f800 JavaThread "Attach Listener" daemon [_thread_blocked, id=17444, stack(0x000000cfda800000,0x000000cfda900000)]
  0x0000024678044000 JavaThread "C2 CompilerThread0" daemon [_thread_in_native, id=16260, stack(0x000000cfda900000,0x000000cfdaa00000)]
  0x0000024678050000 JavaThread "C1 CompilerThread0" daemon [_thread_in_native, id=18608, stack(0x000000cfdaa00000,0x000000cfdab00000)]
  0x0000024678053800 JavaThread "Sweeper thread" daemon [_thread_blocked, id=19416, stack(0x000000cfdab00000,0x000000cfdac00000)]
  0x0000024677fe0800 JavaThread "Common-Cleaner" daemon [_thread_blocked, id=12120, stack(0x000000cfdac00000,0x000000cfdad00000)]
  0x0000024678303000 JavaThread "Monitor Ctrl-Break" daemon [_thread_in_native, id=6316, stack(0x000000cfdae00000,0x000000cfdaf00000)]
  0x0000024678304000 JavaThread "Service Thread" daemon [_thread_blocked, id=9976, stack(0x000000cfdaf00000,0x000000cfdb000000)]
  0x0000024678830800 JavaThread "C2 CompilerThread1" daemon [_thread_in_native, id=17348, stack(0x000000cfdad00000,0x000000cfdae00000)]
=>0x000002467951c000 JavaThread "C2 CompilerThread2" daemon [_thread_in_native, id=13820, stack(0x000000cfdb100000,0x000000cfdb200000)]

Other Threads:
  0x0000024677758000 VMThread "VM Thread" [stack: 0x000000cfda400000,0x000000cfda500000] [id=11956]
  0x0000024678305000 WatcherThread [stack: 0x000000cfdb000000,0x000000cfdb100000] [id=4368]
  0x0000024653d6f800 GCTaskThread "GC Thread#0" [stack: 0x000000cfd9f00000,0x000000cfda000000] [id=14616]
  0x000002467951d000 GCTaskThread "GC Thread#1" [stack: 0x000000cfdb200000,0x000000cfdb300000] [id=9140]
  0x0000024679552800 GCTaskThread "GC Thread#2" [stack: 0x000000cfdb300000,0x000000cfdb400000] [id=18580]
  0x0000024679553800 GCTaskThread "GC Thread#3" [stack: 0x000000cfdb400000,0x000000cfdb500000] [id=19124]
  0x00000246794eb800 GCTaskThread "GC Thread#4" [stack: 0x000000cfdb500000,0x000000cfdb600000] [id=19032]
  0x00000246794ec000 GCTaskThread "GC Thread#5" [stack: 0x000000cfdb600000,0x000000cfdb700000] [id=19192]
  0x0000024653dcb800 ConcurrentGCThread "G1 Main Marker" [stack: 0x000000cfda000000,0x000000cfda100000] [id=9848]
  0x0000024653dcf800 ConcurrentGCThread "G1 Conc#0" [stack: 0x000000cfda100000,0x000000cfda200000] [id=19096]
  0x000002467a015000 ConcurrentGCThread "G1 Conc#1" [stack: 0x000000cfdb700000,0x000000cfdb800000] [id=9672]
  0x0000024677616800 ConcurrentGCThread "G1 Refine#0" [stack: 0x000000cfda200000,0x000000cfda300000] [id=14780]
  0x0000024677617800 ConcurrentGCThread "G1 Young RemSet Sampling" [stack: 0x000000cfda300000,0x000000cfda400000] [id=13340]

Threads with active compile tasks:
C2 CompilerThread0   3036 3332       4       org.eclipse.sisu.inject.LocatedBeans$Itr::hasNext (161 bytes)
C1 CompilerThread0   3036 3394       3       org.apache.maven.model.io.xpp3.MavenXpp3Reader::parseDependency (468 bytes)
C2 CompilerThread1   3036 3367       4       java.io.WinNTFileSystem::normalize (224 bytes)
C2 CompilerThread2   3036 3286       4       org.eclipse.sisu.wire.EntryListAdapter$ValueIterator::hasNext (10 bytes)

VM state:not at safepoint (normal execution)

VM Mutex/Monitor currently owned by a thread: None

Heap address: 0x0000000701c00000, size: 4068 MB, Compressed Oops mode: Zero based, Oop shift amount: 3
Narrow klass base: 0x0000000800000000, Narrow klass shift: 0
Compressed class space size: 1073741824 Address: 0x0000000800000000

Heap:
 garbage-first heap   total 262144K, used 15172K [0x0000000701c00000, 0x0000000800000000)
  region size 1024K, 13 young (13312K), 9 survivors (9216K)
 Metaspace       used 22066K, capacity 22485K, committed 22576K, reserved 1069056K
  class space    used 2291K, capacity 2427K, committed 2432K, reserved 1048576K
Heap Regions: E=young(eden), S=young(survivor), O=old, HS=humongous(starts), HC=humongous(continues), CS=collection set, F=free, A=archive, TAMS=top-at-mark-start (previous, next)
|   0|0x0000000701c00000, 0x0000000701d00000, 0x0000000701d00000|100%| O|  |TAMS 0x0000000701c95200, 0x0000000701c00000| Untracked 
|   1|0x0000000701d00000, 0x0000000701e00000, 0x0000000701e00000|100%| O|  |TAMS 0x0000000701d00000, 0x0000000701d00000| Untracked 
|   2|0x0000000701e00000, 0x0000000701f00000, 0x0000000701f00000|100%| O|  |TAMS 0x0000000701e00000, 0x0000000701e00000| Untracked 
|   3|0x0000000701f00000, 0x0000000701f60800, 0x0000000702000000| 37%| O|  |TAMS 0x0000000701f00000, 0x0000000701f00000| Untracked 
|   4|0x0000000702000000, 0x0000000702000000, 0x0000000702100000|  0%| F|  |TAMS 0x0000000702000000, 0x0000000702000000| Untracked 
|   5|0x0000000702100000, 0x0000000702100000, 0x0000000702200000|  0%| F|  |TAMS 0x0000000702100000, 0x0000000702100000| Untracked 
|   6|0x0000000702200000, 0x0000000702200000, 0x0000000702300000|  0%| F|  |TAMS 0x0000000702200000, 0x0000000702200000| Untracked 
|   7|0x0000000702300000, 0x0000000702300000, 0x0000000702400000|  0%| F|  |TAMS 0x0000000702300000, 0x0000000702300000| Untracked 
|   8|0x0000000702400000, 0x0000000702400000, 0x0000000702500000|  0%| F|  |TAMS 0x0000000702400000, 0x0000000702400000| Untracked 
|   9|0x0000000702500000, 0x0000000702500000, 0x0000000702600000|  0%| F|  |TAMS 0x0000000702500000, 0x0000000702500000| Untracked 
|  10|0x0000000702600000, 0x0000000702600000, 0x0000000702700000|  0%| F|  |TAMS 0x0000000702600000, 0x0000000702600000| Untracked 
|  11|0x0000000702700000, 0x0000000702700000, 0x0000000702800000|  0%| F|  |TAMS 0x0000000702700000, 0x0000000702700000| Untracked 
|  12|0x0000000702800000, 0x0000000702800000, 0x0000000702900000|  0%| F|  |TAMS 0x0000000702800000, 0x0000000702800000| Untracked 
|  13|0x0000000702900000, 0x0000000702900000, 0x0000000702a00000|  0%| F|  |TAMS 0x0000000702900000, 0x0000000702900000| Untracked 
|  14|0x0000000702a00000, 0x0000000702a00000, 0x0000000702b00000|  0%| F|  |TAMS 0x0000000702a00000, 0x0000000702a00000| Untracked 
|  15|0x0000000702b00000, 0x0000000702b00000, 0x0000000702c00000|  0%| F|  |TAMS 0x0000000702b00000, 0x0000000702b00000| Untracked 
|  16|0x0000000702c00000, 0x0000000702c00000, 0x0000000702d00000|  0%| F|  |TAMS 0x0000000702c00000, 0x0000000702c00000| Untracked 
|  17|0x0000000702d00000, 0x0000000702d00000, 0x0000000702e00000|  0%| F|  |TAMS 0x0000000702d00000, 0x0000000702d00000| Untracked 
|  18|0x0000000702e00000, 0x0000000702e00000, 0x0000000702f00000|  0%| F|  |TAMS 0x0000000702e00000, 0x0000000702e00000| Untracked 
|  19|0x0000000702f00000, 0x0000000702f00000, 0x0000000703000000|  0%| F|  |TAMS 0x0000000702f00000, 0x0000000702f00000| Untracked 
|  20|0x0000000703000000, 0x0000000703000000, 0x0000000703100000|  0%| F|  |TAMS 0x0000000703000000, 0x0000000703000000| Untracked 
|  21|0x0000000703100000, 0x0000000703100000, 0x0000000703200000|  0%| F|  |TAMS 0x0000000703100000, 0x0000000703100000| Untracked 
|  22|0x0000000703200000, 0x0000000703200000, 0x0000000703300000|  0%| F|  |TAMS 0x0000000703200000, 0x0000000703200000| Untracked 
|  23|0x0000000703300000, 0x0000000703300000, 0x0000000703400000|  0%| F|  |TAMS 0x0000000703300000, 0x0000000703300000| Untracked 
|  24|0x0000000703400000, 0x0000000703400000, 0x0000000703500000|  0%| F|  |TAMS 0x0000000703400000, 0x0000000703400000| Untracked 
|  25|0x0000000703500000, 0x0000000703500000, 0x0000000703600000|  0%| F|  |TAMS 0x0000000703500000, 0x0000000703500000| Untracked 
|  26|0x0000000703600000, 0x0000000703600000, 0x0000000703700000|  0%| F|  |TAMS 0x0000000703600000, 0x0000000703600000| Untracked 
|  27|0x0000000703700000, 0x0000000703700000, 0x0000000703800000|  0%| F|  |TAMS 0x0000000703700000, 0x0000000703700000| Untracked 
|  28|0x0000000703800000, 0x0000000703800000, 0x0000000703900000|  0%| F|  |TAMS 0x0000000703800000, 0x0000000703800000| Untracked 
|  29|0x0000000703900000, 0x0000000703900000, 0x0000000703a00000|  0%| F|  |TAMS 0x0000000703900000, 0x0000000703900000| Untracked 
|  30|0x0000000703a00000, 0x0000000703a00000, 0x0000000703b00000|  0%| F|  |TAMS 0x0000000703a00000, 0x0000000703a00000| Untracked 
|  31|0x0000000703b00000, 0x0000000703b00000, 0x0000000703c00000|  0%| F|  |TAMS 0x0000000703b00000, 0x0000000703b00000| Untracked 
|  32|0x0000000703c00000, 0x0000000703c00000, 0x0000000703d00000|  0%| F|  |TAMS 0x0000000703c00000, 0x0000000703c00000| Untracked 
|  33|0x0000000703d00000, 0x0000000703d00000, 0x0000000703e00000|  0%| F|  |TAMS 0x0000000703d00000, 0x0000000703d00000| Untracked 
|  34|0x0000000703e00000, 0x0000000703e00000, 0x0000000703f00000|  0%| F|  |TAMS 0x0000000703e00000, 0x0000000703e00000| Untracked 
|  35|0x0000000703f00000, 0x0000000703f00000, 0x0000000704000000|  0%| F|  |TAMS 0x0000000703f00000, 0x0000000703f00000| Untracked 
|  36|0x0000000704000000, 0x0000000704000000, 0x0000000704100000|  0%| F|  |TAMS 0x0000000704000000, 0x0000000704000000| Untracked 
|  37|0x0000000704100000, 0x0000000704100000, 0x0000000704200000|  0%| F|  |TAMS 0x0000000704100000, 0x0000000704100000| Untracked 
|  38|0x0000000704200000, 0x0000000704200000, 0x0000000704300000|  0%| F|  |TAMS 0x0000000704200000, 0x0000000704200000| Untracked 
|  39|0x0000000704300000, 0x0000000704300000, 0x0000000704400000|  0%| F|  |TAMS 0x0000000704300000, 0x0000000704300000| Untracked 
|  40|0x0000000704400000, 0x0000000704400000, 0x0000000704500000|  0%| F|  |TAMS 0x0000000704400000, 0x0000000704400000| Untracked 
|  41|0x0000000704500000, 0x0000000704500000, 0x0000000704600000|  0%| F|  |TAMS 0x0000000704500000, 0x0000000704500000| Untracked 
|  42|0x0000000704600000, 0x0000000704600000, 0x0000000704700000|  0%| F|  |TAMS 0x0000000704600000, 0x0000000704600000| Untracked 
|  43|0x0000000704700000, 0x0000000704700000, 0x0000000704800000|  0%| F|  |TAMS 0x0000000704700000, 0x0000000704700000| Untracked 
|  44|0x0000000704800000, 0x0000000704800000, 0x0000000704900000|  0%| F|  |TAMS 0x0000000704800000, 0x0000000704800000| Untracked 
|  45|0x0000000704900000, 0x0000000704900000, 0x0000000704a00000|  0%| F|  |TAMS 0x0000000704900000, 0x0000000704900000| Untracked 
|  46|0x0000000704a00000, 0x0000000704a00000, 0x0000000704b00000|  0%| F|  |TAMS 0x0000000704a00000, 0x0000000704a00000| Untracked 
|  47|0x0000000704b00000, 0x0000000704b00000, 0x0000000704c00000|  0%| F|  |TAMS 0x0000000704b00000, 0x0000000704b00000| Untracked 
|  48|0x0000000704c00000, 0x0000000704c00000, 0x0000000704d00000|  0%| F|  |TAMS 0x0000000704c00000, 0x0000000704c00000| Untracked 
|  49|0x0000000704d00000, 0x0000000704d00000, 0x0000000704e00000|  0%| F|  |TAMS 0x0000000704d00000, 0x0000000704d00000| Untracked 
|  50|0x0000000704e00000, 0x0000000704e00000, 0x0000000704f00000|  0%| F|  |TAMS 0x0000000704e00000, 0x0000000704e00000| Untracked 
|  51|0x0000000704f00000, 0x0000000704f00000, 0x0000000705000000|  0%| F|  |TAMS 0x0000000704f00000, 0x0000000704f00000| Untracked 
|  52|0x0000000705000000, 0x0000000705000000, 0x0000000705100000|  0%| F|  |TAMS 0x0000000705000000, 0x0000000705000000| Untracked 
|  53|0x0000000705100000, 0x0000000705100000, 0x0000000705200000|  0%| F|  |TAMS 0x0000000705100000, 0x0000000705100000| Untracked 
|  54|0x0000000705200000, 0x0000000705200000, 0x0000000705300000|  0%| F|  |TAMS 0x0000000705200000, 0x0000000705200000| Untracked 
|  55|0x0000000705300000, 0x0000000705300000, 0x0000000705400000|  0%| F|  |TAMS 0x0000000705300000, 0x0000000705300000| Untracked 
|  56|0x0000000705400000, 0x0000000705400000, 0x0000000705500000|  0%| F|  |TAMS 0x0000000705400000, 0x0000000705400000| Untracked 
|  57|0x0000000705500000, 0x0000000705500000, 0x0000000705600000|  0%| F|  |TAMS 0x0000000705500000, 0x0000000705500000| Untracked 
|  58|0x0000000705600000, 0x0000000705600000, 0x0000000705700000|  0%| F|  |TAMS 0x0000000705600000, 0x0000000705600000| Untracked 
|  59|0x0000000705700000, 0x0000000705700000, 0x0000000705800000|  0%| F|  |TAMS 0x0000000705700000, 0x0000000705700000| Untracked 
|  60|0x0000000705800000, 0x0000000705800000, 0x0000000705900000|  0%| F|  |TAMS 0x0000000705800000, 0x0000000705800000| Untracked 
|  61|0x0000000705900000, 0x0000000705900000, 0x0000000705a00000|  0%| F|  |TAMS 0x0000000705900000, 0x0000000705900000| Untracked 
|  62|0x0000000705a00000, 0x0000000705a00000, 0x0000000705b00000|  0%| F|  |TAMS 0x0000000705a00000, 0x0000000705a00000| Untracked 
|  63|0x0000000705b00000, 0x0000000705b00000, 0x0000000705c00000|  0%| F|  |TAMS 0x0000000705b00000, 0x0000000705b00000| Untracked 
|  64|0x0000000705c00000, 0x0000000705c00000, 0x0000000705d00000|  0%| F|  |TAMS 0x0000000705c00000, 0x0000000705c00000| Untracked 
|  65|0x0000000705d00000, 0x0000000705d00000, 0x0000000705e00000|  0%| F|  |TAMS 0x0000000705d00000, 0x0000000705d00000| Untracked 
|  66|0x0000000705e00000, 0x0000000705e00000, 0x0000000705f00000|  0%| F|  |TAMS 0x0000000705e00000, 0x0000000705e00000| Untracked 
|  67|0x0000000705f00000, 0x0000000705f00000, 0x0000000706000000|  0%| F|  |TAMS 0x0000000705f00000, 0x0000000705f00000| Untracked 
|  68|0x0000000706000000, 0x0000000706000000, 0x0000000706100000|  0%| F|  |TAMS 0x0000000706000000, 0x0000000706000000| Untracked 
|  69|0x0000000706100000, 0x0000000706100000, 0x0000000706200000|  0%| F|  |TAMS 0x0000000706100000, 0x0000000706100000| Untracked 
|  70|0x0000000706200000, 0x0000000706200000, 0x0000000706300000|  0%| F|  |TAMS 0x0000000706200000, 0x0000000706200000| Untracked 
|  71|0x0000000706300000, 0x0000000706300000, 0x0000000706400000|  0%| F|  |TAMS 0x0000000706300000, 0x0000000706300000| Untracked 
|  72|0x0000000706400000, 0x0000000706400000, 0x0000000706500000|  0%| F|  |TAMS 0x0000000706400000, 0x0000000706400000| Untracked 
|  73|0x0000000706500000, 0x0000000706500000, 0x0000000706600000|  0%| F|  |TAMS 0x0000000706500000, 0x0000000706500000| Untracked 
|  74|0x0000000706600000, 0x0000000706600000, 0x0000000706700000|  0%| F|  |TAMS 0x0000000706600000, 0x0000000706600000| Untracked 
|  75|0x0000000706700000, 0x0000000706700000, 0x0000000706800000|  0%| F|  |TAMS 0x0000000706700000, 0x0000000706700000| Untracked 
|  76|0x0000000706800000, 0x0000000706800000, 0x0000000706900000|  0%| F|  |TAMS 0x0000000706800000, 0x0000000706800000| Untracked 
|  77|0x0000000706900000, 0x0000000706900000, 0x0000000706a00000|  0%| F|  |TAMS 0x0000000706900000, 0x0000000706900000| Untracked 
|  78|0x0000000706a00000, 0x0000000706a00000, 0x0000000706b00000|  0%| F|  |TAMS 0x0000000706a00000, 0x0000000706a00000| Untracked 
|  79|0x0000000706b00000, 0x0000000706b00000, 0x0000000706c00000|  0%| F|  |TAMS 0x0000000706b00000, 0x0000000706b00000| Untracked 
|  80|0x0000000706c00000, 0x0000000706c00000, 0x0000000706d00000|  0%| F|  |TAMS 0x0000000706c00000, 0x0000000706c00000| Untracked 
|  81|0x0000000706d00000, 0x0000000706d00000, 0x0000000706e00000|  0%| F|  |TAMS 0x0000000706d00000, 0x0000000706d00000| Untracked 
|  82|0x0000000706e00000, 0x0000000706e00000, 0x0000000706f00000|  0%| F|  |TAMS 0x0000000706e00000, 0x0000000706e00000| Untracked 
|  83|0x0000000706f00000, 0x0000000706f00000, 0x0000000707000000|  0%| F|  |TAMS 0x0000000706f00000, 0x0000000706f00000| Untracked 
|  84|0x0000000707000000, 0x0000000707000000, 0x0000000707100000|  0%| F|  |TAMS 0x0000000707000000, 0x0000000707000000| Untracked 
|  85|0x0000000707100000, 0x0000000707100000, 0x0000000707200000|  0%| F|  |TAMS 0x0000000707100000, 0x0000000707100000| Untracked 
|  86|0x0000000707200000, 0x0000000707200000, 0x0000000707300000|  0%| F|  |TAMS 0x0000000707200000, 0x0000000707200000| Untracked 
|  87|0x0000000707300000, 0x0000000707300000, 0x0000000707400000|  0%| F|  |TAMS 0x0000000707300000, 0x0000000707300000| Untracked 
|  88|0x0000000707400000, 0x0000000707400000, 0x0000000707500000|  0%| F|  |TAMS 0x0000000707400000, 0x0000000707400000| Untracked 
|  89|0x0000000707500000, 0x0000000707500000, 0x0000000707600000|  0%| F|  |TAMS 0x0000000707500000, 0x0000000707500000| Untracked 
|  90|0x0000000707600000, 0x0000000707600000, 0x0000000707700000|  0%| F|  |TAMS 0x0000000707600000, 0x0000000707600000| Untracked 
|  91|0x0000000707700000, 0x0000000707700000, 0x0000000707800000|  0%| F|  |TAMS 0x0000000707700000, 0x0000000707700000| Untracked 
|  92|0x0000000707800000, 0x0000000707800000, 0x0000000707900000|  0%| F|  |TAMS 0x0000000707800000, 0x0000000707800000| Untracked 
|  93|0x0000000707900000, 0x0000000707900000, 0x0000000707a00000|  0%| F|  |TAMS 0x0000000707900000, 0x0000000707900000| Untracked 
|  94|0x0000000707a00000, 0x0000000707a00000, 0x0000000707b00000|  0%| F|  |TAMS 0x0000000707a00000, 0x0000000707a00000| Untracked 
|  95|0x0000000707b00000, 0x0000000707b00000, 0x0000000707c00000|  0%| F|  |TAMS 0x0000000707b00000, 0x0000000707b00000| Untracked 
|  96|0x0000000707c00000, 0x0000000707c00000, 0x0000000707d00000|  0%| F|  |TAMS 0x0000000707c00000, 0x0000000707c00000| Untracked 
|  97|0x0000000707d00000, 0x0000000707d00000, 0x0000000707e00000|  0%| F|  |TAMS 0x0000000707d00000, 0x0000000707d00000| Untracked 
|  98|0x0000000707e00000, 0x0000000707e00000, 0x0000000707f00000|  0%| F|  |TAMS 0x0000000707e00000, 0x0000000707e00000| Untracked 
|  99|0x0000000707f00000, 0x0000000707f00000, 0x0000000708000000|  0%| F|  |TAMS 0x0000000707f00000, 0x0000000707f00000| Untracked 
| 100|0x0000000708000000, 0x0000000708000000, 0x0000000708100000|  0%| F|  |TAMS 0x0000000708000000, 0x0000000708000000| Untracked 
| 101|0x0000000708100000, 0x0000000708100000, 0x0000000708200000|  0%| F|  |TAMS 0x0000000708100000, 0x0000000708100000| Untracked 
| 102|0x0000000708200000, 0x0000000708200000, 0x0000000708300000|  0%| F|  |TAMS 0x0000000708200000, 0x0000000708200000| Untracked 
| 103|0x0000000708300000, 0x0000000708300000, 0x0000000708400000|  0%| F|  |TAMS 0x0000000708300000, 0x0000000708300000| Untracked 
| 104|0x0000000708400000, 0x0000000708400000, 0x0000000708500000|  0%| F|  |TAMS 0x0000000708400000, 0x0000000708400000| Untracked 
| 105|0x0000000708500000, 0x0000000708500000, 0x0000000708600000|  0%| F|  |TAMS 0x0000000708500000, 0x0000000708500000| Untracked 
| 106|0x0000000708600000, 0x0000000708600000, 0x0000000708700000|  0%| F|  |TAMS 0x0000000708600000, 0x0000000708600000| Untracked 
| 107|0x0000000708700000, 0x0000000708700000, 0x0000000708800000|  0%| F|  |TAMS 0x0000000708700000, 0x0000000708700000| Untracked 
| 108|0x0000000708800000, 0x0000000708800000, 0x0000000708900000|  0%| F|  |TAMS 0x0000000708800000, 0x0000000708800000| Untracked 
| 109|0x0000000708900000, 0x0000000708900000, 0x0000000708a00000|  0%| F|  |TAMS 0x0000000708900000, 0x0000000708900000| Untracked 
| 110|0x0000000708a00000, 0x0000000708a00000, 0x0000000708b00000|  0%| F|  |TAMS 0x0000000708a00000, 0x0000000708a00000| Untracked 
| 111|0x0000000708b00000, 0x0000000708b00000, 0x0000000708c00000|  0%| F|  |TAMS 0x0000000708b00000, 0x0000000708b00000| Untracked 
| 112|0x0000000708c00000, 0x0000000708c00000, 0x0000000708d00000|  0%| F|  |TAMS 0x0000000708c00000, 0x0000000708c00000| Untracked 
| 113|0x0000000708d00000, 0x0000000708d00000, 0x0000000708e00000|  0%| F|  |TAMS 0x0000000708d00000, 0x0000000708d00000| Untracked 
| 114|0x0000000708e00000, 0x0000000708e00000, 0x0000000708f00000|  0%| F|  |TAMS 0x0000000708e00000, 0x0000000708e00000| Untracked 
| 115|0x0000000708f00000, 0x0000000708f00000, 0x0000000709000000|  0%| F|  |TAMS 0x0000000708f00000, 0x0000000708f00000| Untracked 
| 116|0x0000000709000000, 0x0000000709000000, 0x0000000709100000|  0%| F|  |TAMS 0x0000000709000000, 0x0000000709000000| Untracked 
| 117|0x0000000709100000, 0x0000000709100000, 0x0000000709200000|  0%| F|  |TAMS 0x0000000709100000, 0x0000000709100000| Untracked 
| 118|0x0000000709200000, 0x0000000709200000, 0x0000000709300000|  0%| F|  |TAMS 0x0000000709200000, 0x0000000709200000| Untracked 
| 119|0x0000000709300000, 0x0000000709300000, 0x0000000709400000|  0%| F|  |TAMS 0x0000000709300000, 0x0000000709300000| Untracked 
| 120|0x0000000709400000, 0x0000000709400000, 0x0000000709500000|  0%| F|  |TAMS 0x0000000709400000, 0x0000000709400000| Untracked 
| 121|0x0000000709500000, 0x0000000709500000, 0x0000000709600000|  0%| F|  |TAMS 0x0000000709500000, 0x0000000709500000| Untracked 
| 122|0x0000000709600000, 0x0000000709600000, 0x0000000709700000|  0%| F|  |TAMS 0x0000000709600000, 0x0000000709600000| Untracked 
| 123|0x0000000709700000, 0x0000000709700000, 0x0000000709800000|  0%| F|  |TAMS 0x0000000709700000, 0x0000000709700000| Untracked 
| 124|0x0000000709800000, 0x0000000709800000, 0x0000000709900000|  0%| F|  |TAMS 0x0000000709800000, 0x0000000709800000| Untracked 
| 125|0x0000000709900000, 0x0000000709900000, 0x0000000709a00000|  0%| F|  |TAMS 0x0000000709900000, 0x0000000709900000| Untracked 
| 126|0x0000000709a00000, 0x0000000709a00000, 0x0000000709b00000|  0%| F|  |TAMS 0x0000000709a00000, 0x0000000709a00000| Untracked 
| 127|0x0000000709b00000, 0x0000000709b00000, 0x0000000709c00000|  0%| F|  |TAMS 0x0000000709b00000, 0x0000000709b00000| Untracked 
| 128|0x0000000709c00000, 0x0000000709c00000, 0x0000000709d00000|  0%| F|  |TAMS 0x0000000709c00000, 0x0000000709c00000| Untracked 
| 129|0x0000000709d00000, 0x0000000709d00000, 0x0000000709e00000|  0%| F|  |TAMS 0x0000000709d00000, 0x0000000709d00000| Untracked 
| 130|0x0000000709e00000, 0x0000000709e00000, 0x0000000709f00000|  0%| F|  |TAMS 0x0000000709e00000, 0x0000000709e00000| Untracked 
| 131|0x0000000709f00000, 0x0000000709f00000, 0x000000070a000000|  0%| F|  |TAMS 0x0000000709f00000, 0x0000000709f00000| Untracked 
| 132|0x000000070a000000, 0x000000070a000000, 0x000000070a100000|  0%| F|  |TAMS 0x000000070a000000, 0x000000070a000000| Untracked 
| 133|0x000000070a100000, 0x000000070a100000, 0x000000070a200000|  0%| F|  |TAMS 0x000000070a100000, 0x000000070a100000| Untracked 
| 134|0x000000070a200000, 0x000000070a200000, 0x000000070a300000|  0%| F|  |TAMS 0x000000070a200000, 0x000000070a200000| Untracked 
| 135|0x000000070a300000, 0x000000070a300000, 0x000000070a400000|  0%| F|  |TAMS 0x000000070a300000, 0x000000070a300000| Untracked 
| 136|0x000000070a400000, 0x000000070a400000, 0x000000070a500000|  0%| F|  |TAMS 0x000000070a400000, 0x000000070a400000| Untracked 
| 137|0x000000070a500000, 0x000000070a500000, 0x000000070a600000|  0%| F|  |TAMS 0x000000070a500000, 0x000000070a500000| Untracked 
| 138|0x000000070a600000, 0x000000070a600000, 0x000000070a700000|  0%| F|  |TAMS 0x000000070a600000, 0x000000070a600000| Untracked 
| 139|0x000000070a700000, 0x000000070a700000, 0x000000070a800000|  0%| F|  |TAMS 0x000000070a700000, 0x000000070a700000| Untracked 
| 140|0x000000070a800000, 0x000000070a800000, 0x000000070a900000|  0%| F|  |TAMS 0x000000070a800000, 0x000000070a800000| Untracked 
| 141|0x000000070a900000, 0x000000070a900000, 0x000000070aa00000|  0%| F|  |TAMS 0x000000070a900000, 0x000000070a900000| Untracked 
| 142|0x000000070aa00000, 0x000000070aa00000, 0x000000070ab00000|  0%| F|  |TAMS 0x000000070aa00000, 0x000000070aa00000| Untracked 
| 143|0x000000070ab00000, 0x000000070ab00000, 0x000000070ac00000|  0%| F|  |TAMS 0x000000070ab00000, 0x000000070ab00000| Untracked 
| 144|0x000000070ac00000, 0x000000070ac00000, 0x000000070ad00000|  0%| F|  |TAMS 0x000000070ac00000, 0x000000070ac00000| Untracked 
| 145|0x000000070ad00000, 0x000000070ad00000, 0x000000070ae00000|  0%| F|  |TAMS 0x000000070ad00000, 0x000000070ad00000| Untracked 
| 146|0x000000070ae00000, 0x000000070ae00000, 0x000000070af00000|  0%| F|  |TAMS 0x000000070ae00000, 0x000000070ae00000| Untracked 
| 147|0x000000070af00000, 0x000000070af00000, 0x000000070b000000|  0%| F|  |TAMS 0x000000070af00000, 0x000000070af00000| Untracked 
| 148|0x000000070b000000, 0x000000070b000000, 0x000000070b100000|  0%| F|  |TAMS 0x000000070b000000, 0x000000070b000000| Untracked 
| 149|0x000000070b100000, 0x000000070b100000, 0x000000070b200000|  0%| F|  |TAMS 0x000000070b100000, 0x000000070b100000| Untracked 
| 150|0x000000070b200000, 0x000000070b200000, 0x000000070b300000|  0%| F|  |TAMS 0x000000070b200000, 0x000000070b200000| Untracked 
| 151|0x000000070b300000, 0x000000070b300000, 0x000000070b400000|  0%| F|  |TAMS 0x000000070b300000, 0x000000070b300000| Untracked 
| 152|0x000000070b400000, 0x000000070b400000, 0x000000070b500000|  0%| F|  |TAMS 0x000000070b400000, 0x000000070b400000| Untracked 
| 153|0x000000070b500000, 0x000000070b500000, 0x000000070b600000|  0%| F|  |TAMS 0x000000070b500000, 0x000000070b500000| Untracked 
| 154|0x000000070b600000, 0x000000070b600000, 0x000000070b700000|  0%| F|  |TAMS 0x000000070b600000, 0x000000070b600000| Untracked 
| 155|0x000000070b700000, 0x000000070b700000, 0x000000070b800000|  0%| F|  |TAMS 0x000000070b700000, 0x000000070b700000| Untracked 
| 156|0x000000070b800000, 0x000000070b800000, 0x000000070b900000|  0%| F|  |TAMS 0x000000070b800000, 0x000000070b800000| Untracked 
| 157|0x000000070b900000, 0x000000070b900000, 0x000000070ba00000|  0%| F|  |TAMS 0x000000070b900000, 0x000000070b900000| Untracked 
| 158|0x000000070ba00000, 0x000000070ba00000, 0x000000070bb00000|  0%| F|  |TAMS 0x000000070ba00000, 0x000000070ba00000| Untracked 
| 159|0x000000070bb00000, 0x000000070bb00000, 0x000000070bc00000|  0%| F|  |TAMS 0x000000070bb00000, 0x000000070bb00000| Untracked 
| 160|0x000000070bc00000, 0x000000070bc00000, 0x000000070bd00000|  0%| F|  |TAMS 0x000000070bc00000, 0x000000070bc00000| Untracked 
| 161|0x000000070bd00000, 0x000000070bd00000, 0x000000070be00000|  0%| F|  |TAMS 0x000000070bd00000, 0x000000070bd00000| Untracked 
| 162|0x000000070be00000, 0x000000070be00000, 0x000000070bf00000|  0%| F|  |TAMS 0x000000070be00000, 0x000000070be00000| Untracked 
| 163|0x000000070bf00000, 0x000000070bf00000, 0x000000070c000000|  0%| F|  |TAMS 0x000000070bf00000, 0x000000070bf00000| Untracked 
| 164|0x000000070c000000, 0x000000070c000000, 0x000000070c100000|  0%| F|  |TAMS 0x000000070c000000, 0x000000070c000000| Untracked 
| 165|0x000000070c100000, 0x000000070c100000, 0x000000070c200000|  0%| F|  |TAMS 0x000000070c100000, 0x000000070c100000| Untracked 
| 166|0x000000070c200000, 0x000000070c200000, 0x000000070c300000|  0%| F|  |TAMS 0x000000070c200000, 0x000000070c200000| Untracked 
| 167|0x000000070c300000, 0x000000070c300000, 0x000000070c400000|  0%| F|  |TAMS 0x000000070c300000, 0x000000070c300000| Untracked 
| 168|0x000000070c400000, 0x000000070c400000, 0x000000070c500000|  0%| F|  |TAMS 0x000000070c400000, 0x000000070c400000| Untracked 
| 169|0x000000070c500000, 0x000000070c500000, 0x000000070c600000|  0%| F|  |TAMS 0x000000070c500000, 0x000000070c500000| Untracked 
| 170|0x000000070c600000, 0x000000070c600000, 0x000000070c700000|  0%| F|  |TAMS 0x000000070c600000, 0x000000070c600000| Untracked 
| 171|0x000000070c700000, 0x000000070c700000, 0x000000070c800000|  0%| F|  |TAMS 0x000000070c700000, 0x000000070c700000| Untracked 
| 172|0x000000070c800000, 0x000000070c800000, 0x000000070c900000|  0%| F|  |TAMS 0x000000070c800000, 0x000000070c800000| Untracked 
| 173|0x000000070c900000, 0x000000070c900000, 0x000000070ca00000|  0%| F|  |TAMS 0x000000070c900000, 0x000000070c900000| Untracked 
| 174|0x000000070ca00000, 0x000000070ca00000, 0x000000070cb00000|  0%| F|  |TAMS 0x000000070ca00000, 0x000000070ca00000| Untracked 
| 175|0x000000070cb00000, 0x000000070cb00000, 0x000000070cc00000|  0%| F|  |TAMS 0x000000070cb00000, 0x000000070cb00000| Untracked 
| 176|0x000000070cc00000, 0x000000070cc00000, 0x000000070cd00000|  0%| F|  |TAMS 0x000000070cc00000, 0x000000070cc00000| Untracked 
| 177|0x000000070cd00000, 0x000000070cd00000, 0x000000070ce00000|  0%| F|  |TAMS 0x000000070cd00000, 0x000000070cd00000| Untracked 
| 178|0x000000070ce00000, 0x000000070ce00000, 0x000000070cf00000|  0%| F|  |TAMS 0x000000070ce00000, 0x000000070ce00000| Untracked 
| 179|0x000000070cf00000, 0x000000070cf00000, 0x000000070d000000|  0%| F|  |TAMS 0x000000070cf00000, 0x000000070cf00000| Untracked 
| 180|0x000000070d000000, 0x000000070d000000, 0x000000070d100000|  0%| F|  |TAMS 0x000000070d000000, 0x000000070d000000| Untracked 
| 181|0x000000070d100000, 0x000000070d170968, 0x000000070d200000| 43%| S|CS|TAMS 0x000000070d100000, 0x000000070d100000| Complete 
| 182|0x000000070d200000, 0x000000070d300000, 0x000000070d300000|100%| S|CS|TAMS 0x000000070d200000, 0x000000070d200000| Complete 
| 183|0x000000070d300000, 0x000000070d400000, 0x000000070d400000|100%| S|CS|TAMS 0x000000070d300000, 0x000000070d300000| Complete 
| 184|0x000000070d400000, 0x000000070d500000, 0x000000070d500000|100%| S|CS|TAMS 0x000000070d400000, 0x000000070d400000| Complete 
| 185|0x000000070d500000, 0x000000070d600000, 0x000000070d600000|100%| S|CS|TAMS 0x000000070d500000, 0x000000070d500000| Complete 
| 186|0x000000070d600000, 0x000000070d700000, 0x000000070d700000|100%| S|CS|TAMS 0x000000070d600000, 0x000000070d600000| Complete 
| 187|0x000000070d700000, 0x000000070d800000, 0x000000070d800000|100%| S|CS|TAMS 0x000000070d700000, 0x000000070d700000| Complete 
| 188|0x000000070d800000, 0x000000070d900000, 0x000000070d900000|100%| S|CS|TAMS 0x000000070d800000, 0x000000070d800000| Complete 
| 189|0x000000070d900000, 0x000000070da00000, 0x000000070da00000|100%| S|CS|TAMS 0x000000070d900000, 0x000000070d900000| Complete 
| 190|0x000000070da00000, 0x000000070da00000, 0x000000070db00000|  0%| F|  |TAMS 0x000000070da00000, 0x000000070da00000| Untracked 
| 191|0x000000070db00000, 0x000000070db00000, 0x000000070dc00000|  0%| F|  |TAMS 0x000000070db00000, 0x000000070db00000| Untracked 
| 192|0x000000070dc00000, 0x000000070dc00000, 0x000000070dd00000|  0%| F|  |TAMS 0x000000070dc00000, 0x000000070dc00000| Untracked 
| 193|0x000000070dd00000, 0x000000070dd00000, 0x000000070de00000|  0%| F|  |TAMS 0x000000070dd00000, 0x000000070dd00000| Untracked 
| 194|0x000000070de00000, 0x000000070de00000, 0x000000070df00000|  0%| F|  |TAMS 0x000000070de00000, 0x000000070de00000| Untracked 
| 195|0x000000070df00000, 0x000000070df00000, 0x000000070e000000|  0%| F|  |TAMS 0x000000070df00000, 0x000000070df00000| Untracked 
| 196|0x000000070e000000, 0x000000070e000000, 0x000000070e100000|  0%| F|  |TAMS 0x000000070e000000, 0x000000070e000000| Untracked 
| 197|0x000000070e100000, 0x000000070e100000, 0x000000070e200000|  0%| F|  |TAMS 0x000000070e100000, 0x000000070e100000| Untracked 
| 198|0x000000070e200000, 0x000000070e200000, 0x000000070e300000|  0%| F|  |TAMS 0x000000070e200000, 0x000000070e200000| Untracked 
| 199|0x000000070e300000, 0x000000070e300000, 0x000000070e400000|  0%| F|  |TAMS 0x000000070e300000, 0x000000070e300000| Untracked 
| 200|0x000000070e400000, 0x000000070e400000, 0x000000070e500000|  0%| F|  |TAMS 0x000000070e400000, 0x000000070e400000| Untracked 
| 201|0x000000070e500000, 0x000000070e500000, 0x000000070e600000|  0%| F|  |TAMS 0x000000070e500000, 0x000000070e500000| Untracked 
| 202|0x000000070e600000, 0x000000070e600000, 0x000000070e700000|  0%| F|  |TAMS 0x000000070e600000, 0x000000070e600000| Untracked 
| 203|0x000000070e700000, 0x000000070e700000, 0x000000070e800000|  0%| F|  |TAMS 0x000000070e700000, 0x000000070e700000| Untracked 
| 204|0x000000070e800000, 0x000000070e800000, 0x000000070e900000|  0%| F|  |TAMS 0x000000070e800000, 0x000000070e800000| Untracked 
| 205|0x000000070e900000, 0x000000070e900000, 0x000000070ea00000|  0%| F|  |TAMS 0x000000070e900000, 0x000000070e900000| Untracked 
| 206|0x000000070ea00000, 0x000000070ea00000, 0x000000070eb00000|  0%| F|  |TAMS 0x000000070ea00000, 0x000000070ea00000| Untracked 
| 207|0x000000070eb00000, 0x000000070eb00000, 0x000000070ec00000|  0%| F|  |TAMS 0x000000070eb00000, 0x000000070eb00000| Untracked 
| 208|0x000000070ec00000, 0x000000070ec00000, 0x000000070ed00000|  0%| F|  |TAMS 0x000000070ec00000, 0x000000070ec00000| Untracked 
| 209|0x000000070ed00000, 0x000000070ed00000, 0x000000070ee00000|  0%| F|  |TAMS 0x000000070ed00000, 0x000000070ed00000| Untracked 
| 210|0x000000070ee00000, 0x000000070ee00000, 0x000000070ef00000|  0%| F|  |TAMS 0x000000070ee00000, 0x000000070ee00000| Untracked 
| 211|0x000000070ef00000, 0x000000070ef00000, 0x000000070f000000|  0%| F|  |TAMS 0x000000070ef00000, 0x000000070ef00000| Untracked 
| 212|0x000000070f000000, 0x000000070f000000, 0x000000070f100000|  0%| F|  |TAMS 0x000000070f000000, 0x000000070f000000| Untracked 
| 213|0x000000070f100000, 0x000000070f100000, 0x000000070f200000|  0%| F|  |TAMS 0x000000070f100000, 0x000000070f100000| Untracked 
| 214|0x000000070f200000, 0x000000070f200000, 0x000000070f300000|  0%| F|  |TAMS 0x000000070f200000, 0x000000070f200000| Untracked 
| 215|0x000000070f300000, 0x000000070f300000, 0x000000070f400000|  0%| F|  |TAMS 0x000000070f300000, 0x000000070f300000| Untracked 
| 216|0x000000070f400000, 0x000000070f400000, 0x000000070f500000|  0%| F|  |TAMS 0x000000070f400000, 0x000000070f400000| Untracked 
| 217|0x000000070f500000, 0x000000070f500000, 0x000000070f600000|  0%| F|  |TAMS 0x000000070f500000, 0x000000070f500000| Untracked 
| 218|0x000000070f600000, 0x000000070f600000, 0x000000070f700000|  0%| F|  |TAMS 0x000000070f600000, 0x000000070f600000| Untracked 
| 219|0x000000070f700000, 0x000000070f700000, 0x000000070f800000|  0%| F|  |TAMS 0x000000070f700000, 0x000000070f700000| Untracked 
| 220|0x000000070f800000, 0x000000070f800000, 0x000000070f900000|  0%| F|  |TAMS 0x000000070f800000, 0x000000070f800000| Untracked 
| 221|0x000000070f900000, 0x000000070f900000, 0x000000070fa00000|  0%| F|  |TAMS 0x000000070f900000, 0x000000070f900000| Untracked 
| 222|0x000000070fa00000, 0x000000070fa00000, 0x000000070fb00000|  0%| F|  |TAMS 0x000000070fa00000, 0x000000070fa00000| Untracked 
| 223|0x000000070fb00000, 0x000000070fb00000, 0x000000070fc00000|  0%| F|  |TAMS 0x000000070fb00000, 0x000000070fb00000| Untracked 
| 224|0x000000070fc00000, 0x000000070fc00000, 0x000000070fd00000|  0%| F|  |TAMS 0x000000070fc00000, 0x000000070fc00000| Untracked 
| 225|0x000000070fd00000, 0x000000070fd00000, 0x000000070fe00000|  0%| F|  |TAMS 0x000000070fd00000, 0x000000070fd00000| Untracked 
| 226|0x000000070fe00000, 0x000000070fe00000, 0x000000070ff00000|  0%| F|  |TAMS 0x000000070fe00000, 0x000000070fe00000| Untracked 
| 227|0x000000070ff00000, 0x000000070ff00000, 0x0000000710000000|  0%| F|  |TAMS 0x000000070ff00000, 0x000000070ff00000| Untracked 
| 228|0x0000000710000000, 0x0000000710000000, 0x0000000710100000|  0%| F|  |TAMS 0x0000000710000000, 0x0000000710000000| Untracked 
| 229|0x0000000710100000, 0x0000000710100000, 0x0000000710200000|  0%| F|  |TAMS 0x0000000710100000, 0x0000000710100000| Untracked 
| 230|0x0000000710200000, 0x0000000710200000, 0x0000000710300000|  0%| F|  |TAMS 0x0000000710200000, 0x0000000710200000| Untracked 
| 231|0x0000000710300000, 0x0000000710300000, 0x0000000710400000|  0%| F|  |TAMS 0x0000000710300000, 0x0000000710300000| Untracked 
| 232|0x0000000710400000, 0x0000000710400000, 0x0000000710500000|  0%| F|  |TAMS 0x0000000710400000, 0x0000000710400000| Untracked 
| 233|0x0000000710500000, 0x0000000710500000, 0x0000000710600000|  0%| F|  |TAMS 0x0000000710500000, 0x0000000710500000| Untracked 
| 234|0x0000000710600000, 0x0000000710600000, 0x0000000710700000|  0%| F|  |TAMS 0x0000000710600000, 0x0000000710600000| Untracked 
| 235|0x0000000710700000, 0x0000000710700000, 0x0000000710800000|  0%| F|  |TAMS 0x0000000710700000, 0x0000000710700000| Untracked 
| 236|0x0000000710800000, 0x0000000710800000, 0x0000000710900000|  0%| F|  |TAMS 0x0000000710800000, 0x0000000710800000| Untracked 
| 237|0x0000000710900000, 0x0000000710900000, 0x0000000710a00000|  0%| F|  |TAMS 0x0000000710900000, 0x0000000710900000| Untracked 
| 238|0x0000000710a00000, 0x0000000710a00000, 0x0000000710b00000|  0%| F|  |TAMS 0x0000000710a00000, 0x0000000710a00000| Untracked 
| 239|0x0000000710b00000, 0x0000000710b00000, 0x0000000710c00000|  0%| F|  |TAMS 0x0000000710b00000, 0x0000000710b00000| Untracked 
| 240|0x0000000710c00000, 0x0000000710c00000, 0x0000000710d00000|  0%| F|  |TAMS 0x0000000710c00000, 0x0000000710c00000| Untracked 
| 241|0x0000000710d00000, 0x0000000710d00000, 0x0000000710e00000|  0%| F|  |TAMS 0x0000000710d00000, 0x0000000710d00000| Untracked 
| 242|0x0000000710e00000, 0x0000000710e00000, 0x0000000710f00000|  0%| F|  |TAMS 0x0000000710e00000, 0x0000000710e00000| Untracked 
| 243|0x0000000710f00000, 0x0000000710f00000, 0x0000000711000000|  0%| F|  |TAMS 0x0000000710f00000, 0x0000000710f00000| Untracked 
| 244|0x0000000711000000, 0x0000000711000000, 0x0000000711100000|  0%| F|  |TAMS 0x0000000711000000, 0x0000000711000000| Untracked 
| 245|0x0000000711100000, 0x0000000711100000, 0x0000000711200000|  0%| F|  |TAMS 0x0000000711100000, 0x0000000711100000| Untracked 
| 246|0x0000000711200000, 0x0000000711200000, 0x0000000711300000|  0%| F|  |TAMS 0x0000000711200000, 0x0000000711200000| Untracked 
| 247|0x0000000711300000, 0x0000000711300000, 0x0000000711400000|  0%| F|  |TAMS 0x0000000711300000, 0x0000000711300000| Untracked 
| 248|0x0000000711400000, 0x0000000711400000, 0x0000000711500000|  0%| F|  |TAMS 0x0000000711400000, 0x0000000711400000| Untracked 
| 249|0x0000000711500000, 0x0000000711500000, 0x0000000711600000|  0%| F|  |TAMS 0x0000000711500000, 0x0000000711500000| Untracked 
| 250|0x0000000711600000, 0x0000000711600000, 0x0000000711700000|  0%| F|  |TAMS 0x0000000711600000, 0x0000000711600000| Untracked 
| 251|0x0000000711700000, 0x0000000711700000, 0x0000000711800000|  0%| F|  |TAMS 0x0000000711700000, 0x0000000711700000| Untracked 
| 252|0x0000000711800000, 0x0000000711900000, 0x0000000711900000|100%| E|  |TAMS 0x0000000711800000, 0x0000000711800000| Complete 
| 253|0x0000000711900000, 0x0000000711a00000, 0x0000000711a00000|100%| E|CS|TAMS 0x0000000711900000, 0x0000000711900000| Complete 
| 254|0x0000000711a00000, 0x0000000711b00000, 0x0000000711b00000|100%| E|CS|TAMS 0x0000000711a00000, 0x0000000711a00000| Complete 
| 255|0x0000000711b00000, 0x0000000711c00000, 0x0000000711c00000|100%| E|CS|TAMS 0x0000000711b00000, 0x0000000711b00000| Complete 

Card table byte_map: [0x000002466bca0000,0x000002466c4a0000] _byte_map_base: 0x0000024668492000

Marking Bits (Prev, Next): (CMBitMap*) 0x0000024653dbaa10, (CMBitMap*) 0x0000024653dba9d8
 Prev Bits: [0x0000024670c30000, 0x0000024674bc0000)
 Next Bits: [0x000002466cca0000, 0x0000024670c30000)

Polling page: 0x0000024651ca0000

Metaspace:

Usage:
  Non-class:     19.65 MB capacity,    19.32 MB ( 98%) used,   314.14 KB (  2%) free+waste,    26.69 KB ( <1%) overhead. 
      Class:      2.37 MB capacity,     2.24 MB ( 94%) used,   125.42 KB (  5%) free+waste,    10.31 KB ( <1%) overhead. 
       Both:     22.02 MB capacity,    21.56 MB ( 98%) used,   439.56 KB (  2%) free+waste,    37.00 KB ( <1%) overhead. 

Virtual space:
  Non-class space:       20.00 MB reserved,      19.92 MB (>99%) committed 
      Class space:        1.00 GB reserved,       2.38 MB ( <1%) committed 
             Both:        1.02 GB reserved,      22.30 MB (  2%) committed 

Chunk freelists:
   Non-Class:  4.75 KB
       Class:  640 bytes
        Both:  5.38 KB

CodeHeap 'non-profiled nmethods': size=120000Kb used=1785Kb max_used=1785Kb free=118214Kb
 bounds [0x0000024663c40000, 0x0000024663eb0000, 0x000002466b170000]
CodeHeap 'profiled nmethods': size=120000Kb used=7517Kb max_used=7517Kb free=112483Kb
 bounds [0x000002465c710000, 0x000002465ce70000, 0x0000024663c40000]
CodeHeap 'non-nmethods': size=5760Kb used=1124Kb max_used=1176Kb free=4635Kb
 bounds [0x000002465c170000, 0x000002465c3e0000, 0x000002465c710000]
 total_blobs=3823 nmethods=3394 adapters=340
 compilation: enabled
              stopped_count=0, restarted_count=0
 full_count=0

Compilation events (10 events):
Event: 2.991 Thread 0x0000024678050000 nmethod 3373 0x000002465ce44310 code [0x000002465ce444c0, 0x000002465ce44718]
Event: 2.991 Thread 0x0000024678050000 3374       3       org.apache.maven.model.interpolation.StringVisitorModelInterpolator$ModelVisitor::visit (84 bytes)
Event: 2.992 Thread 0x0000024678050000 nmethod 3374 0x000002465ce44810 code [0x000002465ce44ac0, 0x000002465ce45b90]
Event: 2.993 Thread 0x0000024678050000 3375       1       org.apache.maven.model.building.DefaultModelBuildingRequest::getRawModel (5 bytes)
Event: 2.993 Thread 0x0000024678050000 nmethod 3375 0x0000024663df9890 code [0x0000024663df9a20, 0x0000024663df9b38]
Event: 2.994 Thread 0x0000024678050000 3376       3       org.apache.maven.model.io.xpp3.MavenXpp3Reader::parsePlugin (506 bytes)
Event: 2.998 Thread 0x0000024678050000 nmethod 3376 0x000002465ce46010 code [0x000002465ce46720, 0x000002465ce4a080]
Event: 2.998 Thread 0x0000024678050000 3381       3       org.codehaus.plexus.util.xml.pull.MXParser::nextImpl (1202 bytes)
Event: 3.003 Thread 0x0000024678050000 nmethod 3381 0x000002465ce4b310 code [0x000002465ce4b9e0, 0x000002465ce4f4c0]
Event: 3.004 Thread 0x0000024678050000 3380       3       sun.util.locale.provider.CalendarDataUtility::findRegionOverride (109 bytes)

GC Heap History (6 events):
Event: 0.927 GC heap before
{Heap before GC invocations=0 (full 0):
 garbage-first heap   total 262144K, used 23552K [0x0000000701c00000, 0x0000000800000000)
  region size 1024K, 24 young (24576K), 0 survivors (0K)
 Metaspace       used 13498K, capacity 13727K, committed 14080K, reserved 1062912K
  class space    used 1365K, capacity 1428K, committed 1536K, reserved 1048576K
}
Event: 0.931 GC heap after
{Heap after GC invocations=1 (full 0):
 garbage-first heap   total 262144K, used 3668K [0x0000000701c00000, 0x0000000800000000)
  region size 1024K, 3 young (3072K), 3 survivors (3072K)
 Metaspace       used 13498K, capacity 13727K, committed 14080K, reserved 1062912K
  class space    used 1365K, capacity 1428K, committed 1536K, reserved 1048576K
}
Event: 1.903 GC heap before
{Heap before GC invocations=1 (full 0):
 garbage-first heap   total 262144K, used 53844K [0x0000000701c00000, 0x0000000800000000)
  region size 1024K, 53 young (54272K), 3 survivors (3072K)
 Metaspace       used 20789K, capacity 21112K, committed 21296K, reserved 1069056K
  class space    used 2240K, capacity 2357K, committed 2432K, reserved 1048576K
}
Event: 1.910 GC heap after
{Heap after GC invocations=2 (full 0):
 garbage-first heap   total 262144K, used 6868K [0x0000000701c00000, 0x0000000800000000)
  region size 1024K, 7 young (7168K), 7 survivors (7168K)
 Metaspace       used 20789K, capacity 21112K, committed 21296K, reserved 1069056K
  class space    used 2240K, capacity 2357K, committed 2432K, reserved 1048576K
}
Event: 2.954 GC heap before
{Heap before GC invocations=3 (full 0):
 garbage-first heap   total 262144K, used 67284K [0x0000000701c00000, 0x0000000800000000)
  region size 1024K, 66 young (67584K), 7 survivors (7168K)
 Metaspace       used 22034K, capacity 22485K, committed 22576K, reserved 1069056K
  class space    used 2291K, capacity 2427K, committed 2432K, reserved 1048576K
}
Event: 2.964 GC heap after
{Heap after GC invocations=4 (full 0):
 garbage-first heap   total 262144K, used 12100K [0x0000000701c00000, 0x0000000800000000)
  region size 1024K, 9 young (9216K), 9 survivors (9216K)
 Metaspace       used 22034K, capacity 22485K, committed 22576K, reserved 1069056K
  class space    used 2291K, capacity 2427K, committed 2432K, reserved 1048576K
}

Deoptimization events (10 events):
Event: 2.725 Thread 0x0000024653d5c000 Uncommon trap: reason=intrinsic_or_type_checked_inlining action=make_not_entrant pc=0x0000024663d5f9d0 method=java.util.Arrays.copyOf([Ljava/lang/Object;ILjava/lang/Class;)[Ljava/lang/Object; @ 35 c2
Event: 2.769 Thread 0x0000024653d5c000 Uncommon trap: reason=unstable_if action=reinterpret pc=0x0000024663d4b2fc method=java.lang.StringUTF16.compress([CII)[B @ 13 c2
Event: 2.777 Thread 0x0000024653d5c000 Uncommon trap: reason=unstable_if action=reinterpret pc=0x0000024663d4c568 method=java.lang.String.indexOf(Ljava/lang/String;)I @ 8 c2
Event: 2.788 Thread 0x0000024653d5c000 Uncommon trap: reason=unstable_if action=reinterpret pc=0x0000024663cd9e6c method=java.lang.String.indexOf(Ljava/lang/String;)I @ 8 c2
Event: 2.884 Thread 0x0000024653d5c000 Uncommon trap: reason=unstable_if action=reinterpret pc=0x0000024663d63c3c method=java.util.HashMap.hash(Ljava/lang/Object;)I @ 1 c2
Event: 2.884 Thread 0x0000024653d5c000 Uncommon trap: reason=unstable_if action=reinterpret pc=0x0000024663c8d1d8 method=java.util.HashMap.hash(Ljava/lang/Object;)I @ 1 c2
Event: 2.885 Thread 0x0000024653d5c000 Uncommon trap: reason=unstable_if action=reinterpret pc=0x0000024663ce613c method=java.util.HashMap.hash(Ljava/lang/Object;)I @ 1 c2
Event: 2.885 Thread 0x0000024653d5c000 Uncommon trap: reason=unstable_if action=reinterpret pc=0x0000024663c4dab8 method=java.util.HashMap.hash(Ljava/lang/Object;)I @ 1 c2
Event: 2.901 Thread 0x0000024653d5c000 Uncommon trap: reason=null_check action=make_not_entrant pc=0x0000024663d8f7d8 method=org.eclipse.sisu.inject.LocatedBeans$Itr.hasNext()Z @ 35 c2
Event: 2.998 Thread 0x0000024653d5c000 Uncommon trap: reason=unstable_if action=reinterpret pc=0x0000024663da2f58 method=org.codehaus.plexus.util.xml.pull.MXParser.nextImpl()I @ 972 c2

Classes redefined (0 events):
No events

Internal exceptions (10 events):
Event: 1.611 Thread 0x0000024653d5c000 Exception <a 'java/lang/NoClassDefFoundError'{0x000000070f2dc070}> (0x000000070f2dc070) thrown at [./open/src/hotspot/share/prims/jvm.cpp, line 1300]
Event: 1.611 Thread 0x0000024653d5c000 Exception <a 'java/lang/NoClassDefFoundError'{0x000000070f2ded38}: javax/annotation/Priority> (0x000000070f2ded38) thrown at [./open/src/hotspot/share/classfile/systemDictionary.cpp, line 217]
Event: 1.825 Thread 0x0000024653d5c000 Implicit null exception at 0x0000024663c8da74 to 0x0000024663c8dfb6
Event: 1.825 Thread 0x0000024653d5c000 Implicit null exception at 0x0000024663c857f4 to 0x0000024663c85d02
Event: 2.711 Thread 0x0000024653d5c000 Implicit null exception at 0x0000024663daf6e5 to 0x0000024663db367a
Event: 2.716 Thread 0x0000024653d5c000 Implicit null exception at 0x0000024663d7eb4c to 0x0000024663d7f4ca
Event: 2.884 Thread 0x0000024653d5c000 Implicit null exception at 0x0000024663d639c3 to 0x0000024663d63c26
Event: 2.884 Thread 0x0000024653d5c000 Implicit null exception at 0x0000024663c8c35e to 0x0000024663c8d1be
Event: 2.885 Thread 0x0000024653d5c000 Implicit null exception at 0x0000024663ce5f55 to 0x0000024663ce612a
Event: 2.885 Thread 0x0000024653d5c000 Implicit null exception at 0x0000024663c4da2f to 0x0000024663c4daa9

Events (10 events):
Event: 2.922 loading class org/eclipse/aether/collection/DependencyManagement done
Event: 2.954 Executing VM operation: G1CollectForAllocation
Event: 2.964 Executing VM operation: G1CollectForAllocation done
Event: 2.970 Thread 0x0000024653d5c000 DEOPT PACKING pc=0x000002465cc1c001 sp=0x000000cfd9efbfe0
Event: 2.970 Thread 0x0000024653d5c000 DEOPT UNPACKING pc=0x000002465c198fce sp=0x000000cfd9efb478 mode 0
Event: 2.982 Thread 0x0000024653d5c000 DEOPT PACKING pc=0x000002465c7d984b sp=0x000000cfd9efcdb0
Event: 2.982 Thread 0x0000024653d5c000 DEOPT UNPACKING pc=0x000002465c198fce sp=0x000000cfd9efc2f0 mode 0
Event: 2.998 Thread 0x0000024653d5c000 Uncommon trap: trap_request=0xffffff4d fr.pc=0x0000024663da2f58 relative=0x0000000000000e18
Event: 2.998 Thread 0x0000024653d5c000 DEOPT PACKING pc=0x0000024663da2f58 sp=0x000000cfd9efc520
Event: 2.998 Thread 0x0000024653d5c000 DEOPT UNPACKING pc=0x000002465c1991af sp=0x000000cfd9efc4a0 mode 2


Dynamic libraries:
0x00007ff7efac0000 - 0x00007ff7efacf000 	C:\Program Files\Java\jdk-11.0.8\bin\java.exe
0x00007ffe32b70000 - 0x00007ffe32d65000 	C:\WINDOWS\SYSTEM32\ntdll.dll
0x00007ffe32460000 - 0x00007ffe3251e000 	C:\WINDOWS\System32\KERNEL32.DLL
0x00007ffe30510000 - 0x00007ffe307d8000 	C:\WINDOWS\System32\KERNELBASE.dll
0x00007ffe302d0000 - 0x00007ffe303d0000 	C:\WINDOWS\System32\ucrtbase.dll
0x00007ffdfeef0000 - 0x00007ffdfef08000 	C:\Program Files\Java\jdk-11.0.8\bin\jli.dll
0x00007ffdfbad0000 - 0x00007ffdfbae5000 	C:\Program Files\Java\jdk-11.0.8\bin\VCRUNTIME140.dll
0x00007ffe317e0000 - 0x00007ffe3188c000 	C:\WINDOWS\System32\ADVAPI32.dll
0x00007ffe31990000 - 0x00007ffe31a2e000 	C:\WINDOWS\System32\msvcrt.dll
0x00007ffe32970000 - 0x00007ffe32a0b000 	C:\WINDOWS\System32\sechost.dll
0x00007ffe31a40000 - 0x00007ffe31b6a000 	C:\WINDOWS\System32\RPCRT4.dll
0x00007ffe30f50000 - 0x00007ffe310f1000 	C:\WINDOWS\System32\USER32.dll
0x00007ffe1ae70000 - 0x00007ffe1b10a000 	C:\WINDOWS\WinSxS\amd64_microsoft.windows.common-controls_6595b64144ccf1df_6.0.19041.1110_none_60b5254171f9507e\COMCTL32.dll
0x00007ffe30880000 - 0x00007ffe308a2000 	C:\WINDOWS\System32\win32u.dll
0x00007ffe30bb0000 - 0x00007ffe30bdb000 	C:\WINDOWS\System32\GDI32.dll
0x00007ffe30400000 - 0x00007ffe3050d000 	C:\WINDOWS\System32\gdi32full.dll
0x00007ffe307e0000 - 0x00007ffe3087d000 	C:\WINDOWS\System32\msvcp_win.dll
0x00007ffe27c10000 - 0x00007ffe27c1a000 	C:\WINDOWS\SYSTEM32\VERSION.dll
0x00007ffe30e10000 - 0x00007ffe30e40000 	C:\WINDOWS\System32\IMM32.DLL
0x00007ffddd910000 - 0x00007ffddd9ab000 	C:\Program Files\Java\jdk-11.0.8\bin\msvcp140.dll
0x00007ffdc3170000 - 0x00007ffdc3c56000 	C:\Program Files\Java\jdk-11.0.8\bin\server\jvm.dll
0x00007ffe318a0000 - 0x00007ffe318a8000 	C:\WINDOWS\System32\PSAPI.DLL
0x00007ffe1a460000 - 0x00007ffe1a469000 	C:\WINDOWS\SYSTEM32\WSOCK32.dll
0x00007ffe1b2d0000 - 0x00007ffe1b2f7000 	C:\WINDOWS\SYSTEM32\WINMM.dll
0x00007ffe31ca0000 - 0x00007ffe31d0b000 	C:\WINDOWS\System32\WS2_32.dll
0x00007ffe2eb30000 - 0x00007ffe2eb42000 	C:\WINDOWS\SYSTEM32\kernel.appcore.dll
0x00007ffe22dd0000 - 0x00007ffe22de0000 	C:\Program Files\Java\jdk-11.0.8\bin\verify.dll
0x00007ffe2e7c0000 - 0x00007ffe2e9a4000 	C:\WINDOWS\SYSTEM32\DBGHELP.DLL
0x00007ffe19450000 - 0x00007ffe1947c000 	C:\WINDOWS\SYSTEM32\dbgcore.DLL
0x00007ffe308b0000 - 0x00007ffe30932000 	C:\WINDOWS\System32\bcryptPrimitives.dll
0x00007ffdf9950000 - 0x00007ffdf9978000 	C:\Program Files\Java\jdk-11.0.8\bin\java.dll
0x00007ffe1a700000 - 0x00007ffe1a70a000 	C:\Program Files\Java\jdk-11.0.8\bin\jimage.dll
0x00007ffe18250000 - 0x00007ffe1825e000 	C:\Program Files\Java\jdk-11.0.8\bin\instrument.dll
0x00007ffdf9cc0000 - 0x00007ffdf9cd6000 	C:\Program Files\Java\jdk-11.0.8\bin\zip.dll
0x00007ffe31d10000 - 0x00007ffe32454000 	C:\WINDOWS\System32\SHELL32.dll
0x00007ffe2e020000 - 0x00007ffe2e7b4000 	C:\WINDOWS\SYSTEM32\windows.storage.dll
0x00007ffe32610000 - 0x00007ffe32965000 	C:\WINDOWS\System32\combase.dll
0x00007ffe2fcd0000 - 0x00007ffe2fcfe000 	C:\WINDOWS\SYSTEM32\Wldp.dll
0x00007ffe30e40000 - 0x00007ffe30eed000 	C:\WINDOWS\System32\SHCORE.dll
0x00007ffe31120000 - 0x00007ffe31175000 	C:\WINDOWS\System32\shlwapi.dll
0x00007ffe301c0000 - 0x00007ffe301df000 	C:\WINDOWS\SYSTEM32\profapi.dll
0x00007ffdf71f0000 - 0x00007ffdf7209000 	C:\Program Files\Java\jdk-11.0.8\bin\net.dll
0x00007ffe249c0000 - 0x00007ffe24acc000 	C:\WINDOWS\SYSTEM32\WINHTTP.dll
0x00007ffe2fa30000 - 0x00007ffe2fa9a000 	C:\WINDOWS\system32\mswsock.dll
0x00007ffdf71d0000 - 0x00007ffdf71e2000 	C:\Program Files\Java\jdk-11.0.8\bin\nio.dll
0x00007ffdf6ce0000 - 0x00007ffdf6cfa000 	C:\Program Files\JetBrains\IntelliJ IDEA 2021.2.3\bin\breakgen64.dll
0x00007ffe2fc30000 - 0x00007ffe2fc48000 	C:\WINDOWS\SYSTEM32\CRYPTSP.dll
0x00007ffe2f340000 - 0x00007ffe2f374000 	C:\WINDOWS\system32\rsaenh.dll
0x00007ffe303d0000 - 0x00007ffe303f7000 	C:\WINDOWS\System32\bcrypt.dll
0x00007ffe30180000 - 0x00007ffe301ae000 	C:\WINDOWS\SYSTEM32\USERENV.dll
0x00007ffe2fc20000 - 0x00007ffe2fc2c000 	C:\WINDOWS\SYSTEM32\CRYPTBASE.dll
0x00007ffe2f6d0000 - 0x00007ffe2f70b000 	C:\WINDOWS\SYSTEM32\IPHLPAPI.DLL
0x00007ffe31a30000 - 0x00007ffe31a38000 	C:\WINDOWS\System32\NSI.dll
0x00007ffe27c70000 - 0x00007ffe27c87000 	C:\WINDOWS\SYSTEM32\dhcpcsvc6.DLL
0x00007ffe28770000 - 0x00007ffe2878d000 	C:\WINDOWS\SYSTEM32\dhcpcsvc.DLL
0x00007ffe2f720000 - 0x00007ffe2f7eb000 	C:\WINDOWS\SYSTEM32\DNSAPI.dll
0x00007ffe17320000 - 0x00007ffe1732a000 	C:\Users\asus\AppData\Local\Temp\jansi-1.17.1-3306141173276827637.dll
0x00007ffe16c80000 - 0x00007ffe16c8a000 	C:\Users\asus\AppData\Local\Temp\jansi-1.17.1-6939543798099063079.dll

dbghelp: loaded successfully - version: 4.0.5 - missing functions: none
symbol engine: initialized successfully - sym options: 0x614 - pdb path: .;C:\Program Files\Java\jdk-11.0.8\bin;C:\WINDOWS\SYSTEM32;C:\WINDOWS\WinSxS\amd64_microsoft.windows.common-controls_6595b64144ccf1df_6.0.19041.1110_none_60b5254171f9507e;C:\Program Files\Java\jdk-11.0.8\bin\server;C:\Program Files\JetBrains\IntelliJ IDEA 2021.2.3\bin;C:\Users\asus\AppData\Local\Temp

VM Arguments:
jvm_args: -Dmaven.multiModuleProjectDirectory=C:\Users\asus\Documents\GitHub\bookend-services-unit_test\book-service -Dmaven.home=C:\Program Files\JetBrains\IntelliJ IDEA 2021.2.3\plugins\maven\lib\maven3 -Dclassworlds.conf=C:\Program Files\JetBrains\IntelliJ IDEA 2021.2.3\plugins\maven\lib\maven3\bin\m2.conf -Dmaven.ext.class.path=C:\Program Files\JetBrains\IntelliJ IDEA 2021.2.3\plugins\maven\lib\maven-event-listener.jar -javaagent:C:\Program Files\JetBrains\IntelliJ IDEA 2021.2.3\lib\idea_rt.jar=60751:C:\Program Files\JetBrains\IntelliJ IDEA 2021.2.3\bin -Dfile.encoding=UTF-8 
java_command: org.codehaus.classworlds.Launcher -Didea.version=2021.2.3 clean install test org.pitest:pitest-maven:mutationCoverage
java_class_path (initial): C:\Program Files\JetBrains\IntelliJ IDEA 2021.2.3\plugins\maven\lib\maven3\boot\plexus-classworlds-2.6.0.jar;C:\Program Files\JetBrains\IntelliJ IDEA 2021.2.3\plugins\maven\lib\maven3\boot\plexus-classworlds.license
Launcher Type: SUN_STANDARD

[Global flags]
     intx CICompilerCount                          = 4                                         {product} {ergonomic}
     uint ConcGCThreads                            = 2                                         {product} {ergonomic}
     uint G1ConcRefinementThreads                  = 8                                         {product} {ergonomic}
   size_t G1HeapRegionSize                         = 1048576                                   {product} {ergonomic}
    uintx GCDrainStackTargetSize                   = 64                                        {product} {ergonomic}
   size_t InitialHeapSize                          = 268435456                                 {product} {ergonomic}
   size_t MarkStackSize                            = 4194304                                   {product} {ergonomic}
   size_t MaxHeapSize                              = 4265607168                                {product} {ergonomic}
   size_t MaxNewSize                               = 2558525440                                {product} {ergonomic}
   size_t MinHeapDeltaBytes                        = 1048576                                   {product} {ergonomic}
    uintx NonNMethodCodeHeapSize                   = 5836300                                {pd product} {ergonomic}
    uintx NonProfiledCodeHeapSize                  = 122910970                              {pd product} {ergonomic}
    uintx ProfiledCodeHeapSize                     = 122910970                              {pd product} {ergonomic}
    uintx ReservedCodeCacheSize                    = 251658240                              {pd product} {ergonomic}
     bool SegmentedCodeCache                       = true                                      {product} {ergonomic}
     bool UseCompressedClassPointers               = true                                 {lp64_product} {ergonomic}
     bool UseCompressedOops                        = true                                 {lp64_product} {ergonomic}
     bool UseG1GC                                  = true                                      {product} {ergonomic}
     bool UseLargePagesIndividualAllocation        = false                                  {pd product} {ergonomic}

Logging:
Log output configuration:
 #0: stdout all=warning uptime,level,tags
 #1: stderr all=off uptime,level,tags

Environment Variables:
JAVA_HOME=C:\Program Files\Java\jdk-11.0.8
JRE_HOME=C:\Program Files\Java\jdk-11.0.8\jre
CLASSPATH=.;C:\Program Files\Java\jdk-11.0.8\lib;C:\Program Files\Java\jdk-11.0.8\jre\lib;
PATH=%JAVA_HOME%\bin;%GRADLE_HOME%\bin;D:\Program Files\Git\cmd;C:\Program Files\MySQL\MySQL Shell 8.0\bin\;C:\Users\asus\AppData\Local\Programs\Python\Python35\Scripts\;C:\Users\asus\AppData\Local\Programs\Python\Python35\;C:\Users\asus\Anaconda3;C:\Users\asus\Anaconda3\Library\mingw-w64\bin;C:\Users\asus\Anaconda3\Library\usr\bin;C:\Users\asus\Anaconda3\Library\bin;C:\Users\asus\Anaconda3\Scripts;C:\Users\asus\AppData\Local\Programs\Python\Python36\Scripts\;C:\Users\asus\AppData\Local\Programs\Python\Python36\;C:\Users\asus\AppData\Local\Microsoft\WindowsApps;C:\Modeltech_pe_edu_10.4a\win32pe_edu;C:\Program Files\Docker Toolbox;C:\zookeeper\bin;C:\kafka\bin\windows;C:\Users\asus\AppData\Local\GitHubDesktop\bin;D:\Microsoft VS Code\bin;C:\Program Files\JetBrains\IntelliJ IDEA 2021.2.3\bin;;C:\Users\asus\AppData\Roaming\npm;C:\Windows\System32;C:\Program Files\nodejs;C:\WINDOWS\System32\Wbem;C:\Program Files\apache-maven-3.8.3\bin;C:\Windows\System32;
USERNAME=asus
OS=Windows_NT
PROCESSOR_IDENTIFIER=Intel64 Family 6 Model 158 Stepping 9, GenuineIntel



---------------  S Y S T E M  ---------------

OS: Windows 10 , 64 bit Build 19041 (10.0.19041.1348)

CPU:total 8 (initial active 8) (4 cores per cpu, 2 threads per core) family 6 model 158 stepping 9, cmov, cx8, fxsr, mmx, sse, sse2, sse3, ssse3, sse4.1, sse4.2, popcnt, avx, avx2, aes, clmul, erms, 3dnowpref, lzcnt, ht, tsc, tscinvbit, bmi1, bmi2, adx, fma

Memory: 4k page, system-wide physical 16268M (2855M free)
TotalPageFile size 16268M (AvailPageFile size 204M)
current process WorkingSet (physical memory assigned to process): 175M, peak: 177M
current process commit charge ("private bytes"): 396M, peak: 398M

vm_info: Java HotSpot(TM) 64-Bit Server VM (11.0.8+10-LTS) for windows-amd64 JRE (11.0.8+10-LTS), built on Jun 16 2020 05:53:08 by "mach5one" with unknown MS VC++:1916

END.
