#
# There is insufficient memory for the Java Runtime Environment to continue.
# Native memory allocation (malloc) failed to allocate 412816 bytes for Chunk::new
# Possible reasons:
#   The system is out of physical RAM or swap space
#   The process is running with CompressedOops enabled, and the Java Heap may be blocking the growth of the native heap
# Possible solutions:
#   Reduce memory load on the system
#   Increase physical memory or swap space
#   Check if swap backing store is full
#   Decrease Java heap size (-Xmx/-Xms)
#   Decrease number of Java threads
#   Decrease Java thread stack sizes (-Xss)
#   Set larger code cache with -XX:ReservedCodeCacheSize=
#   JVM is running with Zero Based Compressed Oops mode in which the Java heap is
#     placed in the first 32GB address space. The Java Heap base address is the
#     maximum limit for the native heap growth. Please use -XX:HeapBaseMinAddress
#     to set the Java Heap base and to place the Java Heap above 32GB virtual address.
# This output file may be truncated or incomplete.
#
#  Out of Memory Error (./open/src/hotspot/share/memory/arena.cpp:197), pid=20476, tid=14388
#
# JRE version: Java(TM) SE Runtime Environment 18.9 (11.0.8+10) (build 11.0.8+10-LTS)
# Java VM: Java HotSpot(TM) 64-Bit Server VM 18.9 (11.0.8+10-LTS, mixed mode, tiered, compressed oops, g1 gc, windows-amd64)
# No core dump will be written. Minidumps are not enabled by default on client versions of Windows
#

---------------  S U M M A R Y ------------

Command Line: C:\Users\asus\AppData\Local\Temp\surefire17723408402863727977\surefirebooter5461974136061273637.jar C:\Users\asus\AppData\Local\Temp\surefire17723408402863727977 2021-12-13T21-17-36_008-jvmRun1 surefire11003294671996570469tmp surefire_014066158176936119740tmp

Host: Intel(R) Core(TM) i7-7700HQ CPU @ 2.80GHz, 8 cores, 15G,  Windows 10 , 64 bit Build 19041 (10.0.19041.1348)
Time: Mon Dec 13 21:17:37 2021 GTB Standart Saati elapsed time: 1 seconds (0d 0h 0m 1s)

---------------  T H R E A D  ---------------

Current thread (0x0000013239433000):  JavaThread "C2 CompilerThread0" daemon [_thread_in_native, id=14388, stack(0x0000000101100000,0x0000000101200000)]


Current CompileTask:
C2:   1206 1617       4       java.lang.reflect.ProxyGenerator$ConstantPool::getIndirect (63 bytes)

Stack: [0x0000000101100000,0x0000000101200000]
Native frames: (J=compiled Java code, j=interpreted, Vv=VM code, C=native code)
V  [jvm.dll+0x601aea]
V  [jvm.dll+0x737fef]
V  [jvm.dll+0x739675]
V  [jvm.dll+0x739cf3]
V  [jvm.dll+0x242848]
V  [jvm.dll+0xb999c]
V  [jvm.dll+0xb9f2c]
V  [jvm.dll+0x344162]
V  [jvm.dll+0x312003]
V  [jvm.dll+0x31134a]
V  [jvm.dll+0x1fc2e5]
V  [jvm.dll+0x1fb49f]
V  [jvm.dll+0x17e0fc]
V  [jvm.dll+0x20aaa4]
V  [jvm.dll+0x208b7b]
V  [jvm.dll+0x6ff90c]
V  [jvm.dll+0x6f845c]
V  [jvm.dll+0x600d66]
C  [ucrtbase.dll+0x21bb2]
C  [KERNEL32.DLL+0x17034]
C  [ntdll.dll+0x52651]


---------------  P R O C E S S  ---------------

Threads class SMR info:
_java_thread_list=0x000001323a9a9010, length=14, elements={
0x0000013215154000, 0x0000013238b1e000, 0x0000013238b1f000, 0x000001323942e800,
0x0000013239430800, 0x0000013239433000, 0x000001323943e000, 0x0000013239443800,
0x00000132395b0000, 0x00000132395ba000, 0x00000132395ce800, 0x00000132395b6800,
0x00000132395b7800, 0x000001323ab45000
}

Java Threads: ( => current thread )
  0x0000013215154000 JavaThread "main" [_thread_blocked, id=11296, stack(0x0000000100600000,0x0000000100700000)]
  0x0000013238b1e000 JavaThread "Reference Handler" daemon [_thread_blocked, id=14220, stack(0x0000000100d00000,0x0000000100e00000)]
  0x0000013238b1f000 JavaThread "Finalizer" daemon [_thread_blocked, id=18876, stack(0x0000000100e00000,0x0000000100f00000)]
  0x000001323942e800 JavaThread "Signal Dispatcher" daemon [_thread_blocked, id=12224, stack(0x0000000100f00000,0x0000000101000000)]
  0x0000013239430800 JavaThread "Attach Listener" daemon [_thread_blocked, id=2660, stack(0x0000000101000000,0x0000000101100000)]
=>0x0000013239433000 JavaThread "C2 CompilerThread0" daemon [_thread_in_native, id=14388, stack(0x0000000101100000,0x0000000101200000)]
  0x000001323943e000 JavaThread "C1 CompilerThread0" daemon [_thread_blocked, id=10648, stack(0x0000000101200000,0x0000000101300000)]
  0x0000013239443800 JavaThread "Sweeper thread" daemon [_thread_blocked, id=14736, stack(0x0000000101300000,0x0000000101400000)]
  0x00000132395b0000 JavaThread "Service Thread" daemon [_thread_blocked, id=19464, stack(0x0000000101400000,0x0000000101500000)]
  0x00000132395ba000 JavaThread "Common-Cleaner" daemon [_thread_blocked, id=3144, stack(0x0000000101600000,0x0000000101700000)]
  0x00000132395ce800 JavaThread "C2 CompilerThread1" daemon [_thread_blocked, id=8244, stack(0x0000000101700000,0x0000000101800000)]
  0x00000132395b6800 JavaThread "surefire-forkedjvm-command-thread" daemon [_thread_in_native, id=11716, stack(0x0000000101800000,0x0000000101900000)]
  0x00000132395b7800 JavaThread "surefire-forkedjvm-ping-30s" daemon [_thread_blocked, id=7980, stack(0x0000000101900000,0x0000000101a00000)]
  0x000001323ab45000 JavaThread "C2 CompilerThread2" daemon [_thread_blocked, id=16580, stack(0x0000000101f00000,0x0000000102000000)]

Other Threads:
  0x0000013238b1c000 VMThread "VM Thread" [stack: 0x0000000100c00000,0x0000000100d00000] [id=15468]
  0x00000132395b4800 WatcherThread [stack: 0x0000000101500000,0x0000000101600000] [id=7832]
  0x000001321516a800 GCTaskThread "GC Thread#0" [stack: 0x0000000100700000,0x0000000100800000] [id=8448]
  0x00000132395b2800 GCTaskThread "GC Thread#1" [stack: 0x0000000101a00000,0x0000000101b00000] [id=17036]
  0x0000013239f53800 GCTaskThread "GC Thread#2" [stack: 0x0000000101b00000,0x0000000101c00000] [id=13044]
  0x0000013239f54000 GCTaskThread "GC Thread#3" [stack: 0x0000000101c00000,0x0000000101d00000] [id=11508]
  0x0000013239adf800 GCTaskThread "GC Thread#4" [stack: 0x0000000101d00000,0x0000000101e00000] [id=13036]
  0x0000013239ae0000 GCTaskThread "GC Thread#5" [stack: 0x0000000101e00000,0x0000000101f00000] [id=6224]
  0x00000132151c9000 ConcurrentGCThread "G1 Main Marker" [stack: 0x0000000100800000,0x0000000100900000] [id=11064]
  0x00000132151cb800 ConcurrentGCThread "G1 Conc#0" [stack: 0x0000000100900000,0x0000000100a00000] [id=9276]
  0x000001323aaa8000 ConcurrentGCThread "G1 Conc#1" [stack: 0x0000000102000000,0x0000000102100000] [id=5212]
  0x00000132389fd000 ConcurrentGCThread "G1 Refine#0" [stack: 0x0000000100a00000,0x0000000100b00000] [id=4232]
  0x0000013238a00000 ConcurrentGCThread "G1 Young RemSet Sampling" [stack: 0x0000000100b00000,0x0000000100c00000] [id=15704]

Threads with active compile tasks:
C2 CompilerThread0   1229 1617       4       java.lang.reflect.ProxyGenerator$ConstantPool::getIndirect (63 bytes)
C2 CompilerThread2   1229 1619       4       java.io.WinNTFileSystem::normalize (143 bytes)

VM state:at safepoint (normal execution)

VM Mutex/Monitor currently owned by a thread:  ([mutex/lock_event])
[0x00000132151538f0] Threads_lock - owner thread: 0x0000013238b1c000
[0x0000013215152db0] Heap_lock - owner thread: 0x0000013215154000

Heap address: 0x0000000701c00000, size: 4068 MB, Compressed Oops mode: Zero based, Oop shift amount: 3
Narrow klass base: 0x0000000800000000, Narrow klass shift: 0
Compressed class space size: 1073741824 Address: 0x0000000800000000

Heap:
 garbage-first heap   total 262144K, used 12482K [0x0000000701c00000, 0x0000000800000000)
  region size 1024K, 8 young (8192K), 8 survivors (8192K)
 Metaspace       used 19087K, capacity 19648K, committed 19712K, reserved 1075200K
  class space    used 2059K, capacity 2290K, committed 2304K, reserved 1048576K
Heap Regions: E=young(eden), S=young(survivor), O=old, HS=humongous(starts), HC=humongous(continues), CS=collection set, F=free, A=archive, TAMS=top-at-mark-start (previous, next)
|   0|0x0000000701c00000, 0x0000000701d00000, 0x0000000701d00000|100%| O|  |TAMS 0x0000000701c00000, 0x0000000701d00000| Untracked 
|   1|0x0000000701d00000, 0x0000000701e00000, 0x0000000701e00000|100%| O|  |TAMS 0x0000000701d00000, 0x0000000701e00000| Untracked 
|   2|0x0000000701e00000, 0x0000000701f00000, 0x0000000701f00000|100%| O|  |TAMS 0x0000000701e00000, 0x0000000701f00000| Untracked 
|   3|0x0000000701f00000, 0x0000000702000000, 0x0000000702000000|100%| O|  |TAMS 0x0000000701f00000, 0x0000000702000000| Untracked 
|   4|0x0000000702000000, 0x00000007020dd200, 0x0000000702100000| 86%| O|  |TAMS 0x0000000702000000, 0x00000007020dd200| Untracked 
|   5|0x0000000702100000, 0x0000000702100000, 0x0000000702200000|  0%| F|  |TAMS 0x0000000702100000, 0x0000000702100000| Untracked 
|   6|0x0000000702200000, 0x0000000702200000, 0x0000000702300000|  0%| F|  |TAMS 0x0000000702200000, 0x0000000702200000| Untracked 
|   7|0x0000000702300000, 0x0000000702300000, 0x0000000702400000|  0%| F|  |TAMS 0x0000000702300000, 0x0000000702300000| Untracked 
|   8|0x0000000702400000, 0x0000000702400000, 0x0000000702500000|  0%| F|  |TAMS 0x0000000702400000, 0x0000000702400000| Untracked 
|   9|0x0000000702500000, 0x0000000702500000, 0x0000000702600000|  0%| F|  |TAMS 0x0000000702500000, 0x0000000702500000| Untracked 
|  10|0x0000000702600000, 0x0000000702600000, 0x0000000702700000|  0%| F|  |TAMS 0x0000000702600000, 0x0000000702600000| Untracked 
|  11|0x0000000702700000, 0x0000000702700000, 0x0000000702800000|  0%| F|  |TAMS 0x0000000702700000, 0x0000000702700000| Untracked 
|  12|0x0000000702800000, 0x0000000702800000, 0x0000000702900000|  0%| F|  |TAMS 0x0000000702800000, 0x0000000702800000| Untracked 
|  13|0x0000000702900000, 0x0000000702900000, 0x0000000702a00000|  0%| F|  |TAMS 0x0000000702900000, 0x0000000702900000| Untracked 
|  14|0x0000000702a00000, 0x0000000702a00000, 0x0000000702b00000|  0%| F|  |TAMS 0x0000000702a00000, 0x0000000702a00000| Untracked 
|  15|0x0000000702b00000, 0x0000000702b00000, 0x0000000702c00000|  0%| F|  |TAMS 0x0000000702b00000, 0x0000000702b00000| Untracked 
|  16|0x0000000702c00000, 0x0000000702c00000, 0x0000000702d00000|  0%| F|  |TAMS 0x0000000702c00000, 0x0000000702c00000| Untracked 
|  17|0x0000000702d00000, 0x0000000702d00000, 0x0000000702e00000|  0%| F|  |TAMS 0x0000000702d00000, 0x0000000702d00000| Untracked 
|  18|0x0000000702e00000, 0x0000000702e00000, 0x0000000702f00000|  0%| F|  |TAMS 0x0000000702e00000, 0x0000000702e00000| Untracked 
|  19|0x0000000702f00000, 0x0000000702f00000, 0x0000000703000000|  0%| F|  |TAMS 0x0000000702f00000, 0x0000000702f00000| Untracked 
|  20|0x0000000703000000, 0x0000000703000000, 0x0000000703100000|  0%| F|  |TAMS 0x0000000703000000, 0x0000000703000000| Untracked 
|  21|0x0000000703100000, 0x0000000703100000, 0x0000000703200000|  0%| F|  |TAMS 0x0000000703100000, 0x0000000703100000| Untracked 
|  22|0x0000000703200000, 0x0000000703200000, 0x0000000703300000|  0%| F|  |TAMS 0x0000000703200000, 0x0000000703200000| Untracked 
|  23|0x0000000703300000, 0x0000000703300000, 0x0000000703400000|  0%| F|  |TAMS 0x0000000703300000, 0x0000000703300000| Untracked 
|  24|0x0000000703400000, 0x0000000703400000, 0x0000000703500000|  0%| F|  |TAMS 0x0000000703400000, 0x0000000703400000| Untracked 
|  25|0x0000000703500000, 0x0000000703500000, 0x0000000703600000|  0%| F|  |TAMS 0x0000000703500000, 0x0000000703500000| Untracked 
|  26|0x0000000703600000, 0x0000000703600000, 0x0000000703700000|  0%| F|  |TAMS 0x0000000703600000, 0x0000000703600000| Untracked 
|  27|0x0000000703700000, 0x0000000703700000, 0x0000000703800000|  0%| F|  |TAMS 0x0000000703700000, 0x0000000703700000| Untracked 
|  28|0x0000000703800000, 0x0000000703800000, 0x0000000703900000|  0%| F|  |TAMS 0x0000000703800000, 0x0000000703800000| Untracked 
|  29|0x0000000703900000, 0x0000000703900000, 0x0000000703a00000|  0%| F|  |TAMS 0x0000000703900000, 0x0000000703900000| Untracked 
|  30|0x0000000703a00000, 0x0000000703a00000, 0x0000000703b00000|  0%| F|  |TAMS 0x0000000703a00000, 0x0000000703a00000| Untracked 
|  31|0x0000000703b00000, 0x0000000703b00000, 0x0000000703c00000|  0%| F|  |TAMS 0x0000000703b00000, 0x0000000703b00000| Untracked 
|  32|0x0000000703c00000, 0x0000000703c00000, 0x0000000703d00000|  0%| F|  |TAMS 0x0000000703c00000, 0x0000000703c00000| Untracked 
|  33|0x0000000703d00000, 0x0000000703d00000, 0x0000000703e00000|  0%| F|  |TAMS 0x0000000703d00000, 0x0000000703d00000| Untracked 
|  34|0x0000000703e00000, 0x0000000703e00000, 0x0000000703f00000|  0%| F|  |TAMS 0x0000000703e00000, 0x0000000703e00000| Untracked 
|  35|0x0000000703f00000, 0x0000000703f00000, 0x0000000704000000|  0%| F|  |TAMS 0x0000000703f00000, 0x0000000703f00000| Untracked 
|  36|0x0000000704000000, 0x0000000704000000, 0x0000000704100000|  0%| F|  |TAMS 0x0000000704000000, 0x0000000704000000| Untracked 
|  37|0x0000000704100000, 0x0000000704100000, 0x0000000704200000|  0%| F|  |TAMS 0x0000000704100000, 0x0000000704100000| Untracked 
|  38|0x0000000704200000, 0x0000000704200000, 0x0000000704300000|  0%| F|  |TAMS 0x0000000704200000, 0x0000000704200000| Untracked 
|  39|0x0000000704300000, 0x0000000704300000, 0x0000000704400000|  0%| F|  |TAMS 0x0000000704300000, 0x0000000704300000| Untracked 
|  40|0x0000000704400000, 0x0000000704400000, 0x0000000704500000|  0%| F|  |TAMS 0x0000000704400000, 0x0000000704400000| Untracked 
|  41|0x0000000704500000, 0x0000000704500000, 0x0000000704600000|  0%| F|  |TAMS 0x0000000704500000, 0x0000000704500000| Untracked 
|  42|0x0000000704600000, 0x0000000704600000, 0x0000000704700000|  0%| F|  |TAMS 0x0000000704600000, 0x0000000704600000| Untracked 
|  43|0x0000000704700000, 0x0000000704700000, 0x0000000704800000|  0%| F|  |TAMS 0x0000000704700000, 0x0000000704700000| Untracked 
|  44|0x0000000704800000, 0x0000000704800000, 0x0000000704900000|  0%| F|  |TAMS 0x0000000704800000, 0x0000000704800000| Untracked 
|  45|0x0000000704900000, 0x0000000704900000, 0x0000000704a00000|  0%| F|  |TAMS 0x0000000704900000, 0x0000000704900000| Untracked 
|  46|0x0000000704a00000, 0x0000000704a00000, 0x0000000704b00000|  0%| F|  |TAMS 0x0000000704a00000, 0x0000000704a00000| Untracked 
|  47|0x0000000704b00000, 0x0000000704b00000, 0x0000000704c00000|  0%| F|  |TAMS 0x0000000704b00000, 0x0000000704b00000| Untracked 
|  48|0x0000000704c00000, 0x0000000704c00000, 0x0000000704d00000|  0%| F|  |TAMS 0x0000000704c00000, 0x0000000704c00000| Untracked 
|  49|0x0000000704d00000, 0x0000000704d00000, 0x0000000704e00000|  0%| F|  |TAMS 0x0000000704d00000, 0x0000000704d00000| Untracked 
|  50|0x0000000704e00000, 0x0000000704e00000, 0x0000000704f00000|  0%| F|  |TAMS 0x0000000704e00000, 0x0000000704e00000| Untracked 
|  51|0x0000000704f00000, 0x0000000704f00000, 0x0000000705000000|  0%| F|  |TAMS 0x0000000704f00000, 0x0000000704f00000| Untracked 
|  52|0x0000000705000000, 0x0000000705000000, 0x0000000705100000|  0%| F|  |TAMS 0x0000000705000000, 0x0000000705000000| Untracked 
|  53|0x0000000705100000, 0x0000000705100000, 0x0000000705200000|  0%| F|  |TAMS 0x0000000705100000, 0x0000000705100000| Untracked 
|  54|0x0000000705200000, 0x0000000705200000, 0x0000000705300000|  0%| F|  |TAMS 0x0000000705200000, 0x0000000705200000| Untracked 
|  55|0x0000000705300000, 0x0000000705300000, 0x0000000705400000|  0%| F|  |TAMS 0x0000000705300000, 0x0000000705300000| Untracked 
|  56|0x0000000705400000, 0x0000000705400000, 0x0000000705500000|  0%| F|  |TAMS 0x0000000705400000, 0x0000000705400000| Untracked 
|  57|0x0000000705500000, 0x0000000705500000, 0x0000000705600000|  0%| F|  |TAMS 0x0000000705500000, 0x0000000705500000| Untracked 
|  58|0x0000000705600000, 0x0000000705600000, 0x0000000705700000|  0%| F|  |TAMS 0x0000000705600000, 0x0000000705600000| Untracked 
|  59|0x0000000705700000, 0x0000000705700000, 0x0000000705800000|  0%| F|  |TAMS 0x0000000705700000, 0x0000000705700000| Untracked 
|  60|0x0000000705800000, 0x0000000705800000, 0x0000000705900000|  0%| F|  |TAMS 0x0000000705800000, 0x0000000705800000| Untracked 
|  61|0x0000000705900000, 0x0000000705900000, 0x0000000705a00000|  0%| F|  |TAMS 0x0000000705900000, 0x0000000705900000| Untracked 
|  62|0x0000000705a00000, 0x0000000705a00000, 0x0000000705b00000|  0%| F|  |TAMS 0x0000000705a00000, 0x0000000705a00000| Untracked 
|  63|0x0000000705b00000, 0x0000000705b00000, 0x0000000705c00000|  0%| F|  |TAMS 0x0000000705b00000, 0x0000000705b00000| Untracked 
|  64|0x0000000705c00000, 0x0000000705c00000, 0x0000000705d00000|  0%| F|  |TAMS 0x0000000705c00000, 0x0000000705c00000| Untracked 
|  65|0x0000000705d00000, 0x0000000705d00000, 0x0000000705e00000|  0%| F|  |TAMS 0x0000000705d00000, 0x0000000705d00000| Untracked 
|  66|0x0000000705e00000, 0x0000000705e00000, 0x0000000705f00000|  0%| F|  |TAMS 0x0000000705e00000, 0x0000000705e00000| Untracked 
|  67|0x0000000705f00000, 0x0000000705f00000, 0x0000000706000000|  0%| F|  |TAMS 0x0000000705f00000, 0x0000000705f00000| Untracked 
|  68|0x0000000706000000, 0x0000000706000000, 0x0000000706100000|  0%| F|  |TAMS 0x0000000706000000, 0x0000000706000000| Untracked 
|  69|0x0000000706100000, 0x0000000706100000, 0x0000000706200000|  0%| F|  |TAMS 0x0000000706100000, 0x0000000706100000| Untracked 
|  70|0x0000000706200000, 0x0000000706200000, 0x0000000706300000|  0%| F|  |TAMS 0x0000000706200000, 0x0000000706200000| Untracked 
|  71|0x0000000706300000, 0x0000000706300000, 0x0000000706400000|  0%| F|  |TAMS 0x0000000706300000, 0x0000000706300000| Untracked 
|  72|0x0000000706400000, 0x0000000706400000, 0x0000000706500000|  0%| F|  |TAMS 0x0000000706400000, 0x0000000706400000| Untracked 
|  73|0x0000000706500000, 0x0000000706500000, 0x0000000706600000|  0%| F|  |TAMS 0x0000000706500000, 0x0000000706500000| Untracked 
|  74|0x0000000706600000, 0x0000000706600000, 0x0000000706700000|  0%| F|  |TAMS 0x0000000706600000, 0x0000000706600000| Untracked 
|  75|0x0000000706700000, 0x0000000706700000, 0x0000000706800000|  0%| F|  |TAMS 0x0000000706700000, 0x0000000706700000| Untracked 
|  76|0x0000000706800000, 0x0000000706800000, 0x0000000706900000|  0%| F|  |TAMS 0x0000000706800000, 0x0000000706800000| Untracked 
|  77|0x0000000706900000, 0x0000000706900000, 0x0000000706a00000|  0%| F|  |TAMS 0x0000000706900000, 0x0000000706900000| Untracked 
|  78|0x0000000706a00000, 0x0000000706a00000, 0x0000000706b00000|  0%| F|  |TAMS 0x0000000706a00000, 0x0000000706a00000| Untracked 
|  79|0x0000000706b00000, 0x0000000706b00000, 0x0000000706c00000|  0%| F|  |TAMS 0x0000000706b00000, 0x0000000706b00000| Untracked 
|  80|0x0000000706c00000, 0x0000000706c00000, 0x0000000706d00000|  0%| F|  |TAMS 0x0000000706c00000, 0x0000000706c00000| Untracked 
|  81|0x0000000706d00000, 0x0000000706d00000, 0x0000000706e00000|  0%| F|  |TAMS 0x0000000706d00000, 0x0000000706d00000| Untracked 
|  82|0x0000000706e00000, 0x0000000706e00000, 0x0000000706f00000|  0%| F|  |TAMS 0x0000000706e00000, 0x0000000706e00000| Untracked 
|  83|0x0000000706f00000, 0x0000000706f00000, 0x0000000707000000|  0%| F|  |TAMS 0x0000000706f00000, 0x0000000706f00000| Untracked 
|  84|0x0000000707000000, 0x0000000707000000, 0x0000000707100000|  0%| F|  |TAMS 0x0000000707000000, 0x0000000707000000| Untracked 
|  85|0x0000000707100000, 0x0000000707100000, 0x0000000707200000|  0%| F|  |TAMS 0x0000000707100000, 0x0000000707100000| Untracked 
|  86|0x0000000707200000, 0x0000000707200000, 0x0000000707300000|  0%| F|  |TAMS 0x0000000707200000, 0x0000000707200000| Untracked 
|  87|0x0000000707300000, 0x0000000707300000, 0x0000000707400000|  0%| F|  |TAMS 0x0000000707300000, 0x0000000707300000| Untracked 
|  88|0x0000000707400000, 0x0000000707400000, 0x0000000707500000|  0%| F|  |TAMS 0x0000000707400000, 0x0000000707400000| Untracked 
|  89|0x0000000707500000, 0x0000000707500000, 0x0000000707600000|  0%| F|  |TAMS 0x0000000707500000, 0x0000000707500000| Untracked 
|  90|0x0000000707600000, 0x0000000707600000, 0x0000000707700000|  0%| F|  |TAMS 0x0000000707600000, 0x0000000707600000| Untracked 
|  91|0x0000000707700000, 0x0000000707700000, 0x0000000707800000|  0%| F|  |TAMS 0x0000000707700000, 0x0000000707700000| Untracked 
|  92|0x0000000707800000, 0x0000000707800000, 0x0000000707900000|  0%| F|  |TAMS 0x0000000707800000, 0x0000000707800000| Untracked 
|  93|0x0000000707900000, 0x0000000707900000, 0x0000000707a00000|  0%| F|  |TAMS 0x0000000707900000, 0x0000000707900000| Untracked 
|  94|0x0000000707a00000, 0x0000000707a00000, 0x0000000707b00000|  0%| F|  |TAMS 0x0000000707a00000, 0x0000000707a00000| Untracked 
|  95|0x0000000707b00000, 0x0000000707b00000, 0x0000000707c00000|  0%| F|  |TAMS 0x0000000707b00000, 0x0000000707b00000| Untracked 
|  96|0x0000000707c00000, 0x0000000707c00000, 0x0000000707d00000|  0%| F|  |TAMS 0x0000000707c00000, 0x0000000707c00000| Untracked 
|  97|0x0000000707d00000, 0x0000000707d00000, 0x0000000707e00000|  0%| F|  |TAMS 0x0000000707d00000, 0x0000000707d00000| Untracked 
|  98|0x0000000707e00000, 0x0000000707e00000, 0x0000000707f00000|  0%| F|  |TAMS 0x0000000707e00000, 0x0000000707e00000| Untracked 
|  99|0x0000000707f00000, 0x0000000707f00000, 0x0000000708000000|  0%| F|  |TAMS 0x0000000707f00000, 0x0000000707f00000| Untracked 
| 100|0x0000000708000000, 0x0000000708000000, 0x0000000708100000|  0%| F|  |TAMS 0x0000000708000000, 0x0000000708000000| Untracked 
| 101|0x0000000708100000, 0x0000000708100000, 0x0000000708200000|  0%| F|  |TAMS 0x0000000708100000, 0x0000000708100000| Untracked 
| 102|0x0000000708200000, 0x0000000708200000, 0x0000000708300000|  0%| F|  |TAMS 0x0000000708200000, 0x0000000708200000| Untracked 
| 103|0x0000000708300000, 0x0000000708300000, 0x0000000708400000|  0%| F|  |TAMS 0x0000000708300000, 0x0000000708300000| Untracked 
| 104|0x0000000708400000, 0x0000000708400000, 0x0000000708500000|  0%| F|  |TAMS 0x0000000708400000, 0x0000000708400000| Untracked 
| 105|0x0000000708500000, 0x0000000708500000, 0x0000000708600000|  0%| F|  |TAMS 0x0000000708500000, 0x0000000708500000| Untracked 
| 106|0x0000000708600000, 0x0000000708600000, 0x0000000708700000|  0%| F|  |TAMS 0x0000000708600000, 0x0000000708600000| Untracked 
| 107|0x0000000708700000, 0x0000000708700000, 0x0000000708800000|  0%| F|  |TAMS 0x0000000708700000, 0x0000000708700000| Untracked 
| 108|0x0000000708800000, 0x0000000708800000, 0x0000000708900000|  0%| F|  |TAMS 0x0000000708800000, 0x0000000708800000| Untracked 
| 109|0x0000000708900000, 0x0000000708900000, 0x0000000708a00000|  0%| F|  |TAMS 0x0000000708900000, 0x0000000708900000| Untracked 
| 110|0x0000000708a00000, 0x0000000708a00000, 0x0000000708b00000|  0%| F|  |TAMS 0x0000000708a00000, 0x0000000708a00000| Untracked 
| 111|0x0000000708b00000, 0x0000000708b00000, 0x0000000708c00000|  0%| F|  |TAMS 0x0000000708b00000, 0x0000000708b00000| Untracked 
| 112|0x0000000708c00000, 0x0000000708c00000, 0x0000000708d00000|  0%| F|  |TAMS 0x0000000708c00000, 0x0000000708c00000| Untracked 
| 113|0x0000000708d00000, 0x0000000708d00000, 0x0000000708e00000|  0%| F|  |TAMS 0x0000000708d00000, 0x0000000708d00000| Untracked 
| 114|0x0000000708e00000, 0x0000000708e00000, 0x0000000708f00000|  0%| F|  |TAMS 0x0000000708e00000, 0x0000000708e00000| Untracked 
| 115|0x0000000708f00000, 0x0000000708f00000, 0x0000000709000000|  0%| F|  |TAMS 0x0000000708f00000, 0x0000000708f00000| Untracked 
| 116|0x0000000709000000, 0x0000000709000000, 0x0000000709100000|  0%| F|  |TAMS 0x0000000709000000, 0x0000000709000000| Untracked 
| 117|0x0000000709100000, 0x0000000709100000, 0x0000000709200000|  0%| F|  |TAMS 0x0000000709100000, 0x0000000709100000| Untracked 
| 118|0x0000000709200000, 0x0000000709200000, 0x0000000709300000|  0%| F|  |TAMS 0x0000000709200000, 0x0000000709200000| Untracked 
| 119|0x0000000709300000, 0x0000000709300000, 0x0000000709400000|  0%| F|  |TAMS 0x0000000709300000, 0x0000000709300000| Untracked 
| 120|0x0000000709400000, 0x0000000709400000, 0x0000000709500000|  0%| F|  |TAMS 0x0000000709400000, 0x0000000709400000| Untracked 
| 121|0x0000000709500000, 0x0000000709500000, 0x0000000709600000|  0%| F|  |TAMS 0x0000000709500000, 0x0000000709500000| Untracked 
| 122|0x0000000709600000, 0x0000000709600000, 0x0000000709700000|  0%| F|  |TAMS 0x0000000709600000, 0x0000000709600000| Untracked 
| 123|0x0000000709700000, 0x0000000709700000, 0x0000000709800000|  0%| F|  |TAMS 0x0000000709700000, 0x0000000709700000| Untracked 
| 124|0x0000000709800000, 0x0000000709800000, 0x0000000709900000|  0%| F|  |TAMS 0x0000000709800000, 0x0000000709800000| Untracked 
| 125|0x0000000709900000, 0x0000000709900000, 0x0000000709a00000|  0%| F|  |TAMS 0x0000000709900000, 0x0000000709900000| Untracked 
| 126|0x0000000709a00000, 0x0000000709a00000, 0x0000000709b00000|  0%| F|  |TAMS 0x0000000709a00000, 0x0000000709a00000| Untracked 
| 127|0x0000000709b00000, 0x0000000709b00000, 0x0000000709c00000|  0%| F|  |TAMS 0x0000000709b00000, 0x0000000709b00000| Untracked 
| 128|0x0000000709c00000, 0x0000000709c00000, 0x0000000709d00000|  0%| F|  |TAMS 0x0000000709c00000, 0x0000000709c00000| Untracked 
| 129|0x0000000709d00000, 0x0000000709d00000, 0x0000000709e00000|  0%| F|  |TAMS 0x0000000709d00000, 0x0000000709d00000| Untracked 
| 130|0x0000000709e00000, 0x0000000709e00000, 0x0000000709f00000|  0%| F|  |TAMS 0x0000000709e00000, 0x0000000709e00000| Untracked 
| 131|0x0000000709f00000, 0x0000000709f00000, 0x000000070a000000|  0%| F|  |TAMS 0x0000000709f00000, 0x0000000709f00000| Untracked 
| 132|0x000000070a000000, 0x000000070a000000, 0x000000070a100000|  0%| F|  |TAMS 0x000000070a000000, 0x000000070a000000| Untracked 
| 133|0x000000070a100000, 0x000000070a100000, 0x000000070a200000|  0%| F|  |TAMS 0x000000070a100000, 0x000000070a100000| Untracked 
| 134|0x000000070a200000, 0x000000070a200000, 0x000000070a300000|  0%| F|  |TAMS 0x000000070a200000, 0x000000070a200000| Untracked 
| 135|0x000000070a300000, 0x000000070a300000, 0x000000070a400000|  0%| F|  |TAMS 0x000000070a300000, 0x000000070a300000| Untracked 
| 136|0x000000070a400000, 0x000000070a400000, 0x000000070a500000|  0%| F|  |TAMS 0x000000070a400000, 0x000000070a400000| Untracked 
| 137|0x000000070a500000, 0x000000070a500000, 0x000000070a600000|  0%| F|  |TAMS 0x000000070a500000, 0x000000070a500000| Untracked 
| 138|0x000000070a600000, 0x000000070a600000, 0x000000070a700000|  0%| F|  |TAMS 0x000000070a600000, 0x000000070a600000| Untracked 
| 139|0x000000070a700000, 0x000000070a700000, 0x000000070a800000|  0%| F|  |TAMS 0x000000070a700000, 0x000000070a700000| Untracked 
| 140|0x000000070a800000, 0x000000070a800000, 0x000000070a900000|  0%| F|  |TAMS 0x000000070a800000, 0x000000070a800000| Untracked 
| 141|0x000000070a900000, 0x000000070a900000, 0x000000070aa00000|  0%| F|  |TAMS 0x000000070a900000, 0x000000070a900000| Untracked 
| 142|0x000000070aa00000, 0x000000070aa00000, 0x000000070ab00000|  0%| F|  |TAMS 0x000000070aa00000, 0x000000070aa00000| Untracked 
| 143|0x000000070ab00000, 0x000000070ab00000, 0x000000070ac00000|  0%| F|  |TAMS 0x000000070ab00000, 0x000000070ab00000| Untracked 
| 144|0x000000070ac00000, 0x000000070ac00000, 0x000000070ad00000|  0%| F|  |TAMS 0x000000070ac00000, 0x000000070ac00000| Untracked 
| 145|0x000000070ad00000, 0x000000070ad00000, 0x000000070ae00000|  0%| F|  |TAMS 0x000000070ad00000, 0x000000070ad00000| Untracked 
| 146|0x000000070ae00000, 0x000000070ae00000, 0x000000070af00000|  0%| F|  |TAMS 0x000000070ae00000, 0x000000070ae00000| Untracked 
| 147|0x000000070af00000, 0x000000070af00000, 0x000000070b000000|  0%| F|  |TAMS 0x000000070af00000, 0x000000070af00000| Untracked 
| 148|0x000000070b000000, 0x000000070b000000, 0x000000070b100000|  0%| F|  |TAMS 0x000000070b000000, 0x000000070b000000| Untracked 
| 149|0x000000070b100000, 0x000000070b100000, 0x000000070b200000|  0%| F|  |TAMS 0x000000070b100000, 0x000000070b100000| Untracked 
| 150|0x000000070b200000, 0x000000070b200000, 0x000000070b300000|  0%| F|  |TAMS 0x000000070b200000, 0x000000070b200000| Untracked 
| 151|0x000000070b300000, 0x000000070b300000, 0x000000070b400000|  0%| F|  |TAMS 0x000000070b300000, 0x000000070b300000| Untracked 
| 152|0x000000070b400000, 0x000000070b400000, 0x000000070b500000|  0%| F|  |TAMS 0x000000070b400000, 0x000000070b400000| Untracked 
| 153|0x000000070b500000, 0x000000070b500000, 0x000000070b600000|  0%| F|  |TAMS 0x000000070b500000, 0x000000070b500000| Untracked 
| 154|0x000000070b600000, 0x000000070b600000, 0x000000070b700000|  0%| F|  |TAMS 0x000000070b600000, 0x000000070b600000| Untracked 
| 155|0x000000070b700000, 0x000000070b700000, 0x000000070b800000|  0%| F|  |TAMS 0x000000070b700000, 0x000000070b700000| Untracked 
| 156|0x000000070b800000, 0x000000070b800000, 0x000000070b900000|  0%| F|  |TAMS 0x000000070b800000, 0x000000070b800000| Untracked 
| 157|0x000000070b900000, 0x000000070b900000, 0x000000070ba00000|  0%| F|  |TAMS 0x000000070b900000, 0x000000070b900000| Untracked 
| 158|0x000000070ba00000, 0x000000070ba00000, 0x000000070bb00000|  0%| F|  |TAMS 0x000000070ba00000, 0x000000070ba00000| Untracked 
| 159|0x000000070bb00000, 0x000000070bb00000, 0x000000070bc00000|  0%| F|  |TAMS 0x000000070bb00000, 0x000000070bb00000| Untracked 
| 160|0x000000070bc00000, 0x000000070bc00000, 0x000000070bd00000|  0%| F|  |TAMS 0x000000070bc00000, 0x000000070bc00000| Untracked 
| 161|0x000000070bd00000, 0x000000070bd00000, 0x000000070be00000|  0%| F|  |TAMS 0x000000070bd00000, 0x000000070bd00000| Untracked 
| 162|0x000000070be00000, 0x000000070be00000, 0x000000070bf00000|  0%| F|  |TAMS 0x000000070be00000, 0x000000070be00000| Untracked 
| 163|0x000000070bf00000, 0x000000070bf00000, 0x000000070c000000|  0%| F|  |TAMS 0x000000070bf00000, 0x000000070bf00000| Untracked 
| 164|0x000000070c000000, 0x000000070c000000, 0x000000070c100000|  0%| F|  |TAMS 0x000000070c000000, 0x000000070c000000| Untracked 
| 165|0x000000070c100000, 0x000000070c100000, 0x000000070c200000|  0%| F|  |TAMS 0x000000070c100000, 0x000000070c100000| Untracked 
| 166|0x000000070c200000, 0x000000070c200000, 0x000000070c300000|  0%| F|  |TAMS 0x000000070c200000, 0x000000070c200000| Untracked 
| 167|0x000000070c300000, 0x000000070c300000, 0x000000070c400000|  0%| F|  |TAMS 0x000000070c300000, 0x000000070c300000| Untracked 
| 168|0x000000070c400000, 0x000000070c400000, 0x000000070c500000|  0%| F|  |TAMS 0x000000070c400000, 0x000000070c400000| Untracked 
| 169|0x000000070c500000, 0x000000070c500000, 0x000000070c600000|  0%| F|  |TAMS 0x000000070c500000, 0x000000070c500000| Untracked 
| 170|0x000000070c600000, 0x000000070c600000, 0x000000070c700000|  0%| F|  |TAMS 0x000000070c600000, 0x000000070c600000| Untracked 
| 171|0x000000070c700000, 0x000000070c700000, 0x000000070c800000|  0%| F|  |TAMS 0x000000070c700000, 0x000000070c700000| Untracked 
| 172|0x000000070c800000, 0x000000070c800000, 0x000000070c900000|  0%| F|  |TAMS 0x000000070c800000, 0x000000070c800000| Untracked 
| 173|0x000000070c900000, 0x000000070c900000, 0x000000070ca00000|  0%| F|  |TAMS 0x000000070c900000, 0x000000070c900000| Untracked 
| 174|0x000000070ca00000, 0x000000070ca00000, 0x000000070cb00000|  0%| F|  |TAMS 0x000000070ca00000, 0x000000070ca00000| Untracked 
| 175|0x000000070cb00000, 0x000000070cb00000, 0x000000070cc00000|  0%| F|  |TAMS 0x000000070cb00000, 0x000000070cb00000| Untracked 
| 176|0x000000070cc00000, 0x000000070cc00000, 0x000000070cd00000|  0%| F|  |TAMS 0x000000070cc00000, 0x000000070cc00000| Untracked 
| 177|0x000000070cd00000, 0x000000070cd00000, 0x000000070ce00000|  0%| F|  |TAMS 0x000000070cd00000, 0x000000070cd00000| Untracked 
| 178|0x000000070ce00000, 0x000000070ce00000, 0x000000070cf00000|  0%| F|  |TAMS 0x000000070ce00000, 0x000000070ce00000| Untracked 
| 179|0x000000070cf00000, 0x000000070cf00000, 0x000000070d000000|  0%| F|  |TAMS 0x000000070cf00000, 0x000000070cf00000| Untracked 
| 180|0x000000070d000000, 0x000000070d000000, 0x000000070d100000|  0%| F|  |TAMS 0x000000070d000000, 0x000000070d000000| Untracked 
| 181|0x000000070d100000, 0x000000070d100000, 0x000000070d200000|  0%| F|  |TAMS 0x000000070d100000, 0x000000070d100000| Untracked 
| 182|0x000000070d200000, 0x000000070d200000, 0x000000070d300000|  0%| F|  |TAMS 0x000000070d200000, 0x000000070d200000| Untracked 
| 183|0x000000070d300000, 0x000000070d300000, 0x000000070d400000|  0%| F|  |TAMS 0x000000070d300000, 0x000000070d300000| Untracked 
| 184|0x000000070d400000, 0x000000070d400000, 0x000000070d500000|  0%| F|  |TAMS 0x000000070d400000, 0x000000070d400000| Untracked 
| 185|0x000000070d500000, 0x000000070d500000, 0x000000070d600000|  0%| F|  |TAMS 0x000000070d500000, 0x000000070d500000| Untracked 
| 186|0x000000070d600000, 0x000000070d600000, 0x000000070d700000|  0%| F|  |TAMS 0x000000070d600000, 0x000000070d600000| Untracked 
| 187|0x000000070d700000, 0x000000070d700000, 0x000000070d800000|  0%| F|  |TAMS 0x000000070d700000, 0x000000070d700000| Untracked 
| 188|0x000000070d800000, 0x000000070d800000, 0x000000070d900000|  0%| F|  |TAMS 0x000000070d800000, 0x000000070d800000| Untracked 
| 189|0x000000070d900000, 0x000000070d953980, 0x000000070da00000| 32%| S|CS|TAMS 0x000000070d900000, 0x000000070d900000| Complete 
| 190|0x000000070da00000, 0x000000070db00000, 0x000000070db00000|100%| S|CS|TAMS 0x000000070da00000, 0x000000070da00000| Complete 
| 191|0x000000070db00000, 0x000000070dc00000, 0x000000070dc00000|100%| S|CS|TAMS 0x000000070db00000, 0x000000070db00000| Complete 
| 192|0x000000070dc00000, 0x000000070dd00000, 0x000000070dd00000|100%| S|CS|TAMS 0x000000070dc00000, 0x000000070dc00000| Complete 
| 193|0x000000070dd00000, 0x000000070de00000, 0x000000070de00000|100%| S|CS|TAMS 0x000000070dd00000, 0x000000070dd00000| Complete 
| 194|0x000000070de00000, 0x000000070df00000, 0x000000070df00000|100%| S|CS|TAMS 0x000000070de00000, 0x000000070de00000| Complete 
| 195|0x000000070df00000, 0x000000070e000000, 0x000000070e000000|100%| S|CS|TAMS 0x000000070df00000, 0x000000070df00000| Complete 
| 196|0x000000070e000000, 0x000000070e100000, 0x000000070e100000|100%| S|CS|TAMS 0x000000070e000000, 0x000000070e000000| Complete 
| 197|0x000000070e100000, 0x000000070e100000, 0x000000070e200000|  0%| F|  |TAMS 0x000000070e100000, 0x000000070e100000| Untracked 
| 198|0x000000070e200000, 0x000000070e200000, 0x000000070e300000|  0%| F|  |TAMS 0x000000070e200000, 0x000000070e200000| Untracked 
| 199|0x000000070e300000, 0x000000070e300000, 0x000000070e400000|  0%| F|  |TAMS 0x000000070e300000, 0x000000070e300000| Untracked 
| 200|0x000000070e400000, 0x000000070e400000, 0x000000070e500000|  0%| F|  |TAMS 0x000000070e400000, 0x000000070e400000| Untracked 
| 201|0x000000070e500000, 0x000000070e500000, 0x000000070e600000|  0%| F|  |TAMS 0x000000070e500000, 0x000000070e500000| Untracked 
| 202|0x000000070e600000, 0x000000070e600000, 0x000000070e700000|  0%| F|  |TAMS 0x000000070e600000, 0x000000070e600000| Untracked 
| 203|0x000000070e700000, 0x000000070e700000, 0x000000070e800000|  0%| F|  |TAMS 0x000000070e700000, 0x000000070e700000| Untracked 
| 204|0x000000070e800000, 0x000000070e800000, 0x000000070e900000|  0%| F|  |TAMS 0x000000070e800000, 0x000000070e800000| Untracked 
| 205|0x000000070e900000, 0x000000070e900000, 0x000000070ea00000|  0%| F|  |TAMS 0x000000070e900000, 0x000000070e900000| Untracked 
| 206|0x000000070ea00000, 0x000000070ea00000, 0x000000070eb00000|  0%| F|  |TAMS 0x000000070ea00000, 0x000000070ea00000| Untracked 
| 207|0x000000070eb00000, 0x000000070eb00000, 0x000000070ec00000|  0%| F|  |TAMS 0x000000070eb00000, 0x000000070eb00000| Untracked 
| 208|0x000000070ec00000, 0x000000070ec00000, 0x000000070ed00000|  0%| F|  |TAMS 0x000000070ec00000, 0x000000070ec00000| Untracked 
| 209|0x000000070ed00000, 0x000000070ed00000, 0x000000070ee00000|  0%| F|  |TAMS 0x000000070ed00000, 0x000000070ed00000| Untracked 
| 210|0x000000070ee00000, 0x000000070ee00000, 0x000000070ef00000|  0%| F|  |TAMS 0x000000070ee00000, 0x000000070ee00000| Untracked 
| 211|0x000000070ef00000, 0x000000070ef00000, 0x000000070f000000|  0%| F|  |TAMS 0x000000070ef00000, 0x000000070ef00000| Untracked 
| 212|0x000000070f000000, 0x000000070f000000, 0x000000070f100000|  0%| F|  |TAMS 0x000000070f000000, 0x000000070f000000| Untracked 
| 213|0x000000070f100000, 0x000000070f100000, 0x000000070f200000|  0%| F|  |TAMS 0x000000070f100000, 0x000000070f100000| Untracked 
| 214|0x000000070f200000, 0x000000070f200000, 0x000000070f300000|  0%| F|  |TAMS 0x000000070f200000, 0x000000070f200000| Untracked 
| 215|0x000000070f300000, 0x000000070f300000, 0x000000070f400000|  0%| F|  |TAMS 0x000000070f300000, 0x000000070f300000| Untracked 
| 216|0x000000070f400000, 0x000000070f400000, 0x000000070f500000|  0%| F|  |TAMS 0x000000070f400000, 0x000000070f400000| Untracked 
| 217|0x000000070f500000, 0x000000070f500000, 0x000000070f600000|  0%| F|  |TAMS 0x000000070f500000, 0x000000070f500000| Untracked 
| 218|0x000000070f600000, 0x000000070f600000, 0x000000070f700000|  0%| F|  |TAMS 0x000000070f600000, 0x000000070f600000| Untracked 
| 219|0x000000070f700000, 0x000000070f700000, 0x000000070f800000|  0%| F|  |TAMS 0x000000070f700000, 0x000000070f700000| Untracked 
| 220|0x000000070f800000, 0x000000070f800000, 0x000000070f900000|  0%| F|  |TAMS 0x000000070f800000, 0x000000070f800000| Untracked 
| 221|0x000000070f900000, 0x000000070f900000, 0x000000070fa00000|  0%| F|  |TAMS 0x000000070f900000, 0x000000070f900000| Untracked 
| 222|0x000000070fa00000, 0x000000070fa00000, 0x000000070fb00000|  0%| F|  |TAMS 0x000000070fa00000, 0x000000070fa00000| Untracked 
| 223|0x000000070fb00000, 0x000000070fb00000, 0x000000070fc00000|  0%| F|  |TAMS 0x000000070fb00000, 0x000000070fb00000| Untracked 
| 224|0x000000070fc00000, 0x000000070fc00000, 0x000000070fd00000|  0%| F|  |TAMS 0x000000070fc00000, 0x000000070fc00000| Untracked 
| 225|0x000000070fd00000, 0x000000070fd00000, 0x000000070fe00000|  0%| F|  |TAMS 0x000000070fd00000, 0x000000070fd00000| Untracked 
| 226|0x000000070fe00000, 0x000000070fe00000, 0x000000070ff00000|  0%| F|  |TAMS 0x000000070fe00000, 0x000000070fe00000| Untracked 
| 227|0x000000070ff00000, 0x000000070ff00000, 0x0000000710000000|  0%| F|  |TAMS 0x000000070ff00000, 0x000000070ff00000| Untracked 
| 228|0x0000000710000000, 0x0000000710000000, 0x0000000710100000|  0%| F|  |TAMS 0x0000000710000000, 0x0000000710000000| Untracked 
| 229|0x0000000710100000, 0x0000000710100000, 0x0000000710200000|  0%| F|  |TAMS 0x0000000710100000, 0x0000000710100000| Untracked 
| 230|0x0000000710200000, 0x0000000710200000, 0x0000000710300000|  0%| F|  |TAMS 0x0000000710200000, 0x0000000710200000| Untracked 
| 231|0x0000000710300000, 0x0000000710300000, 0x0000000710400000|  0%| F|  |TAMS 0x0000000710300000, 0x0000000710300000| Untracked 
| 232|0x0000000710400000, 0x0000000710400000, 0x0000000710500000|  0%| F|  |TAMS 0x0000000710400000, 0x0000000710400000| Untracked 
| 233|0x0000000710500000, 0x0000000710500000, 0x0000000710600000|  0%| F|  |TAMS 0x0000000710500000, 0x0000000710500000| Untracked 
| 234|0x0000000710600000, 0x0000000710600000, 0x0000000710700000|  0%| F|  |TAMS 0x0000000710600000, 0x0000000710600000| Untracked 
| 235|0x0000000710700000, 0x0000000710700000, 0x0000000710800000|  0%| F|  |TAMS 0x0000000710700000, 0x0000000710700000| Untracked 
| 236|0x0000000710800000, 0x0000000710800000, 0x0000000710900000|  0%| F|  |TAMS 0x0000000710800000, 0x0000000710800000| Untracked 
| 237|0x0000000710900000, 0x0000000710900000, 0x0000000710a00000|  0%| F|  |TAMS 0x0000000710900000, 0x0000000710900000| Untracked 
| 238|0x0000000710a00000, 0x0000000710a00000, 0x0000000710b00000|  0%| F|  |TAMS 0x0000000710a00000, 0x0000000710a00000| Untracked 
| 239|0x0000000710b00000, 0x0000000710b00000, 0x0000000710c00000|  0%| F|  |TAMS 0x0000000710b00000, 0x0000000710b00000| Untracked 
| 240|0x0000000710c00000, 0x0000000710c00000, 0x0000000710d00000|  0%| F|  |TAMS 0x0000000710c00000, 0x0000000710c00000| Untracked 
| 241|0x0000000710d00000, 0x0000000710d00000, 0x0000000710e00000|  0%| F|  |TAMS 0x0000000710d00000, 0x0000000710d00000| Untracked 
| 242|0x0000000710e00000, 0x0000000710e00000, 0x0000000710f00000|  0%| F|  |TAMS 0x0000000710e00000, 0x0000000710e00000| Untracked 
| 243|0x0000000710f00000, 0x0000000710f00000, 0x0000000711000000|  0%| F|  |TAMS 0x0000000710f00000, 0x0000000710f00000| Untracked 
| 244|0x0000000711000000, 0x0000000711000000, 0x0000000711100000|  0%| F|  |TAMS 0x0000000711000000, 0x0000000711000000| Untracked 
| 245|0x0000000711100000, 0x0000000711100000, 0x0000000711200000|  0%| F|  |TAMS 0x0000000711100000, 0x0000000711100000| Untracked 
| 246|0x0000000711200000, 0x0000000711200000, 0x0000000711300000|  0%| F|  |TAMS 0x0000000711200000, 0x0000000711200000| Untracked 
| 247|0x0000000711300000, 0x0000000711300000, 0x0000000711400000|  0%| F|  |TAMS 0x0000000711300000, 0x0000000711300000| Untracked 
| 248|0x0000000711400000, 0x0000000711400000, 0x0000000711500000|  0%| F|  |TAMS 0x0000000711400000, 0x0000000711400000| Untracked 
| 249|0x0000000711500000, 0x0000000711500000, 0x0000000711600000|  0%| F|  |TAMS 0x0000000711500000, 0x0000000711500000| Untracked 
| 250|0x0000000711600000, 0x0000000711600000, 0x0000000711700000|  0%| F|  |TAMS 0x0000000711600000, 0x0000000711600000| Untracked 
| 251|0x0000000711700000, 0x0000000711700000, 0x0000000711800000|  0%| F|  |TAMS 0x0000000711700000, 0x0000000711700000| Untracked 
| 252|0x0000000711800000, 0x0000000711800000, 0x0000000711900000|  0%| F|  |TAMS 0x0000000711800000, 0x0000000711800000| Untracked 
| 253|0x0000000711900000, 0x0000000711900000, 0x0000000711a00000|  0%| F|  |TAMS 0x0000000711900000, 0x0000000711900000| Untracked 
| 254|0x0000000711a00000, 0x0000000711a00000, 0x0000000711b00000|  0%| F|  |TAMS 0x0000000711a00000, 0x0000000711a00000| Untracked 
| 255|0x0000000711b00000, 0x0000000711b00000, 0x0000000711c00000|  0%| F|  |TAMS 0x0000000711b00000, 0x0000000711b00000| Untracked 

Card table byte_map: [0x000001322d0a0000,0x000001322d8a0000] _byte_map_base: 0x0000013229892000

Marking Bits (Prev, Next): (CMBitMap*) 0x00000132151b8728, (CMBitMap*) 0x00000132151b8760
 Prev Bits: [0x000001322e0a0000, 0x0000013232030000)
 Next Bits: [0x0000013232030000, 0x0000013235fc0000)

Polling page: 0x0000013214940000

Metaspace:

Usage:
  Non-class:     16.95 MB capacity,    16.63 MB ( 98%) used,   271.66 KB (  2%) free+waste,    58.50 KB ( <1%) overhead. 
      Class:      2.24 MB capacity,     2.01 MB ( 90%) used,   200.99 KB (  9%) free+waste,    29.50 KB (  1%) overhead. 
       Both:     19.19 MB capacity,    18.64 MB ( 97%) used,   472.65 KB (  2%) free+waste,    88.00 KB ( <1%) overhead. 

Virtual space:
  Non-class space:       26.00 MB reserved,      17.00 MB ( 65%) committed 
      Class space:        1.00 GB reserved,       2.25 MB ( <1%) committed 
             Both:        1.03 GB reserved,      19.25 MB (  2%) committed 

Chunk freelists:
   Non-Class:  6.25 KB
       Class:  1.75 KB
        Both:  8.00 KB

CodeHeap 'non-profiled nmethods': size=120000Kb used=677Kb max_used=677Kb free=119322Kb
 bounds [0x0000013225040000, 0x00000132252b0000, 0x000001322c570000]
CodeHeap 'profiled nmethods': size=120000Kb used=3371Kb max_used=3371Kb free=116628Kb
 bounds [0x000001321db10000, 0x000001321de60000, 0x0000013225040000]
CodeHeap 'non-nmethods': size=5760Kb used=1107Kb max_used=1128Kb free=4652Kb
 bounds [0x000001321d570000, 0x000001321d7e0000, 0x000001321db10000]
 total_blobs=2048 nmethods=1635 adapters=325
 compilation: enabled
              stopped_count=0, restarted_count=0
 full_count=0

Compilation events (10 events):
Event: 1.185 Thread 0x000001323ab45000 1614       4       java.lang.String::<init> (74 bytes)
Event: 1.188 Thread 0x000001323ab45000 nmethod 1614 0x00000132250e6190 code [0x00000132250e6320, 0x00000132250e6738]
Event: 1.188 Thread 0x000001323943e000 1615       3       java.nio.ByteBuffer::wrap (8 bytes)
Event: 1.188 Thread 0x000001323943e000 nmethod 1615 0x000001321de4eb90 code [0x000001321de4ed60, 0x000001321de4f160]
Event: 1.188 Thread 0x000001323943e000 1616   !   3       java.nio.ByteBuffer::wrap (20 bytes)
Event: 1.188 Thread 0x0000013239433000 1617       4       java.lang.reflect.ProxyGenerator$ConstantPool::getIndirect (63 bytes)
Event: 1.188 Thread 0x000001323943e000 nmethod 1616 0x000001321de4f390 code [0x000001321de4f560, 0x000001321de4f8e0]
Event: 1.189 Thread 0x000001323943e000 1618       3       java.util.Collections::emptySet (4 bytes)
Event: 1.189 Thread 0x000001323943e000 nmethod 1618 0x000001321de4fa90 code [0x000001321de4fc20, 0x000001321de4fd78]
Event: 1.192 Thread 0x000001323ab45000 1619       4       java.io.WinNTFileSystem::normalize (143 bytes)

GC Heap History (2 events):
Event: 0.397 GC heap before
{Heap before GC invocations=0 (full 0):
 garbage-first heap   total 262144K, used 23552K [0x0000000701c00000, 0x0000000800000000)
  region size 1024K, 24 young (24576K), 0 survivors (0K)
 Metaspace       used 9332K, capacity 9544K, committed 9728K, reserved 1058816K
  class space    used 836K, capacity 908K, committed 1024K, reserved 1048576K
}
Event: 0.401 GC heap after
{Heap after GC invocations=1 (full 0):
 garbage-first heap   total 262144K, used 8052K [0x0000000701c00000, 0x0000000800000000)
  region size 1024K, 3 young (3072K), 3 survivors (3072K)
 Metaspace       used 9332K, capacity 9544K, committed 9728K, reserved 1058816K
  class space    used 836K, capacity 908K, committed 1024K, reserved 1048576K
}

Deoptimization events (10 events):
Event: 0.794 Thread 0x0000013215154000 Uncommon trap: reason=unstable_if action=reinterpret pc=0x00000132250b3f8c method=java.io.BufferedReader.read()I @ 19 c2
Event: 0.795 Thread 0x0000013215154000 Uncommon trap: reason=unstable_if action=reinterpret pc=0x000001322506ee84 method=java.lang.StringCoding.hasNegatives([BII)Z @ 12 c2
Event: 0.795 Thread 0x0000013215154000 Uncommon trap: reason=unstable_if action=reinterpret pc=0x0000013225057238 method=java.lang.StringUTF16.compress([CI[BII)I @ 20 c2
Event: 0.859 Thread 0x0000013215154000 Uncommon trap: reason=class_check action=maybe_recompile pc=0x000001322505c76c method=java.lang.String.equals(Ljava/lang/Object;)Z @ 8 c2
Event: 0.861 Thread 0x0000013215154000 Uncommon trap: reason=class_check action=maybe_recompile pc=0x000001322505c76c method=java.lang.String.equals(Ljava/lang/Object;)Z @ 8 c2
Event: 0.861 Thread 0x0000013215154000 Uncommon trap: reason=class_check action=maybe_recompile pc=0x000001322505c76c method=java.lang.String.equals(Ljava/lang/Object;)Z @ 8 c2
Event: 0.873 Thread 0x0000013215154000 Uncommon trap: reason=class_check action=maybe_recompile pc=0x000001322505c76c method=java.lang.String.equals(Ljava/lang/Object;)Z @ 8 c2
Event: 0.971 Thread 0x0000013215154000 Uncommon trap: reason=unstable_if action=reinterpret pc=0x0000013225077230 method=java.util.zip.ZipFile$Source.getEntryPos([BZ)I @ 156 c2
Event: 0.971 Thread 0x0000013215154000 Uncommon trap: reason=unstable_if action=reinterpret pc=0x00000132250ae510 method=java.io.WinNTFileSystem.normalize(Ljava/lang/String;)Ljava/lang/String; @ 128 c2
Event: 1.060 Thread 0x0000013215154000 Uncommon trap: reason=unstable_if action=reinterpret pc=0x0000013225097c34 method=sun.reflect.generics.parser.SignatureParser.current()C @ 39 c2

Classes redefined (0 events):
No events

Internal exceptions (10 events):
Event: 0.749 Thread 0x0000013215154000 Exception <a 'java/lang/NoSuchMethodError'{0x0000000710639d50}: java.lang.invoke.DirectMethodHandle$Holder.invokeStaticInit(Ljava/lang/Object;Ljava/lang/Object;)I> (0x0000000710639d50) thrown at [./open/src/hotspot/share/interpreter/linkResolver.cpp, line
Event: 0.792 Thread 0x0000013215154000 Exception <a 'java/lang/ClassNotFoundException'{0x00000007104b6c90}: javax/smartcardio/CardPermission> (0x00000007104b6c90) thrown at [./open/src/hotspot/share/classfile/systemDictionary.cpp, line 228]
Event: 0.795 Thread 0x0000013215154000 Exception <a 'java/io/FileNotFoundException'{0x00000007104c5648}> (0x00000007104c5648) thrown at [./open/src/hotspot/share/prims/jni.cpp, line 611]
Event: 0.823 Thread 0x0000013215154000 Exception <a 'java/lang/NoSuchMethodError'{0x000000070ff8fa90}: org.slf4j.impl.StaticMDCBinder.getSingleton()Lorg/slf4j/impl/StaticMDCBinder;> (0x000000070ff8fa90) thrown at [./open/src/hotspot/share/interpreter/linkResolver.cpp, line 772]
Event: 0.851 Thread 0x0000013215154000 Exception <a 'java/lang/NoSuchMethodError'{0x000000070fc2cd58}: java.lang.invoke.DirectMethodHandle$Holder.invokeVirtual(Ljava/lang/Object;Ljava/lang/Object;Ljava/lang/Object;)Ljava/lang/Object;> (0x000000070fc2cd58) thrown at [./open/src/hotspot/share/in
Event: 0.856 Thread 0x0000013215154000 Exception <a 'java/lang/NoSuchMethodError'{0x000000070fc8d5d8}: java.lang.invoke.DirectMethodHandle$Holder.invokeInterface(Ljava/lang/Object;Ljava/lang/Object;)I> (0x000000070fc8d5d8) thrown at [./open/src/hotspot/share/interpreter/linkResolver.cpp, line 
Event: 0.947 Thread 0x0000013215154000 Exception <a 'java/lang/NoSuchMethodError'{0x000000070f669aa0}: java.lang.invoke.DirectMethodHandle$Holder.invokeStatic(Ljava/lang/Object;Ljava/lang/Object;Ljava/lang/Object;Ljava/lang/Object;Ljava/lang/Object;)V> (0x000000070f669aa0) thrown at [./open/sr
Event: 1.047 Thread 0x0000013215154000 Exception <a 'java/lang/NoSuchMethodError'{0x000000070f0ac1d0}: java.lang.invoke.DirectMethodHandle$Holder.invokeVirtual(Ljava/lang/Object;Ljava/lang/Object;Ljava/lang/Object;Ljava/lang/Object;)V> (0x000000070f0ac1d0) thrown at [./open/src/hotspot/share/i
Event: 1.162 Thread 0x0000013215154000 Exception <a 'java/lang/NoSuchMethodError'{0x000000070e553738}: java.lang.invoke.DirectMethodHandle$Holder.invokeInterface(Ljava/lang/Object;Ljava/lang/Object;Ljava/lang/Object;Ljava/lang/Object;Ljava/lang/Object;)Ljava/lang/Object;> (0x000000070e553738) 
Event: 1.162 Thread 0x0000013215154000 Exception <a 'java/lang/IncompatibleClassChangeError'{0x000000070e556e90}: Found class java.lang.Object, but interface was expected> (0x000000070e556e90) thrown at [./open/src/hotspot/share/interpreter/linkResolver.cpp, line 838]

Events (10 events):
Event: 1.200 loading class org/springframework/boot/context/event/ApplicationReadyEvent
Event: 1.200 loading class org/springframework/boot/context/event/ApplicationReadyEvent done
Event: 1.200 loading class org/springframework/util/ErrorHandler
Event: 1.200 loading class org/springframework/util/ErrorHandler done
Event: 1.200 loading class org/springframework/boot/context/event/ApplicationContextInitializedEvent
Event: 1.200 loading class org/springframework/boot/context/event/ApplicationContextInitializedEvent done
Event: 1.201 loading class org/springframework/context/event/SimpleApplicationEventMulticaster
Event: 1.201 loading class org/springframework/context/event/SimpleApplicationEventMulticaster done
Event: 1.201 loading class org/springframework/context/event/AbstractApplicationEventMulticaster
Event: 1.201 loading class org/springframework/context/event/AbstractApplicationEventMulticaster done


Dynamic libraries:
0x00007ff7e83f0000 - 0x00007ff7e83ff000 	C:\Program Files\Java\jdk-11.0.8\bin\java.exe
0x00007ffb6ce30000 - 0x00007ffb6d025000 	C:\WINDOWS\SYSTEM32\ntdll.dll
0x00007ffb6c2e0000 - 0x00007ffb6c39e000 	C:\WINDOWS\System32\KERNEL32.DLL
0x00007ffb6a810000 - 0x00007ffb6aad8000 	C:\WINDOWS\System32\KERNELBASE.dll
0x00007ffb6a550000 - 0x00007ffb6a650000 	C:\WINDOWS\System32\ucrtbase.dll
0x00007ffb63170000 - 0x00007ffb63185000 	C:\Program Files\Java\jdk-11.0.8\bin\VCRUNTIME140.dll
0x00007ffb63190000 - 0x00007ffb631a8000 	C:\Program Files\Java\jdk-11.0.8\bin\jli.dll
0x00007ffb6b9c0000 - 0x00007ffb6ba6c000 	C:\WINDOWS\System32\ADVAPI32.dll
0x00007ffb6c240000 - 0x00007ffb6c2de000 	C:\WINDOWS\System32\msvcrt.dll
0x00007ffb6c850000 - 0x00007ffb6c8eb000 	C:\WINDOWS\System32\sechost.dll
0x00007ffb6b210000 - 0x00007ffb6b33a000 	C:\WINDOWS\System32\RPCRT4.dll
0x00007ffb6c8f0000 - 0x00007ffb6ca91000 	C:\WINDOWS\System32\USER32.dll
0x00007ffb58d20000 - 0x00007ffb58fba000 	C:\WINDOWS\WinSxS\amd64_microsoft.windows.common-controls_6595b64144ccf1df_6.0.19041.1110_none_60b5254171f9507e\COMCTL32.dll
0x00007ffb6ad20000 - 0x00007ffb6ad42000 	C:\WINDOWS\System32\win32u.dll
0x00007ffb6c820000 - 0x00007ffb6c84b000 	C:\WINDOWS\System32\GDI32.dll
0x00007ffb6ac10000 - 0x00007ffb6ad1b000 	C:\WINDOWS\System32\gdi32full.dll
0x00007ffb6ad50000 - 0x00007ffb6aded000 	C:\WINDOWS\System32\msvcp_win.dll
0x00007ffb62ea0000 - 0x00007ffb62eaa000 	C:\WINDOWS\SYSTEM32\VERSION.dll
0x00007ffb6cd30000 - 0x00007ffb6cd60000 	C:\WINDOWS\System32\IMM32.DLL
0x00007ffb345b0000 - 0x00007ffb3464b000 	C:\Program Files\Java\jdk-11.0.8\bin\msvcp140.dll
0x00007ffb159c0000 - 0x00007ffb164a6000 	C:\Program Files\Java\jdk-11.0.8\bin\server\jvm.dll
0x00007ffb6b200000 - 0x00007ffb6b208000 	C:\WINDOWS\System32\PSAPI.DLL
0x00007ffb59170000 - 0x00007ffb59197000 	C:\WINDOWS\SYSTEM32\WINMM.dll
0x00007ffb57670000 - 0x00007ffb57679000 	C:\WINDOWS\SYSTEM32\WSOCK32.dll
0x00007ffb6b8f0000 - 0x00007ffb6b95b000 	C:\WINDOWS\System32\WS2_32.dll
0x00007ffb68e20000 - 0x00007ffb68e32000 	C:\WINDOWS\SYSTEM32\kernel.appcore.dll
0x00007ffb63100000 - 0x00007ffb63110000 	C:\Program Files\Java\jdk-11.0.8\bin\verify.dll
0x00007ffb68aa0000 - 0x00007ffb68c84000 	C:\WINDOWS\SYSTEM32\DBGHELP.DLL
0x00007ffb57580000 - 0x00007ffb575ac000 	C:\WINDOWS\SYSTEM32\dbgcore.DLL
0x00007ffb6adf0000 - 0x00007ffb6ae73000 	C:\WINDOWS\System32\bcryptPrimitives.dll
0x00007ffb5a380000 - 0x00007ffb5a3a8000 	C:\Program Files\Java\jdk-11.0.8\bin\java.dll
0x00007ffb629e0000 - 0x00007ffb629ea000 	C:\Program Files\Java\jdk-11.0.8\bin\jimage.dll
0x00007ffb5a6b0000 - 0x00007ffb5a6c6000 	C:\Program Files\Java\jdk-11.0.8\bin\zip.dll
0x00007ffb6ba80000 - 0x00007ffb6c1bf000 	C:\WINDOWS\System32\SHELL32.dll
0x00007ffb68240000 - 0x00007ffb689d0000 	C:\WINDOWS\SYSTEM32\windows.storage.dll
0x00007ffb6b590000 - 0x00007ffb6b8e5000 	C:\WINDOWS\System32\combase.dll
0x00007ffb69fa0000 - 0x00007ffb69fce000 	C:\WINDOWS\SYSTEM32\Wldp.dll
0x00007ffb6cb00000 - 0x00007ffb6cbad000 	C:\WINDOWS\System32\SHCORE.dll
0x00007ffb6b1a0000 - 0x00007ffb6b1f5000 	C:\WINDOWS\System32\shlwapi.dll
0x00007ffb6a490000 - 0x00007ffb6a4af000 	C:\WINDOWS\SYSTEM32\profapi.dll
0x00007ffb4b5e0000 - 0x00007ffb4b5f9000 	C:\Program Files\Java\jdk-11.0.8\bin\net.dll
0x00007ffb5b7a0000 - 0x00007ffb5b8ac000 	C:\WINDOWS\SYSTEM32\WINHTTP.dll
0x00007ffb69d00000 - 0x00007ffb69d6a000 	C:\WINDOWS\system32\mswsock.dll
0x00007ffb4b5c0000 - 0x00007ffb4b5d2000 	C:\Program Files\Java\jdk-11.0.8\bin\nio.dll
0x00007ffb5a370000 - 0x00007ffb5a379000 	C:\Program Files\Java\jdk-11.0.8\bin\management.dll
0x00007ffb48fd0000 - 0x00007ffb48fdb000 	C:\Program Files\Java\jdk-11.0.8\bin\management_ext.dll

dbghelp: loaded successfully - version: 4.0.5 - missing functions: none
symbol engine: initialized successfully - sym options: 0x614 - pdb path: .;C:\Program Files\Java\jdk-11.0.8\bin;C:\WINDOWS\SYSTEM32;C:\WINDOWS\WinSxS\amd64_microsoft.windows.common-controls_6595b64144ccf1df_6.0.19041.1110_none_60b5254171f9507e;C:\Program Files\Java\jdk-11.0.8\bin\server

VM Arguments:
java_command: C:\Users\asus\AppData\Local\Temp\surefire17723408402863727977\surefirebooter5461974136061273637.jar C:\Users\asus\AppData\Local\Temp\surefire17723408402863727977 2021-12-13T21-17-36_008-jvmRun1 surefire11003294671996570469tmp surefire_014066158176936119740tmp
java_class_path (initial): C:\Users\asus\AppData\Local\Temp\surefire17723408402863727977\surefirebooter5461974136061273637.jar
Launcher Type: SUN_STANDARD

[Global flags]
     intx CICompilerCount                          = 4                                         {product} {ergonomic}
     uint ConcGCThreads                            = 2                                         {product} {ergonomic}
     uint G1ConcRefinementThreads                  = 8                                         {product} {ergonomic}
   size_t G1HeapRegionSize                         = 1048576                                   {product} {ergonomic}
    uintx GCDrainStackTargetSize                   = 64                                        {product} {ergonomic}
   size_t InitialHeapSize                          = 268435456                                 {product} {ergonomic}
   size_t MarkStackSize                            = 4194304                                   {product} {ergonomic}
   size_t MaxHeapSize                              = 4265607168                                {product} {ergonomic}
   size_t MaxNewSize                               = 2558525440                                {product} {ergonomic}
   size_t MinHeapDeltaBytes                        = 1048576                                   {product} {ergonomic}
    uintx NonNMethodCodeHeapSize                   = 5836300                                {pd product} {ergonomic}
    uintx NonProfiledCodeHeapSize                  = 122910970                              {pd product} {ergonomic}
    uintx ProfiledCodeHeapSize                     = 122910970                              {pd product} {ergonomic}
    uintx ReservedCodeCacheSize                    = 251658240                              {pd product} {ergonomic}
     bool SegmentedCodeCache                       = true                                      {product} {ergonomic}
     bool UseCompressedClassPointers               = true                                 {lp64_product} {ergonomic}
     bool UseCompressedOops                        = true                                 {lp64_product} {ergonomic}
     bool UseG1GC                                  = true                                      {product} {ergonomic}
     bool UseLargePagesIndividualAllocation        = false                                  {pd product} {ergonomic}

Logging:
Log output configuration:
 #0: stdout all=warning uptime,level,tags
 #1: stderr all=off uptime,level,tags

Environment Variables:
JAVA_HOME=C:\Program Files\Java\jdk-11.0.8
JRE_HOME=C:\Program Files\Java\jdk-11.0.8\jre
CLASSPATH=.;C:\Program Files\Java\jdk-11.0.8\lib;C:\Program Files\Java\jdk-11.0.8\jre\lib;
PATH=%JAVA_HOME%\bin;%GRADLE_HOME%\bin;D:\Program Files\Git\cmd;C:\Program Files\MySQL\MySQL Shell 8.0\bin\;C:\Users\asus\AppData\Local\Programs\Python\Python35\Scripts\;C:\Users\asus\AppData\Local\Programs\Python\Python35\;C:\Users\asus\Anaconda3;C:\Users\asus\Anaconda3\Library\mingw-w64\bin;C:\Users\asus\Anaconda3\Library\usr\bin;C:\Users\asus\Anaconda3\Library\bin;C:\Users\asus\Anaconda3\Scripts;C:\Users\asus\AppData\Local\Programs\Python\Python36\Scripts\;C:\Users\asus\AppData\Local\Programs\Python\Python36\;C:\Users\asus\AppData\Local\Microsoft\WindowsApps;C:\Modeltech_pe_edu_10.4a\win32pe_edu;C:\Program Files\Docker Toolbox;C:\zookeeper\bin;C:\kafka\bin\windows;C:\Users\asus\AppData\Local\GitHubDesktop\bin;D:\Microsoft VS Code\bin;C:\Program Files\JetBrains\IntelliJ IDEA 2021.2.3\bin;;C:\Users\asus\AppData\Roaming\npm;C:\Windows\System32;C:\Program Files\nodejs;C:\WINDOWS\System32\Wbem;C:\Program Files\apache-maven-3.8.3\bin;C:\Windows\System32;
USERNAME=asus
OS=Windows_NT
PROCESSOR_IDENTIFIER=Intel64 Family 6 Model 158 Stepping 9, GenuineIntel



---------------  S Y S T E M  ---------------

OS: Windows 10 , 64 bit Build 19041 (10.0.19041.1348)

CPU:total 8 (initial active 8) (4 cores per cpu, 2 threads per core) family 6 model 158 stepping 9, cmov, cx8, fxsr, mmx, sse, sse2, sse3, ssse3, sse4.1, sse4.2, popcnt, avx, avx2, aes, clmul, erms, 3dnowpref, lzcnt, ht, tsc, tscinvbit, bmi1, bmi2, adx, fma

Memory: 4k page, system-wide physical 16268M (2572M free)
TotalPageFile size 16268M (AvailPageFile size 5M)
current process WorkingSet (physical memory assigned to process): 151M, peak: 151M
current process commit charge ("private bytes"): 382M, peak: 383M

vm_info: Java HotSpot(TM) 64-Bit Server VM (11.0.8+10-LTS) for windows-amd64 JRE (11.0.8+10-LTS), built on Jun 16 2020 05:53:08 by "mach5one" with unknown MS VC++:1916

END.
