#
# There is insufficient memory for the Java Runtime Environment to continue.
# Native memory allocation (mmap) failed to map 268435456 bytes for Failed to commit area from 0x0000000701c00000 to 0x0000000711c00000 of length 268435456.
# Possible reasons:
#   The system is out of physical RAM or swap space
#   The process is running with CompressedOops enabled, and the Java Heap may be blocking the growth of the native heap
# Possible solutions:
#   Reduce memory load on the system
#   Increase physical memory or swap space
#   Check if swap backing store is full
#   Decrease Java heap size (-Xmx/-Xms)
#   Decrease number of Java threads
#   Decrease Java thread stack sizes (-Xss)
#   Set larger code cache with -XX:ReservedCodeCacheSize=
# This output file may be truncated or incomplete.
#
#  Out of Memory Error (./open/src/hotspot/os/windows/os_windows.cpp:3275), pid=16064, tid=3996
#
# JRE version:  (11.0.8+10) (build )
# Java VM: Java HotSpot(TM) 64-Bit Server VM (11.0.8+10-LTS, mixed mode, sharing, tiered, compressed oops, g1 gc, windows-amd64)
# No core dump will be written. Minidumps are not enabled by default on client versions of Windows
#

---------------  S U M M A R Y ------------

Command Line: C:\Users\asus\AppData\Local\Temp\surefire14723700222552335802\surefirebooter8183230370454045745.jar C:\Users\asus\AppData\Local\Temp\surefire14723700222552335802 2021-12-15T14-38-58_766-jvmRun1 surefire8856899905827328745tmp surefire_018352506138242821129tmp

Host: Intel(R) Core(TM) i7-7700HQ CPU @ 2.80GHz, 8 cores, 15G,  Windows 10 , 64 bit Build 19041 (10.0.19041.1348)
Time: Wed Dec 15 14:38:59 2021 GTB Standart Saati elapsed time: 0 seconds (0d 0h 0m 0s)

---------------  T H R E A D  ---------------

Current thread (0x00000179d02bb800):  JavaThread "Unknown thread" [_thread_in_vm, id=3996, stack(0x0000001f8b100000,0x0000001f8b200000)]

Stack: [0x0000001f8b100000,0x0000001f8b200000]
Native frames: (J=compiled Java code, j=interpreted, Vv=VM code, C=native code)
V  [jvm.dll+0x601aea]
V  [jvm.dll+0x737fef]
V  [jvm.dll+0x739675]
V  [jvm.dll+0x739cf3]
V  [jvm.dll+0x242848]
V  [jvm.dll+0x5fef8a]
V  [jvm.dll+0x5f3eb5]
V  [jvm.dll+0x2f651c]
V  [jvm.dll+0x2f63a2]
V  [jvm.dll+0x2fb056]
V  [jvm.dll+0x33ce9f]
V  [jvm.dll+0x33c8d0]
V  [jvm.dll+0x2d4768]
V  [jvm.dll+0x2d58c6]
V  [jvm.dll+0x713e67]
V  [jvm.dll+0x71570f]
V  [jvm.dll+0x349c19]
V  [jvm.dll+0x6f97f0]
V  [jvm.dll+0x3b2a5f]
V  [jvm.dll+0x3b4e81]
C  [jli.dll+0x5213]
C  [ucrtbase.dll+0x21bb2]
C  [KERNEL32.DLL+0x17034]
C  [ntdll.dll+0x52651]


---------------  P R O C E S S  ---------------

Threads class SMR info:
_java_thread_list=0x00000179ce151c30, length=0, elements={
}

Java Threads: ( => current thread )

Other Threads:
  0x00000179d02d0000 GCTaskThread "GC Thread#0" [stack: 0x0000001f8b200000,0x0000001f8b300000] [id=14352]
  0x00000179d0327800 ConcurrentGCThread "G1 Main Marker" [stack: 0x0000001f8b300000,0x0000001f8b400000] [id=520]
  0x00000179d032a800 ConcurrentGCThread "G1 Conc#0" [stack: 0x0000001f8b400000,0x0000001f8b500000] [id=6388]

[error occurred during error reporting (printing all threads), id 0xc0000005, EXCEPTION_ACCESS_VIOLATION (0xc0000005) at pc=0x00007ffe01f32f67]

VM state:not at safepoint (not fully initialized)

VM Mutex/Monitor currently owned by a thread:  ([mutex/lock_event])
[0x00000179d02b64e0] Heap_lock - owner thread: 0x00000179d02bb800

Heap address: 0x0000000701c00000, size: 4068 MB, Compressed Oops mode: Non-zero based: 0x0000000701c00000
Narrow klass base: 0x0000000000000000, Narrow klass shift: 0

GC Heap History (0 events):
No events

Deoptimization events (0 events):
No events

Classes redefined (0 events):
No events

Internal exceptions (0 events):
No events

Events (0 events):
No events


Dynamic libraries:
0x00007ff6faaf0000 - 0x00007ff6faaff000 	C:\Program Files\Java\jdk-11.0.8\bin\java.exe
0x00007ffe83590000 - 0x00007ffe83785000 	C:\WINDOWS\SYSTEM32\ntdll.dll
0x00007ffe815e0000 - 0x00007ffe8169e000 	C:\WINDOWS\System32\KERNEL32.DLL
0x00007ffe811e0000 - 0x00007ffe814a8000 	C:\WINDOWS\System32\KERNELBASE.dll
0x00007ffe80cb0000 - 0x00007ffe80db0000 	C:\WINDOWS\System32\ucrtbase.dll
0x00007ffe783c0000 - 0x00007ffe783d5000 	C:\Program Files\Java\jdk-11.0.8\bin\VCRUNTIME140.dll
0x00007ffe79db0000 - 0x00007ffe79dc8000 	C:\Program Files\Java\jdk-11.0.8\bin\jli.dll
0x00007ffe82710000 - 0x00007ffe827bc000 	C:\WINDOWS\System32\ADVAPI32.dll
0x00007ffe83330000 - 0x00007ffe833ce000 	C:\WINDOWS\System32\msvcrt.dll
0x00007ffe822e0000 - 0x00007ffe8237b000 	C:\WINDOWS\System32\sechost.dll
0x00007ffe818b0000 - 0x00007ffe819da000 	C:\WINDOWS\System32\RPCRT4.dll
0x00007ffe82560000 - 0x00007ffe82701000 	C:\WINDOWS\System32\USER32.dll
0x00007ffe815b0000 - 0x00007ffe815d2000 	C:\WINDOWS\System32\win32u.dll
0x00007ffe6b510000 - 0x00007ffe6b7aa000 	C:\WINDOWS\WinSxS\amd64_microsoft.windows.common-controls_6595b64144ccf1df_6.0.19041.1110_none_60b5254171f9507e\COMCTL32.dll
0x00007ffe81820000 - 0x00007ffe8184b000 	C:\WINDOWS\System32\GDI32.dll
0x00007ffe81040000 - 0x00007ffe8114b000 	C:\WINDOWS\System32\gdi32full.dll
0x00007ffe80fa0000 - 0x00007ffe8103d000 	C:\WINDOWS\System32\msvcp_win.dll
0x00007ffe78bc0000 - 0x00007ffe78bca000 	C:\WINDOWS\SYSTEM32\VERSION.dll
0x00007ffe82830000 - 0x00007ffe82860000 	C:\WINDOWS\System32\IMM32.DLL
0x00007ffe6ee30000 - 0x00007ffe6eecb000 	C:\Program Files\Java\jdk-11.0.8\bin\msvcp140.dll
0x00007ffe01c50000 - 0x00007ffe02736000 	C:\Program Files\Java\jdk-11.0.8\bin\server\jvm.dll
0x00007ffe827c0000 - 0x00007ffe827c8000 	C:\WINDOWS\System32\PSAPI.DLL
0x00007ffe6b3b0000 - 0x00007ffe6b3b9000 	C:\WINDOWS\SYSTEM32\WSOCK32.dll
0x00007ffe6b4e0000 - 0x00007ffe6b507000 	C:\WINDOWS\SYSTEM32\WINMM.dll
0x00007ffe824e0000 - 0x00007ffe8254b000 	C:\WINDOWS\System32\WS2_32.dll
0x00007ffe7f530000 - 0x00007ffe7f542000 	C:\WINDOWS\SYSTEM32\kernel.appcore.dll
0x00007ffe7c420000 - 0x00007ffe7c430000 	C:\Program Files\Java\jdk-11.0.8\bin\verify.dll
0x00007ffe7ea60000 - 0x00007ffe7ec44000 	C:\WINDOWS\SYSTEM32\DBGHELP.DLL
0x00007ffe6afd0000 - 0x00007ffe6affc000 	C:\WINDOWS\SYSTEM32\dbgcore.DLL
0x00007ffe81150000 - 0x00007ffe811d3000 	C:\WINDOWS\System32\bcryptPrimitives.dll
0x00007ffe78330000 - 0x00007ffe78358000 	C:\Program Files\Java\jdk-11.0.8\bin\java.dll
0x00007ffe7c360000 - 0x00007ffe7c36a000 	C:\Program Files\Java\jdk-11.0.8\bin\jimage.dll
0x00007ffe783a0000 - 0x00007ffe783b6000 	C:\Program Files\Java\jdk-11.0.8\bin\zip.dll

dbghelp: loaded successfully - version: 4.0.5 - missing functions: none
symbol engine: initialized successfully - sym options: 0x614 - pdb path: .;C:\Program Files\Java\jdk-11.0.8\bin;C:\WINDOWS\SYSTEM32;C:\WINDOWS\WinSxS\amd64_microsoft.windows.common-controls_6595b64144ccf1df_6.0.19041.1110_none_60b5254171f9507e;C:\Program Files\Java\jdk-11.0.8\bin\server

VM Arguments:
java_command: C:\Users\asus\AppData\Local\Temp\surefire14723700222552335802\surefirebooter8183230370454045745.jar C:\Users\asus\AppData\Local\Temp\surefire14723700222552335802 2021-12-15T14-38-58_766-jvmRun1 surefire8856899905827328745tmp surefire_018352506138242821129tmp
java_class_path (initial): C:\Users\asus\AppData\Local\Temp\surefire14723700222552335802\surefirebooter8183230370454045745.jar
Launcher Type: SUN_STANDARD

[Global flags]
     intx CICompilerCount                          = 4                                         {product} {ergonomic}
     uint ConcGCThreads                            = 2                                         {product} {ergonomic}
     uint G1ConcRefinementThreads                  = 8                                         {product} {ergonomic}
   size_t G1HeapRegionSize                         = 1048576                                   {product} {ergonomic}
    uintx GCDrainStackTargetSize                   = 64                                        {product} {ergonomic}
   size_t InitialHeapSize                          = 268435456                                 {product} {ergonomic}
   size_t MarkStackSize                            = 4194304                                   {product} {ergonomic}
   size_t MaxHeapSize                              = 4265607168                                {product} {ergonomic}
   size_t MinHeapDeltaBytes                        = 1048576                                   {product} {ergonomic}
    uintx NonNMethodCodeHeapSize                   = 5836300                                {pd product} {ergonomic}
    uintx NonProfiledCodeHeapSize                  = 122910970                              {pd product} {ergonomic}
    uintx ProfiledCodeHeapSize                     = 122910970                              {pd product} {ergonomic}
    uintx ReservedCodeCacheSize                    = 251658240                              {pd product} {ergonomic}
     bool SegmentedCodeCache                       = true                                      {product} {ergonomic}
     bool UseCompressedClassPointers               = true                                 {lp64_product} {ergonomic}
     bool UseCompressedOops                        = true                                 {lp64_product} {ergonomic}
     bool UseG1GC                                  = true                                      {product} {ergonomic}
     bool UseLargePagesIndividualAllocation        = false                                  {pd product} {ergonomic}

Logging:
Log output configuration:
 #0: stdout all=warning uptime,level,tags
 #1: stderr all=off uptime,level,tags

Environment Variables:
JAVA_HOME=C:\Program Files\Java\jdk-11.0.8
JRE_HOME=C:\Program Files\Java\jdk-11.0.8\jre
CLASSPATH=.;C:\Program Files\Java\jdk-11.0.8\lib;C:\Program Files\Java\jdk-11.0.8\jre\lib;
PATH=%JAVA_HOME%\bin;%GRADLE_HOME%\bin;D:\Program Files\Git\cmd;C:\Program Files\MySQL\MySQL Shell 8.0\bin\;C:\Users\asus\AppData\Local\Programs\Python\Python35\Scripts\;C:\Users\asus\AppData\Local\Programs\Python\Python35\;C:\Users\asus\Anaconda3;C:\Users\asus\Anaconda3\Library\mingw-w64\bin;C:\Users\asus\Anaconda3\Library\usr\bin;C:\Users\asus\Anaconda3\Library\bin;C:\Users\asus\Anaconda3\Scripts;C:\Users\asus\AppData\Local\Programs\Python\Python36\Scripts\;C:\Users\asus\AppData\Local\Programs\Python\Python36\;C:\Users\asus\AppData\Local\Microsoft\WindowsApps;C:\Modeltech_pe_edu_10.4a\win32pe_edu;C:\Program Files\Docker Toolbox;C:\zookeeper\bin;C:\kafka\bin\windows;C:\Users\asus\AppData\Local\GitHubDesktop\bin;D:\Microsoft VS Code\bin;C:\Program Files\JetBrains\IntelliJ IDEA 2021.2.3\bin;;C:\Users\asus\AppData\Roaming\npm;C:\Windows\System32;C:\Program Files\nodejs;C:\WINDOWS\System32\Wbem;C:\Program Files\apache-maven-3.8.3\bin;C:\Windows\System32;
USERNAME=asus
OS=Windows_NT
PROCESSOR_IDENTIFIER=Intel64 Family 6 Model 158 Stepping 9, GenuineIntel



---------------  S Y S T E M  ---------------

OS: Windows 10 , 64 bit Build 19041 (10.0.19041.1348)

CPU:total 8 (initial active 8) (4 cores per cpu, 2 threads per core) family 6 model 158 stepping 9, cmov, cx8, fxsr, mmx, sse, sse2, sse3, ssse3, sse4.1, sse4.2, popcnt, avx, avx2, aes, clmul, erms, 3dnowpref, lzcnt, ht, tsc, tscinvbit, bmi1, bmi2, adx, fma

Memory: 4k page, system-wide physical 16268M (3869M free)
TotalPageFile size 16268M (AvailPageFile size 194M)
current process WorkingSet (physical memory assigned to process): 9M, peak: 9M
current process commit charge ("private bytes"): 60M, peak: 316M

vm_info: Java HotSpot(TM) 64-Bit Server VM (11.0.8+10-LTS) for windows-amd64 JRE (11.0.8+10-LTS), built on Jun 16 2020 05:53:08 by "mach5one" with unknown MS VC++:1916

END.
