#
# There is insufficient memory for the Java Runtime Environment to continue.
# Native memory allocation (malloc) failed to allocate 63536 bytes for Chunk::new
# Possible reasons:
#   The system is out of physical RAM or swap space
#   The process is running with CompressedOops enabled, and the Java Heap may be blocking the growth of the native heap
# Possible solutions:
#   Reduce memory load on the system
#   Increase physical memory or swap space
#   Check if swap backing store is full
#   Decrease Java heap size (-Xmx/-Xms)
#   Decrease number of Java threads
#   Decrease Java thread stack sizes (-Xss)
#   Set larger code cache with -XX:ReservedCodeCacheSize=
#   JVM is running with Zero Based Compressed Oops mode in which the Java heap is
#     placed in the first 32GB address space. The Java Heap base address is the
#     maximum limit for the native heap growth. Please use -XX:HeapBaseMinAddress
#     to set the Java Heap base and to place the Java Heap above 32GB virtual address.
# This output file may be truncated or incomplete.
#
#  Out of Memory Error (./open/src/hotspot/share/memory/arena.cpp:197), pid=2576, tid=17952
#
# JRE version: Java(TM) SE Runtime Environment 18.9 (11.0.8+10) (build 11.0.8+10-LTS)
# Java VM: Java HotSpot(TM) 64-Bit Server VM 18.9 (11.0.8+10-LTS, mixed mode, tiered, compressed oops, g1 gc, windows-amd64)
# No core dump will be written. Minidumps are not enabled by default on client versions of Windows
#

---------------  S U M M A R Y ------------

Command Line: -Dmaven.multiModuleProjectDirectory=C:\Users\asus\Documents\GitHub\bookend-services-unit_test\book-service -Dmaven.home=C:\Program Files\JetBrains\IntelliJ IDEA 2021.2.3\plugins\maven\lib\maven3 -Dclassworlds.conf=C:\Program Files\JetBrains\IntelliJ IDEA 2021.2.3\plugins\maven\lib\maven3\bin\m2.conf -Dmaven.ext.class.path=C:\Program Files\JetBrains\IntelliJ IDEA 2021.2.3\plugins\maven\lib\maven-event-listener.jar -javaagent:C:\Program Files\JetBrains\IntelliJ IDEA 2021.2.3\lib\idea_rt.jar=60688:C:\Program Files\JetBrains\IntelliJ IDEA 2021.2.3\bin -Dfile.encoding=UTF-8 org.codehaus.classworlds.Launcher -Didea.version=2021.2.3 clean install test org.pitest:pitest-maven:mutationCoverage

Host: Intel(R) Core(TM) i7-7700HQ CPU @ 2.80GHz, 8 cores, 15G,  Windows 10 , 64 bit Build 19041 (10.0.19041.1348)
Time: Wed Dec 15 16:09:31 2021 GTB Standart Saati elapsed time: 18 seconds (0d 0h 0m 18s)

---------------  T H R E A D  ---------------

Current thread (0x000001eaad3c5000):  JavaThread "C2 CompilerThread0" daemon [_thread_in_native, id=17952, stack(0x000000ce28900000,0x000000ce28a00000)]


Current CompileTask:
C2:  18327 7974       4       java.io.WinNTFileSystem::resolve (275 bytes)

Stack: [0x000000ce28900000,0x000000ce28a00000]
Native frames: (J=compiled Java code, j=interpreted, Vv=VM code, C=native code)
V  [jvm.dll+0x601aea]
V  [jvm.dll+0x737fef]
V  [jvm.dll+0x739675]
V  [jvm.dll+0x739cf3]
V  [jvm.dll+0x242848]
V  [jvm.dll+0xb999c]
V  [jvm.dll+0xb9f2c]
V  [jvm.dll+0x344162]
V  [jvm.dll+0x192f43]
V  [jvm.dll+0x1fc3f2]
V  [jvm.dll+0x1fb49f]
V  [jvm.dll+0x17e0fc]
V  [jvm.dll+0x20aaa4]
V  [jvm.dll+0x208b7b]
V  [jvm.dll+0x6ff90c]
V  [jvm.dll+0x6f845c]
V  [jvm.dll+0x600d66]
C  [ucrtbase.dll+0x21bb2]
C  [KERNEL32.DLL+0x17034]
C  [ntdll.dll+0x52651]


---------------  P R O C E S S  ---------------

Threads class SMR info:
_java_thread_list=0x000001eab38275b0, length=22, elements={
0x000001ea88999800, 0x000001eaacab0800, 0x000001eaacab1800, 0x000001eaad3be800,
0x000001eaad3c0800, 0x000001eaad3c5000, 0x000001eaad3d0000, 0x000001eaacad9000,
0x000001eaaca6e000, 0x000001eaad838800, 0x000001eaad839000, 0x000001eab389e800,
0x000001eab389f000, 0x000001eab38a0000, 0x000001eab3700800, 0x000001eab3285800,
0x000001eab28c0800, 0x000001eab2a4f000, 0x000001eab2a49000, 0x000001eab2a4a800,
0x000001eab2a4d000, 0x000001eab2a4c800
}

Java Threads: ( => current thread )
  0x000001ea88999800 JavaThread "main" [_thread_in_native, id=6276, stack(0x000000ce27e00000,0x000000ce27f00000)]
  0x000001eaacab0800 JavaThread "Reference Handler" daemon [_thread_blocked, id=15520, stack(0x000000ce28500000,0x000000ce28600000)]
  0x000001eaacab1800 JavaThread "Finalizer" daemon [_thread_blocked, id=4484, stack(0x000000ce28600000,0x000000ce28700000)]
  0x000001eaad3be800 JavaThread "Signal Dispatcher" daemon [_thread_blocked, id=18556, stack(0x000000ce28700000,0x000000ce28800000)]
  0x000001eaad3c0800 JavaThread "Attach Listener" daemon [_thread_blocked, id=5292, stack(0x000000ce28800000,0x000000ce28900000)]
=>0x000001eaad3c5000 JavaThread "C2 CompilerThread0" daemon [_thread_in_native, id=17952, stack(0x000000ce28900000,0x000000ce28a00000)]
  0x000001eaad3d0000 JavaThread "C1 CompilerThread0" daemon [_thread_blocked, id=916, stack(0x000000ce28a00000,0x000000ce28b00000)]
  0x000001eaacad9000 JavaThread "Sweeper thread" daemon [_thread_blocked, id=10452, stack(0x000000ce28b00000,0x000000ce28c00000)]
  0x000001eaaca6e000 JavaThread "Common-Cleaner" daemon [_thread_blocked, id=18248, stack(0x000000ce28c00000,0x000000ce28d00000)]
  0x000001eaad838800 JavaThread "Monitor Ctrl-Break" daemon [_thread_in_native, id=11056, stack(0x000000ce28e00000,0x000000ce28f00000)]
  0x000001eaad839000 JavaThread "Service Thread" daemon [_thread_blocked, id=15080, stack(0x000000ce28f00000,0x000000ce29000000)]
  0x000001eab389e800 JavaThread "resolver-1" daemon [_thread_blocked, id=12224, stack(0x000000ce29e00000,0x000000ce29f00000)]
  0x000001eab389f000 JavaThread "resolver-2" daemon [_thread_blocked, id=13068, stack(0x000000ce29f00000,0x000000ce2a000000)]
  0x000001eab38a0000 JavaThread "resolver-3" daemon [_thread_blocked, id=18672, stack(0x000000ce2a000000,0x000000ce2a100000)]
  0x000001eab3700800 JavaThread "resolver-4" daemon [_thread_blocked, id=17932, stack(0x000000ce2a100000,0x000000ce2a200000)]
  0x000001eab3285800 JavaThread "resolver-5" daemon [_thread_blocked, id=9488, stack(0x000000ce2a200000,0x000000ce2a300000)]
  0x000001eab28c0800 JavaThread "timeout-check-timer" daemon [_thread_blocked, id=14596, stack(0x000000ce2a300000,0x000000ce2a400000)]
  0x000001eab2a4f000 JavaThread "ping-timer-10s" daemon [_thread_blocked, id=19020, stack(0x000000ce2a400000,0x000000ce2a500000)]
  0x000001eab2a49000 JavaThread "ThreadedStreamConsumer" daemon [_thread_blocked, id=2816, stack(0x000000ce2a500000,0x000000ce2a600000)]
  0x000001eab2a4a800 JavaThread "Thread-2" [_thread_blocked, id=17380, stack(0x000000ce2a600000,0x000000ce2a700000)]
  0x000001eab2a4d000 JavaThread "Thread-3" [_thread_in_native, id=12600, stack(0x000000ce2a700000,0x000000ce2a800000)]
  0x000001eab2a4c800 JavaThread "Thread-4" [_thread_in_native, id=16748, stack(0x000000ce2a800000,0x000000ce2a900000)]

Other Threads:
  0x000001eaacaac800 VMThread "VM Thread" [stack: 0x000000ce28400000,0x000000ce28500000] [id=14040]
  0x000001eaad83a000 WatcherThread [stack: 0x000000ce29000000,0x000000ce29100000] [id=7716]
  0x000001ea889ad000 GCTaskThread "GC Thread#0" [stack: 0x000000ce27f00000,0x000000ce28000000] [id=5624]
  0x000001eaaed98800 GCTaskThread "GC Thread#1" [stack: 0x000000ce29200000,0x000000ce29300000] [id=17400]
  0x000001eaaeb21800 GCTaskThread "GC Thread#2" [stack: 0x000000ce29300000,0x000000ce29400000] [id=16120]
  0x000001eaae975000 GCTaskThread "GC Thread#3" [stack: 0x000000ce29400000,0x000000ce29500000] [id=6340]
  0x000001eaae9bb000 GCTaskThread "GC Thread#4" [stack: 0x000000ce29500000,0x000000ce29600000] [id=18512]
  0x000001eaae9bc000 GCTaskThread "GC Thread#5" [stack: 0x000000ce29600000,0x000000ce29700000] [id=4984]
  0x000001eab5654000 GCTaskThread "GC Thread#6" [stack: 0x000000ce29d00000,0x000000ce29e00000] [id=8916]
  0x000001ea88a0a000 ConcurrentGCThread "G1 Main Marker" [stack: 0x000000ce28000000,0x000000ce28100000] [id=10260]
  0x000001ea88a0e800 ConcurrentGCThread "G1 Conc#0" [stack: 0x000000ce28100000,0x000000ce28200000] [id=14152]
  0x000001eaaf249000 ConcurrentGCThread "G1 Conc#1" [stack: 0x000000ce29700000,0x000000ce29800000] [id=2012]
  0x000001eaac990000 ConcurrentGCThread "G1 Refine#0" [stack: 0x000000ce28200000,0x000000ce28300000] [id=9176]
  0x000001eab0aa3000 ConcurrentGCThread "G1 Refine#1" [stack: 0x000000ce29800000,0x000000ce29900000] [id=11224]
  0x000001eaaf0f2800 ConcurrentGCThread "G1 Refine#2" [stack: 0x000000ce29900000,0x000000ce29a00000] [id=19300]
  0x000001eab01cf800 ConcurrentGCThread "G1 Refine#3" [stack: 0x000000ce29a00000,0x000000ce29b00000] [id=3360]
  0x000001eab0b95000 ConcurrentGCThread "G1 Refine#4" [stack: 0x000000ce29b00000,0x000000ce29c00000] [id=13928]
  0x000001eaaf64f800 ConcurrentGCThread "G1 Refine#5" [stack: 0x000000ce29c00000,0x000000ce29d00000] [id=8408]
  0x000001eaac991000 ConcurrentGCThread "G1 Young RemSet Sampling" [stack: 0x000000ce28300000,0x000000ce28400000] [id=2908]

Threads with active compile tasks:
C2 CompilerThread0  18356 7974       4       java.io.WinNTFileSystem::resolve (275 bytes)

VM state:not at safepoint (normal execution)

VM Mutex/Monitor currently owned by a thread: None

Heap address: 0x0000000701c00000, size: 4068 MB, Compressed Oops mode: Zero based, Oop shift amount: 3
Narrow klass base: 0x0000000800000000, Narrow klass shift: 0
Compressed class space size: 1073741824 Address: 0x0000000800000000

Heap:
 garbage-first heap   total 315392K, used 163840K [0x0000000701c00000, 0x0000000800000000)
  region size 1024K, 96 young (98304K), 16 survivors (16384K)
 Metaspace       used 37938K, capacity 38858K, committed 38960K, reserved 1083392K
  class space    used 3842K, capacity 4188K, committed 4224K, reserved 1048576K
Heap Regions: E=young(eden), S=young(survivor), O=old, HS=humongous(starts), HC=humongous(continues), CS=collection set, F=free, A=archive, TAMS=top-at-mark-start (previous, next)
|   0|0x0000000701c00000, 0x0000000701d00000, 0x0000000701d00000|100%| O|  |TAMS 0x0000000701d00000, 0x0000000701c00000| Untracked 
|   1|0x0000000701d00000, 0x0000000701e00000, 0x0000000701e00000|100%| O|  |TAMS 0x0000000701e00000, 0x0000000701d00000| Untracked 
|   2|0x0000000701e00000, 0x0000000701f00000, 0x0000000701f00000|100%| O|  |TAMS 0x0000000701f00000, 0x0000000701e00000| Untracked 
|   3|0x0000000701f00000, 0x0000000702000000, 0x0000000702000000|100%| O|  |TAMS 0x0000000702000000, 0x0000000701f00000| Untracked 
|   4|0x0000000702000000, 0x0000000702100000, 0x0000000702100000|100%| O|  |TAMS 0x0000000702100000, 0x0000000702000000| Untracked 
|   5|0x0000000702100000, 0x0000000702200000, 0x0000000702200000|100%| O|  |TAMS 0x0000000702200000, 0x0000000702100000| Untracked 
|   6|0x0000000702200000, 0x0000000702300000, 0x0000000702300000|100%| O|  |TAMS 0x0000000702300000, 0x0000000702200000| Untracked 
|   7|0x0000000702300000, 0x0000000702400000, 0x0000000702400000|100%| O|  |TAMS 0x0000000702400000, 0x0000000702300000| Untracked 
|   8|0x0000000702400000, 0x0000000702500000, 0x0000000702500000|100%| O|  |TAMS 0x0000000702500000, 0x0000000702400000| Untracked 
|   9|0x0000000702500000, 0x0000000702600000, 0x0000000702600000|100%| O|  |TAMS 0x0000000702600000, 0x0000000702500000| Untracked 
|  10|0x0000000702600000, 0x0000000702700000, 0x0000000702700000|100%| O|  |TAMS 0x0000000702700000, 0x0000000702600000| Untracked 
|  11|0x0000000702700000, 0x0000000702800000, 0x0000000702800000|100%| O|  |TAMS 0x0000000702800000, 0x0000000702700000| Untracked 
|  12|0x0000000702800000, 0x0000000702900000, 0x0000000702900000|100%| O|  |TAMS 0x0000000702900000, 0x0000000702800000| Untracked 
|  13|0x0000000702900000, 0x0000000702a00000, 0x0000000702a00000|100%| O|  |TAMS 0x0000000702a00000, 0x0000000702900000| Untracked 
|  14|0x0000000702a00000, 0x0000000702b00000, 0x0000000702b00000|100%| O|  |TAMS 0x0000000702b00000, 0x0000000702a00000| Untracked 
|  15|0x0000000702b00000, 0x0000000702c00000, 0x0000000702c00000|100%| O|  |TAMS 0x0000000702c00000, 0x0000000702b00000| Untracked 
|  16|0x0000000702c00000, 0x0000000702d00000, 0x0000000702d00000|100%| O|  |TAMS 0x0000000702d00000, 0x0000000702c00000| Untracked 
|  17|0x0000000702d00000, 0x0000000702e00000, 0x0000000702e00000|100%| O|  |TAMS 0x0000000702e00000, 0x0000000702d00000| Untracked 
|  18|0x0000000702e00000, 0x0000000702f00000, 0x0000000702f00000|100%| O|  |TAMS 0x0000000702f00000, 0x0000000702e00000| Untracked 
|  19|0x0000000702f00000, 0x0000000703000000, 0x0000000703000000|100%| O|  |TAMS 0x0000000703000000, 0x0000000702f00000| Untracked 
|  20|0x0000000703000000, 0x0000000703000000, 0x0000000703100000|  0%| F|  |TAMS 0x0000000703000000, 0x0000000703000000| Untracked 
|  21|0x0000000703100000, 0x0000000703200000, 0x0000000703200000|100%| O|  |TAMS 0x0000000703200000, 0x0000000703100000| Untracked 
|  22|0x0000000703200000, 0x0000000703300000, 0x0000000703300000|100%| O|  |TAMS 0x0000000703300000, 0x0000000703200000| Untracked 
|  23|0x0000000703300000, 0x0000000703400000, 0x0000000703400000|100%| O|  |TAMS 0x0000000703400000, 0x0000000703300000| Untracked 
|  24|0x0000000703400000, 0x0000000703500000, 0x0000000703500000|100%| O|  |TAMS 0x0000000703500000, 0x0000000703400000| Untracked 
|  25|0x0000000703500000, 0x0000000703600000, 0x0000000703600000|100%| O|  |TAMS 0x0000000703600000, 0x0000000703500000| Untracked 
|  26|0x0000000703600000, 0x0000000703700000, 0x0000000703700000|100%| O|  |TAMS 0x0000000703700000, 0x0000000703600000| Untracked 
|  27|0x0000000703700000, 0x0000000703800000, 0x0000000703800000|100%| O|  |TAMS 0x0000000703800000, 0x0000000703700000| Untracked 
|  28|0x0000000703800000, 0x0000000703900000, 0x0000000703900000|100%| O|  |TAMS 0x0000000703900000, 0x0000000703800000| Untracked 
|  29|0x0000000703900000, 0x0000000703a00000, 0x0000000703a00000|100%| O|  |TAMS 0x0000000703a00000, 0x0000000703900000| Untracked 
|  30|0x0000000703a00000, 0x0000000703b00000, 0x0000000703b00000|100%| O|  |TAMS 0x0000000703b00000, 0x0000000703a00000| Untracked 
|  31|0x0000000703b00000, 0x0000000703c00000, 0x0000000703c00000|100%| O|  |TAMS 0x0000000703c00000, 0x0000000703b00000| Untracked 
|  32|0x0000000703c00000, 0x0000000703d00000, 0x0000000703d00000|100%| O|  |TAMS 0x0000000703d00000, 0x0000000703c00000| Untracked 
|  33|0x0000000703d00000, 0x0000000703e00000, 0x0000000703e00000|100%| O|  |TAMS 0x0000000703e00000, 0x0000000703d00000| Untracked 
|  34|0x0000000703e00000, 0x0000000703f00000, 0x0000000703f00000|100%| O|  |TAMS 0x0000000703f00000, 0x0000000703e00000| Untracked 
|  35|0x0000000703f00000, 0x0000000704000000, 0x0000000704000000|100%| O|  |TAMS 0x0000000704000000, 0x0000000703f00000| Untracked 
|  36|0x0000000704000000, 0x0000000704100000, 0x0000000704100000|100%| O|  |TAMS 0x0000000704100000, 0x0000000704000000| Untracked 
|  37|0x0000000704100000, 0x0000000704200000, 0x0000000704200000|100%| O|  |TAMS 0x0000000704200000, 0x0000000704100000| Untracked 
|  38|0x0000000704200000, 0x0000000704300000, 0x0000000704300000|100%| O|  |TAMS 0x0000000704300000, 0x0000000704200000| Untracked 
|  39|0x0000000704300000, 0x0000000704400000, 0x0000000704400000|100%| O|  |TAMS 0x0000000704400000, 0x0000000704300000| Untracked 
|  40|0x0000000704400000, 0x0000000704500000, 0x0000000704500000|100%| O|  |TAMS 0x0000000704500000, 0x0000000704400000| Untracked 
|  41|0x0000000704500000, 0x0000000704600000, 0x0000000704600000|100%| O|  |TAMS 0x0000000704600000, 0x0000000704500000| Untracked 
|  42|0x0000000704600000, 0x0000000704700000, 0x0000000704700000|100%|HS|  |TAMS 0x0000000704600000, 0x0000000704600000| Complete 
|  43|0x0000000704700000, 0x0000000704800000, 0x0000000704800000|100%|HC|  |TAMS 0x0000000704700000, 0x0000000704700000| Complete 
|  44|0x0000000704800000, 0x0000000704900000, 0x0000000704900000|100%| O|  |TAMS 0x0000000704800000, 0x0000000704800000| Untracked 
|  45|0x0000000704900000, 0x0000000704a00000, 0x0000000704a00000|100%| O|  |TAMS 0x0000000704900000, 0x0000000704900000| Untracked 
|  46|0x0000000704a00000, 0x0000000704b00000, 0x0000000704b00000|100%| O|  |TAMS 0x0000000704a00000, 0x0000000704a00000| Untracked 
|  47|0x0000000704b00000, 0x0000000704c00000, 0x0000000704c00000|100%| O|  |TAMS 0x0000000704b00000, 0x0000000704b00000| Untracked 
|  48|0x0000000704c00000, 0x0000000704d00000, 0x0000000704d00000|100%| O|  |TAMS 0x0000000704c00000, 0x0000000704c00000| Untracked 
|  49|0x0000000704d00000, 0x0000000704e00000, 0x0000000704e00000|100%| O|  |TAMS 0x0000000704d00000, 0x0000000704d00000| Untracked 
|  50|0x0000000704e00000, 0x0000000704f00000, 0x0000000704f00000|100%| O|  |TAMS 0x0000000704e00000, 0x0000000704e00000| Untracked 
|  51|0x0000000704f00000, 0x0000000705000000, 0x0000000705000000|100%| O|  |TAMS 0x0000000704f00000, 0x0000000704f00000| Untracked 
|  52|0x0000000705000000, 0x0000000705100000, 0x0000000705100000|100%| O|  |TAMS 0x0000000705000000, 0x0000000705000000| Untracked 
|  53|0x0000000705100000, 0x0000000705200000, 0x0000000705200000|100%| O|  |TAMS 0x0000000705100000, 0x0000000705100000| Untracked 
|  54|0x0000000705200000, 0x0000000705300000, 0x0000000705300000|100%| O|  |TAMS 0x0000000705200000, 0x0000000705200000| Untracked 
|  55|0x0000000705300000, 0x0000000705400000, 0x0000000705400000|100%| O|  |TAMS 0x0000000705300000, 0x0000000705300000| Untracked 
|  56|0x0000000705400000, 0x0000000705500000, 0x0000000705500000|100%| O|  |TAMS 0x0000000705400000, 0x0000000705400000| Untracked 
|  57|0x0000000705500000, 0x0000000705600000, 0x0000000705600000|100%| O|  |TAMS 0x0000000705500000, 0x0000000705500000| Untracked 
|  58|0x0000000705600000, 0x0000000705700000, 0x0000000705700000|100%| O|  |TAMS 0x0000000705600000, 0x0000000705600000| Untracked 
|  59|0x0000000705700000, 0x0000000705800000, 0x0000000705800000|100%| O|  |TAMS 0x0000000705700000, 0x0000000705700000| Untracked 
|  60|0x0000000705800000, 0x0000000705900000, 0x0000000705900000|100%| O|  |TAMS 0x0000000705800000, 0x0000000705800000| Untracked 
|  61|0x0000000705900000, 0x0000000705a00000, 0x0000000705a00000|100%| O|  |TAMS 0x0000000705900000, 0x0000000705900000| Untracked 
|  62|0x0000000705a00000, 0x0000000705b00000, 0x0000000705b00000|100%| O|  |TAMS 0x0000000705a00000, 0x0000000705a00000| Untracked 
|  63|0x0000000705b00000, 0x0000000705c00000, 0x0000000705c00000|100%| O|  |TAMS 0x0000000705b00000, 0x0000000705b00000| Untracked 
|  64|0x0000000705c00000, 0x0000000705d00000, 0x0000000705d00000|100%| O|  |TAMS 0x0000000705c00000, 0x0000000705c00000| Untracked 
|  65|0x0000000705d00000, 0x0000000705e00000, 0x0000000705e00000|100%| O|  |TAMS 0x0000000705d00000, 0x0000000705d00000| Untracked 
|  66|0x0000000705e00000, 0x0000000705e00000, 0x0000000705f00000|  0%| F|  |TAMS 0x0000000705e00000, 0x0000000705e00000| Untracked 
|  67|0x0000000705f00000, 0x0000000705f00000, 0x0000000706000000|  0%| F|  |TAMS 0x0000000705f00000, 0x0000000705f00000| Untracked 
|  68|0x0000000706000000, 0x0000000706000000, 0x0000000706100000|  0%| F|  |TAMS 0x0000000706000000, 0x0000000706000000| Untracked 
|  69|0x0000000706100000, 0x0000000706100000, 0x0000000706200000|  0%| F|  |TAMS 0x0000000706100000, 0x0000000706100000| Untracked 
|  70|0x0000000706200000, 0x0000000706200000, 0x0000000706300000|  0%| F|  |TAMS 0x0000000706200000, 0x0000000706200000| Untracked 
|  71|0x0000000706300000, 0x0000000706300000, 0x0000000706400000|  0%| F|  |TAMS 0x0000000706300000, 0x0000000706300000| Untracked 
|  72|0x0000000706400000, 0x0000000706400000, 0x0000000706500000|  0%| F|  |TAMS 0x0000000706400000, 0x0000000706400000| Untracked 
|  73|0x0000000706500000, 0x0000000706500000, 0x0000000706600000|  0%| F|  |TAMS 0x0000000706500000, 0x0000000706500000| Untracked 
|  74|0x0000000706600000, 0x0000000706600000, 0x0000000706700000|  0%| F|  |TAMS 0x0000000706600000, 0x0000000706600000| Untracked 
|  75|0x0000000706700000, 0x0000000706700000, 0x0000000706800000|  0%| F|  |TAMS 0x0000000706700000, 0x0000000706700000| Untracked 
|  76|0x0000000706800000, 0x0000000706800000, 0x0000000706900000|  0%| F|  |TAMS 0x0000000706800000, 0x0000000706800000| Untracked 
|  77|0x0000000706900000, 0x0000000706900000, 0x0000000706a00000|  0%| F|  |TAMS 0x0000000706900000, 0x0000000706900000| Untracked 
|  78|0x0000000706a00000, 0x0000000706a00000, 0x0000000706b00000|  0%| F|  |TAMS 0x0000000706a00000, 0x0000000706a00000| Untracked 
|  79|0x0000000706b00000, 0x0000000706b00000, 0x0000000706c00000|  0%| F|  |TAMS 0x0000000706b00000, 0x0000000706b00000| Untracked 
|  80|0x0000000706c00000, 0x0000000706c00000, 0x0000000706d00000|  0%| F|  |TAMS 0x0000000706c00000, 0x0000000706c00000| Untracked 
|  81|0x0000000706d00000, 0x0000000706d00000, 0x0000000706e00000|  0%| F|  |TAMS 0x0000000706d00000, 0x0000000706d00000| Untracked 
|  82|0x0000000706e00000, 0x0000000706e00000, 0x0000000706f00000|  0%| F|  |TAMS 0x0000000706e00000, 0x0000000706e00000| Untracked 
|  83|0x0000000706f00000, 0x0000000706f00000, 0x0000000707000000|  0%| F|  |TAMS 0x0000000706f00000, 0x0000000706f00000| Untracked 
|  84|0x0000000707000000, 0x0000000707000000, 0x0000000707100000|  0%| F|  |TAMS 0x0000000707000000, 0x0000000707000000| Untracked 
|  85|0x0000000707100000, 0x0000000707100000, 0x0000000707200000|  0%| F|  |TAMS 0x0000000707100000, 0x0000000707100000| Untracked 
|  86|0x0000000707200000, 0x0000000707200000, 0x0000000707300000|  0%| F|  |TAMS 0x0000000707200000, 0x0000000707200000| Untracked 
|  87|0x0000000707300000, 0x0000000707300000, 0x0000000707400000|  0%| F|  |TAMS 0x0000000707300000, 0x0000000707300000| Untracked 
|  88|0x0000000707400000, 0x0000000707400000, 0x0000000707500000|  0%| F|  |TAMS 0x0000000707400000, 0x0000000707400000| Untracked 
|  89|0x0000000707500000, 0x0000000707500000, 0x0000000707600000|  0%| F|  |TAMS 0x0000000707500000, 0x0000000707500000| Untracked 
|  90|0x0000000707600000, 0x0000000707600000, 0x0000000707700000|  0%| F|  |TAMS 0x0000000707600000, 0x0000000707600000| Untracked 
|  91|0x0000000707700000, 0x0000000707700000, 0x0000000707800000|  0%| F|  |TAMS 0x0000000707700000, 0x0000000707700000| Untracked 
|  92|0x0000000707800000, 0x0000000707800000, 0x0000000707900000|  0%| F|  |TAMS 0x0000000707800000, 0x0000000707800000| Untracked 
|  93|0x0000000707900000, 0x0000000707900000, 0x0000000707a00000|  0%| F|  |TAMS 0x0000000707900000, 0x0000000707900000| Untracked 
|  94|0x0000000707a00000, 0x0000000707a00000, 0x0000000707b00000|  0%| F|  |TAMS 0x0000000707a00000, 0x0000000707a00000| Untracked 
|  95|0x0000000707b00000, 0x0000000707b00000, 0x0000000707c00000|  0%| F|  |TAMS 0x0000000707b00000, 0x0000000707b00000| Untracked 
|  96|0x0000000707c00000, 0x0000000707c00000, 0x0000000707d00000|  0%| F|  |TAMS 0x0000000707c00000, 0x0000000707c00000| Untracked 
|  97|0x0000000707d00000, 0x0000000707d00000, 0x0000000707e00000|  0%| F|  |TAMS 0x0000000707d00000, 0x0000000707d00000| Untracked 
|  98|0x0000000707e00000, 0x0000000707e00000, 0x0000000707f00000|  0%| F|  |TAMS 0x0000000707e00000, 0x0000000707e00000| Untracked 
|  99|0x0000000707f00000, 0x0000000707f00000, 0x0000000708000000|  0%| F|  |TAMS 0x0000000707f00000, 0x0000000707f00000| Untracked 
| 100|0x0000000708000000, 0x0000000708000000, 0x0000000708100000|  0%| F|  |TAMS 0x0000000708000000, 0x0000000708000000| Untracked 
| 101|0x0000000708100000, 0x0000000708100000, 0x0000000708200000|  0%| F|  |TAMS 0x0000000708100000, 0x0000000708100000| Untracked 
| 102|0x0000000708200000, 0x0000000708200000, 0x0000000708300000|  0%| F|  |TAMS 0x0000000708200000, 0x0000000708200000| Untracked 
| 103|0x0000000708300000, 0x0000000708300000, 0x0000000708400000|  0%| F|  |TAMS 0x0000000708300000, 0x0000000708300000| Untracked 
| 104|0x0000000708400000, 0x0000000708400000, 0x0000000708500000|  0%| F|  |TAMS 0x0000000708400000, 0x0000000708400000| Untracked 
| 105|0x0000000708500000, 0x0000000708500000, 0x0000000708600000|  0%| F|  |TAMS 0x0000000708500000, 0x0000000708500000| Untracked 
| 106|0x0000000708600000, 0x0000000708600000, 0x0000000708700000|  0%| F|  |TAMS 0x0000000708600000, 0x0000000708600000| Untracked 
| 107|0x0000000708700000, 0x0000000708700000, 0x0000000708800000|  0%| F|  |TAMS 0x0000000708700000, 0x0000000708700000| Untracked 
| 108|0x0000000708800000, 0x0000000708800000, 0x0000000708900000|  0%| F|  |TAMS 0x0000000708800000, 0x0000000708800000| Untracked 
| 109|0x0000000708900000, 0x0000000708900000, 0x0000000708a00000|  0%| F|  |TAMS 0x0000000708900000, 0x0000000708900000| Untracked 
| 110|0x0000000708a00000, 0x0000000708a00000, 0x0000000708b00000|  0%| F|  |TAMS 0x0000000708a00000, 0x0000000708a00000| Untracked 
| 111|0x0000000708b00000, 0x0000000708b00000, 0x0000000708c00000|  0%| F|  |TAMS 0x0000000708b00000, 0x0000000708b00000| Untracked 
| 112|0x0000000708c00000, 0x0000000708c00000, 0x0000000708d00000|  0%| F|  |TAMS 0x0000000708c00000, 0x0000000708c00000| Untracked 
| 113|0x0000000708d00000, 0x0000000708d00000, 0x0000000708e00000|  0%| F|  |TAMS 0x0000000708d00000, 0x0000000708d00000| Untracked 
| 114|0x0000000708e00000, 0x0000000708e00000, 0x0000000708f00000|  0%| F|  |TAMS 0x0000000708e00000, 0x0000000708e00000| Untracked 
| 115|0x0000000708f00000, 0x0000000708f00000, 0x0000000709000000|  0%| F|  |TAMS 0x0000000708f00000, 0x0000000708f00000| Untracked 
| 116|0x0000000709000000, 0x0000000709000000, 0x0000000709100000|  0%| F|  |TAMS 0x0000000709000000, 0x0000000709000000| Untracked 
| 117|0x0000000709100000, 0x0000000709100000, 0x0000000709200000|  0%| F|  |TAMS 0x0000000709100000, 0x0000000709100000| Untracked 
| 118|0x0000000709200000, 0x0000000709200000, 0x0000000709300000|  0%| F|  |TAMS 0x0000000709200000, 0x0000000709200000| Untracked 
| 119|0x0000000709300000, 0x0000000709300000, 0x0000000709400000|  0%| F|  |TAMS 0x0000000709300000, 0x0000000709300000| Untracked 
| 120|0x0000000709400000, 0x0000000709400000, 0x0000000709500000|  0%| F|  |TAMS 0x0000000709400000, 0x0000000709400000| Untracked 
| 121|0x0000000709500000, 0x0000000709500000, 0x0000000709600000|  0%| F|  |TAMS 0x0000000709500000, 0x0000000709500000| Untracked 
| 122|0x0000000709600000, 0x0000000709600000, 0x0000000709700000|  0%| F|  |TAMS 0x0000000709600000, 0x0000000709600000| Untracked 
| 123|0x0000000709700000, 0x0000000709700000, 0x0000000709800000|  0%| F|  |TAMS 0x0000000709700000, 0x0000000709700000| Untracked 
| 124|0x0000000709800000, 0x0000000709800000, 0x0000000709900000|  0%| F|  |TAMS 0x0000000709800000, 0x0000000709800000| Untracked 
| 125|0x0000000709900000, 0x0000000709900000, 0x0000000709a00000|  0%| F|  |TAMS 0x0000000709900000, 0x0000000709900000| Untracked 
| 126|0x0000000709a00000, 0x0000000709a00000, 0x0000000709b00000|  0%| F|  |TAMS 0x0000000709a00000, 0x0000000709a00000| Untracked 
| 127|0x0000000709b00000, 0x0000000709b00000, 0x0000000709c00000|  0%| F|  |TAMS 0x0000000709b00000, 0x0000000709b00000| Untracked 
| 128|0x0000000709c00000, 0x0000000709c00000, 0x0000000709d00000|  0%| F|  |TAMS 0x0000000709c00000, 0x0000000709c00000| Untracked 
| 129|0x0000000709d00000, 0x0000000709d00000, 0x0000000709e00000|  0%| F|  |TAMS 0x0000000709d00000, 0x0000000709d00000| Untracked 
| 130|0x0000000709e00000, 0x0000000709e00000, 0x0000000709f00000|  0%| F|  |TAMS 0x0000000709e00000, 0x0000000709e00000| Untracked 
| 131|0x0000000709f00000, 0x0000000709f00000, 0x000000070a000000|  0%| F|  |TAMS 0x0000000709f00000, 0x0000000709f00000| Untracked 
| 132|0x000000070a000000, 0x000000070a000000, 0x000000070a100000|  0%| F|  |TAMS 0x000000070a000000, 0x000000070a000000| Untracked 
| 133|0x000000070a100000, 0x000000070a100000, 0x000000070a200000|  0%| F|  |TAMS 0x000000070a100000, 0x000000070a100000| Untracked 
| 134|0x000000070a200000, 0x000000070a200000, 0x000000070a300000|  0%| F|  |TAMS 0x000000070a200000, 0x000000070a200000| Untracked 
| 135|0x000000070a300000, 0x000000070a300000, 0x000000070a400000|  0%| F|  |TAMS 0x000000070a300000, 0x000000070a300000| Untracked 
| 136|0x000000070a400000, 0x000000070a400000, 0x000000070a500000|  0%| F|  |TAMS 0x000000070a400000, 0x000000070a400000| Untracked 
| 137|0x000000070a500000, 0x000000070a500000, 0x000000070a600000|  0%| F|  |TAMS 0x000000070a500000, 0x000000070a500000| Untracked 
| 138|0x000000070a600000, 0x000000070a600000, 0x000000070a700000|  0%| F|  |TAMS 0x000000070a600000, 0x000000070a600000| Untracked 
| 139|0x000000070a700000, 0x000000070a700000, 0x000000070a800000|  0%| F|  |TAMS 0x000000070a700000, 0x000000070a700000| Untracked 
| 140|0x000000070a800000, 0x000000070a800000, 0x000000070a900000|  0%| F|  |TAMS 0x000000070a800000, 0x000000070a800000| Untracked 
| 141|0x000000070a900000, 0x000000070a900000, 0x000000070aa00000|  0%| F|  |TAMS 0x000000070a900000, 0x000000070a900000| Untracked 
| 142|0x000000070aa00000, 0x000000070aa00000, 0x000000070ab00000|  0%| F|  |TAMS 0x000000070aa00000, 0x000000070aa00000| Untracked 
| 143|0x000000070ab00000, 0x000000070ab00000, 0x000000070ac00000|  0%| F|  |TAMS 0x000000070ab00000, 0x000000070ab00000| Untracked 
| 144|0x000000070ac00000, 0x000000070ac00000, 0x000000070ad00000|  0%| F|  |TAMS 0x000000070ac00000, 0x000000070ac00000| Untracked 
| 145|0x000000070ad00000, 0x000000070ad00000, 0x000000070ae00000|  0%| F|  |TAMS 0x000000070ad00000, 0x000000070ad00000| Untracked 
| 146|0x000000070ae00000, 0x000000070ae00000, 0x000000070af00000|  0%| F|  |TAMS 0x000000070ae00000, 0x000000070ae00000| Untracked 
| 147|0x000000070af00000, 0x000000070af00000, 0x000000070b000000|  0%| F|  |TAMS 0x000000070af00000, 0x000000070af00000| Untracked 
| 148|0x000000070b000000, 0x000000070b000000, 0x000000070b100000|  0%| F|  |TAMS 0x000000070b000000, 0x000000070b000000| Untracked 
| 149|0x000000070b100000, 0x000000070b100000, 0x000000070b200000|  0%| F|  |TAMS 0x000000070b100000, 0x000000070b100000| Untracked 
| 150|0x000000070b200000, 0x000000070b200000, 0x000000070b300000|  0%| F|  |TAMS 0x000000070b200000, 0x000000070b200000| Untracked 
| 151|0x000000070b300000, 0x000000070b300000, 0x000000070b400000|  0%| F|  |TAMS 0x000000070b300000, 0x000000070b300000| Untracked 
| 152|0x000000070b400000, 0x000000070b400000, 0x000000070b500000|  0%| F|  |TAMS 0x000000070b400000, 0x000000070b400000| Untracked 
| 153|0x000000070b500000, 0x000000070b500000, 0x000000070b600000|  0%| F|  |TAMS 0x000000070b500000, 0x000000070b500000| Untracked 
| 154|0x000000070b600000, 0x000000070b600000, 0x000000070b700000|  0%| F|  |TAMS 0x000000070b600000, 0x000000070b600000| Untracked 
| 155|0x000000070b700000, 0x000000070b700000, 0x000000070b800000|  0%| F|  |TAMS 0x000000070b700000, 0x000000070b700000| Untracked 
| 156|0x000000070b800000, 0x000000070b800000, 0x000000070b900000|  0%| F|  |TAMS 0x000000070b800000, 0x000000070b800000| Untracked 
| 157|0x000000070b900000, 0x000000070b900000, 0x000000070ba00000|  0%| F|  |TAMS 0x000000070b900000, 0x000000070b900000| Untracked 
| 158|0x000000070ba00000, 0x000000070ba00000, 0x000000070bb00000|  0%| F|  |TAMS 0x000000070ba00000, 0x000000070ba00000| Untracked 
| 159|0x000000070bb00000, 0x000000070bb00000, 0x000000070bc00000|  0%| F|  |TAMS 0x000000070bb00000, 0x000000070bb00000| Untracked 
| 160|0x000000070bc00000, 0x000000070bc00000, 0x000000070bd00000|  0%| F|  |TAMS 0x000000070bc00000, 0x000000070bc00000| Untracked 
| 161|0x000000070bd00000, 0x000000070bd00000, 0x000000070be00000|  0%| F|  |TAMS 0x000000070bd00000, 0x000000070bd00000| Untracked 
| 162|0x000000070be00000, 0x000000070be00000, 0x000000070bf00000|  0%| F|  |TAMS 0x000000070be00000, 0x000000070be00000| Untracked 
| 163|0x000000070bf00000, 0x000000070bf00000, 0x000000070c000000|  0%| F|  |TAMS 0x000000070bf00000, 0x000000070bf00000| Untracked 
| 164|0x000000070c000000, 0x000000070c000000, 0x000000070c100000|  0%| F|  |TAMS 0x000000070c000000, 0x000000070c000000| Untracked 
| 165|0x000000070c100000, 0x000000070c100000, 0x000000070c200000|  0%| F|  |TAMS 0x000000070c100000, 0x000000070c100000| Untracked 
| 166|0x000000070c200000, 0x000000070c300000, 0x000000070c300000|100%| S|CS|TAMS 0x000000070c200000, 0x000000070c200000| Complete 
| 167|0x000000070c300000, 0x000000070c400000, 0x000000070c400000|100%| S|CS|TAMS 0x000000070c300000, 0x000000070c300000| Complete 
| 168|0x000000070c400000, 0x000000070c500000, 0x000000070c500000|100%| S|CS|TAMS 0x000000070c400000, 0x000000070c400000| Complete 
| 169|0x000000070c500000, 0x000000070c600000, 0x000000070c600000|100%| S|CS|TAMS 0x000000070c500000, 0x000000070c500000| Complete 
| 170|0x000000070c600000, 0x000000070c700000, 0x000000070c700000|100%| S|CS|TAMS 0x000000070c600000, 0x000000070c600000| Complete 
| 171|0x000000070c700000, 0x000000070c800000, 0x000000070c800000|100%| S|CS|TAMS 0x000000070c700000, 0x000000070c700000| Complete 
| 172|0x000000070c800000, 0x000000070c900000, 0x000000070c900000|100%| S|CS|TAMS 0x000000070c800000, 0x000000070c800000| Complete 
| 173|0x000000070c900000, 0x000000070ca00000, 0x000000070ca00000|100%| S|CS|TAMS 0x000000070c900000, 0x000000070c900000| Complete 
| 174|0x000000070ca00000, 0x000000070cb00000, 0x000000070cb00000|100%| S|CS|TAMS 0x000000070ca00000, 0x000000070ca00000| Complete 
| 175|0x000000070cb00000, 0x000000070cc00000, 0x000000070cc00000|100%| S|CS|TAMS 0x000000070cb00000, 0x000000070cb00000| Complete 
| 176|0x000000070cc00000, 0x000000070cd00000, 0x000000070cd00000|100%| S|CS|TAMS 0x000000070cc00000, 0x000000070cc00000| Complete 
| 177|0x000000070cd00000, 0x000000070ce00000, 0x000000070ce00000|100%| S|CS|TAMS 0x000000070cd00000, 0x000000070cd00000| Complete 
| 178|0x000000070ce00000, 0x000000070cf00000, 0x000000070cf00000|100%| S|CS|TAMS 0x000000070ce00000, 0x000000070ce00000| Complete 
| 179|0x000000070cf00000, 0x000000070d000000, 0x000000070d000000|100%| S|CS|TAMS 0x000000070cf00000, 0x000000070cf00000| Complete 
| 180|0x000000070d000000, 0x000000070d100000, 0x000000070d100000|100%| S|CS|TAMS 0x000000070d000000, 0x000000070d000000| Complete 
| 181|0x000000070d100000, 0x000000070d200000, 0x000000070d200000|100%| S|CS|TAMS 0x000000070d100000, 0x000000070d100000| Complete 
| 182|0x000000070d200000, 0x000000070d200000, 0x000000070d300000|  0%| F|  |TAMS 0x000000070d200000, 0x000000070d200000| Untracked 
| 183|0x000000070d300000, 0x000000070d300000, 0x000000070d400000|  0%| F|  |TAMS 0x000000070d300000, 0x000000070d300000| Untracked 
| 184|0x000000070d400000, 0x000000070d400000, 0x000000070d500000|  0%| F|  |TAMS 0x000000070d400000, 0x000000070d400000| Untracked 
| 185|0x000000070d500000, 0x000000070d500000, 0x000000070d600000|  0%| F|  |TAMS 0x000000070d500000, 0x000000070d500000| Untracked 
| 186|0x000000070d600000, 0x000000070d600000, 0x000000070d700000|  0%| F|  |TAMS 0x000000070d600000, 0x000000070d600000| Untracked 
| 187|0x000000070d700000, 0x000000070d700000, 0x000000070d800000|  0%| F|  |TAMS 0x000000070d700000, 0x000000070d700000| Untracked 
| 188|0x000000070d800000, 0x000000070d800000, 0x000000070d900000|  0%| F|  |TAMS 0x000000070d800000, 0x000000070d800000| Untracked 
| 189|0x000000070d900000, 0x000000070d900000, 0x000000070da00000|  0%| F|  |TAMS 0x000000070d900000, 0x000000070d900000| Untracked 
| 190|0x000000070da00000, 0x000000070da00000, 0x000000070db00000|  0%| F|  |TAMS 0x000000070da00000, 0x000000070da00000| Untracked 
| 191|0x000000070db00000, 0x000000070db00000, 0x000000070dc00000|  0%| F|  |TAMS 0x000000070db00000, 0x000000070db00000| Untracked 
| 192|0x000000070dc00000, 0x000000070dc00000, 0x000000070dd00000|  0%| F|  |TAMS 0x000000070dc00000, 0x000000070dc00000| Untracked 
| 193|0x000000070dd00000, 0x000000070dd00000, 0x000000070de00000|  0%| F|  |TAMS 0x000000070dd00000, 0x000000070dd00000| Untracked 
| 194|0x000000070de00000, 0x000000070de00000, 0x000000070df00000|  0%| F|  |TAMS 0x000000070de00000, 0x000000070de00000| Untracked 
| 195|0x000000070df00000, 0x000000070df00000, 0x000000070e000000|  0%| F|  |TAMS 0x000000070df00000, 0x000000070df00000| Untracked 
| 196|0x000000070e000000, 0x000000070e000000, 0x000000070e100000|  0%| F|  |TAMS 0x000000070e000000, 0x000000070e000000| Untracked 
| 197|0x000000070e100000, 0x000000070e100000, 0x000000070e200000|  0%| F|  |TAMS 0x000000070e100000, 0x000000070e100000| Untracked 
| 198|0x000000070e200000, 0x000000070e200000, 0x000000070e300000|  0%| F|  |TAMS 0x000000070e200000, 0x000000070e200000| Untracked 
| 199|0x000000070e300000, 0x000000070e300000, 0x000000070e400000|  0%| F|  |TAMS 0x000000070e300000, 0x000000070e300000| Untracked 
| 200|0x000000070e400000, 0x000000070e400000, 0x000000070e500000|  0%| F|  |TAMS 0x000000070e400000, 0x000000070e400000| Untracked 
| 201|0x000000070e500000, 0x000000070e500000, 0x000000070e600000|  0%| F|  |TAMS 0x000000070e500000, 0x000000070e500000| Untracked 
| 202|0x000000070e600000, 0x000000070e600000, 0x000000070e700000|  0%| F|  |TAMS 0x000000070e600000, 0x000000070e600000| Untracked 
| 203|0x000000070e700000, 0x000000070e700000, 0x000000070e800000|  0%| F|  |TAMS 0x000000070e700000, 0x000000070e700000| Untracked 
| 204|0x000000070e800000, 0x000000070e800000, 0x000000070e900000|  0%| F|  |TAMS 0x000000070e800000, 0x000000070e800000| Untracked 
| 205|0x000000070e900000, 0x000000070e900000, 0x000000070ea00000|  0%| F|  |TAMS 0x000000070e900000, 0x000000070e900000| Untracked 
| 206|0x000000070ea00000, 0x000000070ea00000, 0x000000070eb00000|  0%| F|  |TAMS 0x000000070ea00000, 0x000000070ea00000| Untracked 
| 207|0x000000070eb00000, 0x000000070eb00000, 0x000000070ec00000|  0%| F|  |TAMS 0x000000070eb00000, 0x000000070eb00000| Untracked 
| 208|0x000000070ec00000, 0x000000070ec00000, 0x000000070ed00000|  0%| F|  |TAMS 0x000000070ec00000, 0x000000070ec00000| Untracked 
| 209|0x000000070ed00000, 0x000000070ed00000, 0x000000070ee00000|  0%| F|  |TAMS 0x000000070ed00000, 0x000000070ed00000| Untracked 
| 210|0x000000070ee00000, 0x000000070ee00000, 0x000000070ef00000|  0%| F|  |TAMS 0x000000070ee00000, 0x000000070ee00000| Untracked 
| 211|0x000000070ef00000, 0x000000070ef00000, 0x000000070f000000|  0%| F|  |TAMS 0x000000070ef00000, 0x000000070ef00000| Untracked 
| 212|0x000000070f000000, 0x000000070f000000, 0x000000070f100000|  0%| F|  |TAMS 0x000000070f000000, 0x000000070f000000| Untracked 
| 213|0x000000070f100000, 0x000000070f100000, 0x000000070f200000|  0%| F|  |TAMS 0x000000070f100000, 0x000000070f100000| Untracked 
| 214|0x000000070f200000, 0x000000070f200000, 0x000000070f300000|  0%| F|  |TAMS 0x000000070f200000, 0x000000070f200000| Untracked 
| 215|0x000000070f300000, 0x000000070f300000, 0x000000070f400000|  0%| F|  |TAMS 0x000000070f300000, 0x000000070f300000| Untracked 
| 216|0x000000070f400000, 0x000000070f400000, 0x000000070f500000|  0%| F|  |TAMS 0x000000070f400000, 0x000000070f400000| Untracked 
| 217|0x000000070f500000, 0x000000070f500000, 0x000000070f600000|  0%| F|  |TAMS 0x000000070f500000, 0x000000070f500000| Untracked 
| 218|0x000000070f600000, 0x000000070f600000, 0x000000070f700000|  0%| F|  |TAMS 0x000000070f600000, 0x000000070f600000| Untracked 
| 219|0x000000070f700000, 0x000000070f700000, 0x000000070f800000|  0%| F|  |TAMS 0x000000070f700000, 0x000000070f700000| Untracked 
| 220|0x000000070f800000, 0x000000070f800000, 0x000000070f900000|  0%| F|  |TAMS 0x000000070f800000, 0x000000070f800000| Untracked 
| 221|0x000000070f900000, 0x000000070f900000, 0x000000070fa00000|  0%| F|  |TAMS 0x000000070f900000, 0x000000070f900000| Untracked 
| 222|0x000000070fa00000, 0x000000070fa00000, 0x000000070fb00000|  0%| F|  |TAMS 0x000000070fa00000, 0x000000070fa00000| Untracked 
| 223|0x000000070fb00000, 0x000000070fb00000, 0x000000070fc00000|  0%| F|  |TAMS 0x000000070fb00000, 0x000000070fb00000| Untracked 
| 224|0x000000070fc00000, 0x000000070fc00000, 0x000000070fd00000|  0%| F|  |TAMS 0x000000070fc00000, 0x000000070fc00000| Untracked 
| 225|0x000000070fd00000, 0x000000070fd00000, 0x000000070fe00000|  0%| F|  |TAMS 0x000000070fd00000, 0x000000070fd00000| Untracked 
| 226|0x000000070fe00000, 0x000000070fe00000, 0x000000070ff00000|  0%| F|  |TAMS 0x000000070fe00000, 0x000000070fe00000| Untracked 
| 227|0x000000070ff00000, 0x000000070ff00000, 0x0000000710000000|  0%| F|  |TAMS 0x000000070ff00000, 0x000000070ff00000| Untracked 
| 228|0x0000000710000000, 0x0000000710080800, 0x0000000710100000| 50%| E|  |TAMS 0x0000000710000000, 0x0000000710000000| Complete 
| 229|0x0000000710100000, 0x0000000710200000, 0x0000000710200000|100%| E|CS|TAMS 0x0000000710100000, 0x0000000710100000| Complete 
| 230|0x0000000710200000, 0x0000000710300000, 0x0000000710300000|100%| E|CS|TAMS 0x0000000710200000, 0x0000000710200000| Complete 
| 231|0x0000000710300000, 0x0000000710400000, 0x0000000710400000|100%| E|CS|TAMS 0x0000000710300000, 0x0000000710300000| Complete 
| 232|0x0000000710400000, 0x0000000710500000, 0x0000000710500000|100%| E|CS|TAMS 0x0000000710400000, 0x0000000710400000| Complete 
| 233|0x0000000710500000, 0x0000000710600000, 0x0000000710600000|100%| E|CS|TAMS 0x0000000710500000, 0x0000000710500000| Complete 
| 234|0x0000000710600000, 0x0000000710700000, 0x0000000710700000|100%| E|CS|TAMS 0x0000000710600000, 0x0000000710600000| Complete 
| 235|0x0000000710700000, 0x0000000710800000, 0x0000000710800000|100%| E|CS|TAMS 0x0000000710700000, 0x0000000710700000| Complete 
| 236|0x0000000710800000, 0x0000000710900000, 0x0000000710900000|100%| E|CS|TAMS 0x0000000710800000, 0x0000000710800000| Complete 
| 237|0x0000000710900000, 0x0000000710a00000, 0x0000000710a00000|100%| E|CS|TAMS 0x0000000710900000, 0x0000000710900000| Complete 
| 238|0x0000000710a00000, 0x0000000710b00000, 0x0000000710b00000|100%| E|CS|TAMS 0x0000000710a00000, 0x0000000710a00000| Complete 
| 239|0x0000000710b00000, 0x0000000710c00000, 0x0000000710c00000|100%| E|CS|TAMS 0x0000000710b00000, 0x0000000710b00000| Complete 
| 240|0x0000000710c00000, 0x0000000710d00000, 0x0000000710d00000|100%| E|CS|TAMS 0x0000000710c00000, 0x0000000710c00000| Complete 
| 241|0x0000000710d00000, 0x0000000710e00000, 0x0000000710e00000|100%| E|CS|TAMS 0x0000000710d00000, 0x0000000710d00000| Complete 
| 242|0x0000000710e00000, 0x0000000710f00000, 0x0000000710f00000|100%| E|CS|TAMS 0x0000000710e00000, 0x0000000710e00000| Complete 
| 243|0x0000000710f00000, 0x0000000711000000, 0x0000000711000000|100%| E|CS|TAMS 0x0000000710f00000, 0x0000000710f00000| Complete 
| 244|0x0000000711000000, 0x0000000711100000, 0x0000000711100000|100%| E|CS|TAMS 0x0000000711000000, 0x0000000711000000| Complete 
| 245|0x0000000711100000, 0x0000000711200000, 0x0000000711200000|100%| E|CS|TAMS 0x0000000711100000, 0x0000000711100000| Complete 
| 246|0x0000000711200000, 0x0000000711300000, 0x0000000711300000|100%| E|CS|TAMS 0x0000000711200000, 0x0000000711200000| Complete 
| 247|0x0000000711300000, 0x0000000711400000, 0x0000000711400000|100%| E|CS|TAMS 0x0000000711300000, 0x0000000711300000| Complete 
| 248|0x0000000711400000, 0x0000000711500000, 0x0000000711500000|100%| E|CS|TAMS 0x0000000711400000, 0x0000000711400000| Complete 
| 249|0x0000000711500000, 0x0000000711600000, 0x0000000711600000|100%| E|CS|TAMS 0x0000000711500000, 0x0000000711500000| Complete 
| 250|0x0000000711600000, 0x0000000711700000, 0x0000000711700000|100%| E|CS|TAMS 0x0000000711600000, 0x0000000711600000| Complete 
| 251|0x0000000711700000, 0x0000000711800000, 0x0000000711800000|100%| E|CS|TAMS 0x0000000711700000, 0x0000000711700000| Complete 
| 252|0x0000000711800000, 0x0000000711900000, 0x0000000711900000|100%| E|CS|TAMS 0x0000000711800000, 0x0000000711800000| Complete 
| 253|0x0000000711900000, 0x0000000711a00000, 0x0000000711a00000|100%| E|CS|TAMS 0x0000000711900000, 0x0000000711900000| Complete 
| 254|0x0000000711a00000, 0x0000000711b00000, 0x0000000711b00000|100%| E|CS|TAMS 0x0000000711a00000, 0x0000000711a00000| Complete 
| 255|0x0000000711b00000, 0x0000000711c00000, 0x0000000711c00000|100%| E|CS|TAMS 0x0000000711b00000, 0x0000000711b00000| Complete 
| 256|0x0000000711c00000, 0x0000000711d00000, 0x0000000711d00000|100%| E|CS|TAMS 0x0000000711c00000, 0x0000000711c00000| Complete 
| 257|0x0000000711d00000, 0x0000000711e00000, 0x0000000711e00000|100%| E|CS|TAMS 0x0000000711d00000, 0x0000000711d00000| Complete 
| 258|0x0000000711e00000, 0x0000000711f00000, 0x0000000711f00000|100%| E|CS|TAMS 0x0000000711e00000, 0x0000000711e00000| Complete 
| 259|0x0000000711f00000, 0x0000000712000000, 0x0000000712000000|100%| E|CS|TAMS 0x0000000711f00000, 0x0000000711f00000| Complete 
| 260|0x0000000712000000, 0x0000000712100000, 0x0000000712100000|100%| E|CS|TAMS 0x0000000712000000, 0x0000000712000000| Complete 
| 261|0x0000000712100000, 0x0000000712200000, 0x0000000712200000|100%| E|CS|TAMS 0x0000000712100000, 0x0000000712100000| Complete 
| 262|0x0000000712200000, 0x0000000712300000, 0x0000000712300000|100%| E|CS|TAMS 0x0000000712200000, 0x0000000712200000| Complete 
| 263|0x0000000712300000, 0x0000000712400000, 0x0000000712400000|100%| E|CS|TAMS 0x0000000712300000, 0x0000000712300000| Complete 
| 264|0x0000000712400000, 0x0000000712500000, 0x0000000712500000|100%| E|CS|TAMS 0x0000000712400000, 0x0000000712400000| Complete 
| 265|0x0000000712500000, 0x0000000712600000, 0x0000000712600000|100%| E|CS|TAMS 0x0000000712500000, 0x0000000712500000| Complete 
| 266|0x0000000712600000, 0x0000000712700000, 0x0000000712700000|100%| E|CS|TAMS 0x0000000712600000, 0x0000000712600000| Complete 
| 267|0x0000000712700000, 0x0000000712800000, 0x0000000712800000|100%| E|CS|TAMS 0x0000000712700000, 0x0000000712700000| Complete 
| 268|0x0000000712800000, 0x0000000712900000, 0x0000000712900000|100%| E|CS|TAMS 0x0000000712800000, 0x0000000712800000| Complete 
| 269|0x0000000712900000, 0x0000000712a00000, 0x0000000712a00000|100%| E|CS|TAMS 0x0000000712900000, 0x0000000712900000| Complete 
| 270|0x0000000712a00000, 0x0000000712b00000, 0x0000000712b00000|100%| E|CS|TAMS 0x0000000712a00000, 0x0000000712a00000| Complete 
| 271|0x0000000712b00000, 0x0000000712c00000, 0x0000000712c00000|100%| E|CS|TAMS 0x0000000712b00000, 0x0000000712b00000| Complete 
| 272|0x0000000712c00000, 0x0000000712d00000, 0x0000000712d00000|100%| E|CS|TAMS 0x0000000712c00000, 0x0000000712c00000| Complete 
| 273|0x0000000712d00000, 0x0000000712e00000, 0x0000000712e00000|100%| E|CS|TAMS 0x0000000712d00000, 0x0000000712d00000| Complete 
| 274|0x0000000712e00000, 0x0000000712f00000, 0x0000000712f00000|100%| E|CS|TAMS 0x0000000712e00000, 0x0000000712e00000| Complete 
| 275|0x0000000712f00000, 0x0000000713000000, 0x0000000713000000|100%| E|CS|TAMS 0x0000000712f00000, 0x0000000712f00000| Complete 
| 276|0x0000000713000000, 0x0000000713100000, 0x0000000713100000|100%| E|CS|TAMS 0x0000000713000000, 0x0000000713000000| Complete 
| 277|0x0000000713100000, 0x0000000713200000, 0x0000000713200000|100%| E|CS|TAMS 0x0000000713100000, 0x0000000713100000| Complete 
| 278|0x0000000713200000, 0x0000000713300000, 0x0000000713300000|100%| E|CS|TAMS 0x0000000713200000, 0x0000000713200000| Complete 
| 279|0x0000000713300000, 0x0000000713400000, 0x0000000713400000|100%| E|CS|TAMS 0x0000000713300000, 0x0000000713300000| Complete 
| 280|0x0000000713400000, 0x0000000713500000, 0x0000000713500000|100%| E|CS|TAMS 0x0000000713400000, 0x0000000713400000| Complete 
| 281|0x0000000713500000, 0x0000000713600000, 0x0000000713600000|100%| E|CS|TAMS 0x0000000713500000, 0x0000000713500000| Complete 
| 282|0x0000000713600000, 0x0000000713700000, 0x0000000713700000|100%| E|CS|TAMS 0x0000000713600000, 0x0000000713600000| Complete 
| 283|0x0000000713700000, 0x0000000713800000, 0x0000000713800000|100%| E|CS|TAMS 0x0000000713700000, 0x0000000713700000| Complete 
| 284|0x0000000713800000, 0x0000000713900000, 0x0000000713900000|100%| E|CS|TAMS 0x0000000713800000, 0x0000000713800000| Complete 
| 285|0x0000000713900000, 0x0000000713a00000, 0x0000000713a00000|100%| E|CS|TAMS 0x0000000713900000, 0x0000000713900000| Complete 
| 286|0x0000000713a00000, 0x0000000713b00000, 0x0000000713b00000|100%| E|CS|TAMS 0x0000000713a00000, 0x0000000713a00000| Complete 
| 287|0x0000000713b00000, 0x0000000713c00000, 0x0000000713c00000|100%| E|CS|TAMS 0x0000000713b00000, 0x0000000713b00000| Complete 
| 288|0x0000000713c00000, 0x0000000713d00000, 0x0000000713d00000|100%| E|CS|TAMS 0x0000000713c00000, 0x0000000713c00000| Complete 
| 289|0x0000000713d00000, 0x0000000713e00000, 0x0000000713e00000|100%| E|CS|TAMS 0x0000000713d00000, 0x0000000713d00000| Complete 
| 290|0x0000000713e00000, 0x0000000713f00000, 0x0000000713f00000|100%| E|CS|TAMS 0x0000000713e00000, 0x0000000713e00000| Complete 
| 291|0x0000000713f00000, 0x0000000714000000, 0x0000000714000000|100%| E|CS|TAMS 0x0000000713f00000, 0x0000000713f00000| Complete 
| 292|0x0000000714000000, 0x0000000714100000, 0x0000000714100000|100%| E|CS|TAMS 0x0000000714000000, 0x0000000714000000| Complete 
| 293|0x0000000714100000, 0x0000000714200000, 0x0000000714200000|100%| E|CS|TAMS 0x0000000714100000, 0x0000000714100000| Complete 
| 294|0x0000000714200000, 0x0000000714300000, 0x0000000714300000|100%| E|CS|TAMS 0x0000000714200000, 0x0000000714200000| Complete 
| 295|0x0000000714300000, 0x0000000714400000, 0x0000000714400000|100%| E|CS|TAMS 0x0000000714300000, 0x0000000714300000| Complete 
| 296|0x0000000714400000, 0x0000000714500000, 0x0000000714500000|100%| E|CS|TAMS 0x0000000714400000, 0x0000000714400000| Complete 
| 297|0x0000000714500000, 0x0000000714600000, 0x0000000714600000|100%| E|CS|TAMS 0x0000000714500000, 0x0000000714500000| Complete 
| 298|0x0000000714600000, 0x0000000714700000, 0x0000000714700000|100%| E|CS|TAMS 0x0000000714600000, 0x0000000714600000| Complete 
| 299|0x0000000714700000, 0x0000000714800000, 0x0000000714800000|100%| E|CS|TAMS 0x0000000714700000, 0x0000000714700000| Complete 
| 300|0x0000000714800000, 0x0000000714900000, 0x0000000714900000|100%| E|CS|TAMS 0x0000000714800000, 0x0000000714800000| Complete 
| 301|0x0000000714900000, 0x0000000714a00000, 0x0000000714a00000|100%| E|CS|TAMS 0x0000000714900000, 0x0000000714900000| Complete 
| 302|0x0000000714a00000, 0x0000000714b00000, 0x0000000714b00000|100%| E|CS|TAMS 0x0000000714a00000, 0x0000000714a00000| Complete 
| 303|0x0000000714b00000, 0x0000000714c00000, 0x0000000714c00000|100%| E|CS|TAMS 0x0000000714b00000, 0x0000000714b00000| Complete 
| 304|0x0000000714c00000, 0x0000000714d00000, 0x0000000714d00000|100%| E|CS|TAMS 0x0000000714c00000, 0x0000000714c00000| Complete 
| 305|0x0000000714d00000, 0x0000000714e00000, 0x0000000714e00000|100%| E|CS|TAMS 0x0000000714d00000, 0x0000000714d00000| Complete 
| 306|0x0000000714e00000, 0x0000000714f00000, 0x0000000714f00000|100%| E|CS|TAMS 0x0000000714e00000, 0x0000000714e00000| Complete 
| 307|0x0000000714f00000, 0x0000000715000000, 0x0000000715000000|100%| E|CS|TAMS 0x0000000714f00000, 0x0000000714f00000| Complete 

Card table byte_map: [0x000001eaa1020000,0x000001eaa1820000] _byte_map_base: 0x000001ea9d812000

Marking Bits (Prev, Next): (CMBitMap*) 0x000001ea889f9458, (CMBitMap*) 0x000001ea889f9490
 Prev Bits: [0x000001eaa2020000, 0x000001eaa5fb0000)
 Next Bits: [0x000001eaa5fb0000, 0x000001eaa9f40000)

Polling page: 0x000001ea870c0000

Metaspace:

Usage:
  Non-class:     33.86 MB capacity,    33.30 MB ( 98%) used,   498.50 KB (  1%) free+waste,    74.94 KB ( <1%) overhead. 
      Class:      4.09 MB capacity,     3.75 MB ( 92%) used,   315.58 KB (  8%) free+waste,    30.31 KB ( <1%) overhead. 
       Both:     37.95 MB capacity,    37.05 MB ( 98%) used,   814.08 KB (  2%) free+waste,   105.25 KB ( <1%) overhead. 

Virtual space:
  Non-class space:       34.00 MB reserved,      33.92 MB (>99%) committed 
      Class space:        1.00 GB reserved,       4.13 MB ( <1%) committed 
             Both:        1.03 GB reserved,      38.05 MB (  4%) committed 

Chunk freelists:
   Non-Class:  256 bytes
       Class:  512 bytes
        Both:  768 bytes

CodeHeap 'non-profiled nmethods': size=120000Kb used=4251Kb max_used=4889Kb free=115748Kb
 bounds [0x000001ea98880000, 0x000001ea98d50000, 0x000001ea9fdb0000]
CodeHeap 'profiled nmethods': size=120000Kb used=14687Kb max_used=16109Kb free=105312Kb
 bounds [0x000001ea91350000, 0x000001ea92320000, 0x000001ea98880000]
CodeHeap 'non-nmethods': size=5760Kb used=1175Kb max_used=1223Kb free=4585Kb
 bounds [0x000001ea90db0000, 0x000001ea91020000, 0x000001ea91350000]
 total_blobs=7098 nmethods=6588 adapters=421
 compilation: enabled
              stopped_count=0, restarted_count=0
 full_count=0

Compilation events (10 events):
Event: 18.312 Thread 0x000001eaad3d0000 nmethod 7970 0x000001ea988ca390 code [0x000001ea988ca520, 0x000001ea988ca638]
Event: 18.312 Thread 0x000001eaad3d0000 7971  s    3       java.lang.StringBuffer::append (13 bytes)
Event: 18.313 Thread 0x000001eaad3d0000 nmethod 7971 0x000001ea9141a190 code [0x000001ea9141a340, 0x000001ea9141a6b0]
Event: 18.314 Thread 0x000001eaad3d0000 7972       1       java.util.Calendar::getFirstDayOfWeek (5 bytes)
Event: 18.314 Thread 0x000001eaad3d0000 nmethod 7972 0x000001ea988ca090 code [0x000001ea988ca220, 0x000001ea988ca338]
Event: 18.314 Thread 0x000001eaad3d0000 7973       1       java.util.Calendar::getMinimalDaysInFirstWeek (5 bytes)
Event: 18.314 Thread 0x000001eaad3d0000 nmethod 7973 0x000001ea988c9d90 code [0x000001ea988c9f20, 0x000001ea988ca038]
Event: 18.315 Thread 0x000001eaad3c5000 7974       4       java.io.WinNTFileSystem::resolve (275 bytes)
Event: 18.316 Thread 0x000001eaad3d0000 7975       3       sun.nio.cs.StreamEncoder::write (37 bytes)
Event: 18.316 Thread 0x000001eaad3d0000 nmethod 7975 0x000001ea91464b90 code [0x000001ea91464d60, 0x000001ea91465130]

GC Heap History (10 events):
Event: 2.428 GC heap before
{Heap before GC invocations=3 (full 0):
 garbage-first heap   total 262144K, used 67362K [0x0000000701c00000, 0x0000000800000000)
  region size 1024K, 66 young (67584K), 7 survivors (7168K)
 Metaspace       used 22032K, capacity 22485K, committed 22576K, reserved 1069056K
  class space    used 2291K, capacity 2427K, committed 2432K, reserved 1048576K
}
Event: 2.436 GC heap after
{Heap after GC invocations=4 (full 0):
 garbage-first heap   total 262144K, used 12303K [0x0000000701c00000, 0x0000000800000000)
  region size 1024K, 9 young (9216K), 9 survivors (9216K)
 Metaspace       used 22032K, capacity 22485K, committed 22576K, reserved 1069056K
  class space    used 2291K, capacity 2427K, committed 2432K, reserved 1048576K
}
Event: 4.363 GC heap before
{Heap before GC invocations=4 (full 0):
 garbage-first heap   total 262144K, used 159759K [0x0000000701c00000, 0x0000000800000000)
  region size 1024K, 153 young (156672K), 9 survivors (9216K)
 Metaspace       used 22911K, capacity 23349K, committed 23728K, reserved 1071104K
  class space    used 2302K, capacity 2437K, committed 2560K, reserved 1048576K
}
Event: 4.375 GC heap after
{Heap after GC invocations=5 (full 0):
 garbage-first heap   total 262144K, used 21059K [0x0000000701c00000, 0x0000000800000000)
  region size 1024K, 17 young (17408K), 17 survivors (17408K)
 Metaspace       used 22911K, capacity 23349K, committed 23728K, reserved 1071104K
  class space    used 2302K, capacity 2437K, committed 2560K, reserved 1048576K
}
Event: 7.108 GC heap before
{Heap before GC invocations=5 (full 0):
 garbage-first heap   total 262144K, used 159299K [0x0000000701c00000, 0x0000000800000000)
  region size 1024K, 153 young (156672K), 17 survivors (17408K)
 Metaspace       used 32622K, capacity 33326K, committed 33584K, reserved 1079296K
  class space    used 3402K, capacity 3685K, committed 3712K, reserved 1048576K
}
Event: 7.126 GC heap after
{Heap after GC invocations=6 (full 0):
 garbage-first heap   total 262144K, used 40521K [0x0000000701c00000, 0x0000000800000000)
  region size 1024K, 20 young (20480K), 20 survivors (20480K)
 Metaspace       used 32622K, capacity 33326K, committed 33584K, reserved 1079296K
  class space    used 3402K, capacity 3685K, committed 3712K, reserved 1048576K
}
Event: 7.746 GC heap before
{Heap before GC invocations=6 (full 0):
 garbage-first heap   total 262144K, used 84553K [0x0000000701c00000, 0x0000000800000000)
  region size 1024K, 63 young (64512K), 20 survivors (20480K)
 Metaspace       used 35055K, capacity 35776K, committed 35888K, reserved 1081344K
  class space    used 3614K, capacity 3895K, committed 3968K, reserved 1048576K
}
Event: 7.763 GC heap after
{Heap after GC invocations=7 (full 0):
 garbage-first heap   total 315392K, used 50688K [0x0000000701c00000, 0x0000000800000000)
  region size 1024K, 8 young (8192K), 8 survivors (8192K)
 Metaspace       used 35055K, capacity 35776K, committed 35888K, reserved 1081344K
  class space    used 3614K, capacity 3895K, committed 3968K, reserved 1048576K
}
Event: 9.325 GC heap before
{Heap before GC invocations=8 (full 0):
 garbage-first heap   total 315392K, used 172544K [0x0000000701c00000, 0x0000000800000000)
  region size 1024K, 126 young (129024K), 8 survivors (8192K)
 Metaspace       used 35597K, capacity 36451K, committed 36784K, reserved 1081344K
  class space    used 3650K, capacity 3969K, committed 4096K, reserved 1048576K
}
Event: 9.346 GC heap after
{Heap after GC invocations=9 (full 0):
 garbage-first heap   total 315392K, used 82944K [0x0000000701c00000, 0x0000000800000000)
  region size 1024K, 16 young (16384K), 16 survivors (16384K)
 Metaspace       used 35597K, capacity 36451K, committed 36784K, reserved 1081344K
  class space    used 3650K, capacity 3969K, committed 4096K, reserved 1048576K
}

Deoptimization events (10 events):
Event: 10.159 Thread 0x000001ea88999800 Uncommon trap: reason=unstable_if action=reinterpret pc=0x000001ea9899ead8 method=java.lang.String.substring(I)Ljava/lang/String; @ 43 c2
Event: 10.160 Thread 0x000001ea88999800 Uncommon trap: reason=unstable_if action=reinterpret pc=0x000001ea9896fd04 method=java.lang.String.getBytes([BIB)V @ 5 c2
Event: 10.160 Thread 0x000001ea88999800 Uncommon trap: reason=unstable_if action=reinterpret pc=0x000001ea98967ee0 method=java.lang.String.getBytes([BIB)V @ 5 c2
Event: 10.160 Thread 0x000001ea88999800 Uncommon trap: reason=unstable_if action=reinterpret pc=0x000001ea989da134 method=java.lang.String.getBytes([BIB)V @ 5 c2
Event: 10.160 Thread 0x000001ea88999800 Uncommon trap: reason=unstable_if action=reinterpret pc=0x000001ea988a43f4 method=java.lang.String.getBytes([BIB)V @ 5 c2
Event: 18.308 Thread 0x000001eab2a49000 Uncommon trap: reason=unstable_if action=reinterpret pc=0x000001ea98ae3a5c method=java.util.Formatter$Conversion.isGeneral(C)Z @ 1 c2
Event: 18.308 Thread 0x000001eab2a49000 Uncommon trap: reason=unstable_if action=reinterpret pc=0x000001ea989b9dd4 method=java.util.Formatter$Conversion.isGeneral(C)Z @ 1 c2
Event: 18.308 Thread 0x000001eab2a49000 Uncommon trap: reason=unstable_if action=reinterpret pc=0x000001ea98b6f31c method=java.util.Formatter$FormatSpecifier.print(Ljava/lang/Object;Ljava/util/Locale;)V @ 18 c2
Event: 18.309 Thread 0x000001eab2a49000 Uncommon trap: reason=class_check action=maybe_recompile pc=0x000001ea988ef07c method=java.lang.AbstractStringBuilder.append(Ljava/lang/CharSequence;)Ljava/lang/AbstractStringBuilder; @ 10 c2
Event: 18.311 Thread 0x000001eab2a49000 Uncommon trap: reason=unstable_if action=reinterpret pc=0x000001ea98b57cc8 method=java.util.Formatter$FormatSpecifier.print(Ljava/lang/Object;Ljava/util/Locale;)V @ 18 c2

Classes redefined (0 events):
No events

Internal exceptions (10 events):
Event: 9.550 Thread 0x000001ea88999800 Exception <a 'sun/nio/fs/WindowsException'{0x0000000714136df0}> (0x0000000714136df0) thrown at [./open/src/hotspot/share/prims/jni.cpp, line 611]
Event: 9.632 Thread 0x000001ea88999800 Exception <a 'sun/nio/fs/WindowsException'{0x000000071342f9a0}> (0x000000071342f9a0) thrown at [./open/src/hotspot/share/prims/jni.cpp, line 611]
Event: 9.693 Thread 0x000001ea88999800 Exception <a 'sun/nio/fs/WindowsException'{0x0000000712ecbde8}> (0x0000000712ecbde8) thrown at [./open/src/hotspot/share/prims/jni.cpp, line 611]
Event: 9.888 Thread 0x000001ea88999800 Exception <a 'java/lang/NoSuchMethodError'{0x0000000711e7f8d0}: org.apache.maven.execution.MavenExecutionRequest.getFailureBehavior()Ljava/lang/String;> (0x0000000711e7f8d0) thrown at [./open/src/hotspot/share/interpreter/linkResolver.cpp, line 864]
Event: 9.890 Thread 0x000001eab416d800 Exception <a 'java/lang/NoSuchMethodError'{0x00000007120c8b18}: java.lang.invoke.DirectMethodHandle$Holder.invokeStaticInit(Ljava/lang/Object;Ljava/lang/Object;JLjava/lang/Object;)Ljava/lang/Object;> (0x00000007120c8b18) thrown at [./open/src/hotspot/shar
Event: 9.891 Thread 0x000001eab416d800 Exception <a 'java/lang/NoSuchMethodError'{0x00000007120d4c38}: java.lang.invoke.Invokers$Holder.linkToTargetMethod(Ljava/lang/Object;JLjava/lang/Object;)Ljava/lang/Object;> (0x00000007120d4c38) thrown at [./open/src/hotspot/share/interpreter/linkResolver
Event: 10.165 Thread 0x000001ea88999800 Exception <a 'java/lang/NoSuchMethodError'{0x0000000710545a58}: java.lang.invoke.DirectMethodHandle$Holder.invokeStatic(Ljava/lang/Object;J)V> (0x0000000710545a58) thrown at [./open/src/hotspot/share/interpreter/linkResolver.cpp, line 772]
Event: 10.166 Thread 0x000001ea88999800 Exception <a 'java/lang/NoSuchMethodError'{0x000000071054ac68}: java.lang.invoke.DirectMethodHandle$Holder.invokeStatic(Ljava/lang/Object;J)Ljava/lang/Object;> (0x000000071054ac68) thrown at [./open/src/hotspot/share/interpreter/linkResolver.cpp, line 772
Event: 10.166 Thread 0x000001ea88999800 Exception <a 'java/lang/NoSuchMethodError'{0x000000071054df90}: java.lang.invoke.DirectMethodHandle$Holder.invokeSpecial(Ljava/lang/Object;Ljava/lang/Object;J)Ljava/lang/Object;> (0x000000071054df90) thrown at [./open/src/hotspot/share/interpreter/linkRes
Event: 10.166 Thread 0x000001ea88999800 Exception <a 'java/lang/NoSuchMethodError'{0x0000000710550cf8}: java.lang.invoke.Invokers$Holder.linkToTargetMethod(JLjava/lang/Object;)Ljava/lang/Object;> (0x0000000710550cf8) thrown at [./open/src/hotspot/share/interpreter/linkResolver.cpp, line 772]

Events (10 events):
Event: 18.309 Thread 0x000001eab2a49000 Uncommon trap: trap_request=0xffffffde fr.pc=0x000001ea988ef07c relative=0x000000000000059c
Event: 18.309 Thread 0x000001eab2a49000 DEOPT PACKING pc=0x000001ea988ef07c sp=0x000000ce2a5ff040
Event: 18.309 Thread 0x000001eab2a49000 DEOPT UNPACKING pc=0x000001ea90dd91af sp=0x000000ce2a5feef0 mode 2
Event: 18.310 loading class java/lang/Throwable$WrappedPrintWriter
Event: 18.310 loading class java/lang/Throwable$PrintStreamOrWriter
Event: 18.310 loading class java/lang/Throwable$PrintStreamOrWriter done
Event: 18.310 loading class java/lang/Throwable$WrappedPrintWriter done
Event: 18.311 Thread 0x000001eab2a49000 Uncommon trap: trap_request=0xffffff4d fr.pc=0x000001ea98b57cc8 relative=0x00000000000003a8
Event: 18.311 Thread 0x000001eab2a49000 DEOPT PACKING pc=0x000001ea98b57cc8 sp=0x000000ce2a5ff240
Event: 18.311 Thread 0x000001eab2a49000 DEOPT UNPACKING pc=0x000001ea90dd91af sp=0x000000ce2a5ff220 mode 2


Dynamic libraries:
0x00007ff6faaf0000 - 0x00007ff6faaff000 	C:\Program Files\Java\jdk-11.0.8\bin\java.exe
0x00007ffe83590000 - 0x00007ffe83785000 	C:\WINDOWS\SYSTEM32\ntdll.dll
0x00007ffe815e0000 - 0x00007ffe8169e000 	C:\WINDOWS\System32\KERNEL32.DLL
0x00007ffe811e0000 - 0x00007ffe814a8000 	C:\WINDOWS\System32\KERNELBASE.dll
0x00007ffe80cb0000 - 0x00007ffe80db0000 	C:\WINDOWS\System32\ucrtbase.dll
0x00007ffe784d0000 - 0x00007ffe784e8000 	C:\Program Files\Java\jdk-11.0.8\bin\jli.dll
0x00007ffe6edc0000 - 0x00007ffe6edd5000 	C:\Program Files\Java\jdk-11.0.8\bin\VCRUNTIME140.dll
0x00007ffe82710000 - 0x00007ffe827bc000 	C:\WINDOWS\System32\ADVAPI32.dll
0x00007ffe83330000 - 0x00007ffe833ce000 	C:\WINDOWS\System32\msvcrt.dll
0x00007ffe822e0000 - 0x00007ffe8237b000 	C:\WINDOWS\System32\sechost.dll
0x00007ffe818b0000 - 0x00007ffe819da000 	C:\WINDOWS\System32\RPCRT4.dll
0x00007ffe82560000 - 0x00007ffe82701000 	C:\WINDOWS\System32\USER32.dll
0x00007ffe815b0000 - 0x00007ffe815d2000 	C:\WINDOWS\System32\win32u.dll
0x00007ffe6b510000 - 0x00007ffe6b7aa000 	C:\WINDOWS\WinSxS\amd64_microsoft.windows.common-controls_6595b64144ccf1df_6.0.19041.1110_none_60b5254171f9507e\COMCTL32.dll
0x00007ffe81820000 - 0x00007ffe8184b000 	C:\WINDOWS\System32\GDI32.dll
0x00007ffe81040000 - 0x00007ffe8114b000 	C:\WINDOWS\System32\gdi32full.dll
0x00007ffe80fa0000 - 0x00007ffe8103d000 	C:\WINDOWS\System32\msvcp_win.dll
0x00007ffe78bc0000 - 0x00007ffe78bca000 	C:\WINDOWS\SYSTEM32\VERSION.dll
0x00007ffe82830000 - 0x00007ffe82860000 	C:\WINDOWS\System32\IMM32.DLL
0x00007ffe48aa0000 - 0x00007ffe48b3b000 	C:\Program Files\Java\jdk-11.0.8\bin\msvcp140.dll
0x00007ffe01c50000 - 0x00007ffe02736000 	C:\Program Files\Java\jdk-11.0.8\bin\server\jvm.dll
0x00007ffe827c0000 - 0x00007ffe827c8000 	C:\WINDOWS\System32\PSAPI.DLL
0x00007ffe6b4e0000 - 0x00007ffe6b507000 	C:\WINDOWS\SYSTEM32\WINMM.dll
0x00007ffe6b3b0000 - 0x00007ffe6b3b9000 	C:\WINDOWS\SYSTEM32\WSOCK32.dll
0x00007ffe824e0000 - 0x00007ffe8254b000 	C:\WINDOWS\System32\WS2_32.dll
0x00007ffe7f530000 - 0x00007ffe7f542000 	C:\WINDOWS\SYSTEM32\kernel.appcore.dll
0x00007ffe79610000 - 0x00007ffe79620000 	C:\Program Files\Java\jdk-11.0.8\bin\verify.dll
0x00007ffe7ea60000 - 0x00007ffe7ec44000 	C:\WINDOWS\SYSTEM32\DBGHELP.DLL
0x00007ffe6afd0000 - 0x00007ffe6affc000 	C:\WINDOWS\SYSTEM32\dbgcore.DLL
0x00007ffe81150000 - 0x00007ffe811d3000 	C:\WINDOWS\System32\bcryptPrimitives.dll
0x00007ffe6ecc0000 - 0x00007ffe6ece8000 	C:\Program Files\Java\jdk-11.0.8\bin\java.dll
0x00007ffe795d0000 - 0x00007ffe795da000 	C:\Program Files\Java\jdk-11.0.8\bin\jimage.dll
0x00007ffe6ee30000 - 0x00007ffe6ee3e000 	C:\Program Files\Java\jdk-11.0.8\bin\instrument.dll
0x00007ffe66540000 - 0x00007ffe66556000 	C:\Program Files\Java\jdk-11.0.8\bin\zip.dll
0x00007ffe819e0000 - 0x00007ffe8211f000 	C:\WINDOWS\System32\SHELL32.dll
0x00007ffe7ec70000 - 0x00007ffe7f400000 	C:\WINDOWS\SYSTEM32\windows.storage.dll
0x00007ffe82860000 - 0x00007ffe82bb5000 	C:\WINDOWS\System32\combase.dll
0x00007ffe80700000 - 0x00007ffe8072e000 	C:\WINDOWS\SYSTEM32\Wldp.dll
0x00007ffe82bc0000 - 0x00007ffe82c6d000 	C:\WINDOWS\System32\SHCORE.dll
0x00007ffe834f0000 - 0x00007ffe83545000 	C:\WINDOWS\System32\shlwapi.dll
0x00007ffe80bf0000 - 0x00007ffe80c0f000 	C:\WINDOWS\SYSTEM32\profapi.dll
0x00007ffe62b00000 - 0x00007ffe62b19000 	C:\Program Files\Java\jdk-11.0.8\bin\net.dll
0x00007ffe738c0000 - 0x00007ffe739cc000 	C:\WINDOWS\SYSTEM32\WINHTTP.dll
0x00007ffe80460000 - 0x00007ffe804ca000 	C:\WINDOWS\system32\mswsock.dll
0x00007ffe62ae0000 - 0x00007ffe62af2000 	C:\Program Files\Java\jdk-11.0.8\bin\nio.dll
0x00007ffe60e90000 - 0x00007ffe60eaa000 	C:\Program Files\JetBrains\IntelliJ IDEA 2021.2.3\bin\breakgen64.dll
0x00007ffe80660000 - 0x00007ffe80678000 	C:\WINDOWS\SYSTEM32\CRYPTSP.dll
0x00007ffe7fd70000 - 0x00007ffe7fda4000 	C:\WINDOWS\system32\rsaenh.dll
0x00007ffe80f10000 - 0x00007ffe80f37000 	C:\WINDOWS\System32\bcrypt.dll
0x00007ffe80bb0000 - 0x00007ffe80bde000 	C:\WINDOWS\SYSTEM32\USERENV.dll
0x00007ffe80650000 - 0x00007ffe8065c000 	C:\WINDOWS\SYSTEM32\CRYPTBASE.dll
0x00007ffe800e0000 - 0x00007ffe8011b000 	C:\WINDOWS\SYSTEM32\IPHLPAPI.DLL
0x00007ffe82550000 - 0x00007ffe82558000 	C:\WINDOWS\System32\NSI.dll
0x00007ffe788f0000 - 0x00007ffe78907000 	C:\WINDOWS\SYSTEM32\dhcpcsvc6.DLL
0x00007ffe79170000 - 0x00007ffe7918d000 	C:\WINDOWS\SYSTEM32\dhcpcsvc.DLL
0x00007ffe80140000 - 0x00007ffe8020b000 	C:\WINDOWS\SYSTEM32\DNSAPI.dll
0x00007ffe66530000 - 0x00007ffe6653a000 	C:\Users\asus\AppData\Local\Temp\jansi-1.17.1-5615332489562113750.dll
0x00007ffe66310000 - 0x00007ffe6631a000 	C:\Users\asus\AppData\Local\Temp\jansi-1.17.1-9018067485665814321.dll

dbghelp: loaded successfully - version: 4.0.5 - missing functions: none
symbol engine: initialized successfully - sym options: 0x614 - pdb path: .;C:\Program Files\Java\jdk-11.0.8\bin;C:\WINDOWS\SYSTEM32;C:\WINDOWS\WinSxS\amd64_microsoft.windows.common-controls_6595b64144ccf1df_6.0.19041.1110_none_60b5254171f9507e;C:\Program Files\Java\jdk-11.0.8\bin\server;C:\Program Files\JetBrains\IntelliJ IDEA 2021.2.3\bin;C:\Users\asus\AppData\Local\Temp

VM Arguments:
jvm_args: -Dmaven.multiModuleProjectDirectory=C:\Users\asus\Documents\GitHub\bookend-services-unit_test\book-service -Dmaven.home=C:\Program Files\JetBrains\IntelliJ IDEA 2021.2.3\plugins\maven\lib\maven3 -Dclassworlds.conf=C:\Program Files\JetBrains\IntelliJ IDEA 2021.2.3\plugins\maven\lib\maven3\bin\m2.conf -Dmaven.ext.class.path=C:\Program Files\JetBrains\IntelliJ IDEA 2021.2.3\plugins\maven\lib\maven-event-listener.jar -javaagent:C:\Program Files\JetBrains\IntelliJ IDEA 2021.2.3\lib\idea_rt.jar=60688:C:\Program Files\JetBrains\IntelliJ IDEA 2021.2.3\bin -Dfile.encoding=UTF-8 
java_command: org.codehaus.classworlds.Launcher -Didea.version=2021.2.3 clean install test org.pitest:pitest-maven:mutationCoverage
java_class_path (initial): C:\Program Files\JetBrains\IntelliJ IDEA 2021.2.3\plugins\maven\lib\maven3\boot\plexus-classworlds-2.6.0.jar;C:\Program Files\JetBrains\IntelliJ IDEA 2021.2.3\plugins\maven\lib\maven3\boot\plexus-classworlds.license
Launcher Type: SUN_STANDARD

[Global flags]
     intx CICompilerCount                          = 4                                         {product} {ergonomic}
     uint ConcGCThreads                            = 2                                         {product} {ergonomic}
     uint G1ConcRefinementThreads                  = 8                                         {product} {ergonomic}
   size_t G1HeapRegionSize                         = 1048576                                   {product} {ergonomic}
    uintx GCDrainStackTargetSize                   = 64                                        {product} {ergonomic}
   size_t InitialHeapSize                          = 268435456                                 {product} {ergonomic}
   size_t MarkStackSize                            = 4194304                                   {product} {ergonomic}
   size_t MaxHeapSize                              = 4265607168                                {product} {ergonomic}
   size_t MaxNewSize                               = 2558525440                                {product} {ergonomic}
   size_t MinHeapDeltaBytes                        = 1048576                                   {product} {ergonomic}
    uintx NonNMethodCodeHeapSize                   = 5836300                                {pd product} {ergonomic}
    uintx NonProfiledCodeHeapSize                  = 122910970                              {pd product} {ergonomic}
    uintx ProfiledCodeHeapSize                     = 122910970                              {pd product} {ergonomic}
    uintx ReservedCodeCacheSize                    = 251658240                              {pd product} {ergonomic}
     bool SegmentedCodeCache                       = true                                      {product} {ergonomic}
     bool UseCompressedClassPointers               = true                                 {lp64_product} {ergonomic}
     bool UseCompressedOops                        = true                                 {lp64_product} {ergonomic}
     bool UseG1GC                                  = true                                      {product} {ergonomic}
     bool UseLargePagesIndividualAllocation        = false                                  {pd product} {ergonomic}

Logging:
Log output configuration:
 #0: stdout all=warning uptime,level,tags
 #1: stderr all=off uptime,level,tags

Environment Variables:
JAVA_HOME=C:\Program Files\Java\jdk-11.0.8
JRE_HOME=C:\Program Files\Java\jdk-11.0.8\jre
CLASSPATH=.;C:\Program Files\Java\jdk-11.0.8\lib;C:\Program Files\Java\jdk-11.0.8\jre\lib;
PATH=%JAVA_HOME%\bin;%GRADLE_HOME%\bin;D:\Program Files\Git\cmd;C:\Program Files\MySQL\MySQL Shell 8.0\bin\;C:\Users\asus\AppData\Local\Programs\Python\Python35\Scripts\;C:\Users\asus\AppData\Local\Programs\Python\Python35\;C:\Users\asus\Anaconda3;C:\Users\asus\Anaconda3\Library\mingw-w64\bin;C:\Users\asus\Anaconda3\Library\usr\bin;C:\Users\asus\Anaconda3\Library\bin;C:\Users\asus\Anaconda3\Scripts;C:\Users\asus\AppData\Local\Programs\Python\Python36\Scripts\;C:\Users\asus\AppData\Local\Programs\Python\Python36\;C:\Users\asus\AppData\Local\Microsoft\WindowsApps;C:\Modeltech_pe_edu_10.4a\win32pe_edu;C:\Program Files\Docker Toolbox;C:\zookeeper\bin;C:\kafka\bin\windows;C:\Users\asus\AppData\Local\GitHubDesktop\bin;D:\Microsoft VS Code\bin;C:\Program Files\JetBrains\IntelliJ IDEA 2021.2.3\bin;;C:\Users\asus\AppData\Roaming\npm;C:\Windows\System32;C:\Program Files\nodejs;C:\WINDOWS\System32\Wbem;C:\Program Files\apache-maven-3.8.3\bin;C:\Windows\System32;
USERNAME=asus
OS=Windows_NT
PROCESSOR_IDENTIFIER=Intel64 Family 6 Model 158 Stepping 9, GenuineIntel



---------------  S Y S T E M  ---------------

OS: Windows 10 , 64 bit Build 19041 (10.0.19041.1348)

CPU:total 8 (initial active 8) (4 cores per cpu, 2 threads per core) family 6 model 158 stepping 9, cmov, cx8, fxsr, mmx, sse, sse2, sse3, ssse3, sse4.1, sse4.2, popcnt, avx, avx2, aes, clmul, erms, 3dnowpref, lzcnt, ht, tsc, tscinvbit, bmi1, bmi2, adx, fma

Memory: 4k page, system-wide physical 16268M (3054M free)
TotalPageFile size 16268M (AvailPageFile size 2M)
current process WorkingSet (physical memory assigned to process): 427M, peak: 497M
current process commit charge ("private bytes"): 484M, peak: 556M

vm_info: Java HotSpot(TM) 64-Bit Server VM (11.0.8+10-LTS) for windows-amd64 JRE (11.0.8+10-LTS), built on Jun 16 2020 05:53:08 by "mach5one" with unknown MS VC++:1916

END.
