#
# There is insufficient memory for the Java Runtime Environment to continue.
# Native memory allocation (mmap) failed to map 54525952 bytes for Failed to commit area from 0x0000000711c00000 to 0x0000000715000000 of length 54525952.
# Possible reasons:
#   The system is out of physical RAM or swap space
#   The process is running with CompressedOops enabled, and the Java Heap may be blocking the growth of the native heap
# Possible solutions:
#   Reduce memory load on the system
#   Increase physical memory or swap space
#   Check if swap backing store is full
#   Decrease Java heap size (-Xmx/-Xms)
#   Decrease number of Java threads
#   Decrease Java thread stack sizes (-Xss)
#   Set larger code cache with -XX:ReservedCodeCacheSize=
#   JVM is running with Zero Based Compressed Oops mode in which the Java heap is
#     placed in the first 32GB address space. The Java Heap base address is the
#     maximum limit for the native heap growth. Please use -XX:HeapBaseMinAddress
#     to set the Java Heap base and to place the Java Heap above 32GB virtual address.
# This output file may be truncated or incomplete.
#
#  Out of Memory Error (./open/src/hotspot/os/windows/os_windows.cpp:3275), pid=11256, tid=3108
#
# JRE version: Java(TM) SE Runtime Environment 18.9 (11.0.8+10) (build 11.0.8+10-LTS)
# Java VM: Java HotSpot(TM) 64-Bit Server VM 18.9 (11.0.8+10-LTS, mixed mode, tiered, compressed oops, g1 gc, windows-amd64)
# No core dump will be written. Minidumps are not enabled by default on client versions of Windows
#

---------------  S U M M A R Y ------------

Command Line: C:\Users\asus\AppData\Local\Temp\surefire7247158446400452627\surefirebooter7155621648916438297.jar C:\Users\asus\AppData\Local\Temp\surefire7247158446400452627 2021-12-15T16-07-27_120-jvmRun1 surefire11342567810938675926tmp surefire_0405574196272839529tmp

Host: Intel(R) Core(TM) i7-7700HQ CPU @ 2.80GHz, 8 cores, 15G,  Windows 10 , 64 bit Build 19041 (10.0.19041.1348)
Time: Wed Dec 15 16:07:35 2021 GTB Standart Saati elapsed time: 7 seconds (0d 0h 0m 7s)

---------------  T H R E A D  ---------------

Current thread (0x0000026a8415a000):  VMThread "VM Thread" [stack: 0x000000fb3d200000,0x000000fb3d300000] [id=3108]

Stack: [0x000000fb3d200000,0x000000fb3d300000]
[error occurred during error reporting (printing stack bounds), id 0xc0000005, EXCEPTION_ACCESS_VIOLATION (0xc0000005) at pc=0x0000026ae8290dad]

Native frames: (J=compiled Java code, j=interpreted, Vv=VM code, C=native code)
V  [jvm.dll+0x601aea]
V  [jvm.dll+0x737fef]
V  [jvm.dll+0x739675]
V  [jvm.dll+0x739c55]
V  [jvm.dll+0x739c0b]
V  [jvm.dll+0x6013d3]
V  [jvm.dll+0x601798]
C  [ntdll.dll+0xa20cf]
C  [ntdll.dll+0x51454]
C  [ntdll.dll+0xa0bfe]
C  0x0000026ae8290dad

VM_Operation (0x000000fb3ccf8950): G1CollectForAllocation, mode: safepoint, requested by thread 0x0000026adfe77000


---------------  P R O C E S S  ---------------

Threads class SMR info:
_java_thread_list=0x0000026a867bbe80, length=15, elements={
0x0000026adfe77000, 0x0000026a8415c000, 0x0000026a84a1a800, 0x0000026a84a71800,
0x0000026a84a73800, 0x0000026a84a76000, 0x0000026a84a81800, 0x0000026a84a8b800,
0x0000026a84c08000, 0x0000026a84c19800, 0x0000026a84d47800, 0x0000026a84c13800,
0x0000026a84d48800, 0x0000026a888f8800, 0x0000026a88da2800
}

Java Threads: ( => current thread )
  0x0000026adfe77000 JavaThread "main" [_thread_blocked, id=14948, stack(0x000000fb3cc00000,0x000000fb3cd00000)]
  0x0000026a8415c000 JavaThread "Reference Handler" daemon [_thread_blocked, id=9152, stack(0x000000fb3d300000,0x000000fb3d400000)]
  0x0000026a84a1a800 JavaThread "Finalizer" daemon [_thread_blocked, id=12500, stack(0x000000fb3d400000,0x000000fb3d500000)]
  0x0000026a84a71800 JavaThread "Signal Dispatcher" daemon [_thread_blocked, id=15452, stack(0x000000fb3d500000,0x000000fb3d600000)]
  0x0000026a84a73800 JavaThread "Attach Listener" daemon [_thread_blocked, id=15116, stack(0x000000fb3d600000,0x000000fb3d700000)]
  0x0000026a84a76000 JavaThread "C2 CompilerThread0" daemon [_thread_blocked, id=18124, stack(0x000000fb3d700000,0x000000fb3d800000)]
  0x0000026a84a81800 JavaThread "C1 CompilerThread0" daemon [_thread_blocked, id=16048, stack(0x000000fb3d800000,0x000000fb3d900000)]
  0x0000026a84a8b800 JavaThread "Sweeper thread" daemon [_thread_blocked, id=18808, stack(0x000000fb3d900000,0x000000fb3da00000)]
  0x0000026a84c08000 JavaThread "Service Thread" daemon [_thread_blocked, id=13876, stack(0x000000fb3da00000,0x000000fb3db00000)]
  0x0000026a84c19800 JavaThread "Common-Cleaner" daemon [_thread_blocked, id=8800, stack(0x000000fb3dc00000,0x000000fb3dd00000)]
  0x0000026a84d47800 JavaThread "surefire-forkedjvm-command-thread" daemon [_thread_in_native, id=7416, stack(0x000000fb3de00000,0x000000fb3df00000)]
  0x0000026a84c13800 JavaThread "surefire-forkedjvm-ping-30s" daemon [_thread_blocked, id=15584, stack(0x000000fb3df00000,0x000000fb3e000000)]
  0x0000026a84d48800 JavaThread "C2 CompilerThread1" daemon [_thread_blocked, id=11332, stack(0x000000fb3dd00000,0x000000fb3de00000)]
  0x0000026a888f8800 JavaThread "C2 CompilerThread2" daemon [_thread_blocked, id=16700, stack(0x000000fb3e700000,0x000000fb3e800000)]
  0x0000026a88da2800 JavaThread "cluster-ClusterId{value='61b9f6a524d0204fb6d82c3c', description='null'}-localhost:27017" daemon [_thread_blocked, id=9380, stack(0x000000fb3e500000,0x000000fb3e600000)]

Other Threads:
=>0x0000026a8415a000 VMThread "VM Thread" [stack: 0x000000fb3d200000,0x000000fb3d300000] [id=3108]
  0x0000026a84c17000 WatcherThread [stack: 0x000000fb3db00000,0x000000fb3dc00000] [id=15572]
  0x0000026adfe8b000 GCTaskThread "GC Thread#0" [stack: 0x000000fb3cd00000,0x000000fb3ce00000] [id=14620]
  0x0000026a85072000 GCTaskThread "GC Thread#1" [stack: 0x000000fb3e000000,0x000000fb3e100000] [id=15008]
  0x0000026a84d8d000 GCTaskThread "GC Thread#2" [stack: 0x000000fb3e100000,0x000000fb3e200000] [id=10340]
  0x0000026a85015800 GCTaskThread "GC Thread#3" [stack: 0x000000fb3e200000,0x000000fb3e300000] [id=2560]
  0x0000026a84f88800 GCTaskThread "GC Thread#4" [stack: 0x000000fb3e300000,0x000000fb3e400000] [id=7856]
  0x0000026a851d7000 GCTaskThread "GC Thread#5" [stack: 0x000000fb3e400000,0x000000fb3e500000] [id=8324]
  0x0000026adfee7000 ConcurrentGCThread "G1 Main Marker" [stack: 0x000000fb3ce00000,0x000000fb3cf00000] [id=19160]
  0x0000026adfeea000 ConcurrentGCThread "G1 Conc#0" [stack: 0x000000fb3cf00000,0x000000fb3d000000] [id=15372]
  0x0000026a868b5000 ConcurrentGCThread "G1 Conc#1" [stack: 0x000000fb3e600000,0x000000fb3e700000] [id=18580]
  0x0000026a84043800 ConcurrentGCThread "G1 Refine#0" [stack: 0x000000fb3d000000,0x000000fb3d100000] [id=15440]
  0x0000026a84044800 ConcurrentGCThread "G1 Young RemSet Sampling" [stack: 0x000000fb3d100000,0x000000fb3d200000] [id=5188]

Threads with active compile tasks:
C2 CompilerThread2   7737 5616       4       com.sun.beans.TypeResolver::resolve (37 bytes)

VM state:at safepoint (normal execution)

VM Mutex/Monitor currently owned by a thread:  ([mutex/lock_event])
[0x0000026adfe72d50] Threads_lock - owner thread: 0x0000026a8415a000
[0x0000026adfe72450] Heap_lock - owner thread: 0x0000026adfe77000

Heap address: 0x0000000701c00000, size: 4068 MB, Compressed Oops mode: Zero based, Oop shift amount: 3
Narrow klass base: 0x0000000800000000, Narrow klass shift: 0
Compressed class space size: 1073741824 Address: 0x0000000800000000

Heap:
 garbage-first heap   total 315392K, used 33490K [0x0000000701c00000, 0x0000000800000000)
  region size 1024K, 16 young (16384K), 16 survivors (16384K)
 Metaspace       used 52724K, capacity 54394K, committed 54656K, reserved 1097728K
  class space    used 6515K, capacity 7203K, committed 7296K, reserved 1048576K
Heap Regions: E=young(eden), S=young(survivor), O=old, HS=humongous(starts), HC=humongous(continues), CS=collection set, F=free, A=archive, TAMS=top-at-mark-start (previous, next)
|   0|0x0000000701c00000, 0x0000000701d00000, 0x0000000701d00000|100%| O|  |TAMS 0x0000000701d00000, 0x0000000701c00000| Untracked 
|   1|0x0000000701d00000, 0x0000000701e00000, 0x0000000701e00000|100%| O|  |TAMS 0x0000000701e00000, 0x0000000701d00000| Untracked 
|   2|0x0000000701e00000, 0x0000000701f00000, 0x0000000701f00000|100%| O|  |TAMS 0x0000000701f00000, 0x0000000701e00000| Untracked 
|   3|0x0000000701f00000, 0x0000000702000000, 0x0000000702000000|100%| O|  |TAMS 0x0000000702000000, 0x0000000701f00000| Untracked 
|   4|0x0000000702000000, 0x0000000702100000, 0x0000000702100000|100%| O|  |TAMS 0x0000000702100000, 0x0000000702000000| Untracked 
|   5|0x0000000702100000, 0x0000000702200000, 0x0000000702200000|100%| O|  |TAMS 0x0000000702200000, 0x0000000702100000| Untracked 
|   6|0x0000000702200000, 0x0000000702300000, 0x0000000702300000|100%| O|  |TAMS 0x0000000702300000, 0x0000000702200000| Untracked 
|   7|0x0000000702300000, 0x0000000702400000, 0x0000000702400000|100%| O|  |TAMS 0x0000000702400000, 0x0000000702300000| Untracked 
|   8|0x0000000702400000, 0x0000000702500000, 0x0000000702500000|100%| O|  |TAMS 0x0000000702500000, 0x0000000702400000| Untracked 
|   9|0x0000000702500000, 0x0000000702600000, 0x0000000702600000|100%| O|  |TAMS 0x0000000702600000, 0x0000000702500000| Untracked 
|  10|0x0000000702600000, 0x0000000702700000, 0x0000000702700000|100%| O|  |TAMS 0x0000000702700000, 0x0000000702600000| Untracked 
|  11|0x0000000702700000, 0x0000000702800000, 0x0000000702800000|100%| O|  |TAMS 0x0000000702800000, 0x0000000702700000| Untracked 
|  12|0x0000000702800000, 0x0000000702900000, 0x0000000702900000|100%| O|  |TAMS 0x000000070287a000, 0x0000000702800000| Untracked 
|  13|0x0000000702900000, 0x0000000702a00000, 0x0000000702a00000|100%| O|  |TAMS 0x0000000702900000, 0x0000000702900000| Untracked 
|  14|0x0000000702a00000, 0x0000000702b00000, 0x0000000702b00000|100%| O|  |TAMS 0x0000000702a00000, 0x0000000702a00000| Untracked 
|  15|0x0000000702b00000, 0x0000000702c00000, 0x0000000702c00000|100%| O|  |TAMS 0x0000000702b00000, 0x0000000702b00000| Untracked 
|  16|0x0000000702c00000, 0x0000000702d00000, 0x0000000702d00000|100%| O|  |TAMS 0x0000000702c00000, 0x0000000702c00000| Untracked 
|  17|0x0000000702d00000, 0x0000000702d5c000, 0x0000000702e00000| 35%| O|  |TAMS 0x0000000702d00000, 0x0000000702d00000| Untracked 
|  18|0x0000000702e00000, 0x0000000702e00000, 0x0000000702f00000|  0%| F|  |TAMS 0x0000000702e00000, 0x0000000702e00000| Untracked 
|  19|0x0000000702f00000, 0x0000000702f00000, 0x0000000703000000|  0%| F|  |TAMS 0x0000000702f00000, 0x0000000702f00000| Untracked 
|  20|0x0000000703000000, 0x0000000703000000, 0x0000000703100000|  0%| F|  |TAMS 0x0000000703000000, 0x0000000703000000| Untracked 
|  21|0x0000000703100000, 0x0000000703100000, 0x0000000703200000|  0%| F|  |TAMS 0x0000000703100000, 0x0000000703100000| Untracked 
|  22|0x0000000703200000, 0x0000000703200000, 0x0000000703300000|  0%| F|  |TAMS 0x0000000703200000, 0x0000000703200000| Untracked 
|  23|0x0000000703300000, 0x0000000703300000, 0x0000000703400000|  0%| F|  |TAMS 0x0000000703300000, 0x0000000703300000| Untracked 
|  24|0x0000000703400000, 0x0000000703400000, 0x0000000703500000|  0%| F|  |TAMS 0x0000000703400000, 0x0000000703400000| Untracked 
|  25|0x0000000703500000, 0x0000000703500000, 0x0000000703600000|  0%| F|  |TAMS 0x0000000703500000, 0x0000000703500000| Untracked 
|  26|0x0000000703600000, 0x0000000703600000, 0x0000000703700000|  0%| F|  |TAMS 0x0000000703600000, 0x0000000703600000| Untracked 
|  27|0x0000000703700000, 0x0000000703700000, 0x0000000703800000|  0%| F|  |TAMS 0x0000000703700000, 0x0000000703700000| Untracked 
|  28|0x0000000703800000, 0x0000000703800000, 0x0000000703900000|  0%| F|  |TAMS 0x0000000703800000, 0x0000000703800000| Untracked 
|  29|0x0000000703900000, 0x0000000703900000, 0x0000000703a00000|  0%| F|  |TAMS 0x0000000703900000, 0x0000000703900000| Untracked 
|  30|0x0000000703a00000, 0x0000000703a00000, 0x0000000703b00000|  0%| F|  |TAMS 0x0000000703a00000, 0x0000000703a00000| Untracked 
|  31|0x0000000703b00000, 0x0000000703b00000, 0x0000000703c00000|  0%| F|  |TAMS 0x0000000703b00000, 0x0000000703b00000| Untracked 
|  32|0x0000000703c00000, 0x0000000703c00000, 0x0000000703d00000|  0%| F|  |TAMS 0x0000000703c00000, 0x0000000703c00000| Untracked 
|  33|0x0000000703d00000, 0x0000000703d00000, 0x0000000703e00000|  0%| F|  |TAMS 0x0000000703d00000, 0x0000000703d00000| Untracked 
|  34|0x0000000703e00000, 0x0000000703e00000, 0x0000000703f00000|  0%| F|  |TAMS 0x0000000703e00000, 0x0000000703e00000| Untracked 
|  35|0x0000000703f00000, 0x0000000703f00000, 0x0000000704000000|  0%| F|  |TAMS 0x0000000703f00000, 0x0000000703f00000| Untracked 
|  36|0x0000000704000000, 0x0000000704000000, 0x0000000704100000|  0%| F|  |TAMS 0x0000000704000000, 0x0000000704000000| Untracked 
|  37|0x0000000704100000, 0x0000000704100000, 0x0000000704200000|  0%| F|  |TAMS 0x0000000704100000, 0x0000000704100000| Untracked 
|  38|0x0000000704200000, 0x0000000704200000, 0x0000000704300000|  0%| F|  |TAMS 0x0000000704200000, 0x0000000704200000| Untracked 
|  39|0x0000000704300000, 0x0000000704300000, 0x0000000704400000|  0%| F|  |TAMS 0x0000000704300000, 0x0000000704300000| Untracked 
|  40|0x0000000704400000, 0x0000000704400000, 0x0000000704500000|  0%| F|  |TAMS 0x0000000704400000, 0x0000000704400000| Untracked 
|  41|0x0000000704500000, 0x0000000704500000, 0x0000000704600000|  0%| F|  |TAMS 0x0000000704500000, 0x0000000704500000| Untracked 
|  42|0x0000000704600000, 0x0000000704600000, 0x0000000704700000|  0%| F|  |TAMS 0x0000000704600000, 0x0000000704600000| Untracked 
|  43|0x0000000704700000, 0x0000000704700000, 0x0000000704800000|  0%| F|  |TAMS 0x0000000704700000, 0x0000000704700000| Untracked 
|  44|0x0000000704800000, 0x0000000704800000, 0x0000000704900000|  0%| F|  |TAMS 0x0000000704800000, 0x0000000704800000| Untracked 
|  45|0x0000000704900000, 0x0000000704900000, 0x0000000704a00000|  0%| F|  |TAMS 0x0000000704900000, 0x0000000704900000| Untracked 
|  46|0x0000000704a00000, 0x0000000704a00000, 0x0000000704b00000|  0%| F|  |TAMS 0x0000000704a00000, 0x0000000704a00000| Untracked 
|  47|0x0000000704b00000, 0x0000000704b00000, 0x0000000704c00000|  0%| F|  |TAMS 0x0000000704b00000, 0x0000000704b00000| Untracked 
|  48|0x0000000704c00000, 0x0000000704c00000, 0x0000000704d00000|  0%| F|  |TAMS 0x0000000704c00000, 0x0000000704c00000| Untracked 
|  49|0x0000000704d00000, 0x0000000704d00000, 0x0000000704e00000|  0%| F|  |TAMS 0x0000000704d00000, 0x0000000704d00000| Untracked 
|  50|0x0000000704e00000, 0x0000000704e00000, 0x0000000704f00000|  0%| F|  |TAMS 0x0000000704e00000, 0x0000000704e00000| Untracked 
|  51|0x0000000704f00000, 0x0000000704f00000, 0x0000000705000000|  0%| F|  |TAMS 0x0000000704f00000, 0x0000000704f00000| Untracked 
|  52|0x0000000705000000, 0x0000000705000000, 0x0000000705100000|  0%| F|  |TAMS 0x0000000705000000, 0x0000000705000000| Untracked 
|  53|0x0000000705100000, 0x0000000705100000, 0x0000000705200000|  0%| F|  |TAMS 0x0000000705100000, 0x0000000705100000| Untracked 
|  54|0x0000000705200000, 0x0000000705200000, 0x0000000705300000|  0%| F|  |TAMS 0x0000000705200000, 0x0000000705200000| Untracked 
|  55|0x0000000705300000, 0x0000000705300000, 0x0000000705400000|  0%| F|  |TAMS 0x0000000705300000, 0x0000000705300000| Untracked 
|  56|0x0000000705400000, 0x0000000705400000, 0x0000000705500000|  0%| F|  |TAMS 0x0000000705400000, 0x0000000705400000| Untracked 
|  57|0x0000000705500000, 0x0000000705500000, 0x0000000705600000|  0%| F|  |TAMS 0x0000000705500000, 0x0000000705500000| Untracked 
|  58|0x0000000705600000, 0x0000000705600000, 0x0000000705700000|  0%| F|  |TAMS 0x0000000705600000, 0x0000000705600000| Untracked 
|  59|0x0000000705700000, 0x0000000705700000, 0x0000000705800000|  0%| F|  |TAMS 0x0000000705700000, 0x0000000705700000| Untracked 
|  60|0x0000000705800000, 0x0000000705800000, 0x0000000705900000|  0%| F|  |TAMS 0x0000000705800000, 0x0000000705800000| Untracked 
|  61|0x0000000705900000, 0x0000000705900000, 0x0000000705a00000|  0%| F|  |TAMS 0x0000000705900000, 0x0000000705900000| Untracked 
|  62|0x0000000705a00000, 0x0000000705a00000, 0x0000000705b00000|  0%| F|  |TAMS 0x0000000705a00000, 0x0000000705a00000| Untracked 
|  63|0x0000000705b00000, 0x0000000705b00000, 0x0000000705c00000|  0%| F|  |TAMS 0x0000000705b00000, 0x0000000705b00000| Untracked 
|  64|0x0000000705c00000, 0x0000000705c00000, 0x0000000705d00000|  0%| F|  |TAMS 0x0000000705c00000, 0x0000000705c00000| Untracked 
|  65|0x0000000705d00000, 0x0000000705d00000, 0x0000000705e00000|  0%| F|  |TAMS 0x0000000705d00000, 0x0000000705d00000| Untracked 
|  66|0x0000000705e00000, 0x0000000705e00000, 0x0000000705f00000|  0%| F|  |TAMS 0x0000000705e00000, 0x0000000705e00000| Untracked 
|  67|0x0000000705f00000, 0x0000000705f00000, 0x0000000706000000|  0%| F|  |TAMS 0x0000000705f00000, 0x0000000705f00000| Untracked 
|  68|0x0000000706000000, 0x0000000706000000, 0x0000000706100000|  0%| F|  |TAMS 0x0000000706000000, 0x0000000706000000| Untracked 
|  69|0x0000000706100000, 0x0000000706100000, 0x0000000706200000|  0%| F|  |TAMS 0x0000000706100000, 0x0000000706100000| Untracked 
|  70|0x0000000706200000, 0x0000000706200000, 0x0000000706300000|  0%| F|  |TAMS 0x0000000706200000, 0x0000000706200000| Untracked 
|  71|0x0000000706300000, 0x0000000706300000, 0x0000000706400000|  0%| F|  |TAMS 0x0000000706300000, 0x0000000706300000| Untracked 
|  72|0x0000000706400000, 0x0000000706400000, 0x0000000706500000|  0%| F|  |TAMS 0x0000000706400000, 0x0000000706400000| Untracked 
|  73|0x0000000706500000, 0x0000000706500000, 0x0000000706600000|  0%| F|  |TAMS 0x0000000706500000, 0x0000000706500000| Untracked 
|  74|0x0000000706600000, 0x0000000706600000, 0x0000000706700000|  0%| F|  |TAMS 0x0000000706600000, 0x0000000706600000| Untracked 
|  75|0x0000000706700000, 0x0000000706700000, 0x0000000706800000|  0%| F|  |TAMS 0x0000000706700000, 0x0000000706700000| Untracked 
|  76|0x0000000706800000, 0x0000000706800000, 0x0000000706900000|  0%| F|  |TAMS 0x0000000706800000, 0x0000000706800000| Untracked 
|  77|0x0000000706900000, 0x0000000706900000, 0x0000000706a00000|  0%| F|  |TAMS 0x0000000706900000, 0x0000000706900000| Untracked 
|  78|0x0000000706a00000, 0x0000000706a00000, 0x0000000706b00000|  0%| F|  |TAMS 0x0000000706a00000, 0x0000000706a00000| Untracked 
|  79|0x0000000706b00000, 0x0000000706b00000, 0x0000000706c00000|  0%| F|  |TAMS 0x0000000706b00000, 0x0000000706b00000| Untracked 
|  80|0x0000000706c00000, 0x0000000706c00000, 0x0000000706d00000|  0%| F|  |TAMS 0x0000000706c00000, 0x0000000706c00000| Untracked 
|  81|0x0000000706d00000, 0x0000000706d00000, 0x0000000706e00000|  0%| F|  |TAMS 0x0000000706d00000, 0x0000000706d00000| Untracked 
|  82|0x0000000706e00000, 0x0000000706e00000, 0x0000000706f00000|  0%| F|  |TAMS 0x0000000706e00000, 0x0000000706e00000| Untracked 
|  83|0x0000000706f00000, 0x0000000706f00000, 0x0000000707000000|  0%| F|  |TAMS 0x0000000706f00000, 0x0000000706f00000| Untracked 
|  84|0x0000000707000000, 0x0000000707000000, 0x0000000707100000|  0%| F|  |TAMS 0x0000000707000000, 0x0000000707000000| Untracked 
|  85|0x0000000707100000, 0x0000000707100000, 0x0000000707200000|  0%| F|  |TAMS 0x0000000707100000, 0x0000000707100000| Untracked 
|  86|0x0000000707200000, 0x0000000707200000, 0x0000000707300000|  0%| F|  |TAMS 0x0000000707200000, 0x0000000707200000| Untracked 
|  87|0x0000000707300000, 0x0000000707358980, 0x0000000707400000| 34%| S|CS|TAMS 0x0000000707300000, 0x0000000707300000| Complete 
|  88|0x0000000707400000, 0x0000000707500000, 0x0000000707500000|100%| S|CS|TAMS 0x0000000707400000, 0x0000000707400000| Complete 
|  89|0x0000000707500000, 0x0000000707600000, 0x0000000707600000|100%| S|CS|TAMS 0x0000000707500000, 0x0000000707500000| Complete 
|  90|0x0000000707600000, 0x0000000707600000, 0x0000000707700000|  0%| F|  |TAMS 0x0000000707600000, 0x0000000707600000| Untracked 
|  91|0x0000000707700000, 0x0000000707700000, 0x0000000707800000|  0%| F|  |TAMS 0x0000000707700000, 0x0000000707700000| Untracked 
|  92|0x0000000707800000, 0x0000000707800000, 0x0000000707900000|  0%| F|  |TAMS 0x0000000707800000, 0x0000000707800000| Untracked 
|  93|0x0000000707900000, 0x0000000707900000, 0x0000000707a00000|  0%| F|  |TAMS 0x0000000707900000, 0x0000000707900000| Untracked 
|  94|0x0000000707a00000, 0x0000000707a00000, 0x0000000707b00000|  0%| F|  |TAMS 0x0000000707a00000, 0x0000000707a00000| Untracked 
|  95|0x0000000707b00000, 0x0000000707b00000, 0x0000000707c00000|  0%| F|  |TAMS 0x0000000707b00000, 0x0000000707b00000| Untracked 
|  96|0x0000000707c00000, 0x0000000707c00000, 0x0000000707d00000|  0%| F|  |TAMS 0x0000000707c00000, 0x0000000707c00000| Untracked 
|  97|0x0000000707d00000, 0x0000000707d00000, 0x0000000707e00000|  0%| F|  |TAMS 0x0000000707d00000, 0x0000000707d00000| Untracked 
|  98|0x0000000707e00000, 0x0000000707e00000, 0x0000000707f00000|  0%| F|  |TAMS 0x0000000707e00000, 0x0000000707e00000| Untracked 
|  99|0x0000000707f00000, 0x0000000707f00000, 0x0000000708000000|  0%| F|  |TAMS 0x0000000707f00000, 0x0000000707f00000| Untracked 
| 100|0x0000000708000000, 0x0000000708000000, 0x0000000708100000|  0%| F|  |TAMS 0x0000000708000000, 0x0000000708000000| Untracked 
| 101|0x0000000708100000, 0x0000000708100000, 0x0000000708200000|  0%| F|  |TAMS 0x0000000708100000, 0x0000000708100000| Untracked 
| 102|0x0000000708200000, 0x0000000708200000, 0x0000000708300000|  0%| F|  |TAMS 0x0000000708200000, 0x0000000708200000| Untracked 
| 103|0x0000000708300000, 0x0000000708400000, 0x0000000708400000|100%| S|CS|TAMS 0x0000000708300000, 0x0000000708300000| Complete 
| 104|0x0000000708400000, 0x0000000708500000, 0x0000000708500000|100%| S|CS|TAMS 0x0000000708400000, 0x0000000708400000| Complete 
| 105|0x0000000708500000, 0x0000000708600000, 0x0000000708600000|100%| S|CS|TAMS 0x0000000708500000, 0x0000000708500000| Complete 
| 106|0x0000000708600000, 0x0000000708700000, 0x0000000708700000|100%| S|CS|TAMS 0x0000000708600000, 0x0000000708600000| Complete 
| 107|0x0000000708700000, 0x0000000708800000, 0x0000000708800000|100%| S|CS|TAMS 0x0000000708700000, 0x0000000708700000| Complete 
| 108|0x0000000708800000, 0x0000000708900000, 0x0000000708900000|100%| S|CS|TAMS 0x0000000708800000, 0x0000000708800000| Complete 
| 109|0x0000000708900000, 0x0000000708a00000, 0x0000000708a00000|100%| S|CS|TAMS 0x0000000708900000, 0x0000000708900000| Complete 
| 110|0x0000000708a00000, 0x0000000708b00000, 0x0000000708b00000|100%| S|CS|TAMS 0x0000000708a00000, 0x0000000708a00000| Complete 
| 111|0x0000000708b00000, 0x0000000708c00000, 0x0000000708c00000|100%| S|CS|TAMS 0x0000000708b00000, 0x0000000708b00000| Complete 
| 112|0x0000000708c00000, 0x0000000708d00000, 0x0000000708d00000|100%| S|CS|TAMS 0x0000000708c00000, 0x0000000708c00000| Complete 
| 113|0x0000000708d00000, 0x0000000708e00000, 0x0000000708e00000|100%| S|CS|TAMS 0x0000000708d00000, 0x0000000708d00000| Complete 
| 114|0x0000000708e00000, 0x0000000708f00000, 0x0000000708f00000|100%| S|CS|TAMS 0x0000000708e00000, 0x0000000708e00000| Complete 
| 115|0x0000000708f00000, 0x0000000709000000, 0x0000000709000000|100%| S|CS|TAMS 0x0000000708f00000, 0x0000000708f00000| Complete 
| 116|0x0000000709000000, 0x0000000709000000, 0x0000000709100000|  0%| F|  |TAMS 0x0000000709000000, 0x0000000709000000| Untracked 
| 117|0x0000000709100000, 0x0000000709100000, 0x0000000709200000|  0%| F|  |TAMS 0x0000000709100000, 0x0000000709100000| Untracked 
| 118|0x0000000709200000, 0x0000000709200000, 0x0000000709300000|  0%| F|  |TAMS 0x0000000709200000, 0x0000000709200000| Untracked 
| 119|0x0000000709300000, 0x0000000709300000, 0x0000000709400000|  0%| F|  |TAMS 0x0000000709300000, 0x0000000709300000| Untracked 
| 120|0x0000000709400000, 0x0000000709400000, 0x0000000709500000|  0%| F|  |TAMS 0x0000000709400000, 0x0000000709400000| Untracked 
| 121|0x0000000709500000, 0x0000000709500000, 0x0000000709600000|  0%| F|  |TAMS 0x0000000709500000, 0x0000000709500000| Untracked 
| 122|0x0000000709600000, 0x0000000709600000, 0x0000000709700000|  0%| F|  |TAMS 0x0000000709600000, 0x0000000709600000| Untracked 
| 123|0x0000000709700000, 0x0000000709700000, 0x0000000709800000|  0%| F|  |TAMS 0x0000000709700000, 0x0000000709700000| Untracked 
| 124|0x0000000709800000, 0x0000000709800000, 0x0000000709900000|  0%| F|  |TAMS 0x0000000709800000, 0x0000000709800000| Untracked 
| 125|0x0000000709900000, 0x0000000709900000, 0x0000000709a00000|  0%| F|  |TAMS 0x0000000709900000, 0x0000000709900000| Untracked 
| 126|0x0000000709a00000, 0x0000000709a00000, 0x0000000709b00000|  0%| F|  |TAMS 0x0000000709a00000, 0x0000000709a00000| Untracked 
| 127|0x0000000709b00000, 0x0000000709b00000, 0x0000000709c00000|  0%| F|  |TAMS 0x0000000709b00000, 0x0000000709b00000| Untracked 
| 128|0x0000000709c00000, 0x0000000709c00000, 0x0000000709d00000|  0%| F|  |TAMS 0x0000000709c00000, 0x0000000709c00000| Untracked 
| 129|0x0000000709d00000, 0x0000000709d00000, 0x0000000709e00000|  0%| F|  |TAMS 0x0000000709d00000, 0x0000000709d00000| Untracked 
| 130|0x0000000709e00000, 0x0000000709e00000, 0x0000000709f00000|  0%| F|  |TAMS 0x0000000709e00000, 0x0000000709e00000| Untracked 
| 131|0x0000000709f00000, 0x0000000709f00000, 0x000000070a000000|  0%| F|  |TAMS 0x0000000709f00000, 0x0000000709f00000| Untracked 
| 132|0x000000070a000000, 0x000000070a000000, 0x000000070a100000|  0%| F|  |TAMS 0x000000070a000000, 0x000000070a000000| Untracked 
| 133|0x000000070a100000, 0x000000070a100000, 0x000000070a200000|  0%| F|  |TAMS 0x000000070a100000, 0x000000070a100000| Untracked 
| 134|0x000000070a200000, 0x000000070a200000, 0x000000070a300000|  0%| F|  |TAMS 0x000000070a200000, 0x000000070a200000| Untracked 
| 135|0x000000070a300000, 0x000000070a300000, 0x000000070a400000|  0%| F|  |TAMS 0x000000070a300000, 0x000000070a300000| Untracked 
| 136|0x000000070a400000, 0x000000070a400000, 0x000000070a500000|  0%| F|  |TAMS 0x000000070a400000, 0x000000070a400000| Untracked 
| 137|0x000000070a500000, 0x000000070a500000, 0x000000070a600000|  0%| F|  |TAMS 0x000000070a500000, 0x000000070a500000| Untracked 
| 138|0x000000070a600000, 0x000000070a600000, 0x000000070a700000|  0%| F|  |TAMS 0x000000070a600000, 0x000000070a600000| Untracked 
| 139|0x000000070a700000, 0x000000070a700000, 0x000000070a800000|  0%| F|  |TAMS 0x000000070a700000, 0x000000070a700000| Untracked 
| 140|0x000000070a800000, 0x000000070a800000, 0x000000070a900000|  0%| F|  |TAMS 0x000000070a800000, 0x000000070a800000| Untracked 
| 141|0x000000070a900000, 0x000000070a900000, 0x000000070aa00000|  0%| F|  |TAMS 0x000000070a900000, 0x000000070a900000| Untracked 
| 142|0x000000070aa00000, 0x000000070aa00000, 0x000000070ab00000|  0%| F|  |TAMS 0x000000070aa00000, 0x000000070aa00000| Untracked 
| 143|0x000000070ab00000, 0x000000070ab00000, 0x000000070ac00000|  0%| F|  |TAMS 0x000000070ab00000, 0x000000070ab00000| Untracked 
| 144|0x000000070ac00000, 0x000000070ac00000, 0x000000070ad00000|  0%| F|  |TAMS 0x000000070ac00000, 0x000000070ac00000| Untracked 
| 145|0x000000070ad00000, 0x000000070ad00000, 0x000000070ae00000|  0%| F|  |TAMS 0x000000070ad00000, 0x000000070ad00000| Untracked 
| 146|0x000000070ae00000, 0x000000070ae00000, 0x000000070af00000|  0%| F|  |TAMS 0x000000070ae00000, 0x000000070ae00000| Untracked 
| 147|0x000000070af00000, 0x000000070af00000, 0x000000070b000000|  0%| F|  |TAMS 0x000000070af00000, 0x000000070af00000| Untracked 
| 148|0x000000070b000000, 0x000000070b000000, 0x000000070b100000|  0%| F|  |TAMS 0x000000070b000000, 0x000000070b000000| Untracked 
| 149|0x000000070b100000, 0x000000070b100000, 0x000000070b200000|  0%| F|  |TAMS 0x000000070b100000, 0x000000070b100000| Untracked 
| 150|0x000000070b200000, 0x000000070b200000, 0x000000070b300000|  0%| F|  |TAMS 0x000000070b200000, 0x000000070b200000| Untracked 
| 151|0x000000070b300000, 0x000000070b300000, 0x000000070b400000|  0%| F|  |TAMS 0x000000070b300000, 0x000000070b300000| Untracked 
| 152|0x000000070b400000, 0x000000070b400000, 0x000000070b500000|  0%| F|  |TAMS 0x000000070b400000, 0x000000070b400000| Untracked 
| 153|0x000000070b500000, 0x000000070b500000, 0x000000070b600000|  0%| F|  |TAMS 0x000000070b500000, 0x000000070b500000| Untracked 
| 154|0x000000070b600000, 0x000000070b600000, 0x000000070b700000|  0%| F|  |TAMS 0x000000070b600000, 0x000000070b600000| Untracked 
| 155|0x000000070b700000, 0x000000070b700000, 0x000000070b800000|  0%| F|  |TAMS 0x000000070b700000, 0x000000070b700000| Untracked 
| 156|0x000000070b800000, 0x000000070b800000, 0x000000070b900000|  0%| F|  |TAMS 0x000000070b800000, 0x000000070b800000| Untracked 
| 157|0x000000070b900000, 0x000000070b900000, 0x000000070ba00000|  0%| F|  |TAMS 0x000000070b900000, 0x000000070b900000| Untracked 
| 158|0x000000070ba00000, 0x000000070ba00000, 0x000000070bb00000|  0%| F|  |TAMS 0x000000070ba00000, 0x000000070ba00000| Untracked 
| 159|0x000000070bb00000, 0x000000070bb00000, 0x000000070bc00000|  0%| F|  |TAMS 0x000000070bb00000, 0x000000070bb00000| Untracked 
| 160|0x000000070bc00000, 0x000000070bc00000, 0x000000070bd00000|  0%| F|  |TAMS 0x000000070bc00000, 0x000000070bc00000| Untracked 
| 161|0x000000070bd00000, 0x000000070bd00000, 0x000000070be00000|  0%| F|  |TAMS 0x000000070bd00000, 0x000000070bd00000| Untracked 
| 162|0x000000070be00000, 0x000000070be00000, 0x000000070bf00000|  0%| F|  |TAMS 0x000000070be00000, 0x000000070be00000| Untracked 
| 163|0x000000070bf00000, 0x000000070bf00000, 0x000000070c000000|  0%| F|  |TAMS 0x000000070bf00000, 0x000000070bf00000| Untracked 
| 164|0x000000070c000000, 0x000000070c000000, 0x000000070c100000|  0%| F|  |TAMS 0x000000070c000000, 0x000000070c000000| Untracked 
| 165|0x000000070c100000, 0x000000070c100000, 0x000000070c200000|  0%| F|  |TAMS 0x000000070c100000, 0x000000070c100000| Untracked 
| 166|0x000000070c200000, 0x000000070c200000, 0x000000070c300000|  0%| F|  |TAMS 0x000000070c200000, 0x000000070c200000| Untracked 
| 167|0x000000070c300000, 0x000000070c300000, 0x000000070c400000|  0%| F|  |TAMS 0x000000070c300000, 0x000000070c300000| Untracked 
| 168|0x000000070c400000, 0x000000070c400000, 0x000000070c500000|  0%| F|  |TAMS 0x000000070c400000, 0x000000070c400000| Untracked 
| 169|0x000000070c500000, 0x000000070c500000, 0x000000070c600000|  0%| F|  |TAMS 0x000000070c500000, 0x000000070c500000| Untracked 
| 170|0x000000070c600000, 0x000000070c600000, 0x000000070c700000|  0%| F|  |TAMS 0x000000070c600000, 0x000000070c600000| Untracked 
| 171|0x000000070c700000, 0x000000070c700000, 0x000000070c800000|  0%| F|  |TAMS 0x000000070c700000, 0x000000070c700000| Untracked 
| 172|0x000000070c800000, 0x000000070c800000, 0x000000070c900000|  0%| F|  |TAMS 0x000000070c800000, 0x000000070c800000| Untracked 
| 173|0x000000070c900000, 0x000000070c900000, 0x000000070ca00000|  0%| F|  |TAMS 0x000000070c900000, 0x000000070c900000| Untracked 
| 174|0x000000070ca00000, 0x000000070ca00000, 0x000000070cb00000|  0%| F|  |TAMS 0x000000070ca00000, 0x000000070ca00000| Untracked 
| 175|0x000000070cb00000, 0x000000070cb00000, 0x000000070cc00000|  0%| F|  |TAMS 0x000000070cb00000, 0x000000070cb00000| Untracked 
| 176|0x000000070cc00000, 0x000000070cc00000, 0x000000070cd00000|  0%| F|  |TAMS 0x000000070cc00000, 0x000000070cc00000| Untracked 
| 177|0x000000070cd00000, 0x000000070cd00000, 0x000000070ce00000|  0%| F|  |TAMS 0x000000070cd00000, 0x000000070cd00000| Untracked 
| 178|0x000000070ce00000, 0x000000070ce00000, 0x000000070cf00000|  0%| F|  |TAMS 0x000000070ce00000, 0x000000070ce00000| Untracked 
| 179|0x000000070cf00000, 0x000000070cf00000, 0x000000070d000000|  0%| F|  |TAMS 0x000000070cf00000, 0x000000070cf00000| Untracked 
| 180|0x000000070d000000, 0x000000070d000000, 0x000000070d100000|  0%| F|  |TAMS 0x000000070d000000, 0x000000070d000000| Untracked 
| 181|0x000000070d100000, 0x000000070d100000, 0x000000070d200000|  0%| F|  |TAMS 0x000000070d100000, 0x000000070d100000| Untracked 
| 182|0x000000070d200000, 0x000000070d200000, 0x000000070d300000|  0%| F|  |TAMS 0x000000070d200000, 0x000000070d200000| Untracked 
| 183|0x000000070d300000, 0x000000070d300000, 0x000000070d400000|  0%| F|  |TAMS 0x000000070d300000, 0x000000070d300000| Untracked 
| 184|0x000000070d400000, 0x000000070d400000, 0x000000070d500000|  0%| F|  |TAMS 0x000000070d400000, 0x000000070d400000| Untracked 
| 185|0x000000070d500000, 0x000000070d500000, 0x000000070d600000|  0%| F|  |TAMS 0x000000070d500000, 0x000000070d500000| Untracked 
| 186|0x000000070d600000, 0x000000070d600000, 0x000000070d700000|  0%| F|  |TAMS 0x000000070d600000, 0x000000070d600000| Untracked 
| 187|0x000000070d700000, 0x000000070d700000, 0x000000070d800000|  0%| F|  |TAMS 0x000000070d700000, 0x000000070d700000| Untracked 
| 188|0x000000070d800000, 0x000000070d800000, 0x000000070d900000|  0%| F|  |TAMS 0x000000070d800000, 0x000000070d800000| Untracked 
| 189|0x000000070d900000, 0x000000070d900000, 0x000000070da00000|  0%| F|  |TAMS 0x000000070d900000, 0x000000070d900000| Untracked 
| 190|0x000000070da00000, 0x000000070da00000, 0x000000070db00000|  0%| F|  |TAMS 0x000000070da00000, 0x000000070da00000| Untracked 
| 191|0x000000070db00000, 0x000000070db00000, 0x000000070dc00000|  0%| F|  |TAMS 0x000000070db00000, 0x000000070db00000| Untracked 
| 192|0x000000070dc00000, 0x000000070dc00000, 0x000000070dd00000|  0%| F|  |TAMS 0x000000070dc00000, 0x000000070dc00000| Untracked 
| 193|0x000000070dd00000, 0x000000070dd00000, 0x000000070de00000|  0%| F|  |TAMS 0x000000070dd00000, 0x000000070dd00000| Untracked 
| 194|0x000000070de00000, 0x000000070de00000, 0x000000070df00000|  0%| F|  |TAMS 0x000000070de00000, 0x000000070de00000| Untracked 
| 195|0x000000070df00000, 0x000000070df00000, 0x000000070e000000|  0%| F|  |TAMS 0x000000070df00000, 0x000000070df00000| Untracked 
| 196|0x000000070e000000, 0x000000070e000000, 0x000000070e100000|  0%| F|  |TAMS 0x000000070e000000, 0x000000070e000000| Untracked 
| 197|0x000000070e100000, 0x000000070e100000, 0x000000070e200000|  0%| F|  |TAMS 0x000000070e100000, 0x000000070e100000| Untracked 
| 198|0x000000070e200000, 0x000000070e200000, 0x000000070e300000|  0%| F|  |TAMS 0x000000070e200000, 0x000000070e200000| Untracked 
| 199|0x000000070e300000, 0x000000070e300000, 0x000000070e400000|  0%| F|  |TAMS 0x000000070e300000, 0x000000070e300000| Untracked 
| 200|0x000000070e400000, 0x000000070e400000, 0x000000070e500000|  0%| F|  |TAMS 0x000000070e400000, 0x000000070e400000| Untracked 
| 201|0x000000070e500000, 0x000000070e500000, 0x000000070e600000|  0%| F|  |TAMS 0x000000070e500000, 0x000000070e500000| Untracked 
| 202|0x000000070e600000, 0x000000070e600000, 0x000000070e700000|  0%| F|  |TAMS 0x000000070e600000, 0x000000070e600000| Untracked 
| 203|0x000000070e700000, 0x000000070e700000, 0x000000070e800000|  0%| F|  |TAMS 0x000000070e700000, 0x000000070e700000| Untracked 
| 204|0x000000070e800000, 0x000000070e800000, 0x000000070e900000|  0%| F|  |TAMS 0x000000070e800000, 0x000000070e800000| Untracked 
| 205|0x000000070e900000, 0x000000070e900000, 0x000000070ea00000|  0%| F|  |TAMS 0x000000070e900000, 0x000000070e900000| Untracked 
| 206|0x000000070ea00000, 0x000000070ea00000, 0x000000070eb00000|  0%| F|  |TAMS 0x000000070ea00000, 0x000000070ea00000| Untracked 
| 207|0x000000070eb00000, 0x000000070eb00000, 0x000000070ec00000|  0%| F|  |TAMS 0x000000070eb00000, 0x000000070eb00000| Untracked 
| 208|0x000000070ec00000, 0x000000070ec00000, 0x000000070ed00000|  0%| F|  |TAMS 0x000000070ec00000, 0x000000070ec00000| Untracked 
| 209|0x000000070ed00000, 0x000000070ed00000, 0x000000070ee00000|  0%| F|  |TAMS 0x000000070ed00000, 0x000000070ed00000| Untracked 
| 210|0x000000070ee00000, 0x000000070ee00000, 0x000000070ef00000|  0%| F|  |TAMS 0x000000070ee00000, 0x000000070ee00000| Untracked 
| 211|0x000000070ef00000, 0x000000070ef00000, 0x000000070f000000|  0%| F|  |TAMS 0x000000070ef00000, 0x000000070ef00000| Untracked 
| 212|0x000000070f000000, 0x000000070f000000, 0x000000070f100000|  0%| F|  |TAMS 0x000000070f000000, 0x000000070f000000| Untracked 
| 213|0x000000070f100000, 0x000000070f100000, 0x000000070f200000|  0%| F|  |TAMS 0x000000070f100000, 0x000000070f100000| Untracked 
| 214|0x000000070f200000, 0x000000070f200000, 0x000000070f300000|  0%| F|  |TAMS 0x000000070f200000, 0x000000070f200000| Untracked 
| 215|0x000000070f300000, 0x000000070f300000, 0x000000070f400000|  0%| F|  |TAMS 0x000000070f300000, 0x000000070f300000| Untracked 
| 216|0x000000070f400000, 0x000000070f400000, 0x000000070f500000|  0%| F|  |TAMS 0x000000070f400000, 0x000000070f400000| Untracked 
| 217|0x000000070f500000, 0x000000070f500000, 0x000000070f600000|  0%| F|  |TAMS 0x000000070f500000, 0x000000070f500000| Untracked 
| 218|0x000000070f600000, 0x000000070f600000, 0x000000070f700000|  0%| F|  |TAMS 0x000000070f600000, 0x000000070f600000| Untracked 
| 219|0x000000070f700000, 0x000000070f700000, 0x000000070f800000|  0%| F|  |TAMS 0x000000070f700000, 0x000000070f700000| Untracked 
| 220|0x000000070f800000, 0x000000070f800000, 0x000000070f900000|  0%| F|  |TAMS 0x000000070f800000, 0x000000070f800000| Untracked 
| 221|0x000000070f900000, 0x000000070f900000, 0x000000070fa00000|  0%| F|  |TAMS 0x000000070f900000, 0x000000070f900000| Untracked 
| 222|0x000000070fa00000, 0x000000070fa00000, 0x000000070fb00000|  0%| F|  |TAMS 0x000000070fa00000, 0x000000070fa00000| Untracked 
| 223|0x000000070fb00000, 0x000000070fb00000, 0x000000070fc00000|  0%| F|  |TAMS 0x000000070fb00000, 0x000000070fb00000| Untracked 
| 224|0x000000070fc00000, 0x000000070fc00000, 0x000000070fd00000|  0%| F|  |TAMS 0x000000070fc00000, 0x000000070fc00000| Untracked 
| 225|0x000000070fd00000, 0x000000070fd00000, 0x000000070fe00000|  0%| F|  |TAMS 0x000000070fd00000, 0x000000070fd00000| Untracked 
| 226|0x000000070fe00000, 0x000000070fe00000, 0x000000070ff00000|  0%| F|  |TAMS 0x000000070fe00000, 0x000000070fe00000| Untracked 
| 227|0x000000070ff00000, 0x000000070ff00000, 0x0000000710000000|  0%| F|  |TAMS 0x000000070ff00000, 0x000000070ff00000| Untracked 
| 228|0x0000000710000000, 0x0000000710000000, 0x0000000710100000|  0%| F|  |TAMS 0x0000000710000000, 0x0000000710000000| Untracked 
| 229|0x0000000710100000, 0x0000000710100000, 0x0000000710200000|  0%| F|  |TAMS 0x0000000710100000, 0x0000000710100000| Untracked 
| 230|0x0000000710200000, 0x0000000710200000, 0x0000000710300000|  0%| F|  |TAMS 0x0000000710200000, 0x0000000710200000| Untracked 
| 231|0x0000000710300000, 0x0000000710300000, 0x0000000710400000|  0%| F|  |TAMS 0x0000000710300000, 0x0000000710300000| Untracked 
| 232|0x0000000710400000, 0x0000000710400000, 0x0000000710500000|  0%| F|  |TAMS 0x0000000710400000, 0x0000000710400000| Untracked 
| 233|0x0000000710500000, 0x0000000710500000, 0x0000000710600000|  0%| F|  |TAMS 0x0000000710500000, 0x0000000710500000| Untracked 
| 234|0x0000000710600000, 0x0000000710600000, 0x0000000710700000|  0%| F|  |TAMS 0x0000000710600000, 0x0000000710600000| Untracked 
| 235|0x0000000710700000, 0x0000000710700000, 0x0000000710800000|  0%| F|  |TAMS 0x0000000710700000, 0x0000000710700000| Untracked 
| 236|0x0000000710800000, 0x0000000710800000, 0x0000000710900000|  0%| F|  |TAMS 0x0000000710800000, 0x0000000710800000| Untracked 
| 237|0x0000000710900000, 0x0000000710900000, 0x0000000710a00000|  0%| F|  |TAMS 0x0000000710900000, 0x0000000710900000| Untracked 
| 238|0x0000000710a00000, 0x0000000710a00000, 0x0000000710b00000|  0%| F|  |TAMS 0x0000000710a00000, 0x0000000710a00000| Untracked 
| 239|0x0000000710b00000, 0x0000000710b00000, 0x0000000710c00000|  0%| F|  |TAMS 0x0000000710b00000, 0x0000000710b00000| Untracked 
| 240|0x0000000710c00000, 0x0000000710c00000, 0x0000000710d00000|  0%| F|  |TAMS 0x0000000710c00000, 0x0000000710c00000| Untracked 
| 241|0x0000000710d00000, 0x0000000710d00000, 0x0000000710e00000|  0%| F|  |TAMS 0x0000000710d00000, 0x0000000710d00000| Untracked 
| 242|0x0000000710e00000, 0x0000000710e00000, 0x0000000710f00000|  0%| F|  |TAMS 0x0000000710e00000, 0x0000000710e00000| Untracked 
| 243|0x0000000710f00000, 0x0000000710f00000, 0x0000000711000000|  0%| F|  |TAMS 0x0000000710f00000, 0x0000000710f00000| Untracked 
| 244|0x0000000711000000, 0x0000000711000000, 0x0000000711100000|  0%| F|  |TAMS 0x0000000711000000, 0x0000000711000000| Untracked 
| 245|0x0000000711100000, 0x0000000711100000, 0x0000000711200000|  0%| F|  |TAMS 0x0000000711100000, 0x0000000711100000| Untracked 
| 246|0x0000000711200000, 0x0000000711200000, 0x0000000711300000|  0%| F|  |TAMS 0x0000000711200000, 0x0000000711200000| Untracked 
| 247|0x0000000711300000, 0x0000000711300000, 0x0000000711400000|  0%| F|  |TAMS 0x0000000711300000, 0x0000000711300000| Untracked 
| 248|0x0000000711400000, 0x0000000711400000, 0x0000000711500000|  0%| F|  |TAMS 0x0000000711400000, 0x0000000711400000| Untracked 
| 249|0x0000000711500000, 0x0000000711500000, 0x0000000711600000|  0%| F|  |TAMS 0x0000000711500000, 0x0000000711500000| Untracked 
| 250|0x0000000711600000, 0x0000000711600000, 0x0000000711700000|  0%| F|  |TAMS 0x0000000711600000, 0x0000000711600000| Untracked 
| 251|0x0000000711700000, 0x0000000711700000, 0x0000000711800000|  0%| F|  |TAMS 0x0000000711700000, 0x0000000711700000| Untracked 
| 252|0x0000000711800000, 0x0000000711800000, 0x0000000711900000|  0%| F|  |TAMS 0x0000000711800000, 0x0000000711800000| Untracked 
| 253|0x0000000711900000, 0x0000000711900000, 0x0000000711a00000|  0%| F|  |TAMS 0x0000000711900000, 0x0000000711900000| Untracked 
| 254|0x0000000711a00000, 0x0000000711a00000, 0x0000000711b00000|  0%| F|  |TAMS 0x0000000711a00000, 0x0000000711a00000| Untracked 
| 255|0x0000000711b00000, 0x0000000711b00000, 0x0000000711c00000|  0%| F|  |TAMS 0x0000000711b00000, 0x0000000711b00000| Untracked 

Card table byte_map: [0x0000026af84f0000,0x0000026af8cf0000] _byte_map_base: 0x0000026af4ce2000

Marking Bits (Prev, Next): (CMBitMap*) 0x0000026adfed61b8, (CMBitMap*) 0x0000026adfed61f0
 Prev Bits: [0x0000026af94f0000, 0x0000026afd480000)
 Next Bits: [0x0000026a80000000, 0x0000026a83f90000)

Polling page: 0x0000026ade630000

Metaspace:

Usage:
  Non-class:     46.08 MB capacity,    45.13 MB ( 98%) used,   778.94 KB (  2%) free+waste,   202.94 KB ( <1%) overhead. 
      Class:      7.03 MB capacity,     6.36 MB ( 90%) used,   589.52 KB (  8%) free+waste,    98.06 KB (  1%) overhead. 
       Both:     53.12 MB capacity,    51.49 MB ( 97%) used,     1.34 MB (  3%) free+waste,   301.00 KB ( <1%) overhead. 

Virtual space:
  Non-class space:       48.00 MB reserved,      46.25 MB ( 96%) committed 
      Class space:        1.00 GB reserved,       7.13 MB ( <1%) committed 
             Both:        1.05 GB reserved,      53.38 MB (  5%) committed 

Chunk freelists:
   Non-Class:  0 bytes
       Class:  0 bytes
        Both:  0 bytes

CodeHeap 'non-profiled nmethods': size=120000Kb used=3959Kb max_used=3959Kb free=116040Kb
 bounds [0x0000026aefd60000, 0x0000026af0140000, 0x0000026af7290000]
CodeHeap 'profiled nmethods': size=120000Kb used=12867Kb max_used=12867Kb free=107132Kb
 bounds [0x0000026ae8830000, 0x0000026ae94d0000, 0x0000026aefd60000]
CodeHeap 'non-nmethods': size=5760Kb used=1181Kb max_used=1234Kb free=4578Kb
 bounds [0x0000026ae8290000, 0x0000026ae8500000, 0x0000026ae8830000]
 total_blobs=5709 nmethods=5197 adapters=421
 compilation: enabled
              stopped_count=0, restarted_count=0
 full_count=0

Compilation events (10 events):
Event: 7.693 Thread 0x0000026a84a81800 5642       3       java.util.Hashtable$Enumerator::<init> (51 bytes)
Event: 7.694 Thread 0x0000026a84a81800 nmethod 5642 0x0000026ae94c6e10 code [0x0000026ae94c6fc0, 0x0000026ae94c7278]
Event: 7.694 Thread 0x0000026a84a81800 5643       3       java.util.Hashtable$EntrySet::iterator (9 bytes)
Event: 7.694 Thread 0x0000026a84a81800 nmethod 5643 0x0000026ae94c7390 code [0x0000026ae94c7560, 0x0000026ae94c7890]
Event: 7.694 Thread 0x0000026a84a76000 nmethod 5632 0x0000026af013c110 code [0x0000026af013c2e0, 0x0000026af013c5e8]
Event: 7.695 Thread 0x0000026a84a76000 5644       4       java.lang.ClassLoader::loadClass (7 bytes)
Event: 7.697 Thread 0x0000026a84a76000 nmethod 5644 0x0000026af013c990 code [0x0000026af013cb60, 0x0000026af013cdd0]
Event: 7.697 Thread 0x0000026a84d48800 nmethod 5641 0x0000026af013d010 code [0x0000026af013d1c0, 0x0000026af013d9e8]
Event: 7.700 Thread 0x0000026a84a76000 5645       4       java.util.TreeMap$PrivateEntryIterator::hasNext (13 bytes)
Event: 7.701 Thread 0x0000026a84a76000 nmethod 5645 0x0000026af013dc90 code [0x0000026af013de20, 0x0000026af013de98]

GC Heap History (10 events):
Event: 1.808 GC heap after
{Heap after GC invocations=2 (full 0):
 garbage-first heap   total 262144K, used 13169K [0x0000000701c00000, 0x0000000800000000)
  region size 1024K, 9 young (9216K), 9 survivors (9216K)
 Metaspace       used 20533K, capacity 21156K, committed 21248K, reserved 1069056K
  class space    used 2243K, capacity 2497K, committed 2560K, reserved 1048576K
}
Event: 2.077 GC heap before
{Heap before GC invocations=3 (full 0):
 garbage-first heap   total 262144K, used 43889K [0x0000000701c00000, 0x0000000800000000)
  region size 1024K, 40 young (40960K), 9 survivors (9216K)
 Metaspace       used 25650K, capacity 26376K, committed 26496K, reserved 1073152K
  class space    used 2909K, capacity 3177K, committed 3200K, reserved 1048576K
}
Event: 2.083 GC heap after
{Heap after GC invocations=4 (full 0):
 garbage-first heap   total 262144K, used 14375K [0x0000000701c00000, 0x0000000800000000)
  region size 1024K, 2 young (2048K), 2 survivors (2048K)
 Metaspace       used 25650K, capacity 26376K, committed 26496K, reserved 1073152K
  class space    used 2909K, capacity 3177K, committed 3200K, reserved 1048576K
}
Event: 3.459 GC heap before
{Heap before GC invocations=4 (full 0):
 garbage-first heap   total 262144K, used 100391K [0x0000000701c00000, 0x0000000800000000)
  region size 1024K, 86 young (88064K), 2 survivors (2048K)
 Metaspace       used 34029K, capacity 35017K, committed 35072K, reserved 1079296K
  class space    used 3929K, capacity 4335K, committed 4352K, reserved 1048576K
}
Event: 3.466 GC heap after
{Heap after GC invocations=5 (full 0):
 garbage-first heap   total 262144K, used 18979K [0x0000000701c00000, 0x0000000800000000)
  region size 1024K, 7 young (7168K), 7 survivors (7168K)
 Metaspace       used 34029K, capacity 35017K, committed 35072K, reserved 1079296K
  class space    used 3929K, capacity 4335K, committed 4352K, reserved 1048576K
}
Event: 3.624 GC heap before
{Heap before GC invocations=5 (full 0):
 garbage-first heap   total 262144K, used 34339K [0x0000000701c00000, 0x0000000800000000)
  region size 1024K, 23 young (23552K), 7 survivors (7168K)
 Metaspace       used 34815K, capacity 35782K, committed 35840K, reserved 1081344K
  class space    used 4031K, capacity 4440K, committed 4480K, reserved 1048576K
}
Event: 3.630 GC heap after
{Heap after GC invocations=6 (full 0):
 garbage-first heap   total 262144K, used 19732K [0x0000000701c00000, 0x0000000800000000)
  region size 1024K, 7 young (7168K), 7 survivors (7168K)
 Metaspace       used 34815K, capacity 35782K, committed 35840K, reserved 1081344K
  class space    used 4031K, capacity 4440K, committed 4480K, reserved 1048576K
}
Event: 5.698 GC heap before
{Heap before GC invocations=7 (full 0):
 garbage-first heap   total 262144K, used 169236K [0x0000000701c00000, 0x0000000800000000)
  region size 1024K, 153 young (156672K), 7 survivors (7168K)
 Metaspace       used 43362K, capacity 44661K, committed 44800K, reserved 1087488K
  class space    used 5228K, capacity 5768K, committed 5888K, reserved 1048576K
}
Event: 5.709 GC heap after
{Heap after GC invocations=8 (full 0):
 garbage-first heap   total 262144K, used 25458K [0x0000000701c00000, 0x0000000800000000)
  region size 1024K, 13 young (13312K), 13 survivors (13312K)
 Metaspace       used 43362K, capacity 44661K, committed 44800K, reserved 1087488K
  class space    used 5228K, capacity 5768K, committed 5888K, reserved 1048576K
}
Event: 7.701 GC heap before
{Heap before GC invocations=8 (full 0):
 garbage-first heap   total 262144K, used 168818K [0x0000000701c00000, 0x0000000800000000)
  region size 1024K, 153 young (156672K), 13 survivors (13312K)
 Metaspace       used 52724K, capacity 54394K, committed 54656K, reserved 1097728K
  class space    used 6515K, capacity 7203K, committed 7296K, reserved 1048576K
}

Deoptimization events (10 events):
Event: 7.437 Thread 0x0000026adfe77000 Uncommon trap: reason=bimorphic_or_optimized_type_check action=maybe_recompile pc=0x0000026af00ed950 method=org.springframework.core.SerializableTypeWrapper.unwrap(Ljava/lang/reflect/Type;)Ljava/lang/reflect/Type; @ 18 c2
Event: 7.440 Thread 0x0000026adfe77000 Uncommon trap: reason=bimorphic_or_optimized_type_check action=maybe_recompile pc=0x0000026af00fec80 method=org.springframework.core.SerializableTypeWrapper.unwrap(Ljava/lang/reflect/Type;)Ljava/lang/reflect/Type; @ 18 c2
Event: 7.481 Thread 0x0000026adfe77000 Uncommon trap: reason=unstable_if action=reinterpret pc=0x0000026af002f2a8 method=org.springframework.core.annotation.AnnotationsScanner.processClassHierarchy(Ljava/lang/Object;[ILjava/lang/Class;Lorg/springframework/core/annotation/AnnotationsProcessor;Z
Event: 7.484 Thread 0x0000026adfe77000 Uncommon trap: reason=unstable_if action=reinterpret pc=0x0000026af00c294c method=org.springframework.core.annotation.AnnotationsScanner.processClassHierarchy(Ljava/lang/Object;[ILjava/lang/Class;Lorg/springframework/core/annotation/AnnotationsProcessor;Z
Event: 7.531 Thread 0x0000026adfe77000 Uncommon trap: reason=unstable_if action=reinterpret pc=0x0000026af00f4aac method=org.springframework.beans.factory.support.AbstractBeanFactory.isTypeMatch(Ljava/lang/String;Lorg/springframework/core/ResolvableType;Z)Z @ 581 c2
Event: 7.538 Thread 0x0000026adfe77000 Uncommon trap: reason=unstable_if action=reinterpret pc=0x0000026aefeb5e98 method=java.io.WinNTFileSystem.prefixLength(Ljava/lang/String;)I @ 25 c2
Event: 7.609 Thread 0x0000026adfe77000 Uncommon trap: reason=unstable_if action=reinterpret pc=0x0000026af011e574 method=org.springframework.core.BridgeMethodResolver.isVisibilityBridgeMethodPair(Ljava/lang/reflect/Method;Ljava/lang/reflect/Method;)Z @ 43 c2
Event: 7.639 Thread 0x0000026adfe77000 Uncommon trap: reason=unstable_if action=reinterpret pc=0x0000026aeffffb58 method=org.springframework.core.annotation.AnnotationsScanner.isKnownEmpty(Ljava/lang/reflect/AnnotatedElement;Lorg/springframework/core/annotation/MergedAnnotations$SearchStrategy
Event: 7.669 Thread 0x0000026adfe77000 Uncommon trap: reason=unstable_if action=reinterpret pc=0x0000026af00e47ac method=org.springframework.core.annotation.AnnotationsScanner.processClassHierarchy(Ljava/lang/Object;[ILjava/lang/Class;Lorg/springframework/core/annotation/AnnotationsProcessor;Z
Event: 7.671 Thread 0x0000026adfe77000 Uncommon trap: reason=unstable_if action=reinterpret pc=0x0000026af0104338 method=org.springframework.core.annotation.AnnotationsScanner.processClassHierarchy(Ljava/lang/Object;[ILjava/lang/Class;Lorg/springframework/core/annotation/AnnotationsProcessor;Z

Classes redefined (0 events):
No events

Internal exceptions (10 events):
Event: 7.697 Thread 0x0000026adfe77000 Exception <a 'java/lang/ClassNotFoundException'{0x00000007091f3a10}: org/springframework/web/servlet/HandlerMappingCustomizer> (0x00000007091f3a10) thrown at [./open/src/hotspot/share/classfile/systemDictionary.cpp, line 228]
Event: 7.697 Thread 0x0000026adfe77000 Exception <a 'java/lang/ClassNotFoundException'{0x0000000709012c00}: org/springframework/beans/factory/InitializingBeanCustomizer> (0x0000000709012c00) thrown at [./open/src/hotspot/share/classfile/systemDictionary.cpp, line 228]
Event: 7.698 Thread 0x0000026adfe77000 Exception <a 'java/lang/ClassNotFoundException'{0x000000070902f730}: org/springframework/web/servlet/HandlerMappingCustomizer> (0x000000070902f730) thrown at [./open/src/hotspot/share/classfile/systemDictionary.cpp, line 228]
Event: 7.698 Thread 0x0000026adfe77000 Exception <a 'java/lang/ClassNotFoundException'{0x0000000709048c18}: org/springframework/core/OrderedCustomizer> (0x0000000709048c18) thrown at [./open/src/hotspot/share/classfile/systemDictionary.cpp, line 228]
Event: 7.699 Thread 0x0000026adfe77000 Exception <a 'java/lang/ClassNotFoundException'{0x0000000709065c08}: org/springframework/beans/factory/BeanNameAwareCustomizer> (0x0000000709065c08) thrown at [./open/src/hotspot/share/classfile/systemDictionary.cpp, line 228]
Event: 7.699 Thread 0x0000026adfe77000 Exception <a 'java/lang/ClassNotFoundException'{0x0000000709080d38}: org/springframework/beans/factory/AwareCustomizer> (0x0000000709080d38) thrown at [./open/src/hotspot/share/classfile/systemDictionary.cpp, line 228]
Event: 7.700 Thread 0x0000026adfe77000 Exception <a 'java/lang/ClassNotFoundException'{0x000000070909f0e0}: org/springframework/web/context/ServletContextAwareCustomizer> (0x000000070909f0e0) thrown at [./open/src/hotspot/share/classfile/systemDictionary.cpp, line 228]
Event: 7.700 Thread 0x0000026adfe77000 Exception <a 'java/lang/ClassNotFoundException'{0x00000007090ba020}: org/springframework/beans/factory/AwareCustomizer> (0x00000007090ba020) thrown at [./open/src/hotspot/share/classfile/systemDictionary.cpp, line 228]
Event: 7.700 Thread 0x0000026adfe77000 Exception <a 'java/lang/ClassNotFoundException'{0x00000007090d83c8}: org/springframework/context/ApplicationContextAwareCustomizer> (0x00000007090d83c8) thrown at [./open/src/hotspot/share/classfile/systemDictionary.cpp, line 228]
Event: 7.701 Thread 0x0000026adfe77000 Exception <a 'java/lang/ClassNotFoundException'{0x00000007090f38a8}: org/springframework/beans/factory/AwareCustomizer> (0x00000007090f38a8) thrown at [./open/src/hotspot/share/classfile/systemDictionary.cpp, line 228]

Events (10 events):
Event: 7.700 loading class org/springframework/context/ApplicationContextAwareCustomizer done
Event: 7.700 loading class org/springframework/context/ApplicationContextAwareCustomizer
Event: 7.700 loading class org/springframework/context/ApplicationContextAwareCustomizer done
Event: 7.700 loading class org/springframework/beans/factory/AwareCustomizer
Event: 7.700 loading class org/springframework/beans/factory/AwareCustomizer done
Event: 7.701 loading class org/springframework/beans/factory/AwareCustomizer
Event: 7.701 loading class org/springframework/beans/factory/AwareCustomizer done
Event: 7.701 loading class org/springframework/beans/factory/AwareCustomizer
Event: 7.701 loading class org/springframework/beans/factory/AwareCustomizer done
Event: 7.701 Executing VM operation: G1CollectForAllocation


Dynamic libraries:
0x00007ff6faaf0000 - 0x00007ff6faaff000 	C:\Program Files\Java\jdk-11.0.8\bin\java.exe
0x00007ffe83590000 - 0x00007ffe83785000 	C:\WINDOWS\SYSTEM32\ntdll.dll
0x00007ffe815e0000 - 0x00007ffe8169e000 	C:\WINDOWS\System32\KERNEL32.DLL
0x00007ffe811e0000 - 0x00007ffe814a8000 	C:\WINDOWS\System32\KERNELBASE.dll
0x00007ffe80cb0000 - 0x00007ffe80db0000 	C:\WINDOWS\System32\ucrtbase.dll
0x00007ffe6ecd0000 - 0x00007ffe6ece8000 	C:\Program Files\Java\jdk-11.0.8\bin\jli.dll
0x00007ffe7c370000 - 0x00007ffe7c385000 	C:\Program Files\Java\jdk-11.0.8\bin\VCRUNTIME140.dll
0x00007ffe82710000 - 0x00007ffe827bc000 	C:\WINDOWS\System32\ADVAPI32.dll
0x00007ffe83330000 - 0x00007ffe833ce000 	C:\WINDOWS\System32\msvcrt.dll
0x00007ffe822e0000 - 0x00007ffe8237b000 	C:\WINDOWS\System32\sechost.dll
0x00007ffe818b0000 - 0x00007ffe819da000 	C:\WINDOWS\System32\RPCRT4.dll
0x00007ffe82560000 - 0x00007ffe82701000 	C:\WINDOWS\System32\USER32.dll
0x00007ffe6b510000 - 0x00007ffe6b7aa000 	C:\WINDOWS\WinSxS\amd64_microsoft.windows.common-controls_6595b64144ccf1df_6.0.19041.1110_none_60b5254171f9507e\COMCTL32.dll
0x00007ffe815b0000 - 0x00007ffe815d2000 	C:\WINDOWS\System32\win32u.dll
0x00007ffe81820000 - 0x00007ffe8184b000 	C:\WINDOWS\System32\GDI32.dll
0x00007ffe81040000 - 0x00007ffe8114b000 	C:\WINDOWS\System32\gdi32full.dll
0x00007ffe80fa0000 - 0x00007ffe8103d000 	C:\WINDOWS\System32\msvcp_win.dll
0x00007ffe78bc0000 - 0x00007ffe78bca000 	C:\WINDOWS\SYSTEM32\VERSION.dll
0x00007ffe82830000 - 0x00007ffe82860000 	C:\WINDOWS\System32\IMM32.DLL
0x00007ffe48aa0000 - 0x00007ffe48b3b000 	C:\Program Files\Java\jdk-11.0.8\bin\msvcp140.dll
0x00007ffe01c50000 - 0x00007ffe02736000 	C:\Program Files\Java\jdk-11.0.8\bin\server\jvm.dll
0x00007ffe827c0000 - 0x00007ffe827c8000 	C:\WINDOWS\System32\PSAPI.DLL
0x00007ffe6b4e0000 - 0x00007ffe6b507000 	C:\WINDOWS\SYSTEM32\WINMM.dll
0x00007ffe6b3b0000 - 0x00007ffe6b3b9000 	C:\WINDOWS\SYSTEM32\WSOCK32.dll
0x00007ffe824e0000 - 0x00007ffe8254b000 	C:\WINDOWS\System32\WS2_32.dll
0x00007ffe7f530000 - 0x00007ffe7f542000 	C:\WINDOWS\SYSTEM32\kernel.appcore.dll
0x00007ffe7c420000 - 0x00007ffe7c430000 	C:\Program Files\Java\jdk-11.0.8\bin\verify.dll
0x00007ffe7ea60000 - 0x00007ffe7ec44000 	C:\WINDOWS\SYSTEM32\DBGHELP.DLL
0x00007ffe6afd0000 - 0x00007ffe6affc000 	C:\WINDOWS\SYSTEM32\dbgcore.DLL
0x00007ffe81150000 - 0x00007ffe811d3000 	C:\WINDOWS\System32\bcryptPrimitives.dll
0x00007ffe66530000 - 0x00007ffe66558000 	C:\Program Files\Java\jdk-11.0.8\bin\java.dll
0x00007ffe79610000 - 0x00007ffe7961a000 	C:\Program Files\Java\jdk-11.0.8\bin\jimage.dll
0x00007ffe60e90000 - 0x00007ffe60ea6000 	C:\Program Files\Java\jdk-11.0.8\bin\zip.dll
0x00007ffe819e0000 - 0x00007ffe8211f000 	C:\WINDOWS\System32\SHELL32.dll
0x00007ffe7ec70000 - 0x00007ffe7f400000 	C:\WINDOWS\SYSTEM32\windows.storage.dll
0x00007ffe82860000 - 0x00007ffe82bb5000 	C:\WINDOWS\System32\combase.dll
0x00007ffe80700000 - 0x00007ffe8072e000 	C:\WINDOWS\SYSTEM32\Wldp.dll
0x00007ffe82bc0000 - 0x00007ffe82c6d000 	C:\WINDOWS\System32\SHCORE.dll
0x00007ffe834f0000 - 0x00007ffe83545000 	C:\WINDOWS\System32\shlwapi.dll
0x00007ffe80bf0000 - 0x00007ffe80c0f000 	C:\WINDOWS\SYSTEM32\profapi.dll
0x00007ffe54ac0000 - 0x00007ffe54ad9000 	C:\Program Files\Java\jdk-11.0.8\bin\net.dll
0x00007ffe738c0000 - 0x00007ffe739cc000 	C:\WINDOWS\SYSTEM32\WINHTTP.dll
0x00007ffe80460000 - 0x00007ffe804ca000 	C:\WINDOWS\system32\mswsock.dll
0x00007ffe54aa0000 - 0x00007ffe54ab2000 	C:\Program Files\Java\jdk-11.0.8\bin\nio.dll
0x00007ffe78380000 - 0x00007ffe78389000 	C:\Program Files\Java\jdk-11.0.8\bin\management.dll
0x00007ffe781f0000 - 0x00007ffe781fb000 	C:\Program Files\Java\jdk-11.0.8\bin\management_ext.dll
0x00007ffe800e0000 - 0x00007ffe8011b000 	C:\WINDOWS\SYSTEM32\IPHLPAPI.DLL
0x00007ffe82550000 - 0x00007ffe82558000 	C:\WINDOWS\System32\NSI.dll
0x00007ffe788f0000 - 0x00007ffe78907000 	C:\WINDOWS\SYSTEM32\dhcpcsvc6.DLL
0x00007ffe79170000 - 0x00007ffe7918d000 	C:\WINDOWS\SYSTEM32\dhcpcsvc.DLL
0x00007ffe80140000 - 0x00007ffe8020b000 	C:\WINDOWS\SYSTEM32\DNSAPI.dll
0x00007ffe6cb50000 - 0x00007ffe6cb5a000 	C:\Windows\System32\rasadhlp.dll
0x00007ffe67f90000 - 0x00007ffe67fa7000 	C:\WINDOWS\system32\napinsp.dll
0x00007ffe67f70000 - 0x00007ffe67f8b000 	C:\WINDOWS\system32\pnrpnsp.dll
0x00007ffe7b3c0000 - 0x00007ffe7b3d5000 	C:\WINDOWS\system32\wshbth.dll
0x00007ffe7bfe0000 - 0x00007ffe7bffd000 	C:\WINDOWS\system32\NLAapi.dll
0x00007ffe665b0000 - 0x00007ffe665c2000 	C:\WINDOWS\System32\winrnr.dll
0x00007ffe6cce0000 - 0x00007ffe6cd5f000 	C:\WINDOWS\System32\fwpuclnt.dll
0x00007ffe80f10000 - 0x00007ffe80f37000 	C:\WINDOWS\System32\bcrypt.dll
0x00007ffe80660000 - 0x00007ffe80678000 	C:\WINDOWS\SYSTEM32\CRYPTSP.dll
0x00007ffe7fd70000 - 0x00007ffe7fda4000 	C:\WINDOWS\system32\rsaenh.dll
0x00007ffe80bb0000 - 0x00007ffe80bde000 	C:\WINDOWS\SYSTEM32\USERENV.dll
0x00007ffe80650000 - 0x00007ffe8065c000 	C:\WINDOWS\SYSTEM32\CRYPTBASE.dll

dbghelp: loaded successfully - version: 4.0.5 - missing functions: none
symbol engine: initialized successfully - sym options: 0x614 - pdb path: .;C:\Program Files\Java\jdk-11.0.8\bin;C:\WINDOWS\SYSTEM32;C:\WINDOWS\WinSxS\amd64_microsoft.windows.common-controls_6595b64144ccf1df_6.0.19041.1110_none_60b5254171f9507e;C:\Program Files\Java\jdk-11.0.8\bin\server

VM Arguments:
java_command: C:\Users\asus\AppData\Local\Temp\surefire7247158446400452627\surefirebooter7155621648916438297.jar C:\Users\asus\AppData\Local\Temp\surefire7247158446400452627 2021-12-15T16-07-27_120-jvmRun1 surefire11342567810938675926tmp surefire_0405574196272839529tmp
java_class_path (initial): C:\Users\asus\AppData\Local\Temp\surefire7247158446400452627\surefirebooter7155621648916438297.jar
Launcher Type: SUN_STANDARD

[Global flags]
     intx CICompilerCount                          = 4                                         {product} {ergonomic}
     uint ConcGCThreads                            = 2                                         {product} {ergonomic}
     uint G1ConcRefinementThreads                  = 8                                         {product} {ergonomic}
   size_t G1HeapRegionSize                         = 1048576                                   {product} {ergonomic}
    uintx GCDrainStackTargetSize                   = 64                                        {product} {ergonomic}
   size_t InitialHeapSize                          = 268435456                                 {product} {ergonomic}
   size_t MarkStackSize                            = 4194304                                   {product} {ergonomic}
   size_t MaxHeapSize                              = 4265607168                                {product} {ergonomic}
   size_t MaxNewSize                               = 2558525440                                {product} {ergonomic}
   size_t MinHeapDeltaBytes                        = 1048576                                   {product} {ergonomic}
    uintx NonNMethodCodeHeapSize                   = 5836300                                {pd product} {ergonomic}
    uintx NonProfiledCodeHeapSize                  = 122910970                              {pd product} {ergonomic}
    uintx ProfiledCodeHeapSize                     = 122910970                              {pd product} {ergonomic}
    uintx ReservedCodeCacheSize                    = 251658240                              {pd product} {ergonomic}
     bool SegmentedCodeCache                       = true                                      {product} {ergonomic}
     bool UseCompressedClassPointers               = true                                 {lp64_product} {ergonomic}
     bool UseCompressedOops                        = true                                 {lp64_product} {ergonomic}
     bool UseG1GC                                  = true                                      {product} {ergonomic}
     bool UseLargePagesIndividualAllocation        = false                                  {pd product} {ergonomic}

Logging:
Log output configuration:
 #0: stdout all=warning uptime,level,tags
 #1: stderr all=off uptime,level,tags

Environment Variables:
JAVA_HOME=C:\Program Files\Java\jdk-11.0.8
JRE_HOME=C:\Program Files\Java\jdk-11.0.8\jre
CLASSPATH=.;C:\Program Files\Java\jdk-11.0.8\lib;C:\Program Files\Java\jdk-11.0.8\jre\lib;
PATH=%JAVA_HOME%\bin;%GRADLE_HOME%\bin;D:\Program Files\Git\cmd;C:\Program Files\MySQL\MySQL Shell 8.0\bin\;C:\Users\asus\AppData\Local\Programs\Python\Python35\Scripts\;C:\Users\asus\AppData\Local\Programs\Python\Python35\;C:\Users\asus\Anaconda3;C:\Users\asus\Anaconda3\Library\mingw-w64\bin;C:\Users\asus\Anaconda3\Library\usr\bin;C:\Users\asus\Anaconda3\Library\bin;C:\Users\asus\Anaconda3\Scripts;C:\Users\asus\AppData\Local\Programs\Python\Python36\Scripts\;C:\Users\asus\AppData\Local\Programs\Python\Python36\;C:\Users\asus\AppData\Local\Microsoft\WindowsApps;C:\Modeltech_pe_edu_10.4a\win32pe_edu;C:\Program Files\Docker Toolbox;C:\zookeeper\bin;C:\kafka\bin\windows;C:\Users\asus\AppData\Local\GitHubDesktop\bin;D:\Microsoft VS Code\bin;C:\Program Files\JetBrains\IntelliJ IDEA 2021.2.3\bin;;C:\Users\asus\AppData\Roaming\npm;C:\Windows\System32;C:\Program Files\nodejs;C:\WINDOWS\System32\Wbem;C:\Program Files\apache-maven-3.8.3\bin;C:\Windows\System32;
USERNAME=asus
OS=Windows_NT
PROCESSOR_IDENTIFIER=Intel64 Family 6 Model 158 Stepping 9, GenuineIntel



---------------  S Y S T E M  ---------------

OS: Windows 10 , 64 bit Build 19041 (10.0.19041.1348)

CPU:total 8 (initial active 8) (4 cores per cpu, 2 threads per core) family 6 model 158 stepping 9, cmov, cx8, fxsr, mmx, sse, sse2, sse3, ssse3, sse4.1, sse4.2, popcnt, avx, avx2, aes, clmul, erms, 3dnowpref, lzcnt, ht, tsc, tscinvbit, bmi1, bmi2, adx, fma

Memory: 4k page, system-wide physical 16268M (3079M free)
TotalPageFile size 16268M (AvailPageFile size 46M)
current process WorkingSet (physical memory assigned to process): 375M, peak: 377M
current process commit charge ("private bytes"): 489M, peak: 541M

vm_info: Java HotSpot(TM) 64-Bit Server VM (11.0.8+10-LTS) for windows-amd64 JRE (11.0.8+10-LTS), built on Jun 16 2020 05:53:08 by "mach5one" with unknown MS VC++:1916

END.
